[2023-12-19T11:50:58.512+0000] {taskinstance.py:1957} INFO - Dependencies all met for dep_context=non-requeueable deps ti=<TaskInstance: piper_dags.run_spark_script scheduled__2023-12-11T00:06:00+00:00 [queued]>
[2023-12-19T11:50:58.519+0000] {taskinstance.py:1957} INFO - Dependencies all met for dep_context=requeueable deps ti=<TaskInstance: piper_dags.run_spark_script scheduled__2023-12-11T00:06:00+00:00 [queued]>
[2023-12-19T11:50:58.519+0000] {taskinstance.py:2171} INFO - Starting attempt 3 of 6
[2023-12-19T11:50:58.529+0000] {taskinstance.py:2192} INFO - Executing <Task(PythonOperator): run_spark_script> on 2023-12-11 00:06:00+00:00
[2023-12-19T11:50:58.533+0000] {standard_task_runner.py:60} INFO - Started process 1197 to run task
[2023-12-19T11:50:58.535+0000] {standard_task_runner.py:87} INFO - Running: ['***', 'tasks', 'run', 'piper_dags', 'run_spark_script', 'scheduled__2023-12-11T00:06:00+00:00', '--job-id', '113', '--raw', '--subdir', 'DAGS_FOLDER/spark_job_dag.py', '--cfg-path', '/tmp/tmpbqbj8tjo']
[2023-12-19T11:50:58.537+0000] {standard_task_runner.py:88} INFO - Job 113: Subtask run_spark_script
[2023-12-19T11:50:58.582+0000] {task_command.py:423} INFO - Running <TaskInstance: piper_dags.run_spark_script scheduled__2023-12-11T00:06:00+00:00 [running]> on host ea216ca38749
[2023-12-19T11:50:58.661+0000] {taskinstance.py:2481} INFO - Exporting env vars: AIRFLOW_CTX_DAG_OWNER='limoo' AIRFLOW_CTX_DAG_ID='piper_dags' AIRFLOW_CTX_TASK_ID='run_spark_script' AIRFLOW_CTX_EXECUTION_DATE='2023-12-11T00:06:00+00:00' AIRFLOW_CTX_TRY_NUMBER='3' AIRFLOW_CTX_DAG_RUN_ID='scheduled__2023-12-11T00:06:00+00:00'
[2023-12-19T11:50:58.778+0000] {spark_job.py:30} ERROR - Error in Spark job: [JAVA_GATEWAY_EXITED] Java gateway process exited before sending its port number.
[2023-12-19T11:50:58.779+0000] {taskinstance.py:2699} ERROR - Task failed with exception
Traceback (most recent call last):
  File "/home/airflow/.local/lib/python3.8/site-packages/airflow/models/taskinstance.py", line 433, in _execute_task
    result = execute_callable(context=context, **execute_callable_kwargs)
  File "/home/airflow/.local/lib/python3.8/site-packages/airflow/operators/python.py", line 199, in execute
    return_value = self.execute_callable()
  File "/home/airflow/.local/lib/python3.8/site-packages/airflow/operators/python.py", line 216, in execute_callable
    return self.python_callable(*self.op_args, **self.op_kwargs)
  File "/opt/airflow/dags/spark_job.py", line 8, in run_spark_script
    spark = SparkSession.builder \
  File "/home/airflow/.local/lib/python3.8/site-packages/pyspark/sql/session.py", line 497, in getOrCreate
    sc = SparkContext.getOrCreate(sparkConf)
  File "/home/airflow/.local/lib/python3.8/site-packages/pyspark/context.py", line 515, in getOrCreate
    SparkContext(conf=conf or SparkConf())
  File "/home/airflow/.local/lib/python3.8/site-packages/pyspark/context.py", line 201, in __init__
    SparkContext._ensure_initialized(self, gateway=gateway, conf=conf)
  File "/home/airflow/.local/lib/python3.8/site-packages/pyspark/context.py", line 436, in _ensure_initialized
    SparkContext._gateway = gateway or launch_gateway(conf)
  File "/home/airflow/.local/lib/python3.8/site-packages/pyspark/java_gateway.py", line 107, in launch_gateway
    raise PySparkRuntimeError(
pyspark.errors.exceptions.base.PySparkRuntimeError: [JAVA_GATEWAY_EXITED] Java gateway process exited before sending its port number.
[2023-12-19T11:50:58.787+0000] {taskinstance.py:1138} INFO - Marking task as UP_FOR_RETRY. dag_id=piper_dags, task_id=run_spark_script, execution_date=20231211T000600, start_date=20231219T115058, end_date=20231219T115058
[2023-12-19T11:50:58.851+0000] {standard_task_runner.py:107} ERROR - Failed to execute job 113 for task run_spark_script ([JAVA_GATEWAY_EXITED] Java gateway process exited before sending its port number.; 1197)
[2023-12-19T11:50:58.868+0000] {local_task_job_runner.py:234} INFO - Task exited with return code 1
[2023-12-19T11:50:58.882+0000] {taskinstance.py:3281} INFO - 0 downstream tasks scheduled from follow-on schedule check
