[2023-12-19T09:56:41.380+0000] {processor.py:161} INFO - Started process (PID=60) to work on /home/airflow/.local/lib/python3.8/site-packages/airflow/example_dags/example_sensors.py
[2023-12-19T09:56:41.381+0000] {processor.py:830} INFO - Processing file /home/airflow/.local/lib/python3.8/site-packages/airflow/example_dags/example_sensors.py for tasks to queue
[2023-12-19T09:56:41.383+0000] {logging_mixin.py:188} INFO - [2023-12-19T09:56:41.383+0000] {dagbag.py:538} INFO - Filling up the DagBag from /home/airflow/.local/lib/python3.8/site-packages/airflow/example_dags/example_sensors.py
[2023-12-19T09:56:41.392+0000] {processor.py:840} INFO - DAG(s) 'example_sensors' retrieved from /home/airflow/.local/lib/python3.8/site-packages/airflow/example_dags/example_sensors.py
[2023-12-19T09:56:41.412+0000] {logging_mixin.py:188} INFO - [2023-12-19T09:56:41.411+0000] {dag.py:3033} INFO - Sync 1 DAGs
[2023-12-19T09:56:41.443+0000] {logging_mixin.py:188} INFO - [2023-12-19T09:56:41.442+0000] {dag.py:3820} INFO - Setting next_dagrun for example_sensors to None, run_after=None
[2023-12-19T09:56:41.516+0000] {processor.py:183} INFO - Processing /home/airflow/.local/lib/python3.8/site-packages/airflow/example_dags/example_sensors.py took 0.138 seconds
[2023-12-19T09:57:11.711+0000] {processor.py:161} INFO - Started process (PID=115) to work on /home/airflow/.local/lib/python3.8/site-packages/airflow/example_dags/example_sensors.py
[2023-12-19T09:57:11.711+0000] {processor.py:830} INFO - Processing file /home/airflow/.local/lib/python3.8/site-packages/airflow/example_dags/example_sensors.py for tasks to queue
[2023-12-19T09:57:11.713+0000] {logging_mixin.py:188} INFO - [2023-12-19T09:57:11.713+0000] {dagbag.py:538} INFO - Filling up the DagBag from /home/airflow/.local/lib/python3.8/site-packages/airflow/example_dags/example_sensors.py
[2023-12-19T09:57:11.721+0000] {processor.py:840} INFO - DAG(s) 'example_sensors' retrieved from /home/airflow/.local/lib/python3.8/site-packages/airflow/example_dags/example_sensors.py
[2023-12-19T09:57:11.820+0000] {logging_mixin.py:188} INFO - [2023-12-19T09:57:11.820+0000] {dag.py:3033} INFO - Sync 1 DAGs
[2023-12-19T09:57:11.831+0000] {logging_mixin.py:188} INFO - [2023-12-19T09:57:11.831+0000] {dag.py:3820} INFO - Setting next_dagrun for example_sensors to None, run_after=None
[2023-12-19T09:57:11.856+0000] {processor.py:183} INFO - Processing /home/airflow/.local/lib/python3.8/site-packages/airflow/example_dags/example_sensors.py took 0.148 seconds
[2023-12-19T09:57:42.135+0000] {processor.py:161} INFO - Started process (PID=170) to work on /home/airflow/.local/lib/python3.8/site-packages/airflow/example_dags/example_sensors.py
[2023-12-19T09:57:42.136+0000] {processor.py:830} INFO - Processing file /home/airflow/.local/lib/python3.8/site-packages/airflow/example_dags/example_sensors.py for tasks to queue
[2023-12-19T09:57:42.137+0000] {logging_mixin.py:188} INFO - [2023-12-19T09:57:42.137+0000] {dagbag.py:538} INFO - Filling up the DagBag from /home/airflow/.local/lib/python3.8/site-packages/airflow/example_dags/example_sensors.py
[2023-12-19T09:57:42.143+0000] {processor.py:840} INFO - DAG(s) 'example_sensors' retrieved from /home/airflow/.local/lib/python3.8/site-packages/airflow/example_dags/example_sensors.py
[2023-12-19T09:57:42.159+0000] {logging_mixin.py:188} INFO - [2023-12-19T09:57:42.159+0000] {dag.py:3033} INFO - Sync 1 DAGs
[2023-12-19T09:57:42.167+0000] {logging_mixin.py:188} INFO - [2023-12-19T09:57:42.167+0000] {dag.py:3820} INFO - Setting next_dagrun for example_sensors to None, run_after=None
[2023-12-19T09:57:42.179+0000] {processor.py:183} INFO - Processing /home/airflow/.local/lib/python3.8/site-packages/airflow/example_dags/example_sensors.py took 0.045 seconds
[2023-12-19T09:58:12.683+0000] {processor.py:161} INFO - Started process (PID=225) to work on /home/airflow/.local/lib/python3.8/site-packages/airflow/example_dags/example_sensors.py
[2023-12-19T09:58:12.684+0000] {processor.py:830} INFO - Processing file /home/airflow/.local/lib/python3.8/site-packages/airflow/example_dags/example_sensors.py for tasks to queue
[2023-12-19T09:58:12.685+0000] {logging_mixin.py:188} INFO - [2023-12-19T09:58:12.685+0000] {dagbag.py:538} INFO - Filling up the DagBag from /home/airflow/.local/lib/python3.8/site-packages/airflow/example_dags/example_sensors.py
[2023-12-19T09:58:12.690+0000] {processor.py:840} INFO - DAG(s) 'example_sensors' retrieved from /home/airflow/.local/lib/python3.8/site-packages/airflow/example_dags/example_sensors.py
[2023-12-19T09:58:12.703+0000] {logging_mixin.py:188} INFO - [2023-12-19T09:58:12.703+0000] {dag.py:3033} INFO - Sync 1 DAGs
[2023-12-19T09:58:12.709+0000] {logging_mixin.py:188} INFO - [2023-12-19T09:58:12.709+0000] {dag.py:3820} INFO - Setting next_dagrun for example_sensors to None, run_after=None
[2023-12-19T09:58:12.722+0000] {processor.py:183} INFO - Processing /home/airflow/.local/lib/python3.8/site-packages/airflow/example_dags/example_sensors.py took 0.040 seconds
[2023-12-19T09:58:43.352+0000] {processor.py:161} INFO - Started process (PID=280) to work on /home/airflow/.local/lib/python3.8/site-packages/airflow/example_dags/example_sensors.py
[2023-12-19T09:58:43.353+0000] {processor.py:830} INFO - Processing file /home/airflow/.local/lib/python3.8/site-packages/airflow/example_dags/example_sensors.py for tasks to queue
[2023-12-19T09:58:43.354+0000] {logging_mixin.py:188} INFO - [2023-12-19T09:58:43.354+0000] {dagbag.py:538} INFO - Filling up the DagBag from /home/airflow/.local/lib/python3.8/site-packages/airflow/example_dags/example_sensors.py
[2023-12-19T09:58:43.359+0000] {processor.py:840} INFO - DAG(s) 'example_sensors' retrieved from /home/airflow/.local/lib/python3.8/site-packages/airflow/example_dags/example_sensors.py
[2023-12-19T09:58:43.376+0000] {logging_mixin.py:188} INFO - [2023-12-19T09:58:43.376+0000] {dag.py:3033} INFO - Sync 1 DAGs
[2023-12-19T09:58:43.384+0000] {logging_mixin.py:188} INFO - [2023-12-19T09:58:43.384+0000] {dag.py:3820} INFO - Setting next_dagrun for example_sensors to None, run_after=None
[2023-12-19T09:58:43.396+0000] {processor.py:183} INFO - Processing /home/airflow/.local/lib/python3.8/site-packages/airflow/example_dags/example_sensors.py took 0.045 seconds
[2023-12-19T09:59:13.900+0000] {processor.py:161} INFO - Started process (PID=334) to work on /home/airflow/.local/lib/python3.8/site-packages/airflow/example_dags/example_sensors.py
[2023-12-19T09:59:13.901+0000] {processor.py:830} INFO - Processing file /home/airflow/.local/lib/python3.8/site-packages/airflow/example_dags/example_sensors.py for tasks to queue
[2023-12-19T09:59:13.902+0000] {logging_mixin.py:188} INFO - [2023-12-19T09:59:13.901+0000] {dagbag.py:538} INFO - Filling up the DagBag from /home/airflow/.local/lib/python3.8/site-packages/airflow/example_dags/example_sensors.py
[2023-12-19T09:59:13.908+0000] {processor.py:840} INFO - DAG(s) 'example_sensors' retrieved from /home/airflow/.local/lib/python3.8/site-packages/airflow/example_dags/example_sensors.py
[2023-12-19T09:59:13.921+0000] {logging_mixin.py:188} INFO - [2023-12-19T09:59:13.921+0000] {dag.py:3033} INFO - Sync 1 DAGs
[2023-12-19T09:59:13.928+0000] {logging_mixin.py:188} INFO - [2023-12-19T09:59:13.928+0000] {dag.py:3820} INFO - Setting next_dagrun for example_sensors to None, run_after=None
[2023-12-19T09:59:13.938+0000] {processor.py:183} INFO - Processing /home/airflow/.local/lib/python3.8/site-packages/airflow/example_dags/example_sensors.py took 0.039 seconds
[2023-12-19T09:59:44.385+0000] {processor.py:161} INFO - Started process (PID=389) to work on /home/airflow/.local/lib/python3.8/site-packages/airflow/example_dags/example_sensors.py
[2023-12-19T09:59:44.385+0000] {processor.py:830} INFO - Processing file /home/airflow/.local/lib/python3.8/site-packages/airflow/example_dags/example_sensors.py for tasks to queue
[2023-12-19T09:59:44.386+0000] {logging_mixin.py:188} INFO - [2023-12-19T09:59:44.386+0000] {dagbag.py:538} INFO - Filling up the DagBag from /home/airflow/.local/lib/python3.8/site-packages/airflow/example_dags/example_sensors.py
[2023-12-19T09:59:44.390+0000] {processor.py:840} INFO - DAG(s) 'example_sensors' retrieved from /home/airflow/.local/lib/python3.8/site-packages/airflow/example_dags/example_sensors.py
[2023-12-19T09:59:44.403+0000] {logging_mixin.py:188} INFO - [2023-12-19T09:59:44.402+0000] {dag.py:3033} INFO - Sync 1 DAGs
[2023-12-19T09:59:44.408+0000] {logging_mixin.py:188} INFO - [2023-12-19T09:59:44.408+0000] {dag.py:3820} INFO - Setting next_dagrun for example_sensors to None, run_after=None
[2023-12-19T09:59:44.416+0000] {processor.py:183} INFO - Processing /home/airflow/.local/lib/python3.8/site-packages/airflow/example_dags/example_sensors.py took 0.033 seconds
[2023-12-19T10:00:14.958+0000] {processor.py:161} INFO - Started process (PID=444) to work on /home/airflow/.local/lib/python3.8/site-packages/airflow/example_dags/example_sensors.py
[2023-12-19T10:00:14.959+0000] {processor.py:830} INFO - Processing file /home/airflow/.local/lib/python3.8/site-packages/airflow/example_dags/example_sensors.py for tasks to queue
[2023-12-19T10:00:14.960+0000] {logging_mixin.py:188} INFO - [2023-12-19T10:00:14.960+0000] {dagbag.py:538} INFO - Filling up the DagBag from /home/airflow/.local/lib/python3.8/site-packages/airflow/example_dags/example_sensors.py
[2023-12-19T10:00:14.964+0000] {processor.py:840} INFO - DAG(s) 'example_sensors' retrieved from /home/airflow/.local/lib/python3.8/site-packages/airflow/example_dags/example_sensors.py
[2023-12-19T10:00:14.977+0000] {logging_mixin.py:188} INFO - [2023-12-19T10:00:14.977+0000] {dag.py:3033} INFO - Sync 1 DAGs
[2023-12-19T10:00:14.984+0000] {logging_mixin.py:188} INFO - [2023-12-19T10:00:14.984+0000] {dag.py:3820} INFO - Setting next_dagrun for example_sensors to None, run_after=None
[2023-12-19T10:00:14.994+0000] {processor.py:183} INFO - Processing /home/airflow/.local/lib/python3.8/site-packages/airflow/example_dags/example_sensors.py took 0.037 seconds
[2023-12-19T10:00:45.517+0000] {processor.py:161} INFO - Started process (PID=499) to work on /home/airflow/.local/lib/python3.8/site-packages/airflow/example_dags/example_sensors.py
[2023-12-19T10:00:45.518+0000] {processor.py:830} INFO - Processing file /home/airflow/.local/lib/python3.8/site-packages/airflow/example_dags/example_sensors.py for tasks to queue
[2023-12-19T10:00:45.518+0000] {logging_mixin.py:188} INFO - [2023-12-19T10:00:45.518+0000] {dagbag.py:538} INFO - Filling up the DagBag from /home/airflow/.local/lib/python3.8/site-packages/airflow/example_dags/example_sensors.py
[2023-12-19T10:00:45.523+0000] {processor.py:840} INFO - DAG(s) 'example_sensors' retrieved from /home/airflow/.local/lib/python3.8/site-packages/airflow/example_dags/example_sensors.py
[2023-12-19T10:00:45.537+0000] {logging_mixin.py:188} INFO - [2023-12-19T10:00:45.537+0000] {dag.py:3033} INFO - Sync 1 DAGs
[2023-12-19T10:00:45.544+0000] {logging_mixin.py:188} INFO - [2023-12-19T10:00:45.544+0000] {dag.py:3820} INFO - Setting next_dagrun for example_sensors to None, run_after=None
[2023-12-19T10:00:45.554+0000] {processor.py:183} INFO - Processing /home/airflow/.local/lib/python3.8/site-packages/airflow/example_dags/example_sensors.py took 0.039 seconds
[2023-12-19T10:01:16.127+0000] {processor.py:161} INFO - Started process (PID=553) to work on /home/airflow/.local/lib/python3.8/site-packages/airflow/example_dags/example_sensors.py
[2023-12-19T10:01:16.128+0000] {processor.py:830} INFO - Processing file /home/airflow/.local/lib/python3.8/site-packages/airflow/example_dags/example_sensors.py for tasks to queue
[2023-12-19T10:01:16.129+0000] {logging_mixin.py:188} INFO - [2023-12-19T10:01:16.129+0000] {dagbag.py:538} INFO - Filling up the DagBag from /home/airflow/.local/lib/python3.8/site-packages/airflow/example_dags/example_sensors.py
[2023-12-19T10:01:16.133+0000] {processor.py:840} INFO - DAG(s) 'example_sensors' retrieved from /home/airflow/.local/lib/python3.8/site-packages/airflow/example_dags/example_sensors.py
[2023-12-19T10:01:16.147+0000] {logging_mixin.py:188} INFO - [2023-12-19T10:01:16.147+0000] {dag.py:3033} INFO - Sync 1 DAGs
[2023-12-19T10:01:16.153+0000] {logging_mixin.py:188} INFO - [2023-12-19T10:01:16.153+0000] {dag.py:3820} INFO - Setting next_dagrun for example_sensors to None, run_after=None
[2023-12-19T10:01:16.163+0000] {processor.py:183} INFO - Processing /home/airflow/.local/lib/python3.8/site-packages/airflow/example_dags/example_sensors.py took 0.037 seconds
[2023-12-19T10:01:46.696+0000] {processor.py:161} INFO - Started process (PID=607) to work on /home/airflow/.local/lib/python3.8/site-packages/airflow/example_dags/example_sensors.py
[2023-12-19T10:01:46.696+0000] {processor.py:830} INFO - Processing file /home/airflow/.local/lib/python3.8/site-packages/airflow/example_dags/example_sensors.py for tasks to queue
[2023-12-19T10:01:46.697+0000] {logging_mixin.py:188} INFO - [2023-12-19T10:01:46.697+0000] {dagbag.py:538} INFO - Filling up the DagBag from /home/airflow/.local/lib/python3.8/site-packages/airflow/example_dags/example_sensors.py
[2023-12-19T10:01:46.701+0000] {processor.py:840} INFO - DAG(s) 'example_sensors' retrieved from /home/airflow/.local/lib/python3.8/site-packages/airflow/example_dags/example_sensors.py
[2023-12-19T10:01:46.716+0000] {logging_mixin.py:188} INFO - [2023-12-19T10:01:46.716+0000] {dag.py:3033} INFO - Sync 1 DAGs
[2023-12-19T10:01:46.723+0000] {logging_mixin.py:188} INFO - [2023-12-19T10:01:46.723+0000] {dag.py:3820} INFO - Setting next_dagrun for example_sensors to None, run_after=None
[2023-12-19T10:01:46.732+0000] {processor.py:183} INFO - Processing /home/airflow/.local/lib/python3.8/site-packages/airflow/example_dags/example_sensors.py took 0.038 seconds
[2023-12-19T10:02:17.091+0000] {processor.py:161} INFO - Started process (PID=662) to work on /home/airflow/.local/lib/python3.8/site-packages/airflow/example_dags/example_sensors.py
[2023-12-19T10:02:17.092+0000] {processor.py:830} INFO - Processing file /home/airflow/.local/lib/python3.8/site-packages/airflow/example_dags/example_sensors.py for tasks to queue
[2023-12-19T10:02:17.093+0000] {logging_mixin.py:188} INFO - [2023-12-19T10:02:17.093+0000] {dagbag.py:538} INFO - Filling up the DagBag from /home/airflow/.local/lib/python3.8/site-packages/airflow/example_dags/example_sensors.py
[2023-12-19T10:02:17.097+0000] {processor.py:840} INFO - DAG(s) 'example_sensors' retrieved from /home/airflow/.local/lib/python3.8/site-packages/airflow/example_dags/example_sensors.py
[2023-12-19T10:02:17.111+0000] {logging_mixin.py:188} INFO - [2023-12-19T10:02:17.111+0000] {dag.py:3033} INFO - Sync 1 DAGs
[2023-12-19T10:02:17.118+0000] {logging_mixin.py:188} INFO - [2023-12-19T10:02:17.117+0000] {dag.py:3820} INFO - Setting next_dagrun for example_sensors to None, run_after=None
[2023-12-19T10:02:17.127+0000] {processor.py:183} INFO - Processing /home/airflow/.local/lib/python3.8/site-packages/airflow/example_dags/example_sensors.py took 0.037 seconds
[2023-12-19T10:02:47.643+0000] {processor.py:161} INFO - Started process (PID=716) to work on /home/airflow/.local/lib/python3.8/site-packages/airflow/example_dags/example_sensors.py
[2023-12-19T10:02:47.644+0000] {processor.py:830} INFO - Processing file /home/airflow/.local/lib/python3.8/site-packages/airflow/example_dags/example_sensors.py for tasks to queue
[2023-12-19T10:02:47.644+0000] {logging_mixin.py:188} INFO - [2023-12-19T10:02:47.644+0000] {dagbag.py:538} INFO - Filling up the DagBag from /home/airflow/.local/lib/python3.8/site-packages/airflow/example_dags/example_sensors.py
[2023-12-19T10:02:47.649+0000] {processor.py:840} INFO - DAG(s) 'example_sensors' retrieved from /home/airflow/.local/lib/python3.8/site-packages/airflow/example_dags/example_sensors.py
[2023-12-19T10:02:47.664+0000] {logging_mixin.py:188} INFO - [2023-12-19T10:02:47.663+0000] {dag.py:3033} INFO - Sync 1 DAGs
[2023-12-19T10:02:47.670+0000] {logging_mixin.py:188} INFO - [2023-12-19T10:02:47.670+0000] {dag.py:3820} INFO - Setting next_dagrun for example_sensors to None, run_after=None
[2023-12-19T10:02:47.679+0000] {processor.py:183} INFO - Processing /home/airflow/.local/lib/python3.8/site-packages/airflow/example_dags/example_sensors.py took 0.038 seconds
[2023-12-19T10:03:18.246+0000] {processor.py:161} INFO - Started process (PID=771) to work on /home/airflow/.local/lib/python3.8/site-packages/airflow/example_dags/example_sensors.py
[2023-12-19T10:03:18.246+0000] {processor.py:830} INFO - Processing file /home/airflow/.local/lib/python3.8/site-packages/airflow/example_dags/example_sensors.py for tasks to queue
[2023-12-19T10:03:18.247+0000] {logging_mixin.py:188} INFO - [2023-12-19T10:03:18.247+0000] {dagbag.py:538} INFO - Filling up the DagBag from /home/airflow/.local/lib/python3.8/site-packages/airflow/example_dags/example_sensors.py
[2023-12-19T10:03:18.251+0000] {processor.py:840} INFO - DAG(s) 'example_sensors' retrieved from /home/airflow/.local/lib/python3.8/site-packages/airflow/example_dags/example_sensors.py
[2023-12-19T10:03:18.264+0000] {logging_mixin.py:188} INFO - [2023-12-19T10:03:18.264+0000] {dag.py:3033} INFO - Sync 1 DAGs
[2023-12-19T10:03:18.271+0000] {logging_mixin.py:188} INFO - [2023-12-19T10:03:18.271+0000] {dag.py:3820} INFO - Setting next_dagrun for example_sensors to None, run_after=None
[2023-12-19T10:03:18.281+0000] {processor.py:183} INFO - Processing /home/airflow/.local/lib/python3.8/site-packages/airflow/example_dags/example_sensors.py took 0.037 seconds
[2023-12-19T10:03:48.695+0000] {processor.py:161} INFO - Started process (PID=826) to work on /home/airflow/.local/lib/python3.8/site-packages/airflow/example_dags/example_sensors.py
[2023-12-19T10:03:48.701+0000] {processor.py:830} INFO - Processing file /home/airflow/.local/lib/python3.8/site-packages/airflow/example_dags/example_sensors.py for tasks to queue
[2023-12-19T10:03:48.702+0000] {logging_mixin.py:188} INFO - [2023-12-19T10:03:48.702+0000] {dagbag.py:538} INFO - Filling up the DagBag from /home/airflow/.local/lib/python3.8/site-packages/airflow/example_dags/example_sensors.py
[2023-12-19T10:03:48.706+0000] {processor.py:840} INFO - DAG(s) 'example_sensors' retrieved from /home/airflow/.local/lib/python3.8/site-packages/airflow/example_dags/example_sensors.py
[2023-12-19T10:03:48.721+0000] {logging_mixin.py:188} INFO - [2023-12-19T10:03:48.720+0000] {dag.py:3033} INFO - Sync 1 DAGs
[2023-12-19T10:03:48.727+0000] {logging_mixin.py:188} INFO - [2023-12-19T10:03:48.727+0000] {dag.py:3820} INFO - Setting next_dagrun for example_sensors to None, run_after=None
[2023-12-19T10:03:48.736+0000] {processor.py:183} INFO - Processing /home/airflow/.local/lib/python3.8/site-packages/airflow/example_dags/example_sensors.py took 0.043 seconds
[2023-12-19T10:04:19.242+0000] {processor.py:161} INFO - Started process (PID=881) to work on /home/airflow/.local/lib/python3.8/site-packages/airflow/example_dags/example_sensors.py
[2023-12-19T10:04:19.243+0000] {processor.py:830} INFO - Processing file /home/airflow/.local/lib/python3.8/site-packages/airflow/example_dags/example_sensors.py for tasks to queue
[2023-12-19T10:04:19.244+0000] {logging_mixin.py:188} INFO - [2023-12-19T10:04:19.243+0000] {dagbag.py:538} INFO - Filling up the DagBag from /home/airflow/.local/lib/python3.8/site-packages/airflow/example_dags/example_sensors.py
[2023-12-19T10:04:19.248+0000] {processor.py:840} INFO - DAG(s) 'example_sensors' retrieved from /home/airflow/.local/lib/python3.8/site-packages/airflow/example_dags/example_sensors.py
[2023-12-19T10:04:19.261+0000] {logging_mixin.py:188} INFO - [2023-12-19T10:04:19.260+0000] {dag.py:3033} INFO - Sync 1 DAGs
[2023-12-19T10:04:19.267+0000] {logging_mixin.py:188} INFO - [2023-12-19T10:04:19.267+0000] {dag.py:3820} INFO - Setting next_dagrun for example_sensors to None, run_after=None
[2023-12-19T10:04:19.276+0000] {processor.py:183} INFO - Processing /home/airflow/.local/lib/python3.8/site-packages/airflow/example_dags/example_sensors.py took 0.036 seconds
[2023-12-19T10:04:49.846+0000] {processor.py:161} INFO - Started process (PID=936) to work on /home/airflow/.local/lib/python3.8/site-packages/airflow/example_dags/example_sensors.py
[2023-12-19T10:04:49.846+0000] {processor.py:830} INFO - Processing file /home/airflow/.local/lib/python3.8/site-packages/airflow/example_dags/example_sensors.py for tasks to queue
[2023-12-19T10:04:49.847+0000] {logging_mixin.py:188} INFO - [2023-12-19T10:04:49.847+0000] {dagbag.py:538} INFO - Filling up the DagBag from /home/airflow/.local/lib/python3.8/site-packages/airflow/example_dags/example_sensors.py
[2023-12-19T10:04:49.852+0000] {processor.py:840} INFO - DAG(s) 'example_sensors' retrieved from /home/airflow/.local/lib/python3.8/site-packages/airflow/example_dags/example_sensors.py
[2023-12-19T10:04:49.866+0000] {logging_mixin.py:188} INFO - [2023-12-19T10:04:49.866+0000] {dag.py:3033} INFO - Sync 1 DAGs
[2023-12-19T10:04:49.874+0000] {logging_mixin.py:188} INFO - [2023-12-19T10:04:49.874+0000] {dag.py:3820} INFO - Setting next_dagrun for example_sensors to None, run_after=None
[2023-12-19T10:04:49.885+0000] {processor.py:183} INFO - Processing /home/airflow/.local/lib/python3.8/site-packages/airflow/example_dags/example_sensors.py took 0.041 seconds
[2023-12-19T10:14:29.101+0000] {processor.py:161} INFO - Started process (PID=150) to work on /home/airflow/.local/lib/python3.8/site-packages/airflow/example_dags/example_sensors.py
[2023-12-19T10:14:29.101+0000] {processor.py:830} INFO - Processing file /home/airflow/.local/lib/python3.8/site-packages/airflow/example_dags/example_sensors.py for tasks to queue
[2023-12-19T10:14:29.103+0000] {logging_mixin.py:188} INFO - [2023-12-19T10:14:29.103+0000] {dagbag.py:538} INFO - Filling up the DagBag from /home/airflow/.local/lib/python3.8/site-packages/airflow/example_dags/example_sensors.py
[2023-12-19T10:14:29.112+0000] {processor.py:840} INFO - DAG(s) 'example_sensors' retrieved from /home/airflow/.local/lib/python3.8/site-packages/airflow/example_dags/example_sensors.py
[2023-12-19T10:14:29.233+0000] {logging_mixin.py:188} INFO - [2023-12-19T10:14:29.233+0000] {dag.py:3033} INFO - Sync 1 DAGs
[2023-12-19T10:14:29.243+0000] {logging_mixin.py:188} INFO - [2023-12-19T10:14:29.243+0000] {dag.py:3820} INFO - Setting next_dagrun for example_sensors to None, run_after=None
[2023-12-19T10:14:29.264+0000] {processor.py:183} INFO - Processing /home/airflow/.local/lib/python3.8/site-packages/airflow/example_dags/example_sensors.py took 0.166 seconds
[2023-12-19T10:14:59.860+0000] {processor.py:161} INFO - Started process (PID=205) to work on /home/airflow/.local/lib/python3.8/site-packages/airflow/example_dags/example_sensors.py
[2023-12-19T10:14:59.861+0000] {processor.py:830} INFO - Processing file /home/airflow/.local/lib/python3.8/site-packages/airflow/example_dags/example_sensors.py for tasks to queue
[2023-12-19T10:14:59.862+0000] {logging_mixin.py:188} INFO - [2023-12-19T10:14:59.862+0000] {dagbag.py:538} INFO - Filling up the DagBag from /home/airflow/.local/lib/python3.8/site-packages/airflow/example_dags/example_sensors.py
[2023-12-19T10:14:59.866+0000] {processor.py:840} INFO - DAG(s) 'example_sensors' retrieved from /home/airflow/.local/lib/python3.8/site-packages/airflow/example_dags/example_sensors.py
[2023-12-19T10:14:59.882+0000] {logging_mixin.py:188} INFO - [2023-12-19T10:14:59.882+0000] {dag.py:3033} INFO - Sync 1 DAGs
[2023-12-19T10:14:59.889+0000] {logging_mixin.py:188} INFO - [2023-12-19T10:14:59.889+0000] {dag.py:3820} INFO - Setting next_dagrun for example_sensors to None, run_after=None
[2023-12-19T10:14:59.900+0000] {processor.py:183} INFO - Processing /home/airflow/.local/lib/python3.8/site-packages/airflow/example_dags/example_sensors.py took 0.042 seconds
[2023-12-19T10:15:30.431+0000] {processor.py:161} INFO - Started process (PID=259) to work on /home/airflow/.local/lib/python3.8/site-packages/airflow/example_dags/example_sensors.py
[2023-12-19T10:15:30.431+0000] {processor.py:830} INFO - Processing file /home/airflow/.local/lib/python3.8/site-packages/airflow/example_dags/example_sensors.py for tasks to queue
[2023-12-19T10:15:30.432+0000] {logging_mixin.py:188} INFO - [2023-12-19T10:15:30.432+0000] {dagbag.py:538} INFO - Filling up the DagBag from /home/airflow/.local/lib/python3.8/site-packages/airflow/example_dags/example_sensors.py
[2023-12-19T10:15:30.436+0000] {processor.py:840} INFO - DAG(s) 'example_sensors' retrieved from /home/airflow/.local/lib/python3.8/site-packages/airflow/example_dags/example_sensors.py
[2023-12-19T10:15:30.448+0000] {logging_mixin.py:188} INFO - [2023-12-19T10:15:30.448+0000] {dag.py:3033} INFO - Sync 1 DAGs
[2023-12-19T10:15:30.454+0000] {logging_mixin.py:188} INFO - [2023-12-19T10:15:30.454+0000] {dag.py:3820} INFO - Setting next_dagrun for example_sensors to None, run_after=None
[2023-12-19T10:15:30.465+0000] {processor.py:183} INFO - Processing /home/airflow/.local/lib/python3.8/site-packages/airflow/example_dags/example_sensors.py took 0.036 seconds
[2023-12-19T10:16:00.902+0000] {processor.py:161} INFO - Started process (PID=314) to work on /home/airflow/.local/lib/python3.8/site-packages/airflow/example_dags/example_sensors.py
[2023-12-19T10:16:00.903+0000] {processor.py:830} INFO - Processing file /home/airflow/.local/lib/python3.8/site-packages/airflow/example_dags/example_sensors.py for tasks to queue
[2023-12-19T10:16:00.904+0000] {logging_mixin.py:188} INFO - [2023-12-19T10:16:00.904+0000] {dagbag.py:538} INFO - Filling up the DagBag from /home/airflow/.local/lib/python3.8/site-packages/airflow/example_dags/example_sensors.py
[2023-12-19T10:16:00.908+0000] {processor.py:840} INFO - DAG(s) 'example_sensors' retrieved from /home/airflow/.local/lib/python3.8/site-packages/airflow/example_dags/example_sensors.py
[2023-12-19T10:16:00.920+0000] {logging_mixin.py:188} INFO - [2023-12-19T10:16:00.920+0000] {dag.py:3033} INFO - Sync 1 DAGs
[2023-12-19T10:16:00.926+0000] {logging_mixin.py:188} INFO - [2023-12-19T10:16:00.926+0000] {dag.py:3820} INFO - Setting next_dagrun for example_sensors to None, run_after=None
[2023-12-19T10:16:00.935+0000] {processor.py:183} INFO - Processing /home/airflow/.local/lib/python3.8/site-packages/airflow/example_dags/example_sensors.py took 0.034 seconds
[2023-12-19T10:16:31.394+0000] {processor.py:161} INFO - Started process (PID=369) to work on /home/airflow/.local/lib/python3.8/site-packages/airflow/example_dags/example_sensors.py
[2023-12-19T10:16:31.395+0000] {processor.py:830} INFO - Processing file /home/airflow/.local/lib/python3.8/site-packages/airflow/example_dags/example_sensors.py for tasks to queue
[2023-12-19T10:16:31.395+0000] {logging_mixin.py:188} INFO - [2023-12-19T10:16:31.395+0000] {dagbag.py:538} INFO - Filling up the DagBag from /home/airflow/.local/lib/python3.8/site-packages/airflow/example_dags/example_sensors.py
[2023-12-19T10:16:31.400+0000] {processor.py:840} INFO - DAG(s) 'example_sensors' retrieved from /home/airflow/.local/lib/python3.8/site-packages/airflow/example_dags/example_sensors.py
[2023-12-19T10:16:31.413+0000] {logging_mixin.py:188} INFO - [2023-12-19T10:16:31.413+0000] {dag.py:3033} INFO - Sync 1 DAGs
[2023-12-19T10:16:31.420+0000] {logging_mixin.py:188} INFO - [2023-12-19T10:16:31.419+0000] {dag.py:3820} INFO - Setting next_dagrun for example_sensors to None, run_after=None
[2023-12-19T10:16:31.429+0000] {processor.py:183} INFO - Processing /home/airflow/.local/lib/python3.8/site-packages/airflow/example_dags/example_sensors.py took 0.037 seconds
[2023-12-19T10:17:01.830+0000] {processor.py:161} INFO - Started process (PID=424) to work on /home/airflow/.local/lib/python3.8/site-packages/airflow/example_dags/example_sensors.py
[2023-12-19T10:17:01.831+0000] {processor.py:830} INFO - Processing file /home/airflow/.local/lib/python3.8/site-packages/airflow/example_dags/example_sensors.py for tasks to queue
[2023-12-19T10:17:01.832+0000] {logging_mixin.py:188} INFO - [2023-12-19T10:17:01.832+0000] {dagbag.py:538} INFO - Filling up the DagBag from /home/airflow/.local/lib/python3.8/site-packages/airflow/example_dags/example_sensors.py
[2023-12-19T10:17:01.837+0000] {processor.py:840} INFO - DAG(s) 'example_sensors' retrieved from /home/airflow/.local/lib/python3.8/site-packages/airflow/example_dags/example_sensors.py
[2023-12-19T10:17:01.852+0000] {logging_mixin.py:188} INFO - [2023-12-19T10:17:01.852+0000] {dag.py:3033} INFO - Sync 1 DAGs
[2023-12-19T10:17:01.859+0000] {logging_mixin.py:188} INFO - [2023-12-19T10:17:01.859+0000] {dag.py:3820} INFO - Setting next_dagrun for example_sensors to None, run_after=None
[2023-12-19T10:17:01.869+0000] {processor.py:183} INFO - Processing /home/airflow/.local/lib/python3.8/site-packages/airflow/example_dags/example_sensors.py took 0.041 seconds
[2023-12-19T10:17:32.410+0000] {processor.py:161} INFO - Started process (PID=479) to work on /home/airflow/.local/lib/python3.8/site-packages/airflow/example_dags/example_sensors.py
[2023-12-19T10:17:32.411+0000] {processor.py:830} INFO - Processing file /home/airflow/.local/lib/python3.8/site-packages/airflow/example_dags/example_sensors.py for tasks to queue
[2023-12-19T10:17:32.412+0000] {logging_mixin.py:188} INFO - [2023-12-19T10:17:32.411+0000] {dagbag.py:538} INFO - Filling up the DagBag from /home/airflow/.local/lib/python3.8/site-packages/airflow/example_dags/example_sensors.py
[2023-12-19T10:17:32.416+0000] {processor.py:840} INFO - DAG(s) 'example_sensors' retrieved from /home/airflow/.local/lib/python3.8/site-packages/airflow/example_dags/example_sensors.py
[2023-12-19T10:17:32.430+0000] {logging_mixin.py:188} INFO - [2023-12-19T10:17:32.430+0000] {dag.py:3033} INFO - Sync 1 DAGs
[2023-12-19T10:17:32.437+0000] {logging_mixin.py:188} INFO - [2023-12-19T10:17:32.437+0000] {dag.py:3820} INFO - Setting next_dagrun for example_sensors to None, run_after=None
[2023-12-19T10:17:32.446+0000] {processor.py:183} INFO - Processing /home/airflow/.local/lib/python3.8/site-packages/airflow/example_dags/example_sensors.py took 0.037 seconds
[2023-12-19T10:18:02.852+0000] {processor.py:161} INFO - Started process (PID=534) to work on /home/airflow/.local/lib/python3.8/site-packages/airflow/example_dags/example_sensors.py
[2023-12-19T10:18:02.852+0000] {processor.py:830} INFO - Processing file /home/airflow/.local/lib/python3.8/site-packages/airflow/example_dags/example_sensors.py for tasks to queue
[2023-12-19T10:18:02.853+0000] {logging_mixin.py:188} INFO - [2023-12-19T10:18:02.853+0000] {dagbag.py:538} INFO - Filling up the DagBag from /home/airflow/.local/lib/python3.8/site-packages/airflow/example_dags/example_sensors.py
[2023-12-19T10:18:02.857+0000] {processor.py:840} INFO - DAG(s) 'example_sensors' retrieved from /home/airflow/.local/lib/python3.8/site-packages/airflow/example_dags/example_sensors.py
[2023-12-19T10:18:02.868+0000] {logging_mixin.py:188} INFO - [2023-12-19T10:18:02.868+0000] {dag.py:3033} INFO - Sync 1 DAGs
[2023-12-19T10:18:02.874+0000] {logging_mixin.py:188} INFO - [2023-12-19T10:18:02.874+0000] {dag.py:3820} INFO - Setting next_dagrun for example_sensors to None, run_after=None
[2023-12-19T10:18:02.884+0000] {processor.py:183} INFO - Processing /home/airflow/.local/lib/python3.8/site-packages/airflow/example_dags/example_sensors.py took 0.033 seconds
[2023-12-19T10:18:33.301+0000] {processor.py:161} INFO - Started process (PID=588) to work on /home/airflow/.local/lib/python3.8/site-packages/airflow/example_dags/example_sensors.py
[2023-12-19T10:18:33.302+0000] {processor.py:830} INFO - Processing file /home/airflow/.local/lib/python3.8/site-packages/airflow/example_dags/example_sensors.py for tasks to queue
[2023-12-19T10:18:33.303+0000] {logging_mixin.py:188} INFO - [2023-12-19T10:18:33.302+0000] {dagbag.py:538} INFO - Filling up the DagBag from /home/airflow/.local/lib/python3.8/site-packages/airflow/example_dags/example_sensors.py
[2023-12-19T10:18:33.307+0000] {processor.py:840} INFO - DAG(s) 'example_sensors' retrieved from /home/airflow/.local/lib/python3.8/site-packages/airflow/example_dags/example_sensors.py
[2023-12-19T10:18:33.320+0000] {logging_mixin.py:188} INFO - [2023-12-19T10:18:33.320+0000] {dag.py:3033} INFO - Sync 1 DAGs
[2023-12-19T10:18:33.326+0000] {logging_mixin.py:188} INFO - [2023-12-19T10:18:33.326+0000] {dag.py:3820} INFO - Setting next_dagrun for example_sensors to None, run_after=None
[2023-12-19T10:18:33.336+0000] {processor.py:183} INFO - Processing /home/airflow/.local/lib/python3.8/site-packages/airflow/example_dags/example_sensors.py took 0.037 seconds
[2023-12-19T10:19:03.757+0000] {processor.py:161} INFO - Started process (PID=643) to work on /home/airflow/.local/lib/python3.8/site-packages/airflow/example_dags/example_sensors.py
[2023-12-19T10:19:03.757+0000] {processor.py:830} INFO - Processing file /home/airflow/.local/lib/python3.8/site-packages/airflow/example_dags/example_sensors.py for tasks to queue
[2023-12-19T10:19:03.758+0000] {logging_mixin.py:188} INFO - [2023-12-19T10:19:03.758+0000] {dagbag.py:538} INFO - Filling up the DagBag from /home/airflow/.local/lib/python3.8/site-packages/airflow/example_dags/example_sensors.py
[2023-12-19T10:19:03.762+0000] {processor.py:840} INFO - DAG(s) 'example_sensors' retrieved from /home/airflow/.local/lib/python3.8/site-packages/airflow/example_dags/example_sensors.py
[2023-12-19T10:19:03.776+0000] {logging_mixin.py:188} INFO - [2023-12-19T10:19:03.776+0000] {dag.py:3033} INFO - Sync 1 DAGs
[2023-12-19T10:19:03.782+0000] {logging_mixin.py:188} INFO - [2023-12-19T10:19:03.781+0000] {dag.py:3820} INFO - Setting next_dagrun for example_sensors to None, run_after=None
[2023-12-19T10:19:03.790+0000] {processor.py:183} INFO - Processing /home/airflow/.local/lib/python3.8/site-packages/airflow/example_dags/example_sensors.py took 0.035 seconds
[2023-12-19T10:19:34.297+0000] {processor.py:161} INFO - Started process (PID=698) to work on /home/airflow/.local/lib/python3.8/site-packages/airflow/example_dags/example_sensors.py
[2023-12-19T10:19:34.298+0000] {processor.py:830} INFO - Processing file /home/airflow/.local/lib/python3.8/site-packages/airflow/example_dags/example_sensors.py for tasks to queue
[2023-12-19T10:19:34.298+0000] {logging_mixin.py:188} INFO - [2023-12-19T10:19:34.298+0000] {dagbag.py:538} INFO - Filling up the DagBag from /home/airflow/.local/lib/python3.8/site-packages/airflow/example_dags/example_sensors.py
[2023-12-19T10:19:34.302+0000] {processor.py:840} INFO - DAG(s) 'example_sensors' retrieved from /home/airflow/.local/lib/python3.8/site-packages/airflow/example_dags/example_sensors.py
[2023-12-19T10:19:34.316+0000] {logging_mixin.py:188} INFO - [2023-12-19T10:19:34.316+0000] {dag.py:3033} INFO - Sync 1 DAGs
[2023-12-19T10:19:34.322+0000] {logging_mixin.py:188} INFO - [2023-12-19T10:19:34.322+0000] {dag.py:3820} INFO - Setting next_dagrun for example_sensors to None, run_after=None
[2023-12-19T10:19:34.330+0000] {processor.py:183} INFO - Processing /home/airflow/.local/lib/python3.8/site-packages/airflow/example_dags/example_sensors.py took 0.034 seconds
[2023-12-19T10:20:04.766+0000] {processor.py:161} INFO - Started process (PID=753) to work on /home/airflow/.local/lib/python3.8/site-packages/airflow/example_dags/example_sensors.py
[2023-12-19T10:20:04.766+0000] {processor.py:830} INFO - Processing file /home/airflow/.local/lib/python3.8/site-packages/airflow/example_dags/example_sensors.py for tasks to queue
[2023-12-19T10:20:04.767+0000] {logging_mixin.py:188} INFO - [2023-12-19T10:20:04.767+0000] {dagbag.py:538} INFO - Filling up the DagBag from /home/airflow/.local/lib/python3.8/site-packages/airflow/example_dags/example_sensors.py
[2023-12-19T10:20:04.771+0000] {processor.py:840} INFO - DAG(s) 'example_sensors' retrieved from /home/airflow/.local/lib/python3.8/site-packages/airflow/example_dags/example_sensors.py
[2023-12-19T10:20:04.784+0000] {logging_mixin.py:188} INFO - [2023-12-19T10:20:04.784+0000] {dag.py:3033} INFO - Sync 1 DAGs
[2023-12-19T10:20:04.789+0000] {logging_mixin.py:188} INFO - [2023-12-19T10:20:04.789+0000] {dag.py:3820} INFO - Setting next_dagrun for example_sensors to None, run_after=None
[2023-12-19T10:20:04.799+0000] {processor.py:183} INFO - Processing /home/airflow/.local/lib/python3.8/site-packages/airflow/example_dags/example_sensors.py took 0.035 seconds
[2023-12-19T10:20:35.283+0000] {processor.py:161} INFO - Started process (PID=808) to work on /home/airflow/.local/lib/python3.8/site-packages/airflow/example_dags/example_sensors.py
[2023-12-19T10:20:35.284+0000] {processor.py:830} INFO - Processing file /home/airflow/.local/lib/python3.8/site-packages/airflow/example_dags/example_sensors.py for tasks to queue
[2023-12-19T10:20:35.285+0000] {logging_mixin.py:188} INFO - [2023-12-19T10:20:35.285+0000] {dagbag.py:538} INFO - Filling up the DagBag from /home/airflow/.local/lib/python3.8/site-packages/airflow/example_dags/example_sensors.py
[2023-12-19T10:20:35.289+0000] {processor.py:840} INFO - DAG(s) 'example_sensors' retrieved from /home/airflow/.local/lib/python3.8/site-packages/airflow/example_dags/example_sensors.py
[2023-12-19T10:20:35.303+0000] {logging_mixin.py:188} INFO - [2023-12-19T10:20:35.303+0000] {dag.py:3033} INFO - Sync 1 DAGs
[2023-12-19T10:20:35.309+0000] {logging_mixin.py:188} INFO - [2023-12-19T10:20:35.309+0000] {dag.py:3820} INFO - Setting next_dagrun for example_sensors to None, run_after=None
[2023-12-19T10:20:35.319+0000] {processor.py:183} INFO - Processing /home/airflow/.local/lib/python3.8/site-packages/airflow/example_dags/example_sensors.py took 0.037 seconds
[2023-12-19T10:21:05.814+0000] {processor.py:161} INFO - Started process (PID=863) to work on /home/airflow/.local/lib/python3.8/site-packages/airflow/example_dags/example_sensors.py
[2023-12-19T10:21:05.815+0000] {processor.py:830} INFO - Processing file /home/airflow/.local/lib/python3.8/site-packages/airflow/example_dags/example_sensors.py for tasks to queue
[2023-12-19T10:21:05.816+0000] {logging_mixin.py:188} INFO - [2023-12-19T10:21:05.816+0000] {dagbag.py:538} INFO - Filling up the DagBag from /home/airflow/.local/lib/python3.8/site-packages/airflow/example_dags/example_sensors.py
[2023-12-19T10:21:05.820+0000] {processor.py:840} INFO - DAG(s) 'example_sensors' retrieved from /home/airflow/.local/lib/python3.8/site-packages/airflow/example_dags/example_sensors.py
[2023-12-19T10:21:05.833+0000] {logging_mixin.py:188} INFO - [2023-12-19T10:21:05.833+0000] {dag.py:3033} INFO - Sync 1 DAGs
[2023-12-19T10:21:05.840+0000] {logging_mixin.py:188} INFO - [2023-12-19T10:21:05.839+0000] {dag.py:3820} INFO - Setting next_dagrun for example_sensors to None, run_after=None
[2023-12-19T10:21:05.849+0000] {processor.py:183} INFO - Processing /home/airflow/.local/lib/python3.8/site-packages/airflow/example_dags/example_sensors.py took 0.036 seconds
[2023-12-19T10:21:36.267+0000] {processor.py:161} INFO - Started process (PID=918) to work on /home/airflow/.local/lib/python3.8/site-packages/airflow/example_dags/example_sensors.py
[2023-12-19T10:21:36.268+0000] {processor.py:830} INFO - Processing file /home/airflow/.local/lib/python3.8/site-packages/airflow/example_dags/example_sensors.py for tasks to queue
[2023-12-19T10:21:36.269+0000] {logging_mixin.py:188} INFO - [2023-12-19T10:21:36.268+0000] {dagbag.py:538} INFO - Filling up the DagBag from /home/airflow/.local/lib/python3.8/site-packages/airflow/example_dags/example_sensors.py
[2023-12-19T10:21:36.272+0000] {processor.py:840} INFO - DAG(s) 'example_sensors' retrieved from /home/airflow/.local/lib/python3.8/site-packages/airflow/example_dags/example_sensors.py
[2023-12-19T10:21:36.285+0000] {logging_mixin.py:188} INFO - [2023-12-19T10:21:36.285+0000] {dag.py:3033} INFO - Sync 1 DAGs
[2023-12-19T10:21:36.291+0000] {logging_mixin.py:188} INFO - [2023-12-19T10:21:36.291+0000] {dag.py:3820} INFO - Setting next_dagrun for example_sensors to None, run_after=None
[2023-12-19T10:21:36.299+0000] {processor.py:183} INFO - Processing /home/airflow/.local/lib/python3.8/site-packages/airflow/example_dags/example_sensors.py took 0.034 seconds
[2023-12-19T10:22:06.744+0000] {processor.py:161} INFO - Started process (PID=973) to work on /home/airflow/.local/lib/python3.8/site-packages/airflow/example_dags/example_sensors.py
[2023-12-19T10:22:06.745+0000] {processor.py:830} INFO - Processing file /home/airflow/.local/lib/python3.8/site-packages/airflow/example_dags/example_sensors.py for tasks to queue
[2023-12-19T10:22:06.746+0000] {logging_mixin.py:188} INFO - [2023-12-19T10:22:06.746+0000] {dagbag.py:538} INFO - Filling up the DagBag from /home/airflow/.local/lib/python3.8/site-packages/airflow/example_dags/example_sensors.py
[2023-12-19T10:22:06.750+0000] {processor.py:840} INFO - DAG(s) 'example_sensors' retrieved from /home/airflow/.local/lib/python3.8/site-packages/airflow/example_dags/example_sensors.py
[2023-12-19T10:22:06.763+0000] {logging_mixin.py:188} INFO - [2023-12-19T10:22:06.763+0000] {dag.py:3033} INFO - Sync 1 DAGs
[2023-12-19T10:22:06.770+0000] {logging_mixin.py:188} INFO - [2023-12-19T10:22:06.770+0000] {dag.py:3820} INFO - Setting next_dagrun for example_sensors to None, run_after=None
[2023-12-19T10:22:06.780+0000] {processor.py:183} INFO - Processing /home/airflow/.local/lib/python3.8/site-packages/airflow/example_dags/example_sensors.py took 0.038 seconds
[2023-12-19T10:22:37.223+0000] {processor.py:161} INFO - Started process (PID=1028) to work on /home/airflow/.local/lib/python3.8/site-packages/airflow/example_dags/example_sensors.py
[2023-12-19T10:22:37.223+0000] {processor.py:830} INFO - Processing file /home/airflow/.local/lib/python3.8/site-packages/airflow/example_dags/example_sensors.py for tasks to queue
[2023-12-19T10:22:37.224+0000] {logging_mixin.py:188} INFO - [2023-12-19T10:22:37.224+0000] {dagbag.py:538} INFO - Filling up the DagBag from /home/airflow/.local/lib/python3.8/site-packages/airflow/example_dags/example_sensors.py
[2023-12-19T10:22:37.228+0000] {processor.py:840} INFO - DAG(s) 'example_sensors' retrieved from /home/airflow/.local/lib/python3.8/site-packages/airflow/example_dags/example_sensors.py
[2023-12-19T10:22:37.240+0000] {logging_mixin.py:188} INFO - [2023-12-19T10:22:37.240+0000] {dag.py:3033} INFO - Sync 1 DAGs
[2023-12-19T10:22:37.246+0000] {logging_mixin.py:188} INFO - [2023-12-19T10:22:37.245+0000] {dag.py:3820} INFO - Setting next_dagrun for example_sensors to None, run_after=None
[2023-12-19T10:22:37.256+0000] {processor.py:183} INFO - Processing /home/airflow/.local/lib/python3.8/site-packages/airflow/example_dags/example_sensors.py took 0.035 seconds
[2023-12-19T10:23:07.713+0000] {processor.py:161} INFO - Started process (PID=1083) to work on /home/airflow/.local/lib/python3.8/site-packages/airflow/example_dags/example_sensors.py
[2023-12-19T10:23:07.713+0000] {processor.py:830} INFO - Processing file /home/airflow/.local/lib/python3.8/site-packages/airflow/example_dags/example_sensors.py for tasks to queue
[2023-12-19T10:23:07.714+0000] {logging_mixin.py:188} INFO - [2023-12-19T10:23:07.714+0000] {dagbag.py:538} INFO - Filling up the DagBag from /home/airflow/.local/lib/python3.8/site-packages/airflow/example_dags/example_sensors.py
[2023-12-19T10:23:07.719+0000] {processor.py:840} INFO - DAG(s) 'example_sensors' retrieved from /home/airflow/.local/lib/python3.8/site-packages/airflow/example_dags/example_sensors.py
[2023-12-19T10:23:07.732+0000] {logging_mixin.py:188} INFO - [2023-12-19T10:23:07.732+0000] {dag.py:3033} INFO - Sync 1 DAGs
[2023-12-19T10:23:07.738+0000] {logging_mixin.py:188} INFO - [2023-12-19T10:23:07.738+0000] {dag.py:3820} INFO - Setting next_dagrun for example_sensors to None, run_after=None
[2023-12-19T10:23:07.748+0000] {processor.py:183} INFO - Processing /home/airflow/.local/lib/python3.8/site-packages/airflow/example_dags/example_sensors.py took 0.037 seconds
[2023-12-19T10:23:38.246+0000] {processor.py:161} INFO - Started process (PID=1138) to work on /home/airflow/.local/lib/python3.8/site-packages/airflow/example_dags/example_sensors.py
[2023-12-19T10:23:38.247+0000] {processor.py:830} INFO - Processing file /home/airflow/.local/lib/python3.8/site-packages/airflow/example_dags/example_sensors.py for tasks to queue
[2023-12-19T10:23:38.247+0000] {logging_mixin.py:188} INFO - [2023-12-19T10:23:38.247+0000] {dagbag.py:538} INFO - Filling up the DagBag from /home/airflow/.local/lib/python3.8/site-packages/airflow/example_dags/example_sensors.py
[2023-12-19T10:23:38.251+0000] {processor.py:840} INFO - DAG(s) 'example_sensors' retrieved from /home/airflow/.local/lib/python3.8/site-packages/airflow/example_dags/example_sensors.py
[2023-12-19T10:23:38.265+0000] {logging_mixin.py:188} INFO - [2023-12-19T10:23:38.265+0000] {dag.py:3033} INFO - Sync 1 DAGs
[2023-12-19T10:23:38.271+0000] {logging_mixin.py:188} INFO - [2023-12-19T10:23:38.271+0000] {dag.py:3820} INFO - Setting next_dagrun for example_sensors to None, run_after=None
[2023-12-19T10:23:38.281+0000] {processor.py:183} INFO - Processing /home/airflow/.local/lib/python3.8/site-packages/airflow/example_dags/example_sensors.py took 0.036 seconds
[2023-12-19T10:24:08.751+0000] {processor.py:161} INFO - Started process (PID=1193) to work on /home/airflow/.local/lib/python3.8/site-packages/airflow/example_dags/example_sensors.py
[2023-12-19T10:24:08.751+0000] {processor.py:830} INFO - Processing file /home/airflow/.local/lib/python3.8/site-packages/airflow/example_dags/example_sensors.py for tasks to queue
[2023-12-19T10:24:08.752+0000] {logging_mixin.py:188} INFO - [2023-12-19T10:24:08.752+0000] {dagbag.py:538} INFO - Filling up the DagBag from /home/airflow/.local/lib/python3.8/site-packages/airflow/example_dags/example_sensors.py
[2023-12-19T10:24:08.756+0000] {processor.py:840} INFO - DAG(s) 'example_sensors' retrieved from /home/airflow/.local/lib/python3.8/site-packages/airflow/example_dags/example_sensors.py
[2023-12-19T10:24:08.768+0000] {logging_mixin.py:188} INFO - [2023-12-19T10:24:08.768+0000] {dag.py:3033} INFO - Sync 1 DAGs
[2023-12-19T10:24:08.774+0000] {logging_mixin.py:188} INFO - [2023-12-19T10:24:08.774+0000] {dag.py:3820} INFO - Setting next_dagrun for example_sensors to None, run_after=None
[2023-12-19T10:24:08.783+0000] {processor.py:183} INFO - Processing /home/airflow/.local/lib/python3.8/site-packages/airflow/example_dags/example_sensors.py took 0.033 seconds
[2023-12-19T10:24:39.292+0000] {processor.py:161} INFO - Started process (PID=1248) to work on /home/airflow/.local/lib/python3.8/site-packages/airflow/example_dags/example_sensors.py
[2023-12-19T10:24:39.292+0000] {processor.py:830} INFO - Processing file /home/airflow/.local/lib/python3.8/site-packages/airflow/example_dags/example_sensors.py for tasks to queue
[2023-12-19T10:24:39.293+0000] {logging_mixin.py:188} INFO - [2023-12-19T10:24:39.293+0000] {dagbag.py:538} INFO - Filling up the DagBag from /home/airflow/.local/lib/python3.8/site-packages/airflow/example_dags/example_sensors.py
[2023-12-19T10:24:39.298+0000] {processor.py:840} INFO - DAG(s) 'example_sensors' retrieved from /home/airflow/.local/lib/python3.8/site-packages/airflow/example_dags/example_sensors.py
[2023-12-19T10:24:39.311+0000] {logging_mixin.py:188} INFO - [2023-12-19T10:24:39.311+0000] {dag.py:3033} INFO - Sync 1 DAGs
[2023-12-19T10:24:39.318+0000] {logging_mixin.py:188} INFO - [2023-12-19T10:24:39.318+0000] {dag.py:3820} INFO - Setting next_dagrun for example_sensors to None, run_after=None
[2023-12-19T10:24:39.328+0000] {processor.py:183} INFO - Processing /home/airflow/.local/lib/python3.8/site-packages/airflow/example_dags/example_sensors.py took 0.038 seconds
[2023-12-19T10:25:09.852+0000] {processor.py:161} INFO - Started process (PID=1303) to work on /home/airflow/.local/lib/python3.8/site-packages/airflow/example_dags/example_sensors.py
[2023-12-19T10:25:09.853+0000] {processor.py:830} INFO - Processing file /home/airflow/.local/lib/python3.8/site-packages/airflow/example_dags/example_sensors.py for tasks to queue
[2023-12-19T10:25:09.854+0000] {logging_mixin.py:188} INFO - [2023-12-19T10:25:09.853+0000] {dagbag.py:538} INFO - Filling up the DagBag from /home/airflow/.local/lib/python3.8/site-packages/airflow/example_dags/example_sensors.py
[2023-12-19T10:25:09.858+0000] {processor.py:840} INFO - DAG(s) 'example_sensors' retrieved from /home/airflow/.local/lib/python3.8/site-packages/airflow/example_dags/example_sensors.py
[2023-12-19T10:25:09.871+0000] {logging_mixin.py:188} INFO - [2023-12-19T10:25:09.871+0000] {dag.py:3033} INFO - Sync 1 DAGs
[2023-12-19T10:25:09.877+0000] {logging_mixin.py:188} INFO - [2023-12-19T10:25:09.877+0000] {dag.py:3820} INFO - Setting next_dagrun for example_sensors to None, run_after=None
[2023-12-19T10:25:09.887+0000] {processor.py:183} INFO - Processing /home/airflow/.local/lib/python3.8/site-packages/airflow/example_dags/example_sensors.py took 0.036 seconds
[2023-12-19T10:25:40.346+0000] {processor.py:161} INFO - Started process (PID=1357) to work on /home/airflow/.local/lib/python3.8/site-packages/airflow/example_dags/example_sensors.py
[2023-12-19T10:25:40.347+0000] {processor.py:830} INFO - Processing file /home/airflow/.local/lib/python3.8/site-packages/airflow/example_dags/example_sensors.py for tasks to queue
[2023-12-19T10:25:40.348+0000] {logging_mixin.py:188} INFO - [2023-12-19T10:25:40.347+0000] {dagbag.py:538} INFO - Filling up the DagBag from /home/airflow/.local/lib/python3.8/site-packages/airflow/example_dags/example_sensors.py
[2023-12-19T10:25:40.352+0000] {processor.py:840} INFO - DAG(s) 'example_sensors' retrieved from /home/airflow/.local/lib/python3.8/site-packages/airflow/example_dags/example_sensors.py
[2023-12-19T10:25:40.365+0000] {logging_mixin.py:188} INFO - [2023-12-19T10:25:40.365+0000] {dag.py:3033} INFO - Sync 1 DAGs
[2023-12-19T10:25:40.372+0000] {logging_mixin.py:188} INFO - [2023-12-19T10:25:40.372+0000] {dag.py:3820} INFO - Setting next_dagrun for example_sensors to None, run_after=None
[2023-12-19T10:25:40.384+0000] {processor.py:183} INFO - Processing /home/airflow/.local/lib/python3.8/site-packages/airflow/example_dags/example_sensors.py took 0.039 seconds
[2023-12-19T10:26:10.890+0000] {processor.py:161} INFO - Started process (PID=1412) to work on /home/airflow/.local/lib/python3.8/site-packages/airflow/example_dags/example_sensors.py
[2023-12-19T10:26:10.891+0000] {processor.py:830} INFO - Processing file /home/airflow/.local/lib/python3.8/site-packages/airflow/example_dags/example_sensors.py for tasks to queue
[2023-12-19T10:26:10.892+0000] {logging_mixin.py:188} INFO - [2023-12-19T10:26:10.892+0000] {dagbag.py:538} INFO - Filling up the DagBag from /home/airflow/.local/lib/python3.8/site-packages/airflow/example_dags/example_sensors.py
[2023-12-19T10:26:10.897+0000] {processor.py:840} INFO - DAG(s) 'example_sensors' retrieved from /home/airflow/.local/lib/python3.8/site-packages/airflow/example_dags/example_sensors.py
[2023-12-19T10:26:10.910+0000] {logging_mixin.py:188} INFO - [2023-12-19T10:26:10.910+0000] {dag.py:3033} INFO - Sync 1 DAGs
[2023-12-19T10:26:10.916+0000] {logging_mixin.py:188} INFO - [2023-12-19T10:26:10.916+0000] {dag.py:3820} INFO - Setting next_dagrun for example_sensors to None, run_after=None
[2023-12-19T10:26:10.927+0000] {processor.py:183} INFO - Processing /home/airflow/.local/lib/python3.8/site-packages/airflow/example_dags/example_sensors.py took 0.038 seconds
[2023-12-19T10:26:41.467+0000] {processor.py:161} INFO - Started process (PID=1467) to work on /home/airflow/.local/lib/python3.8/site-packages/airflow/example_dags/example_sensors.py
[2023-12-19T10:26:41.468+0000] {processor.py:830} INFO - Processing file /home/airflow/.local/lib/python3.8/site-packages/airflow/example_dags/example_sensors.py for tasks to queue
[2023-12-19T10:26:41.469+0000] {logging_mixin.py:188} INFO - [2023-12-19T10:26:41.469+0000] {dagbag.py:538} INFO - Filling up the DagBag from /home/airflow/.local/lib/python3.8/site-packages/airflow/example_dags/example_sensors.py
[2023-12-19T10:26:41.473+0000] {processor.py:840} INFO - DAG(s) 'example_sensors' retrieved from /home/airflow/.local/lib/python3.8/site-packages/airflow/example_dags/example_sensors.py
[2023-12-19T10:26:41.487+0000] {logging_mixin.py:188} INFO - [2023-12-19T10:26:41.487+0000] {dag.py:3033} INFO - Sync 1 DAGs
[2023-12-19T10:26:41.494+0000] {logging_mixin.py:188} INFO - [2023-12-19T10:26:41.494+0000] {dag.py:3820} INFO - Setting next_dagrun for example_sensors to None, run_after=None
[2023-12-19T10:26:41.504+0000] {processor.py:183} INFO - Processing /home/airflow/.local/lib/python3.8/site-packages/airflow/example_dags/example_sensors.py took 0.038 seconds
[2023-12-19T10:27:11.961+0000] {processor.py:161} INFO - Started process (PID=1522) to work on /home/airflow/.local/lib/python3.8/site-packages/airflow/example_dags/example_sensors.py
[2023-12-19T10:27:11.961+0000] {processor.py:830} INFO - Processing file /home/airflow/.local/lib/python3.8/site-packages/airflow/example_dags/example_sensors.py for tasks to queue
[2023-12-19T10:27:11.962+0000] {logging_mixin.py:188} INFO - [2023-12-19T10:27:11.962+0000] {dagbag.py:538} INFO - Filling up the DagBag from /home/airflow/.local/lib/python3.8/site-packages/airflow/example_dags/example_sensors.py
[2023-12-19T10:27:11.967+0000] {processor.py:840} INFO - DAG(s) 'example_sensors' retrieved from /home/airflow/.local/lib/python3.8/site-packages/airflow/example_dags/example_sensors.py
[2023-12-19T10:27:11.982+0000] {logging_mixin.py:188} INFO - [2023-12-19T10:27:11.982+0000] {dag.py:3033} INFO - Sync 1 DAGs
[2023-12-19T10:27:11.988+0000] {logging_mixin.py:188} INFO - [2023-12-19T10:27:11.988+0000] {dag.py:3820} INFO - Setting next_dagrun for example_sensors to None, run_after=None
[2023-12-19T10:27:11.999+0000] {processor.py:183} INFO - Processing /home/airflow/.local/lib/python3.8/site-packages/airflow/example_dags/example_sensors.py took 0.040 seconds
[2023-12-19T10:27:42.463+0000] {processor.py:161} INFO - Started process (PID=1577) to work on /home/airflow/.local/lib/python3.8/site-packages/airflow/example_dags/example_sensors.py
[2023-12-19T10:27:42.463+0000] {processor.py:830} INFO - Processing file /home/airflow/.local/lib/python3.8/site-packages/airflow/example_dags/example_sensors.py for tasks to queue
[2023-12-19T10:27:42.464+0000] {logging_mixin.py:188} INFO - [2023-12-19T10:27:42.464+0000] {dagbag.py:538} INFO - Filling up the DagBag from /home/airflow/.local/lib/python3.8/site-packages/airflow/example_dags/example_sensors.py
[2023-12-19T10:27:42.469+0000] {processor.py:840} INFO - DAG(s) 'example_sensors' retrieved from /home/airflow/.local/lib/python3.8/site-packages/airflow/example_dags/example_sensors.py
[2023-12-19T10:27:42.483+0000] {logging_mixin.py:188} INFO - [2023-12-19T10:27:42.483+0000] {dag.py:3033} INFO - Sync 1 DAGs
[2023-12-19T10:27:42.490+0000] {logging_mixin.py:188} INFO - [2023-12-19T10:27:42.490+0000] {dag.py:3820} INFO - Setting next_dagrun for example_sensors to None, run_after=None
[2023-12-19T10:27:42.502+0000] {processor.py:183} INFO - Processing /home/airflow/.local/lib/python3.8/site-packages/airflow/example_dags/example_sensors.py took 0.041 seconds
[2023-12-19T10:28:13.012+0000] {processor.py:161} INFO - Started process (PID=1631) to work on /home/airflow/.local/lib/python3.8/site-packages/airflow/example_dags/example_sensors.py
[2023-12-19T10:28:13.012+0000] {processor.py:830} INFO - Processing file /home/airflow/.local/lib/python3.8/site-packages/airflow/example_dags/example_sensors.py for tasks to queue
[2023-12-19T10:28:13.013+0000] {logging_mixin.py:188} INFO - [2023-12-19T10:28:13.013+0000] {dagbag.py:538} INFO - Filling up the DagBag from /home/airflow/.local/lib/python3.8/site-packages/airflow/example_dags/example_sensors.py
[2023-12-19T10:28:13.018+0000] {processor.py:840} INFO - DAG(s) 'example_sensors' retrieved from /home/airflow/.local/lib/python3.8/site-packages/airflow/example_dags/example_sensors.py
[2023-12-19T10:28:13.034+0000] {logging_mixin.py:188} INFO - [2023-12-19T10:28:13.034+0000] {dag.py:3033} INFO - Sync 1 DAGs
[2023-12-19T10:28:13.041+0000] {logging_mixin.py:188} INFO - [2023-12-19T10:28:13.041+0000] {dag.py:3820} INFO - Setting next_dagrun for example_sensors to None, run_after=None
[2023-12-19T10:28:13.053+0000] {processor.py:183} INFO - Processing /home/airflow/.local/lib/python3.8/site-packages/airflow/example_dags/example_sensors.py took 0.043 seconds
[2023-12-19T10:28:43.541+0000] {processor.py:161} INFO - Started process (PID=1686) to work on /home/airflow/.local/lib/python3.8/site-packages/airflow/example_dags/example_sensors.py
[2023-12-19T10:28:43.542+0000] {processor.py:830} INFO - Processing file /home/airflow/.local/lib/python3.8/site-packages/airflow/example_dags/example_sensors.py for tasks to queue
[2023-12-19T10:28:43.543+0000] {logging_mixin.py:188} INFO - [2023-12-19T10:28:43.543+0000] {dagbag.py:538} INFO - Filling up the DagBag from /home/airflow/.local/lib/python3.8/site-packages/airflow/example_dags/example_sensors.py
[2023-12-19T10:28:43.547+0000] {processor.py:840} INFO - DAG(s) 'example_sensors' retrieved from /home/airflow/.local/lib/python3.8/site-packages/airflow/example_dags/example_sensors.py
[2023-12-19T10:28:43.561+0000] {logging_mixin.py:188} INFO - [2023-12-19T10:28:43.560+0000] {dag.py:3033} INFO - Sync 1 DAGs
[2023-12-19T10:28:43.567+0000] {logging_mixin.py:188} INFO - [2023-12-19T10:28:43.567+0000] {dag.py:3820} INFO - Setting next_dagrun for example_sensors to None, run_after=None
[2023-12-19T10:28:43.576+0000] {processor.py:183} INFO - Processing /home/airflow/.local/lib/python3.8/site-packages/airflow/example_dags/example_sensors.py took 0.036 seconds
[2023-12-19T10:29:14.063+0000] {processor.py:161} INFO - Started process (PID=1741) to work on /home/airflow/.local/lib/python3.8/site-packages/airflow/example_dags/example_sensors.py
[2023-12-19T10:29:14.063+0000] {processor.py:830} INFO - Processing file /home/airflow/.local/lib/python3.8/site-packages/airflow/example_dags/example_sensors.py for tasks to queue
[2023-12-19T10:29:14.064+0000] {logging_mixin.py:188} INFO - [2023-12-19T10:29:14.064+0000] {dagbag.py:538} INFO - Filling up the DagBag from /home/airflow/.local/lib/python3.8/site-packages/airflow/example_dags/example_sensors.py
[2023-12-19T10:29:14.068+0000] {processor.py:840} INFO - DAG(s) 'example_sensors' retrieved from /home/airflow/.local/lib/python3.8/site-packages/airflow/example_dags/example_sensors.py
[2023-12-19T10:29:14.082+0000] {logging_mixin.py:188} INFO - [2023-12-19T10:29:14.082+0000] {dag.py:3033} INFO - Sync 1 DAGs
[2023-12-19T10:29:14.089+0000] {logging_mixin.py:188} INFO - [2023-12-19T10:29:14.089+0000] {dag.py:3820} INFO - Setting next_dagrun for example_sensors to None, run_after=None
[2023-12-19T10:29:14.099+0000] {processor.py:183} INFO - Processing /home/airflow/.local/lib/python3.8/site-packages/airflow/example_dags/example_sensors.py took 0.039 seconds
[2023-12-19T10:29:44.698+0000] {processor.py:161} INFO - Started process (PID=1795) to work on /home/airflow/.local/lib/python3.8/site-packages/airflow/example_dags/example_sensors.py
[2023-12-19T10:29:44.699+0000] {processor.py:830} INFO - Processing file /home/airflow/.local/lib/python3.8/site-packages/airflow/example_dags/example_sensors.py for tasks to queue
[2023-12-19T10:29:44.700+0000] {logging_mixin.py:188} INFO - [2023-12-19T10:29:44.700+0000] {dagbag.py:538} INFO - Filling up the DagBag from /home/airflow/.local/lib/python3.8/site-packages/airflow/example_dags/example_sensors.py
[2023-12-19T10:29:44.704+0000] {processor.py:840} INFO - DAG(s) 'example_sensors' retrieved from /home/airflow/.local/lib/python3.8/site-packages/airflow/example_dags/example_sensors.py
[2023-12-19T10:29:44.718+0000] {logging_mixin.py:188} INFO - [2023-12-19T10:29:44.717+0000] {dag.py:3033} INFO - Sync 1 DAGs
[2023-12-19T10:29:44.724+0000] {logging_mixin.py:188} INFO - [2023-12-19T10:29:44.724+0000] {dag.py:3820} INFO - Setting next_dagrun for example_sensors to None, run_after=None
[2023-12-19T10:29:44.733+0000] {processor.py:183} INFO - Processing /home/airflow/.local/lib/python3.8/site-packages/airflow/example_dags/example_sensors.py took 0.036 seconds
[2023-12-19T10:30:15.278+0000] {processor.py:161} INFO - Started process (PID=1849) to work on /home/airflow/.local/lib/python3.8/site-packages/airflow/example_dags/example_sensors.py
[2023-12-19T10:30:15.278+0000] {processor.py:830} INFO - Processing file /home/airflow/.local/lib/python3.8/site-packages/airflow/example_dags/example_sensors.py for tasks to queue
[2023-12-19T10:30:15.279+0000] {logging_mixin.py:188} INFO - [2023-12-19T10:30:15.279+0000] {dagbag.py:538} INFO - Filling up the DagBag from /home/airflow/.local/lib/python3.8/site-packages/airflow/example_dags/example_sensors.py
[2023-12-19T10:30:15.284+0000] {processor.py:840} INFO - DAG(s) 'example_sensors' retrieved from /home/airflow/.local/lib/python3.8/site-packages/airflow/example_dags/example_sensors.py
[2023-12-19T10:30:15.298+0000] {logging_mixin.py:188} INFO - [2023-12-19T10:30:15.298+0000] {dag.py:3033} INFO - Sync 1 DAGs
[2023-12-19T10:30:15.306+0000] {logging_mixin.py:188} INFO - [2023-12-19T10:30:15.306+0000] {dag.py:3820} INFO - Setting next_dagrun for example_sensors to None, run_after=None
[2023-12-19T10:30:15.316+0000] {processor.py:183} INFO - Processing /home/airflow/.local/lib/python3.8/site-packages/airflow/example_dags/example_sensors.py took 0.040 seconds
[2023-12-19T10:30:45.992+0000] {processor.py:161} INFO - Started process (PID=1904) to work on /home/airflow/.local/lib/python3.8/site-packages/airflow/example_dags/example_sensors.py
[2023-12-19T10:30:45.993+0000] {processor.py:830} INFO - Processing file /home/airflow/.local/lib/python3.8/site-packages/airflow/example_dags/example_sensors.py for tasks to queue
[2023-12-19T10:30:45.994+0000] {logging_mixin.py:188} INFO - [2023-12-19T10:30:45.993+0000] {dagbag.py:538} INFO - Filling up the DagBag from /home/airflow/.local/lib/python3.8/site-packages/airflow/example_dags/example_sensors.py
[2023-12-19T10:30:45.998+0000] {processor.py:840} INFO - DAG(s) 'example_sensors' retrieved from /home/airflow/.local/lib/python3.8/site-packages/airflow/example_dags/example_sensors.py
[2023-12-19T10:30:46.014+0000] {logging_mixin.py:188} INFO - [2023-12-19T10:30:46.014+0000] {dag.py:3033} INFO - Sync 1 DAGs
[2023-12-19T10:30:46.023+0000] {logging_mixin.py:188} INFO - [2023-12-19T10:30:46.022+0000] {dag.py:3820} INFO - Setting next_dagrun for example_sensors to None, run_after=None
[2023-12-19T10:30:46.114+0000] {processor.py:183} INFO - Processing /home/airflow/.local/lib/python3.8/site-packages/airflow/example_dags/example_sensors.py took 0.124 seconds
[2023-12-19T10:31:17.004+0000] {processor.py:161} INFO - Started process (PID=1959) to work on /home/airflow/.local/lib/python3.8/site-packages/airflow/example_dags/example_sensors.py
[2023-12-19T10:31:17.004+0000] {processor.py:830} INFO - Processing file /home/airflow/.local/lib/python3.8/site-packages/airflow/example_dags/example_sensors.py for tasks to queue
[2023-12-19T10:31:17.005+0000] {logging_mixin.py:188} INFO - [2023-12-19T10:31:17.005+0000] {dagbag.py:538} INFO - Filling up the DagBag from /home/airflow/.local/lib/python3.8/site-packages/airflow/example_dags/example_sensors.py
[2023-12-19T10:31:17.009+0000] {processor.py:840} INFO - DAG(s) 'example_sensors' retrieved from /home/airflow/.local/lib/python3.8/site-packages/airflow/example_dags/example_sensors.py
[2023-12-19T10:31:17.024+0000] {logging_mixin.py:188} INFO - [2023-12-19T10:31:17.024+0000] {dag.py:3033} INFO - Sync 1 DAGs
[2023-12-19T10:31:17.031+0000] {logging_mixin.py:188} INFO - [2023-12-19T10:31:17.030+0000] {dag.py:3820} INFO - Setting next_dagrun for example_sensors to None, run_after=None
[2023-12-19T10:31:17.041+0000] {processor.py:183} INFO - Processing /home/airflow/.local/lib/python3.8/site-packages/airflow/example_dags/example_sensors.py took 0.039 seconds
[2023-12-19T10:31:47.156+0000] {processor.py:161} INFO - Started process (PID=2013) to work on /home/airflow/.local/lib/python3.8/site-packages/airflow/example_dags/example_sensors.py
[2023-12-19T10:31:47.157+0000] {processor.py:830} INFO - Processing file /home/airflow/.local/lib/python3.8/site-packages/airflow/example_dags/example_sensors.py for tasks to queue
[2023-12-19T10:31:47.158+0000] {logging_mixin.py:188} INFO - [2023-12-19T10:31:47.158+0000] {dagbag.py:538} INFO - Filling up the DagBag from /home/airflow/.local/lib/python3.8/site-packages/airflow/example_dags/example_sensors.py
[2023-12-19T10:31:47.163+0000] {processor.py:840} INFO - DAG(s) 'example_sensors' retrieved from /home/airflow/.local/lib/python3.8/site-packages/airflow/example_dags/example_sensors.py
[2023-12-19T10:31:47.180+0000] {logging_mixin.py:188} INFO - [2023-12-19T10:31:47.180+0000] {dag.py:3033} INFO - Sync 1 DAGs
[2023-12-19T10:31:47.186+0000] {logging_mixin.py:188} INFO - [2023-12-19T10:31:47.186+0000] {dag.py:3820} INFO - Setting next_dagrun for example_sensors to None, run_after=None
[2023-12-19T10:31:47.196+0000] {processor.py:183} INFO - Processing /home/airflow/.local/lib/python3.8/site-packages/airflow/example_dags/example_sensors.py took 0.041 seconds
[2023-12-19T10:32:17.593+0000] {processor.py:161} INFO - Started process (PID=2067) to work on /home/airflow/.local/lib/python3.8/site-packages/airflow/example_dags/example_sensors.py
[2023-12-19T10:32:17.593+0000] {processor.py:830} INFO - Processing file /home/airflow/.local/lib/python3.8/site-packages/airflow/example_dags/example_sensors.py for tasks to queue
[2023-12-19T10:32:17.594+0000] {logging_mixin.py:188} INFO - [2023-12-19T10:32:17.594+0000] {dagbag.py:538} INFO - Filling up the DagBag from /home/airflow/.local/lib/python3.8/site-packages/airflow/example_dags/example_sensors.py
[2023-12-19T10:32:17.599+0000] {processor.py:840} INFO - DAG(s) 'example_sensors' retrieved from /home/airflow/.local/lib/python3.8/site-packages/airflow/example_dags/example_sensors.py
[2023-12-19T10:32:17.613+0000] {logging_mixin.py:188} INFO - [2023-12-19T10:32:17.612+0000] {dag.py:3033} INFO - Sync 1 DAGs
[2023-12-19T10:32:17.619+0000] {logging_mixin.py:188} INFO - [2023-12-19T10:32:17.618+0000] {dag.py:3820} INFO - Setting next_dagrun for example_sensors to None, run_after=None
[2023-12-19T10:32:17.629+0000] {processor.py:183} INFO - Processing /home/airflow/.local/lib/python3.8/site-packages/airflow/example_dags/example_sensors.py took 0.038 seconds
[2023-12-19T10:32:47.965+0000] {processor.py:161} INFO - Started process (PID=2122) to work on /home/airflow/.local/lib/python3.8/site-packages/airflow/example_dags/example_sensors.py
[2023-12-19T10:32:47.965+0000] {processor.py:830} INFO - Processing file /home/airflow/.local/lib/python3.8/site-packages/airflow/example_dags/example_sensors.py for tasks to queue
[2023-12-19T10:32:47.966+0000] {logging_mixin.py:188} INFO - [2023-12-19T10:32:47.966+0000] {dagbag.py:538} INFO - Filling up the DagBag from /home/airflow/.local/lib/python3.8/site-packages/airflow/example_dags/example_sensors.py
[2023-12-19T10:32:47.971+0000] {processor.py:840} INFO - DAG(s) 'example_sensors' retrieved from /home/airflow/.local/lib/python3.8/site-packages/airflow/example_dags/example_sensors.py
[2023-12-19T10:32:47.988+0000] {logging_mixin.py:188} INFO - [2023-12-19T10:32:47.987+0000] {dag.py:3033} INFO - Sync 1 DAGs
[2023-12-19T10:32:47.995+0000] {logging_mixin.py:188} INFO - [2023-12-19T10:32:47.995+0000] {dag.py:3820} INFO - Setting next_dagrun for example_sensors to None, run_after=None
[2023-12-19T10:32:48.006+0000] {processor.py:183} INFO - Processing /home/airflow/.local/lib/python3.8/site-packages/airflow/example_dags/example_sensors.py took 0.043 seconds
[2023-12-19T10:33:18.294+0000] {processor.py:161} INFO - Started process (PID=2177) to work on /home/airflow/.local/lib/python3.8/site-packages/airflow/example_dags/example_sensors.py
[2023-12-19T10:33:18.294+0000] {processor.py:830} INFO - Processing file /home/airflow/.local/lib/python3.8/site-packages/airflow/example_dags/example_sensors.py for tasks to queue
[2023-12-19T10:33:18.295+0000] {logging_mixin.py:188} INFO - [2023-12-19T10:33:18.295+0000] {dagbag.py:538} INFO - Filling up the DagBag from /home/airflow/.local/lib/python3.8/site-packages/airflow/example_dags/example_sensors.py
[2023-12-19T10:33:18.299+0000] {processor.py:840} INFO - DAG(s) 'example_sensors' retrieved from /home/airflow/.local/lib/python3.8/site-packages/airflow/example_dags/example_sensors.py
[2023-12-19T10:33:18.312+0000] {logging_mixin.py:188} INFO - [2023-12-19T10:33:18.312+0000] {dag.py:3033} INFO - Sync 1 DAGs
[2023-12-19T10:33:18.401+0000] {logging_mixin.py:188} INFO - [2023-12-19T10:33:18.401+0000] {dag.py:3820} INFO - Setting next_dagrun for example_sensors to None, run_after=None
[2023-12-19T10:33:18.411+0000] {processor.py:183} INFO - Processing /home/airflow/.local/lib/python3.8/site-packages/airflow/example_dags/example_sensors.py took 0.119 seconds
[2023-12-19T10:33:48.804+0000] {processor.py:161} INFO - Started process (PID=2232) to work on /home/airflow/.local/lib/python3.8/site-packages/airflow/example_dags/example_sensors.py
[2023-12-19T10:33:48.804+0000] {processor.py:830} INFO - Processing file /home/airflow/.local/lib/python3.8/site-packages/airflow/example_dags/example_sensors.py for tasks to queue
[2023-12-19T10:33:48.805+0000] {logging_mixin.py:188} INFO - [2023-12-19T10:33:48.805+0000] {dagbag.py:538} INFO - Filling up the DagBag from /home/airflow/.local/lib/python3.8/site-packages/airflow/example_dags/example_sensors.py
[2023-12-19T10:33:48.810+0000] {processor.py:840} INFO - DAG(s) 'example_sensors' retrieved from /home/airflow/.local/lib/python3.8/site-packages/airflow/example_dags/example_sensors.py
[2023-12-19T10:33:48.825+0000] {logging_mixin.py:188} INFO - [2023-12-19T10:33:48.824+0000] {dag.py:3033} INFO - Sync 1 DAGs
[2023-12-19T10:33:48.831+0000] {logging_mixin.py:188} INFO - [2023-12-19T10:33:48.831+0000] {dag.py:3820} INFO - Setting next_dagrun for example_sensors to None, run_after=None
[2023-12-19T10:33:48.924+0000] {processor.py:183} INFO - Processing /home/airflow/.local/lib/python3.8/site-packages/airflow/example_dags/example_sensors.py took 0.122 seconds
[2023-12-19T10:34:19.839+0000] {processor.py:161} INFO - Started process (PID=2287) to work on /home/airflow/.local/lib/python3.8/site-packages/airflow/example_dags/example_sensors.py
[2023-12-19T10:34:19.839+0000] {processor.py:830} INFO - Processing file /home/airflow/.local/lib/python3.8/site-packages/airflow/example_dags/example_sensors.py for tasks to queue
[2023-12-19T10:34:19.841+0000] {logging_mixin.py:188} INFO - [2023-12-19T10:34:19.840+0000] {dagbag.py:538} INFO - Filling up the DagBag from /home/airflow/.local/lib/python3.8/site-packages/airflow/example_dags/example_sensors.py
[2023-12-19T10:34:19.845+0000] {processor.py:840} INFO - DAG(s) 'example_sensors' retrieved from /home/airflow/.local/lib/python3.8/site-packages/airflow/example_dags/example_sensors.py
[2023-12-19T10:34:19.858+0000] {logging_mixin.py:188} INFO - [2023-12-19T10:34:19.858+0000] {dag.py:3033} INFO - Sync 1 DAGs
[2023-12-19T10:34:19.865+0000] {logging_mixin.py:188} INFO - [2023-12-19T10:34:19.865+0000] {dag.py:3820} INFO - Setting next_dagrun for example_sensors to None, run_after=None
[2023-12-19T10:34:19.874+0000] {processor.py:183} INFO - Processing /home/airflow/.local/lib/python3.8/site-packages/airflow/example_dags/example_sensors.py took 0.037 seconds
[2023-12-19T10:34:50.535+0000] {processor.py:161} INFO - Started process (PID=2341) to work on /home/airflow/.local/lib/python3.8/site-packages/airflow/example_dags/example_sensors.py
[2023-12-19T10:34:50.535+0000] {processor.py:830} INFO - Processing file /home/airflow/.local/lib/python3.8/site-packages/airflow/example_dags/example_sensors.py for tasks to queue
[2023-12-19T10:34:50.536+0000] {logging_mixin.py:188} INFO - [2023-12-19T10:34:50.536+0000] {dagbag.py:538} INFO - Filling up the DagBag from /home/airflow/.local/lib/python3.8/site-packages/airflow/example_dags/example_sensors.py
[2023-12-19T10:34:50.540+0000] {processor.py:840} INFO - DAG(s) 'example_sensors' retrieved from /home/airflow/.local/lib/python3.8/site-packages/airflow/example_dags/example_sensors.py
[2023-12-19T10:34:50.553+0000] {logging_mixin.py:188} INFO - [2023-12-19T10:34:50.553+0000] {dag.py:3033} INFO - Sync 1 DAGs
[2023-12-19T10:34:50.559+0000] {logging_mixin.py:188} INFO - [2023-12-19T10:34:50.559+0000] {dag.py:3820} INFO - Setting next_dagrun for example_sensors to None, run_after=None
[2023-12-19T10:34:50.569+0000] {processor.py:183} INFO - Processing /home/airflow/.local/lib/python3.8/site-packages/airflow/example_dags/example_sensors.py took 0.036 seconds
[2023-12-19T10:35:21.252+0000] {processor.py:161} INFO - Started process (PID=2396) to work on /home/airflow/.local/lib/python3.8/site-packages/airflow/example_dags/example_sensors.py
[2023-12-19T10:35:21.252+0000] {processor.py:830} INFO - Processing file /home/airflow/.local/lib/python3.8/site-packages/airflow/example_dags/example_sensors.py for tasks to queue
[2023-12-19T10:35:21.253+0000] {logging_mixin.py:188} INFO - [2023-12-19T10:35:21.253+0000] {dagbag.py:538} INFO - Filling up the DagBag from /home/airflow/.local/lib/python3.8/site-packages/airflow/example_dags/example_sensors.py
[2023-12-19T10:35:21.337+0000] {processor.py:840} INFO - DAG(s) 'example_sensors' retrieved from /home/airflow/.local/lib/python3.8/site-packages/airflow/example_dags/example_sensors.py
[2023-12-19T10:35:21.350+0000] {logging_mixin.py:188} INFO - [2023-12-19T10:35:21.350+0000] {dag.py:3033} INFO - Sync 1 DAGs
[2023-12-19T10:35:21.355+0000] {logging_mixin.py:188} INFO - [2023-12-19T10:35:21.355+0000] {dag.py:3820} INFO - Setting next_dagrun for example_sensors to None, run_after=None
[2023-12-19T10:35:21.368+0000] {processor.py:183} INFO - Processing /home/airflow/.local/lib/python3.8/site-packages/airflow/example_dags/example_sensors.py took 0.118 seconds
[2023-12-19T10:35:51.942+0000] {processor.py:161} INFO - Started process (PID=2450) to work on /home/airflow/.local/lib/python3.8/site-packages/airflow/example_dags/example_sensors.py
[2023-12-19T10:35:51.943+0000] {processor.py:830} INFO - Processing file /home/airflow/.local/lib/python3.8/site-packages/airflow/example_dags/example_sensors.py for tasks to queue
[2023-12-19T10:35:51.944+0000] {logging_mixin.py:188} INFO - [2023-12-19T10:35:51.943+0000] {dagbag.py:538} INFO - Filling up the DagBag from /home/airflow/.local/lib/python3.8/site-packages/airflow/example_dags/example_sensors.py
[2023-12-19T10:35:51.948+0000] {processor.py:840} INFO - DAG(s) 'example_sensors' retrieved from /home/airflow/.local/lib/python3.8/site-packages/airflow/example_dags/example_sensors.py
[2023-12-19T10:35:51.963+0000] {logging_mixin.py:188} INFO - [2023-12-19T10:35:51.963+0000] {dag.py:3033} INFO - Sync 1 DAGs
[2023-12-19T10:35:51.970+0000] {logging_mixin.py:188} INFO - [2023-12-19T10:35:51.970+0000] {dag.py:3820} INFO - Setting next_dagrun for example_sensors to None, run_after=None
[2023-12-19T10:35:51.981+0000] {processor.py:183} INFO - Processing /home/airflow/.local/lib/python3.8/site-packages/airflow/example_dags/example_sensors.py took 0.041 seconds
[2023-12-19T10:36:22.421+0000] {processor.py:161} INFO - Started process (PID=2504) to work on /home/airflow/.local/lib/python3.8/site-packages/airflow/example_dags/example_sensors.py
[2023-12-19T10:36:22.422+0000] {processor.py:830} INFO - Processing file /home/airflow/.local/lib/python3.8/site-packages/airflow/example_dags/example_sensors.py for tasks to queue
[2023-12-19T10:36:22.423+0000] {logging_mixin.py:188} INFO - [2023-12-19T10:36:22.423+0000] {dagbag.py:538} INFO - Filling up the DagBag from /home/airflow/.local/lib/python3.8/site-packages/airflow/example_dags/example_sensors.py
[2023-12-19T10:36:22.427+0000] {processor.py:840} INFO - DAG(s) 'example_sensors' retrieved from /home/airflow/.local/lib/python3.8/site-packages/airflow/example_dags/example_sensors.py
[2023-12-19T10:36:22.443+0000] {logging_mixin.py:188} INFO - [2023-12-19T10:36:22.443+0000] {dag.py:3033} INFO - Sync 1 DAGs
[2023-12-19T10:36:22.452+0000] {logging_mixin.py:188} INFO - [2023-12-19T10:36:22.452+0000] {dag.py:3820} INFO - Setting next_dagrun for example_sensors to None, run_after=None
[2023-12-19T10:36:22.462+0000] {processor.py:183} INFO - Processing /home/airflow/.local/lib/python3.8/site-packages/airflow/example_dags/example_sensors.py took 0.042 seconds
[2023-12-19T10:36:53.014+0000] {processor.py:161} INFO - Started process (PID=2558) to work on /home/airflow/.local/lib/python3.8/site-packages/airflow/example_dags/example_sensors.py
[2023-12-19T10:36:53.015+0000] {processor.py:830} INFO - Processing file /home/airflow/.local/lib/python3.8/site-packages/airflow/example_dags/example_sensors.py for tasks to queue
[2023-12-19T10:36:53.016+0000] {logging_mixin.py:188} INFO - [2023-12-19T10:36:53.015+0000] {dagbag.py:538} INFO - Filling up the DagBag from /home/airflow/.local/lib/python3.8/site-packages/airflow/example_dags/example_sensors.py
[2023-12-19T10:36:53.020+0000] {processor.py:840} INFO - DAG(s) 'example_sensors' retrieved from /home/airflow/.local/lib/python3.8/site-packages/airflow/example_dags/example_sensors.py
[2023-12-19T10:36:53.033+0000] {logging_mixin.py:188} INFO - [2023-12-19T10:36:53.033+0000] {dag.py:3033} INFO - Sync 1 DAGs
[2023-12-19T10:36:53.040+0000] {logging_mixin.py:188} INFO - [2023-12-19T10:36:53.040+0000] {dag.py:3820} INFO - Setting next_dagrun for example_sensors to None, run_after=None
[2023-12-19T10:36:53.049+0000] {processor.py:183} INFO - Processing /home/airflow/.local/lib/python3.8/site-packages/airflow/example_dags/example_sensors.py took 0.037 seconds
[2023-12-19T10:37:23.487+0000] {processor.py:161} INFO - Started process (PID=2613) to work on /home/airflow/.local/lib/python3.8/site-packages/airflow/example_dags/example_sensors.py
[2023-12-19T10:37:23.488+0000] {processor.py:830} INFO - Processing file /home/airflow/.local/lib/python3.8/site-packages/airflow/example_dags/example_sensors.py for tasks to queue
[2023-12-19T10:37:23.489+0000] {logging_mixin.py:188} INFO - [2023-12-19T10:37:23.488+0000] {dagbag.py:538} INFO - Filling up the DagBag from /home/airflow/.local/lib/python3.8/site-packages/airflow/example_dags/example_sensors.py
[2023-12-19T10:37:23.493+0000] {processor.py:840} INFO - DAG(s) 'example_sensors' retrieved from /home/airflow/.local/lib/python3.8/site-packages/airflow/example_dags/example_sensors.py
[2023-12-19T10:37:23.507+0000] {logging_mixin.py:188} INFO - [2023-12-19T10:37:23.507+0000] {dag.py:3033} INFO - Sync 1 DAGs
[2023-12-19T10:37:23.514+0000] {logging_mixin.py:188} INFO - [2023-12-19T10:37:23.514+0000] {dag.py:3820} INFO - Setting next_dagrun for example_sensors to None, run_after=None
[2023-12-19T10:37:23.528+0000] {processor.py:183} INFO - Processing /home/airflow/.local/lib/python3.8/site-packages/airflow/example_dags/example_sensors.py took 0.042 seconds
[2023-12-19T10:37:53.991+0000] {processor.py:161} INFO - Started process (PID=2668) to work on /home/airflow/.local/lib/python3.8/site-packages/airflow/example_dags/example_sensors.py
[2023-12-19T10:37:53.992+0000] {processor.py:830} INFO - Processing file /home/airflow/.local/lib/python3.8/site-packages/airflow/example_dags/example_sensors.py for tasks to queue
[2023-12-19T10:37:53.993+0000] {logging_mixin.py:188} INFO - [2023-12-19T10:37:53.993+0000] {dagbag.py:538} INFO - Filling up the DagBag from /home/airflow/.local/lib/python3.8/site-packages/airflow/example_dags/example_sensors.py
[2023-12-19T10:37:53.997+0000] {processor.py:840} INFO - DAG(s) 'example_sensors' retrieved from /home/airflow/.local/lib/python3.8/site-packages/airflow/example_dags/example_sensors.py
[2023-12-19T10:37:54.010+0000] {logging_mixin.py:188} INFO - [2023-12-19T10:37:54.010+0000] {dag.py:3033} INFO - Sync 1 DAGs
[2023-12-19T10:37:54.016+0000] {logging_mixin.py:188} INFO - [2023-12-19T10:37:54.016+0000] {dag.py:3820} INFO - Setting next_dagrun for example_sensors to None, run_after=None
[2023-12-19T10:37:54.026+0000] {processor.py:183} INFO - Processing /home/airflow/.local/lib/python3.8/site-packages/airflow/example_dags/example_sensors.py took 0.036 seconds
[2023-12-19T10:38:24.500+0000] {processor.py:161} INFO - Started process (PID=2723) to work on /home/airflow/.local/lib/python3.8/site-packages/airflow/example_dags/example_sensors.py
[2023-12-19T10:38:24.500+0000] {processor.py:830} INFO - Processing file /home/airflow/.local/lib/python3.8/site-packages/airflow/example_dags/example_sensors.py for tasks to queue
[2023-12-19T10:38:24.501+0000] {logging_mixin.py:188} INFO - [2023-12-19T10:38:24.501+0000] {dagbag.py:538} INFO - Filling up the DagBag from /home/airflow/.local/lib/python3.8/site-packages/airflow/example_dags/example_sensors.py
[2023-12-19T10:38:24.505+0000] {processor.py:840} INFO - DAG(s) 'example_sensors' retrieved from /home/airflow/.local/lib/python3.8/site-packages/airflow/example_dags/example_sensors.py
[2023-12-19T10:38:24.519+0000] {logging_mixin.py:188} INFO - [2023-12-19T10:38:24.519+0000] {dag.py:3033} INFO - Sync 1 DAGs
[2023-12-19T10:38:24.525+0000] {logging_mixin.py:188} INFO - [2023-12-19T10:38:24.525+0000] {dag.py:3820} INFO - Setting next_dagrun for example_sensors to None, run_after=None
[2023-12-19T10:38:24.535+0000] {processor.py:183} INFO - Processing /home/airflow/.local/lib/python3.8/site-packages/airflow/example_dags/example_sensors.py took 0.037 seconds
[2023-12-19T10:38:54.963+0000] {processor.py:161} INFO - Started process (PID=2778) to work on /home/airflow/.local/lib/python3.8/site-packages/airflow/example_dags/example_sensors.py
[2023-12-19T10:38:54.963+0000] {processor.py:830} INFO - Processing file /home/airflow/.local/lib/python3.8/site-packages/airflow/example_dags/example_sensors.py for tasks to queue
[2023-12-19T10:38:54.964+0000] {logging_mixin.py:188} INFO - [2023-12-19T10:38:54.964+0000] {dagbag.py:538} INFO - Filling up the DagBag from /home/airflow/.local/lib/python3.8/site-packages/airflow/example_dags/example_sensors.py
[2023-12-19T10:38:54.969+0000] {processor.py:840} INFO - DAG(s) 'example_sensors' retrieved from /home/airflow/.local/lib/python3.8/site-packages/airflow/example_dags/example_sensors.py
[2023-12-19T10:38:54.984+0000] {logging_mixin.py:188} INFO - [2023-12-19T10:38:54.984+0000] {dag.py:3033} INFO - Sync 1 DAGs
[2023-12-19T10:38:54.991+0000] {logging_mixin.py:188} INFO - [2023-12-19T10:38:54.991+0000] {dag.py:3820} INFO - Setting next_dagrun for example_sensors to None, run_after=None
[2023-12-19T10:38:55.003+0000] {processor.py:183} INFO - Processing /home/airflow/.local/lib/python3.8/site-packages/airflow/example_dags/example_sensors.py took 0.042 seconds
[2023-12-19T10:39:25.499+0000] {processor.py:161} INFO - Started process (PID=2833) to work on /home/airflow/.local/lib/python3.8/site-packages/airflow/example_dags/example_sensors.py
[2023-12-19T10:39:25.499+0000] {processor.py:830} INFO - Processing file /home/airflow/.local/lib/python3.8/site-packages/airflow/example_dags/example_sensors.py for tasks to queue
[2023-12-19T10:39:25.500+0000] {logging_mixin.py:188} INFO - [2023-12-19T10:39:25.500+0000] {dagbag.py:538} INFO - Filling up the DagBag from /home/airflow/.local/lib/python3.8/site-packages/airflow/example_dags/example_sensors.py
[2023-12-19T10:39:25.504+0000] {processor.py:840} INFO - DAG(s) 'example_sensors' retrieved from /home/airflow/.local/lib/python3.8/site-packages/airflow/example_dags/example_sensors.py
[2023-12-19T10:39:25.518+0000] {logging_mixin.py:188} INFO - [2023-12-19T10:39:25.518+0000] {dag.py:3033} INFO - Sync 1 DAGs
[2023-12-19T10:39:25.525+0000] {logging_mixin.py:188} INFO - [2023-12-19T10:39:25.525+0000] {dag.py:3820} INFO - Setting next_dagrun for example_sensors to None, run_after=None
[2023-12-19T10:39:25.535+0000] {processor.py:183} INFO - Processing /home/airflow/.local/lib/python3.8/site-packages/airflow/example_dags/example_sensors.py took 0.038 seconds
[2023-12-19T10:39:56.078+0000] {processor.py:161} INFO - Started process (PID=2888) to work on /home/airflow/.local/lib/python3.8/site-packages/airflow/example_dags/example_sensors.py
[2023-12-19T10:39:56.079+0000] {processor.py:830} INFO - Processing file /home/airflow/.local/lib/python3.8/site-packages/airflow/example_dags/example_sensors.py for tasks to queue
[2023-12-19T10:39:56.080+0000] {logging_mixin.py:188} INFO - [2023-12-19T10:39:56.080+0000] {dagbag.py:538} INFO - Filling up the DagBag from /home/airflow/.local/lib/python3.8/site-packages/airflow/example_dags/example_sensors.py
[2023-12-19T10:39:56.084+0000] {processor.py:840} INFO - DAG(s) 'example_sensors' retrieved from /home/airflow/.local/lib/python3.8/site-packages/airflow/example_dags/example_sensors.py
[2023-12-19T10:39:56.099+0000] {logging_mixin.py:188} INFO - [2023-12-19T10:39:56.099+0000] {dag.py:3033} INFO - Sync 1 DAGs
[2023-12-19T10:39:56.107+0000] {logging_mixin.py:188} INFO - [2023-12-19T10:39:56.106+0000] {dag.py:3820} INFO - Setting next_dagrun for example_sensors to None, run_after=None
[2023-12-19T10:39:56.117+0000] {processor.py:183} INFO - Processing /home/airflow/.local/lib/python3.8/site-packages/airflow/example_dags/example_sensors.py took 0.040 seconds
[2023-12-19T10:40:26.614+0000] {processor.py:161} INFO - Started process (PID=2943) to work on /home/airflow/.local/lib/python3.8/site-packages/airflow/example_dags/example_sensors.py
[2023-12-19T10:40:26.615+0000] {processor.py:830} INFO - Processing file /home/airflow/.local/lib/python3.8/site-packages/airflow/example_dags/example_sensors.py for tasks to queue
[2023-12-19T10:40:26.616+0000] {logging_mixin.py:188} INFO - [2023-12-19T10:40:26.616+0000] {dagbag.py:538} INFO - Filling up the DagBag from /home/airflow/.local/lib/python3.8/site-packages/airflow/example_dags/example_sensors.py
[2023-12-19T10:40:26.620+0000] {processor.py:840} INFO - DAG(s) 'example_sensors' retrieved from /home/airflow/.local/lib/python3.8/site-packages/airflow/example_dags/example_sensors.py
[2023-12-19T10:40:26.635+0000] {logging_mixin.py:188} INFO - [2023-12-19T10:40:26.635+0000] {dag.py:3033} INFO - Sync 1 DAGs
[2023-12-19T10:40:26.642+0000] {logging_mixin.py:188} INFO - [2023-12-19T10:40:26.641+0000] {dag.py:3820} INFO - Setting next_dagrun for example_sensors to None, run_after=None
[2023-12-19T10:40:26.653+0000] {processor.py:183} INFO - Processing /home/airflow/.local/lib/python3.8/site-packages/airflow/example_dags/example_sensors.py took 0.041 seconds
[2023-12-19T10:40:57.106+0000] {processor.py:161} INFO - Started process (PID=2998) to work on /home/airflow/.local/lib/python3.8/site-packages/airflow/example_dags/example_sensors.py
[2023-12-19T10:40:57.106+0000] {processor.py:830} INFO - Processing file /home/airflow/.local/lib/python3.8/site-packages/airflow/example_dags/example_sensors.py for tasks to queue
[2023-12-19T10:40:57.107+0000] {logging_mixin.py:188} INFO - [2023-12-19T10:40:57.107+0000] {dagbag.py:538} INFO - Filling up the DagBag from /home/airflow/.local/lib/python3.8/site-packages/airflow/example_dags/example_sensors.py
[2023-12-19T10:40:57.112+0000] {processor.py:840} INFO - DAG(s) 'example_sensors' retrieved from /home/airflow/.local/lib/python3.8/site-packages/airflow/example_dags/example_sensors.py
[2023-12-19T10:40:57.128+0000] {logging_mixin.py:188} INFO - [2023-12-19T10:40:57.127+0000] {dag.py:3033} INFO - Sync 1 DAGs
[2023-12-19T10:40:57.134+0000] {logging_mixin.py:188} INFO - [2023-12-19T10:40:57.134+0000] {dag.py:3820} INFO - Setting next_dagrun for example_sensors to None, run_after=None
[2023-12-19T10:40:57.145+0000] {processor.py:183} INFO - Processing /home/airflow/.local/lib/python3.8/site-packages/airflow/example_dags/example_sensors.py took 0.041 seconds
[2023-12-19T10:41:27.586+0000] {processor.py:161} INFO - Started process (PID=3053) to work on /home/airflow/.local/lib/python3.8/site-packages/airflow/example_dags/example_sensors.py
[2023-12-19T10:41:27.587+0000] {processor.py:830} INFO - Processing file /home/airflow/.local/lib/python3.8/site-packages/airflow/example_dags/example_sensors.py for tasks to queue
[2023-12-19T10:41:27.588+0000] {logging_mixin.py:188} INFO - [2023-12-19T10:41:27.587+0000] {dagbag.py:538} INFO - Filling up the DagBag from /home/airflow/.local/lib/python3.8/site-packages/airflow/example_dags/example_sensors.py
[2023-12-19T10:41:27.592+0000] {processor.py:840} INFO - DAG(s) 'example_sensors' retrieved from /home/airflow/.local/lib/python3.8/site-packages/airflow/example_dags/example_sensors.py
[2023-12-19T10:41:27.608+0000] {logging_mixin.py:188} INFO - [2023-12-19T10:41:27.607+0000] {dag.py:3033} INFO - Sync 1 DAGs
[2023-12-19T10:41:27.614+0000] {logging_mixin.py:188} INFO - [2023-12-19T10:41:27.614+0000] {dag.py:3820} INFO - Setting next_dagrun for example_sensors to None, run_after=None
[2023-12-19T10:41:27.625+0000] {processor.py:183} INFO - Processing /home/airflow/.local/lib/python3.8/site-packages/airflow/example_dags/example_sensors.py took 0.041 seconds
[2023-12-19T10:41:58.113+0000] {processor.py:161} INFO - Started process (PID=3108) to work on /home/airflow/.local/lib/python3.8/site-packages/airflow/example_dags/example_sensors.py
[2023-12-19T10:41:58.114+0000] {processor.py:830} INFO - Processing file /home/airflow/.local/lib/python3.8/site-packages/airflow/example_dags/example_sensors.py for tasks to queue
[2023-12-19T10:41:58.115+0000] {logging_mixin.py:188} INFO - [2023-12-19T10:41:58.114+0000] {dagbag.py:538} INFO - Filling up the DagBag from /home/airflow/.local/lib/python3.8/site-packages/airflow/example_dags/example_sensors.py
[2023-12-19T10:41:58.119+0000] {processor.py:840} INFO - DAG(s) 'example_sensors' retrieved from /home/airflow/.local/lib/python3.8/site-packages/airflow/example_dags/example_sensors.py
[2023-12-19T10:41:58.133+0000] {logging_mixin.py:188} INFO - [2023-12-19T10:41:58.133+0000] {dag.py:3033} INFO - Sync 1 DAGs
[2023-12-19T10:41:58.140+0000] {logging_mixin.py:188} INFO - [2023-12-19T10:41:58.140+0000] {dag.py:3820} INFO - Setting next_dagrun for example_sensors to None, run_after=None
[2023-12-19T10:41:58.149+0000] {processor.py:183} INFO - Processing /home/airflow/.local/lib/python3.8/site-packages/airflow/example_dags/example_sensors.py took 0.038 seconds
[2023-12-19T10:42:28.772+0000] {processor.py:161} INFO - Started process (PID=3163) to work on /home/airflow/.local/lib/python3.8/site-packages/airflow/example_dags/example_sensors.py
[2023-12-19T10:42:28.773+0000] {processor.py:830} INFO - Processing file /home/airflow/.local/lib/python3.8/site-packages/airflow/example_dags/example_sensors.py for tasks to queue
[2023-12-19T10:42:28.774+0000] {logging_mixin.py:188} INFO - [2023-12-19T10:42:28.774+0000] {dagbag.py:538} INFO - Filling up the DagBag from /home/airflow/.local/lib/python3.8/site-packages/airflow/example_dags/example_sensors.py
[2023-12-19T10:42:28.779+0000] {processor.py:840} INFO - DAG(s) 'example_sensors' retrieved from /home/airflow/.local/lib/python3.8/site-packages/airflow/example_dags/example_sensors.py
[2023-12-19T10:42:28.797+0000] {logging_mixin.py:188} INFO - [2023-12-19T10:42:28.797+0000] {dag.py:3033} INFO - Sync 1 DAGs
[2023-12-19T10:42:28.804+0000] {logging_mixin.py:188} INFO - [2023-12-19T10:42:28.804+0000] {dag.py:3820} INFO - Setting next_dagrun for example_sensors to None, run_after=None
[2023-12-19T10:42:28.816+0000] {processor.py:183} INFO - Processing /home/airflow/.local/lib/python3.8/site-packages/airflow/example_dags/example_sensors.py took 0.045 seconds
[2023-12-19T10:42:59.374+0000] {processor.py:161} INFO - Started process (PID=3218) to work on /home/airflow/.local/lib/python3.8/site-packages/airflow/example_dags/example_sensors.py
[2023-12-19T10:42:59.374+0000] {processor.py:830} INFO - Processing file /home/airflow/.local/lib/python3.8/site-packages/airflow/example_dags/example_sensors.py for tasks to queue
[2023-12-19T10:42:59.375+0000] {logging_mixin.py:188} INFO - [2023-12-19T10:42:59.375+0000] {dagbag.py:538} INFO - Filling up the DagBag from /home/airflow/.local/lib/python3.8/site-packages/airflow/example_dags/example_sensors.py
[2023-12-19T10:42:59.380+0000] {processor.py:840} INFO - DAG(s) 'example_sensors' retrieved from /home/airflow/.local/lib/python3.8/site-packages/airflow/example_dags/example_sensors.py
[2023-12-19T10:42:59.394+0000] {logging_mixin.py:188} INFO - [2023-12-19T10:42:59.394+0000] {dag.py:3033} INFO - Sync 1 DAGs
[2023-12-19T10:42:59.404+0000] {logging_mixin.py:188} INFO - [2023-12-19T10:42:59.403+0000] {dag.py:3820} INFO - Setting next_dagrun for example_sensors to None, run_after=None
[2023-12-19T10:42:59.419+0000] {processor.py:183} INFO - Processing /home/airflow/.local/lib/python3.8/site-packages/airflow/example_dags/example_sensors.py took 0.047 seconds
[2023-12-19T10:43:30.012+0000] {processor.py:161} INFO - Started process (PID=3278) to work on /home/airflow/.local/lib/python3.8/site-packages/airflow/example_dags/example_sensors.py
[2023-12-19T10:43:30.012+0000] {processor.py:830} INFO - Processing file /home/airflow/.local/lib/python3.8/site-packages/airflow/example_dags/example_sensors.py for tasks to queue
[2023-12-19T10:43:30.013+0000] {logging_mixin.py:188} INFO - [2023-12-19T10:43:30.013+0000] {dagbag.py:538} INFO - Filling up the DagBag from /home/airflow/.local/lib/python3.8/site-packages/airflow/example_dags/example_sensors.py
[2023-12-19T10:43:30.018+0000] {processor.py:840} INFO - DAG(s) 'example_sensors' retrieved from /home/airflow/.local/lib/python3.8/site-packages/airflow/example_dags/example_sensors.py
[2023-12-19T10:43:30.037+0000] {logging_mixin.py:188} INFO - [2023-12-19T10:43:30.037+0000] {dag.py:3033} INFO - Sync 1 DAGs
[2023-12-19T10:43:30.045+0000] {logging_mixin.py:188} INFO - [2023-12-19T10:43:30.045+0000] {dag.py:3820} INFO - Setting next_dagrun for example_sensors to None, run_after=None
[2023-12-19T10:43:30.057+0000] {processor.py:183} INFO - Processing /home/airflow/.local/lib/python3.8/site-packages/airflow/example_dags/example_sensors.py took 0.047 seconds
[2023-12-19T10:44:00.583+0000] {processor.py:161} INFO - Started process (PID=3333) to work on /home/airflow/.local/lib/python3.8/site-packages/airflow/example_dags/example_sensors.py
[2023-12-19T10:44:00.583+0000] {processor.py:830} INFO - Processing file /home/airflow/.local/lib/python3.8/site-packages/airflow/example_dags/example_sensors.py for tasks to queue
[2023-12-19T10:44:00.584+0000] {logging_mixin.py:188} INFO - [2023-12-19T10:44:00.584+0000] {dagbag.py:538} INFO - Filling up the DagBag from /home/airflow/.local/lib/python3.8/site-packages/airflow/example_dags/example_sensors.py
[2023-12-19T10:44:00.588+0000] {processor.py:840} INFO - DAG(s) 'example_sensors' retrieved from /home/airflow/.local/lib/python3.8/site-packages/airflow/example_dags/example_sensors.py
[2023-12-19T10:44:00.602+0000] {logging_mixin.py:188} INFO - [2023-12-19T10:44:00.602+0000] {dag.py:3033} INFO - Sync 1 DAGs
[2023-12-19T10:44:00.608+0000] {logging_mixin.py:188} INFO - [2023-12-19T10:44:00.608+0000] {dag.py:3820} INFO - Setting next_dagrun for example_sensors to None, run_after=None
[2023-12-19T10:44:00.618+0000] {processor.py:183} INFO - Processing /home/airflow/.local/lib/python3.8/site-packages/airflow/example_dags/example_sensors.py took 0.037 seconds
[2023-12-19T10:44:31.083+0000] {processor.py:161} INFO - Started process (PID=3388) to work on /home/airflow/.local/lib/python3.8/site-packages/airflow/example_dags/example_sensors.py
[2023-12-19T10:44:31.083+0000] {processor.py:830} INFO - Processing file /home/airflow/.local/lib/python3.8/site-packages/airflow/example_dags/example_sensors.py for tasks to queue
[2023-12-19T10:44:31.084+0000] {logging_mixin.py:188} INFO - [2023-12-19T10:44:31.084+0000] {dagbag.py:538} INFO - Filling up the DagBag from /home/airflow/.local/lib/python3.8/site-packages/airflow/example_dags/example_sensors.py
[2023-12-19T10:44:31.088+0000] {processor.py:840} INFO - DAG(s) 'example_sensors' retrieved from /home/airflow/.local/lib/python3.8/site-packages/airflow/example_dags/example_sensors.py
[2023-12-19T10:44:31.103+0000] {logging_mixin.py:188} INFO - [2023-12-19T10:44:31.103+0000] {dag.py:3033} INFO - Sync 1 DAGs
[2023-12-19T10:44:31.110+0000] {logging_mixin.py:188} INFO - [2023-12-19T10:44:31.110+0000] {dag.py:3820} INFO - Setting next_dagrun for example_sensors to None, run_after=None
[2023-12-19T10:44:31.119+0000] {processor.py:183} INFO - Processing /home/airflow/.local/lib/python3.8/site-packages/airflow/example_dags/example_sensors.py took 0.038 seconds
