[2023-12-19T09:56:42.401+0000] {processor.py:161} INFO - Started process (PID=77) to work on /home/airflow/.local/lib/python3.8/site-packages/airflow/example_dags/example_complex.py
[2023-12-19T09:56:42.401+0000] {processor.py:830} INFO - Processing file /home/airflow/.local/lib/python3.8/site-packages/airflow/example_dags/example_complex.py for tasks to queue
[2023-12-19T09:56:42.403+0000] {logging_mixin.py:188} INFO - [2023-12-19T09:56:42.403+0000] {dagbag.py:538} INFO - Filling up the DagBag from /home/airflow/.local/lib/python3.8/site-packages/airflow/example_dags/example_complex.py
[2023-12-19T09:56:42.414+0000] {processor.py:840} INFO - DAG(s) 'example_complex' retrieved from /home/airflow/.local/lib/python3.8/site-packages/airflow/example_dags/example_complex.py
[2023-12-19T09:56:42.439+0000] {logging_mixin.py:188} INFO - [2023-12-19T09:56:42.439+0000] {dag.py:3033} INFO - Sync 1 DAGs
[2023-12-19T09:56:42.451+0000] {logging_mixin.py:188} INFO - [2023-12-19T09:56:42.451+0000] {dag.py:3820} INFO - Setting next_dagrun for example_complex to None, run_after=None
[2023-12-19T09:56:42.469+0000] {processor.py:183} INFO - Processing /home/airflow/.local/lib/python3.8/site-packages/airflow/example_dags/example_complex.py took 0.072 seconds
[2023-12-19T09:57:13.305+0000] {processor.py:161} INFO - Started process (PID=132) to work on /home/airflow/.local/lib/python3.8/site-packages/airflow/example_dags/example_complex.py
[2023-12-19T09:57:13.305+0000] {processor.py:830} INFO - Processing file /home/airflow/.local/lib/python3.8/site-packages/airflow/example_dags/example_complex.py for tasks to queue
[2023-12-19T09:57:13.307+0000] {logging_mixin.py:188} INFO - [2023-12-19T09:57:13.307+0000] {dagbag.py:538} INFO - Filling up the DagBag from /home/airflow/.local/lib/python3.8/site-packages/airflow/example_dags/example_complex.py
[2023-12-19T09:57:13.317+0000] {processor.py:840} INFO - DAG(s) 'example_complex' retrieved from /home/airflow/.local/lib/python3.8/site-packages/airflow/example_dags/example_complex.py
[2023-12-19T09:57:13.432+0000] {logging_mixin.py:188} INFO - [2023-12-19T09:57:13.431+0000] {dag.py:3033} INFO - Sync 1 DAGs
[2023-12-19T09:57:13.443+0000] {logging_mixin.py:188} INFO - [2023-12-19T09:57:13.443+0000] {dag.py:3820} INFO - Setting next_dagrun for example_complex to None, run_after=None
[2023-12-19T09:57:13.465+0000] {processor.py:183} INFO - Processing /home/airflow/.local/lib/python3.8/site-packages/airflow/example_dags/example_complex.py took 0.163 seconds
[2023-12-19T09:57:44.637+0000] {processor.py:161} INFO - Started process (PID=187) to work on /home/airflow/.local/lib/python3.8/site-packages/airflow/example_dags/example_complex.py
[2023-12-19T09:57:44.637+0000] {processor.py:830} INFO - Processing file /home/airflow/.local/lib/python3.8/site-packages/airflow/example_dags/example_complex.py for tasks to queue
[2023-12-19T09:57:44.638+0000] {logging_mixin.py:188} INFO - [2023-12-19T09:57:44.638+0000] {dagbag.py:538} INFO - Filling up the DagBag from /home/airflow/.local/lib/python3.8/site-packages/airflow/example_dags/example_complex.py
[2023-12-19T09:57:44.644+0000] {processor.py:840} INFO - DAG(s) 'example_complex' retrieved from /home/airflow/.local/lib/python3.8/site-packages/airflow/example_dags/example_complex.py
[2023-12-19T09:57:44.660+0000] {logging_mixin.py:188} INFO - [2023-12-19T09:57:44.660+0000] {dag.py:3033} INFO - Sync 1 DAGs
[2023-12-19T09:57:44.667+0000] {logging_mixin.py:188} INFO - [2023-12-19T09:57:44.667+0000] {dag.py:3820} INFO - Setting next_dagrun for example_complex to None, run_after=None
[2023-12-19T09:57:44.677+0000] {processor.py:183} INFO - Processing /home/airflow/.local/lib/python3.8/site-packages/airflow/example_dags/example_complex.py took 0.042 seconds
[2023-12-19T09:58:15.219+0000] {processor.py:161} INFO - Started process (PID=242) to work on /home/airflow/.local/lib/python3.8/site-packages/airflow/example_dags/example_complex.py
[2023-12-19T09:58:15.220+0000] {processor.py:830} INFO - Processing file /home/airflow/.local/lib/python3.8/site-packages/airflow/example_dags/example_complex.py for tasks to queue
[2023-12-19T09:58:15.221+0000] {logging_mixin.py:188} INFO - [2023-12-19T09:58:15.221+0000] {dagbag.py:538} INFO - Filling up the DagBag from /home/airflow/.local/lib/python3.8/site-packages/airflow/example_dags/example_complex.py
[2023-12-19T09:58:15.227+0000] {processor.py:840} INFO - DAG(s) 'example_complex' retrieved from /home/airflow/.local/lib/python3.8/site-packages/airflow/example_dags/example_complex.py
[2023-12-19T09:58:15.247+0000] {logging_mixin.py:188} INFO - [2023-12-19T09:58:15.247+0000] {dag.py:3033} INFO - Sync 1 DAGs
[2023-12-19T09:58:15.255+0000] {logging_mixin.py:188} INFO - [2023-12-19T09:58:15.255+0000] {dag.py:3820} INFO - Setting next_dagrun for example_complex to None, run_after=None
[2023-12-19T09:58:15.267+0000] {processor.py:183} INFO - Processing /home/airflow/.local/lib/python3.8/site-packages/airflow/example_dags/example_complex.py took 0.050 seconds
[2023-12-19T09:58:45.822+0000] {processor.py:161} INFO - Started process (PID=297) to work on /home/airflow/.local/lib/python3.8/site-packages/airflow/example_dags/example_complex.py
[2023-12-19T09:58:45.822+0000] {processor.py:830} INFO - Processing file /home/airflow/.local/lib/python3.8/site-packages/airflow/example_dags/example_complex.py for tasks to queue
[2023-12-19T09:58:45.823+0000] {logging_mixin.py:188} INFO - [2023-12-19T09:58:45.823+0000] {dagbag.py:538} INFO - Filling up the DagBag from /home/airflow/.local/lib/python3.8/site-packages/airflow/example_dags/example_complex.py
[2023-12-19T09:58:45.829+0000] {processor.py:840} INFO - DAG(s) 'example_complex' retrieved from /home/airflow/.local/lib/python3.8/site-packages/airflow/example_dags/example_complex.py
[2023-12-19T09:58:45.848+0000] {logging_mixin.py:188} INFO - [2023-12-19T09:58:45.848+0000] {dag.py:3033} INFO - Sync 1 DAGs
[2023-12-19T09:58:45.855+0000] {logging_mixin.py:188} INFO - [2023-12-19T09:58:45.855+0000] {dag.py:3820} INFO - Setting next_dagrun for example_complex to None, run_after=None
[2023-12-19T09:58:45.865+0000] {processor.py:183} INFO - Processing /home/airflow/.local/lib/python3.8/site-packages/airflow/example_dags/example_complex.py took 0.045 seconds
[2023-12-19T09:59:16.408+0000] {processor.py:161} INFO - Started process (PID=351) to work on /home/airflow/.local/lib/python3.8/site-packages/airflow/example_dags/example_complex.py
[2023-12-19T09:59:16.408+0000] {processor.py:830} INFO - Processing file /home/airflow/.local/lib/python3.8/site-packages/airflow/example_dags/example_complex.py for tasks to queue
[2023-12-19T09:59:16.409+0000] {logging_mixin.py:188} INFO - [2023-12-19T09:59:16.409+0000] {dagbag.py:538} INFO - Filling up the DagBag from /home/airflow/.local/lib/python3.8/site-packages/airflow/example_dags/example_complex.py
[2023-12-19T09:59:16.414+0000] {processor.py:840} INFO - DAG(s) 'example_complex' retrieved from /home/airflow/.local/lib/python3.8/site-packages/airflow/example_dags/example_complex.py
[2023-12-19T09:59:16.430+0000] {logging_mixin.py:188} INFO - [2023-12-19T09:59:16.430+0000] {dag.py:3033} INFO - Sync 1 DAGs
[2023-12-19T09:59:16.436+0000] {logging_mixin.py:188} INFO - [2023-12-19T09:59:16.436+0000] {dag.py:3820} INFO - Setting next_dagrun for example_complex to None, run_after=None
[2023-12-19T09:59:16.446+0000] {processor.py:183} INFO - Processing /home/airflow/.local/lib/python3.8/site-packages/airflow/example_dags/example_complex.py took 0.040 seconds
[2023-12-19T09:59:46.875+0000] {processor.py:161} INFO - Started process (PID=406) to work on /home/airflow/.local/lib/python3.8/site-packages/airflow/example_dags/example_complex.py
[2023-12-19T09:59:46.875+0000] {processor.py:830} INFO - Processing file /home/airflow/.local/lib/python3.8/site-packages/airflow/example_dags/example_complex.py for tasks to queue
[2023-12-19T09:59:46.876+0000] {logging_mixin.py:188} INFO - [2023-12-19T09:59:46.876+0000] {dagbag.py:538} INFO - Filling up the DagBag from /home/airflow/.local/lib/python3.8/site-packages/airflow/example_dags/example_complex.py
[2023-12-19T09:59:46.881+0000] {processor.py:840} INFO - DAG(s) 'example_complex' retrieved from /home/airflow/.local/lib/python3.8/site-packages/airflow/example_dags/example_complex.py
[2023-12-19T09:59:46.898+0000] {logging_mixin.py:188} INFO - [2023-12-19T09:59:46.897+0000] {dag.py:3033} INFO - Sync 1 DAGs
[2023-12-19T09:59:46.904+0000] {logging_mixin.py:188} INFO - [2023-12-19T09:59:46.903+0000] {dag.py:3820} INFO - Setting next_dagrun for example_complex to None, run_after=None
[2023-12-19T09:59:46.913+0000] {processor.py:183} INFO - Processing /home/airflow/.local/lib/python3.8/site-packages/airflow/example_dags/example_complex.py took 0.040 seconds
[2023-12-19T10:00:17.463+0000] {processor.py:161} INFO - Started process (PID=461) to work on /home/airflow/.local/lib/python3.8/site-packages/airflow/example_dags/example_complex.py
[2023-12-19T10:00:17.463+0000] {processor.py:830} INFO - Processing file /home/airflow/.local/lib/python3.8/site-packages/airflow/example_dags/example_complex.py for tasks to queue
[2023-12-19T10:00:17.464+0000] {logging_mixin.py:188} INFO - [2023-12-19T10:00:17.464+0000] {dagbag.py:538} INFO - Filling up the DagBag from /home/airflow/.local/lib/python3.8/site-packages/airflow/example_dags/example_complex.py
[2023-12-19T10:00:17.469+0000] {processor.py:840} INFO - DAG(s) 'example_complex' retrieved from /home/airflow/.local/lib/python3.8/site-packages/airflow/example_dags/example_complex.py
[2023-12-19T10:00:17.485+0000] {logging_mixin.py:188} INFO - [2023-12-19T10:00:17.485+0000] {dag.py:3033} INFO - Sync 1 DAGs
[2023-12-19T10:00:17.492+0000] {logging_mixin.py:188} INFO - [2023-12-19T10:00:17.492+0000] {dag.py:3820} INFO - Setting next_dagrun for example_complex to None, run_after=None
[2023-12-19T10:00:17.501+0000] {processor.py:183} INFO - Processing /home/airflow/.local/lib/python3.8/site-packages/airflow/example_dags/example_complex.py took 0.040 seconds
[2023-12-19T10:00:48.006+0000] {processor.py:161} INFO - Started process (PID=516) to work on /home/airflow/.local/lib/python3.8/site-packages/airflow/example_dags/example_complex.py
[2023-12-19T10:00:48.007+0000] {processor.py:830} INFO - Processing file /home/airflow/.local/lib/python3.8/site-packages/airflow/example_dags/example_complex.py for tasks to queue
[2023-12-19T10:00:48.008+0000] {logging_mixin.py:188} INFO - [2023-12-19T10:00:48.007+0000] {dagbag.py:538} INFO - Filling up the DagBag from /home/airflow/.local/lib/python3.8/site-packages/airflow/example_dags/example_complex.py
[2023-12-19T10:00:48.012+0000] {processor.py:840} INFO - DAG(s) 'example_complex' retrieved from /home/airflow/.local/lib/python3.8/site-packages/airflow/example_dags/example_complex.py
[2023-12-19T10:00:48.029+0000] {logging_mixin.py:188} INFO - [2023-12-19T10:00:48.029+0000] {dag.py:3033} INFO - Sync 1 DAGs
[2023-12-19T10:00:48.035+0000] {logging_mixin.py:188} INFO - [2023-12-19T10:00:48.035+0000] {dag.py:3820} INFO - Setting next_dagrun for example_complex to None, run_after=None
[2023-12-19T10:00:48.045+0000] {processor.py:183} INFO - Processing /home/airflow/.local/lib/python3.8/site-packages/airflow/example_dags/example_complex.py took 0.041 seconds
[2023-12-19T10:01:18.602+0000] {processor.py:161} INFO - Started process (PID=570) to work on /home/airflow/.local/lib/python3.8/site-packages/airflow/example_dags/example_complex.py
[2023-12-19T10:01:18.603+0000] {processor.py:830} INFO - Processing file /home/airflow/.local/lib/python3.8/site-packages/airflow/example_dags/example_complex.py for tasks to queue
[2023-12-19T10:01:18.604+0000] {logging_mixin.py:188} INFO - [2023-12-19T10:01:18.604+0000] {dagbag.py:538} INFO - Filling up the DagBag from /home/airflow/.local/lib/python3.8/site-packages/airflow/example_dags/example_complex.py
[2023-12-19T10:01:18.609+0000] {processor.py:840} INFO - DAG(s) 'example_complex' retrieved from /home/airflow/.local/lib/python3.8/site-packages/airflow/example_dags/example_complex.py
[2023-12-19T10:01:18.627+0000] {logging_mixin.py:188} INFO - [2023-12-19T10:01:18.626+0000] {dag.py:3033} INFO - Sync 1 DAGs
[2023-12-19T10:01:18.634+0000] {logging_mixin.py:188} INFO - [2023-12-19T10:01:18.634+0000] {dag.py:3820} INFO - Setting next_dagrun for example_complex to None, run_after=None
[2023-12-19T10:01:18.644+0000] {processor.py:183} INFO - Processing /home/airflow/.local/lib/python3.8/site-packages/airflow/example_dags/example_complex.py took 0.043 seconds
[2023-12-19T10:01:49.124+0000] {processor.py:161} INFO - Started process (PID=624) to work on /home/airflow/.local/lib/python3.8/site-packages/airflow/example_dags/example_complex.py
[2023-12-19T10:01:49.124+0000] {processor.py:830} INFO - Processing file /home/airflow/.local/lib/python3.8/site-packages/airflow/example_dags/example_complex.py for tasks to queue
[2023-12-19T10:01:49.125+0000] {logging_mixin.py:188} INFO - [2023-12-19T10:01:49.125+0000] {dagbag.py:538} INFO - Filling up the DagBag from /home/airflow/.local/lib/python3.8/site-packages/airflow/example_dags/example_complex.py
[2023-12-19T10:01:49.130+0000] {processor.py:840} INFO - DAG(s) 'example_complex' retrieved from /home/airflow/.local/lib/python3.8/site-packages/airflow/example_dags/example_complex.py
[2023-12-19T10:01:49.146+0000] {logging_mixin.py:188} INFO - [2023-12-19T10:01:49.146+0000] {dag.py:3033} INFO - Sync 1 DAGs
[2023-12-19T10:01:49.152+0000] {logging_mixin.py:188} INFO - [2023-12-19T10:01:49.152+0000] {dag.py:3820} INFO - Setting next_dagrun for example_complex to None, run_after=None
[2023-12-19T10:01:49.163+0000] {processor.py:183} INFO - Processing /home/airflow/.local/lib/python3.8/site-packages/airflow/example_dags/example_complex.py took 0.041 seconds
[2023-12-19T10:02:19.535+0000] {processor.py:161} INFO - Started process (PID=679) to work on /home/airflow/.local/lib/python3.8/site-packages/airflow/example_dags/example_complex.py
[2023-12-19T10:02:19.536+0000] {processor.py:830} INFO - Processing file /home/airflow/.local/lib/python3.8/site-packages/airflow/example_dags/example_complex.py for tasks to queue
[2023-12-19T10:02:19.537+0000] {logging_mixin.py:188} INFO - [2023-12-19T10:02:19.537+0000] {dagbag.py:538} INFO - Filling up the DagBag from /home/airflow/.local/lib/python3.8/site-packages/airflow/example_dags/example_complex.py
[2023-12-19T10:02:19.542+0000] {processor.py:840} INFO - DAG(s) 'example_complex' retrieved from /home/airflow/.local/lib/python3.8/site-packages/airflow/example_dags/example_complex.py
[2023-12-19T10:02:19.558+0000] {logging_mixin.py:188} INFO - [2023-12-19T10:02:19.558+0000] {dag.py:3033} INFO - Sync 1 DAGs
[2023-12-19T10:02:19.564+0000] {logging_mixin.py:188} INFO - [2023-12-19T10:02:19.564+0000] {dag.py:3820} INFO - Setting next_dagrun for example_complex to None, run_after=None
[2023-12-19T10:02:19.576+0000] {processor.py:183} INFO - Processing /home/airflow/.local/lib/python3.8/site-packages/airflow/example_dags/example_complex.py took 0.042 seconds
[2023-12-19T10:02:50.080+0000] {processor.py:161} INFO - Started process (PID=733) to work on /home/airflow/.local/lib/python3.8/site-packages/airflow/example_dags/example_complex.py
[2023-12-19T10:02:50.081+0000] {processor.py:830} INFO - Processing file /home/airflow/.local/lib/python3.8/site-packages/airflow/example_dags/example_complex.py for tasks to queue
[2023-12-19T10:02:50.082+0000] {logging_mixin.py:188} INFO - [2023-12-19T10:02:50.082+0000] {dagbag.py:538} INFO - Filling up the DagBag from /home/airflow/.local/lib/python3.8/site-packages/airflow/example_dags/example_complex.py
[2023-12-19T10:02:50.087+0000] {processor.py:840} INFO - DAG(s) 'example_complex' retrieved from /home/airflow/.local/lib/python3.8/site-packages/airflow/example_dags/example_complex.py
[2023-12-19T10:02:50.104+0000] {logging_mixin.py:188} INFO - [2023-12-19T10:02:50.104+0000] {dag.py:3033} INFO - Sync 1 DAGs
[2023-12-19T10:02:50.112+0000] {logging_mixin.py:188} INFO - [2023-12-19T10:02:50.112+0000] {dag.py:3820} INFO - Setting next_dagrun for example_complex to None, run_after=None
[2023-12-19T10:02:50.122+0000] {processor.py:183} INFO - Processing /home/airflow/.local/lib/python3.8/site-packages/airflow/example_dags/example_complex.py took 0.044 seconds
[2023-12-19T10:03:20.692+0000] {processor.py:161} INFO - Started process (PID=788) to work on /home/airflow/.local/lib/python3.8/site-packages/airflow/example_dags/example_complex.py
[2023-12-19T10:03:20.693+0000] {processor.py:830} INFO - Processing file /home/airflow/.local/lib/python3.8/site-packages/airflow/example_dags/example_complex.py for tasks to queue
[2023-12-19T10:03:20.694+0000] {logging_mixin.py:188} INFO - [2023-12-19T10:03:20.694+0000] {dagbag.py:538} INFO - Filling up the DagBag from /home/airflow/.local/lib/python3.8/site-packages/airflow/example_dags/example_complex.py
[2023-12-19T10:03:20.699+0000] {processor.py:840} INFO - DAG(s) 'example_complex' retrieved from /home/airflow/.local/lib/python3.8/site-packages/airflow/example_dags/example_complex.py
[2023-12-19T10:03:20.715+0000] {logging_mixin.py:188} INFO - [2023-12-19T10:03:20.715+0000] {dag.py:3033} INFO - Sync 1 DAGs
[2023-12-19T10:03:20.721+0000] {logging_mixin.py:188} INFO - [2023-12-19T10:03:20.721+0000] {dag.py:3820} INFO - Setting next_dagrun for example_complex to None, run_after=None
[2023-12-19T10:03:20.730+0000] {processor.py:183} INFO - Processing /home/airflow/.local/lib/python3.8/site-packages/airflow/example_dags/example_complex.py took 0.039 seconds
[2023-12-19T10:03:51.179+0000] {processor.py:161} INFO - Started process (PID=843) to work on /home/airflow/.local/lib/python3.8/site-packages/airflow/example_dags/example_complex.py
[2023-12-19T10:03:51.179+0000] {processor.py:830} INFO - Processing file /home/airflow/.local/lib/python3.8/site-packages/airflow/example_dags/example_complex.py for tasks to queue
[2023-12-19T10:03:51.180+0000] {logging_mixin.py:188} INFO - [2023-12-19T10:03:51.180+0000] {dagbag.py:538} INFO - Filling up the DagBag from /home/airflow/.local/lib/python3.8/site-packages/airflow/example_dags/example_complex.py
[2023-12-19T10:03:51.186+0000] {processor.py:840} INFO - DAG(s) 'example_complex' retrieved from /home/airflow/.local/lib/python3.8/site-packages/airflow/example_dags/example_complex.py
[2023-12-19T10:03:51.203+0000] {logging_mixin.py:188} INFO - [2023-12-19T10:03:51.203+0000] {dag.py:3033} INFO - Sync 1 DAGs
[2023-12-19T10:03:51.209+0000] {logging_mixin.py:188} INFO - [2023-12-19T10:03:51.209+0000] {dag.py:3820} INFO - Setting next_dagrun for example_complex to None, run_after=None
[2023-12-19T10:03:51.220+0000] {processor.py:183} INFO - Processing /home/airflow/.local/lib/python3.8/site-packages/airflow/example_dags/example_complex.py took 0.042 seconds
[2023-12-19T10:04:21.705+0000] {processor.py:161} INFO - Started process (PID=898) to work on /home/airflow/.local/lib/python3.8/site-packages/airflow/example_dags/example_complex.py
[2023-12-19T10:04:21.706+0000] {processor.py:830} INFO - Processing file /home/airflow/.local/lib/python3.8/site-packages/airflow/example_dags/example_complex.py for tasks to queue
[2023-12-19T10:04:21.707+0000] {logging_mixin.py:188} INFO - [2023-12-19T10:04:21.706+0000] {dagbag.py:538} INFO - Filling up the DagBag from /home/airflow/.local/lib/python3.8/site-packages/airflow/example_dags/example_complex.py
[2023-12-19T10:04:21.712+0000] {processor.py:840} INFO - DAG(s) 'example_complex' retrieved from /home/airflow/.local/lib/python3.8/site-packages/airflow/example_dags/example_complex.py
[2023-12-19T10:04:21.728+0000] {logging_mixin.py:188} INFO - [2023-12-19T10:04:21.728+0000] {dag.py:3033} INFO - Sync 1 DAGs
[2023-12-19T10:04:21.735+0000] {logging_mixin.py:188} INFO - [2023-12-19T10:04:21.735+0000] {dag.py:3820} INFO - Setting next_dagrun for example_complex to None, run_after=None
[2023-12-19T10:04:21.747+0000] {processor.py:183} INFO - Processing /home/airflow/.local/lib/python3.8/site-packages/airflow/example_dags/example_complex.py took 0.044 seconds
[2023-12-19T10:04:52.331+0000] {processor.py:161} INFO - Started process (PID=953) to work on /home/airflow/.local/lib/python3.8/site-packages/airflow/example_dags/example_complex.py
[2023-12-19T10:04:52.332+0000] {processor.py:830} INFO - Processing file /home/airflow/.local/lib/python3.8/site-packages/airflow/example_dags/example_complex.py for tasks to queue
[2023-12-19T10:04:52.332+0000] {logging_mixin.py:188} INFO - [2023-12-19T10:04:52.332+0000] {dagbag.py:538} INFO - Filling up the DagBag from /home/airflow/.local/lib/python3.8/site-packages/airflow/example_dags/example_complex.py
[2023-12-19T10:04:52.337+0000] {processor.py:840} INFO - DAG(s) 'example_complex' retrieved from /home/airflow/.local/lib/python3.8/site-packages/airflow/example_dags/example_complex.py
[2023-12-19T10:04:52.352+0000] {logging_mixin.py:188} INFO - [2023-12-19T10:04:52.352+0000] {dag.py:3033} INFO - Sync 1 DAGs
[2023-12-19T10:04:52.358+0000] {logging_mixin.py:188} INFO - [2023-12-19T10:04:52.358+0000] {dag.py:3820} INFO - Setting next_dagrun for example_complex to None, run_after=None
[2023-12-19T10:04:52.366+0000] {processor.py:183} INFO - Processing /home/airflow/.local/lib/python3.8/site-packages/airflow/example_dags/example_complex.py took 0.036 seconds
[2023-12-19T10:14:30.967+0000] {processor.py:161} INFO - Started process (PID=167) to work on /home/airflow/.local/lib/python3.8/site-packages/airflow/example_dags/example_complex.py
[2023-12-19T10:14:30.968+0000] {processor.py:830} INFO - Processing file /home/airflow/.local/lib/python3.8/site-packages/airflow/example_dags/example_complex.py for tasks to queue
[2023-12-19T10:14:30.970+0000] {logging_mixin.py:188} INFO - [2023-12-19T10:14:30.969+0000] {dagbag.py:538} INFO - Filling up the DagBag from /home/airflow/.local/lib/python3.8/site-packages/airflow/example_dags/example_complex.py
[2023-12-19T10:14:30.981+0000] {processor.py:840} INFO - DAG(s) 'example_complex' retrieved from /home/airflow/.local/lib/python3.8/site-packages/airflow/example_dags/example_complex.py
[2023-12-19T10:14:31.107+0000] {logging_mixin.py:188} INFO - [2023-12-19T10:14:31.107+0000] {dag.py:3033} INFO - Sync 1 DAGs
[2023-12-19T10:14:31.117+0000] {logging_mixin.py:188} INFO - [2023-12-19T10:14:31.117+0000] {dag.py:3820} INFO - Setting next_dagrun for example_complex to None, run_after=None
[2023-12-19T10:14:31.141+0000] {processor.py:183} INFO - Processing /home/airflow/.local/lib/python3.8/site-packages/airflow/example_dags/example_complex.py took 0.176 seconds
[2023-12-19T10:15:01.357+0000] {processor.py:161} INFO - Started process (PID=222) to work on /home/airflow/.local/lib/python3.8/site-packages/airflow/example_dags/example_complex.py
[2023-12-19T10:15:01.358+0000] {processor.py:830} INFO - Processing file /home/airflow/.local/lib/python3.8/site-packages/airflow/example_dags/example_complex.py for tasks to queue
[2023-12-19T10:15:01.358+0000] {logging_mixin.py:188} INFO - [2023-12-19T10:15:01.358+0000] {dagbag.py:538} INFO - Filling up the DagBag from /home/airflow/.local/lib/python3.8/site-packages/airflow/example_dags/example_complex.py
[2023-12-19T10:15:01.364+0000] {processor.py:840} INFO - DAG(s) 'example_complex' retrieved from /home/airflow/.local/lib/python3.8/site-packages/airflow/example_dags/example_complex.py
[2023-12-19T10:15:01.380+0000] {logging_mixin.py:188} INFO - [2023-12-19T10:15:01.380+0000] {dag.py:3033} INFO - Sync 1 DAGs
[2023-12-19T10:15:01.386+0000] {logging_mixin.py:188} INFO - [2023-12-19T10:15:01.386+0000] {dag.py:3820} INFO - Setting next_dagrun for example_complex to None, run_after=None
[2023-12-19T10:15:01.395+0000] {processor.py:183} INFO - Processing /home/airflow/.local/lib/python3.8/site-packages/airflow/example_dags/example_complex.py took 0.040 seconds
[2023-12-19T10:15:31.895+0000] {processor.py:161} INFO - Started process (PID=276) to work on /home/airflow/.local/lib/python3.8/site-packages/airflow/example_dags/example_complex.py
[2023-12-19T10:15:31.895+0000] {processor.py:830} INFO - Processing file /home/airflow/.local/lib/python3.8/site-packages/airflow/example_dags/example_complex.py for tasks to queue
[2023-12-19T10:15:31.896+0000] {logging_mixin.py:188} INFO - [2023-12-19T10:15:31.896+0000] {dagbag.py:538} INFO - Filling up the DagBag from /home/airflow/.local/lib/python3.8/site-packages/airflow/example_dags/example_complex.py
[2023-12-19T10:15:31.901+0000] {processor.py:840} INFO - DAG(s) 'example_complex' retrieved from /home/airflow/.local/lib/python3.8/site-packages/airflow/example_dags/example_complex.py
[2023-12-19T10:15:31.918+0000] {logging_mixin.py:188} INFO - [2023-12-19T10:15:31.918+0000] {dag.py:3033} INFO - Sync 1 DAGs
[2023-12-19T10:15:31.925+0000] {logging_mixin.py:188} INFO - [2023-12-19T10:15:31.925+0000] {dag.py:3820} INFO - Setting next_dagrun for example_complex to None, run_after=None
[2023-12-19T10:15:31.935+0000] {processor.py:183} INFO - Processing /home/airflow/.local/lib/python3.8/site-packages/airflow/example_dags/example_complex.py took 0.041 seconds
[2023-12-19T10:16:02.434+0000] {processor.py:161} INFO - Started process (PID=331) to work on /home/airflow/.local/lib/python3.8/site-packages/airflow/example_dags/example_complex.py
[2023-12-19T10:16:02.435+0000] {processor.py:830} INFO - Processing file /home/airflow/.local/lib/python3.8/site-packages/airflow/example_dags/example_complex.py for tasks to queue
[2023-12-19T10:16:02.435+0000] {logging_mixin.py:188} INFO - [2023-12-19T10:16:02.435+0000] {dagbag.py:538} INFO - Filling up the DagBag from /home/airflow/.local/lib/python3.8/site-packages/airflow/example_dags/example_complex.py
[2023-12-19T10:16:02.440+0000] {processor.py:840} INFO - DAG(s) 'example_complex' retrieved from /home/airflow/.local/lib/python3.8/site-packages/airflow/example_dags/example_complex.py
[2023-12-19T10:16:02.456+0000] {logging_mixin.py:188} INFO - [2023-12-19T10:16:02.456+0000] {dag.py:3033} INFO - Sync 1 DAGs
[2023-12-19T10:16:02.463+0000] {logging_mixin.py:188} INFO - [2023-12-19T10:16:02.463+0000] {dag.py:3820} INFO - Setting next_dagrun for example_complex to None, run_after=None
[2023-12-19T10:16:02.473+0000] {processor.py:183} INFO - Processing /home/airflow/.local/lib/python3.8/site-packages/airflow/example_dags/example_complex.py took 0.040 seconds
[2023-12-19T10:16:32.806+0000] {processor.py:161} INFO - Started process (PID=386) to work on /home/airflow/.local/lib/python3.8/site-packages/airflow/example_dags/example_complex.py
[2023-12-19T10:16:32.806+0000] {processor.py:830} INFO - Processing file /home/airflow/.local/lib/python3.8/site-packages/airflow/example_dags/example_complex.py for tasks to queue
[2023-12-19T10:16:32.807+0000] {logging_mixin.py:188} INFO - [2023-12-19T10:16:32.807+0000] {dagbag.py:538} INFO - Filling up the DagBag from /home/airflow/.local/lib/python3.8/site-packages/airflow/example_dags/example_complex.py
[2023-12-19T10:16:32.813+0000] {processor.py:840} INFO - DAG(s) 'example_complex' retrieved from /home/airflow/.local/lib/python3.8/site-packages/airflow/example_dags/example_complex.py
[2023-12-19T10:16:32.830+0000] {logging_mixin.py:188} INFO - [2023-12-19T10:16:32.830+0000] {dag.py:3033} INFO - Sync 1 DAGs
[2023-12-19T10:16:32.837+0000] {logging_mixin.py:188} INFO - [2023-12-19T10:16:32.837+0000] {dag.py:3820} INFO - Setting next_dagrun for example_complex to None, run_after=None
[2023-12-19T10:16:32.847+0000] {processor.py:183} INFO - Processing /home/airflow/.local/lib/python3.8/site-packages/airflow/example_dags/example_complex.py took 0.043 seconds
[2023-12-19T10:17:03.337+0000] {processor.py:161} INFO - Started process (PID=441) to work on /home/airflow/.local/lib/python3.8/site-packages/airflow/example_dags/example_complex.py
[2023-12-19T10:17:03.338+0000] {processor.py:830} INFO - Processing file /home/airflow/.local/lib/python3.8/site-packages/airflow/example_dags/example_complex.py for tasks to queue
[2023-12-19T10:17:03.339+0000] {logging_mixin.py:188} INFO - [2023-12-19T10:17:03.339+0000] {dagbag.py:538} INFO - Filling up the DagBag from /home/airflow/.local/lib/python3.8/site-packages/airflow/example_dags/example_complex.py
[2023-12-19T10:17:03.346+0000] {processor.py:840} INFO - DAG(s) 'example_complex' retrieved from /home/airflow/.local/lib/python3.8/site-packages/airflow/example_dags/example_complex.py
[2023-12-19T10:17:03.365+0000] {logging_mixin.py:188} INFO - [2023-12-19T10:17:03.365+0000] {dag.py:3033} INFO - Sync 1 DAGs
[2023-12-19T10:17:03.372+0000] {logging_mixin.py:188} INFO - [2023-12-19T10:17:03.371+0000] {dag.py:3820} INFO - Setting next_dagrun for example_complex to None, run_after=None
[2023-12-19T10:17:03.384+0000] {processor.py:183} INFO - Processing /home/airflow/.local/lib/python3.8/site-packages/airflow/example_dags/example_complex.py took 0.049 seconds
[2023-12-19T10:17:33.880+0000] {processor.py:161} INFO - Started process (PID=496) to work on /home/airflow/.local/lib/python3.8/site-packages/airflow/example_dags/example_complex.py
[2023-12-19T10:17:33.881+0000] {processor.py:830} INFO - Processing file /home/airflow/.local/lib/python3.8/site-packages/airflow/example_dags/example_complex.py for tasks to queue
[2023-12-19T10:17:33.882+0000] {logging_mixin.py:188} INFO - [2023-12-19T10:17:33.882+0000] {dagbag.py:538} INFO - Filling up the DagBag from /home/airflow/.local/lib/python3.8/site-packages/airflow/example_dags/example_complex.py
[2023-12-19T10:17:33.888+0000] {processor.py:840} INFO - DAG(s) 'example_complex' retrieved from /home/airflow/.local/lib/python3.8/site-packages/airflow/example_dags/example_complex.py
[2023-12-19T10:17:33.904+0000] {logging_mixin.py:188} INFO - [2023-12-19T10:17:33.904+0000] {dag.py:3033} INFO - Sync 1 DAGs
[2023-12-19T10:17:33.911+0000] {logging_mixin.py:188} INFO - [2023-12-19T10:17:33.911+0000] {dag.py:3820} INFO - Setting next_dagrun for example_complex to None, run_after=None
[2023-12-19T10:17:33.920+0000] {processor.py:183} INFO - Processing /home/airflow/.local/lib/python3.8/site-packages/airflow/example_dags/example_complex.py took 0.042 seconds
[2023-12-19T10:18:04.298+0000] {processor.py:161} INFO - Started process (PID=551) to work on /home/airflow/.local/lib/python3.8/site-packages/airflow/example_dags/example_complex.py
[2023-12-19T10:18:04.299+0000] {processor.py:830} INFO - Processing file /home/airflow/.local/lib/python3.8/site-packages/airflow/example_dags/example_complex.py for tasks to queue
[2023-12-19T10:18:04.300+0000] {logging_mixin.py:188} INFO - [2023-12-19T10:18:04.300+0000] {dagbag.py:538} INFO - Filling up the DagBag from /home/airflow/.local/lib/python3.8/site-packages/airflow/example_dags/example_complex.py
[2023-12-19T10:18:04.305+0000] {processor.py:840} INFO - DAG(s) 'example_complex' retrieved from /home/airflow/.local/lib/python3.8/site-packages/airflow/example_dags/example_complex.py
[2023-12-19T10:18:04.321+0000] {logging_mixin.py:188} INFO - [2023-12-19T10:18:04.321+0000] {dag.py:3033} INFO - Sync 1 DAGs
[2023-12-19T10:18:04.328+0000] {logging_mixin.py:188} INFO - [2023-12-19T10:18:04.328+0000] {dag.py:3820} INFO - Setting next_dagrun for example_complex to None, run_after=None
[2023-12-19T10:18:04.340+0000] {processor.py:183} INFO - Processing /home/airflow/.local/lib/python3.8/site-packages/airflow/example_dags/example_complex.py took 0.043 seconds
[2023-12-19T10:18:34.755+0000] {processor.py:161} INFO - Started process (PID=605) to work on /home/airflow/.local/lib/python3.8/site-packages/airflow/example_dags/example_complex.py
[2023-12-19T10:18:34.756+0000] {processor.py:830} INFO - Processing file /home/airflow/.local/lib/python3.8/site-packages/airflow/example_dags/example_complex.py for tasks to queue
[2023-12-19T10:18:34.757+0000] {logging_mixin.py:188} INFO - [2023-12-19T10:18:34.756+0000] {dagbag.py:538} INFO - Filling up the DagBag from /home/airflow/.local/lib/python3.8/site-packages/airflow/example_dags/example_complex.py
[2023-12-19T10:18:34.762+0000] {processor.py:840} INFO - DAG(s) 'example_complex' retrieved from /home/airflow/.local/lib/python3.8/site-packages/airflow/example_dags/example_complex.py
[2023-12-19T10:18:34.779+0000] {logging_mixin.py:188} INFO - [2023-12-19T10:18:34.778+0000] {dag.py:3033} INFO - Sync 1 DAGs
[2023-12-19T10:18:34.785+0000] {logging_mixin.py:188} INFO - [2023-12-19T10:18:34.785+0000] {dag.py:3820} INFO - Setting next_dagrun for example_complex to None, run_after=None
[2023-12-19T10:18:34.797+0000] {processor.py:183} INFO - Processing /home/airflow/.local/lib/python3.8/site-packages/airflow/example_dags/example_complex.py took 0.043 seconds
[2023-12-19T10:19:05.302+0000] {processor.py:161} INFO - Started process (PID=660) to work on /home/airflow/.local/lib/python3.8/site-packages/airflow/example_dags/example_complex.py
[2023-12-19T10:19:05.303+0000] {processor.py:830} INFO - Processing file /home/airflow/.local/lib/python3.8/site-packages/airflow/example_dags/example_complex.py for tasks to queue
[2023-12-19T10:19:05.304+0000] {logging_mixin.py:188} INFO - [2023-12-19T10:19:05.304+0000] {dagbag.py:538} INFO - Filling up the DagBag from /home/airflow/.local/lib/python3.8/site-packages/airflow/example_dags/example_complex.py
[2023-12-19T10:19:05.309+0000] {processor.py:840} INFO - DAG(s) 'example_complex' retrieved from /home/airflow/.local/lib/python3.8/site-packages/airflow/example_dags/example_complex.py
[2023-12-19T10:19:05.325+0000] {logging_mixin.py:188} INFO - [2023-12-19T10:19:05.325+0000] {dag.py:3033} INFO - Sync 1 DAGs
[2023-12-19T10:19:05.331+0000] {logging_mixin.py:188} INFO - [2023-12-19T10:19:05.331+0000] {dag.py:3820} INFO - Setting next_dagrun for example_complex to None, run_after=None
[2023-12-19T10:19:05.340+0000] {processor.py:183} INFO - Processing /home/airflow/.local/lib/python3.8/site-packages/airflow/example_dags/example_complex.py took 0.040 seconds
[2023-12-19T10:19:35.803+0000] {processor.py:161} INFO - Started process (PID=715) to work on /home/airflow/.local/lib/python3.8/site-packages/airflow/example_dags/example_complex.py
[2023-12-19T10:19:35.803+0000] {processor.py:830} INFO - Processing file /home/airflow/.local/lib/python3.8/site-packages/airflow/example_dags/example_complex.py for tasks to queue
[2023-12-19T10:19:35.804+0000] {logging_mixin.py:188} INFO - [2023-12-19T10:19:35.804+0000] {dagbag.py:538} INFO - Filling up the DagBag from /home/airflow/.local/lib/python3.8/site-packages/airflow/example_dags/example_complex.py
[2023-12-19T10:19:35.809+0000] {processor.py:840} INFO - DAG(s) 'example_complex' retrieved from /home/airflow/.local/lib/python3.8/site-packages/airflow/example_dags/example_complex.py
[2023-12-19T10:19:35.826+0000] {logging_mixin.py:188} INFO - [2023-12-19T10:19:35.826+0000] {dag.py:3033} INFO - Sync 1 DAGs
[2023-12-19T10:19:35.832+0000] {logging_mixin.py:188} INFO - [2023-12-19T10:19:35.832+0000] {dag.py:3820} INFO - Setting next_dagrun for example_complex to None, run_after=None
[2023-12-19T10:19:35.844+0000] {processor.py:183} INFO - Processing /home/airflow/.local/lib/python3.8/site-packages/airflow/example_dags/example_complex.py took 0.042 seconds
[2023-12-19T10:20:06.233+0000] {processor.py:161} INFO - Started process (PID=770) to work on /home/airflow/.local/lib/python3.8/site-packages/airflow/example_dags/example_complex.py
[2023-12-19T10:20:06.233+0000] {processor.py:830} INFO - Processing file /home/airflow/.local/lib/python3.8/site-packages/airflow/example_dags/example_complex.py for tasks to queue
[2023-12-19T10:20:06.234+0000] {logging_mixin.py:188} INFO - [2023-12-19T10:20:06.234+0000] {dagbag.py:538} INFO - Filling up the DagBag from /home/airflow/.local/lib/python3.8/site-packages/airflow/example_dags/example_complex.py
[2023-12-19T10:20:06.239+0000] {processor.py:840} INFO - DAG(s) 'example_complex' retrieved from /home/airflow/.local/lib/python3.8/site-packages/airflow/example_dags/example_complex.py
[2023-12-19T10:20:06.255+0000] {logging_mixin.py:188} INFO - [2023-12-19T10:20:06.254+0000] {dag.py:3033} INFO - Sync 1 DAGs
[2023-12-19T10:20:06.261+0000] {logging_mixin.py:188} INFO - [2023-12-19T10:20:06.261+0000] {dag.py:3820} INFO - Setting next_dagrun for example_complex to None, run_after=None
[2023-12-19T10:20:06.270+0000] {processor.py:183} INFO - Processing /home/airflow/.local/lib/python3.8/site-packages/airflow/example_dags/example_complex.py took 0.040 seconds
[2023-12-19T10:20:36.771+0000] {processor.py:161} INFO - Started process (PID=825) to work on /home/airflow/.local/lib/python3.8/site-packages/airflow/example_dags/example_complex.py
[2023-12-19T10:20:36.772+0000] {processor.py:830} INFO - Processing file /home/airflow/.local/lib/python3.8/site-packages/airflow/example_dags/example_complex.py for tasks to queue
[2023-12-19T10:20:36.773+0000] {logging_mixin.py:188} INFO - [2023-12-19T10:20:36.773+0000] {dagbag.py:538} INFO - Filling up the DagBag from /home/airflow/.local/lib/python3.8/site-packages/airflow/example_dags/example_complex.py
[2023-12-19T10:20:36.778+0000] {processor.py:840} INFO - DAG(s) 'example_complex' retrieved from /home/airflow/.local/lib/python3.8/site-packages/airflow/example_dags/example_complex.py
[2023-12-19T10:20:36.794+0000] {logging_mixin.py:188} INFO - [2023-12-19T10:20:36.794+0000] {dag.py:3033} INFO - Sync 1 DAGs
[2023-12-19T10:20:36.800+0000] {logging_mixin.py:188} INFO - [2023-12-19T10:20:36.800+0000] {dag.py:3820} INFO - Setting next_dagrun for example_complex to None, run_after=None
[2023-12-19T10:20:36.810+0000] {processor.py:183} INFO - Processing /home/airflow/.local/lib/python3.8/site-packages/airflow/example_dags/example_complex.py took 0.040 seconds
[2023-12-19T10:21:07.279+0000] {processor.py:161} INFO - Started process (PID=880) to work on /home/airflow/.local/lib/python3.8/site-packages/airflow/example_dags/example_complex.py
[2023-12-19T10:21:07.280+0000] {processor.py:830} INFO - Processing file /home/airflow/.local/lib/python3.8/site-packages/airflow/example_dags/example_complex.py for tasks to queue
[2023-12-19T10:21:07.281+0000] {logging_mixin.py:188} INFO - [2023-12-19T10:21:07.281+0000] {dagbag.py:538} INFO - Filling up the DagBag from /home/airflow/.local/lib/python3.8/site-packages/airflow/example_dags/example_complex.py
[2023-12-19T10:21:07.286+0000] {processor.py:840} INFO - DAG(s) 'example_complex' retrieved from /home/airflow/.local/lib/python3.8/site-packages/airflow/example_dags/example_complex.py
[2023-12-19T10:21:07.303+0000] {logging_mixin.py:188} INFO - [2023-12-19T10:21:07.303+0000] {dag.py:3033} INFO - Sync 1 DAGs
[2023-12-19T10:21:07.310+0000] {logging_mixin.py:188} INFO - [2023-12-19T10:21:07.310+0000] {dag.py:3820} INFO - Setting next_dagrun for example_complex to None, run_after=None
[2023-12-19T10:21:07.322+0000] {processor.py:183} INFO - Processing /home/airflow/.local/lib/python3.8/site-packages/airflow/example_dags/example_complex.py took 0.044 seconds
[2023-12-19T10:21:37.749+0000] {processor.py:161} INFO - Started process (PID=935) to work on /home/airflow/.local/lib/python3.8/site-packages/airflow/example_dags/example_complex.py
[2023-12-19T10:21:37.749+0000] {processor.py:830} INFO - Processing file /home/airflow/.local/lib/python3.8/site-packages/airflow/example_dags/example_complex.py for tasks to queue
[2023-12-19T10:21:37.750+0000] {logging_mixin.py:188} INFO - [2023-12-19T10:21:37.750+0000] {dagbag.py:538} INFO - Filling up the DagBag from /home/airflow/.local/lib/python3.8/site-packages/airflow/example_dags/example_complex.py
[2023-12-19T10:21:37.755+0000] {processor.py:840} INFO - DAG(s) 'example_complex' retrieved from /home/airflow/.local/lib/python3.8/site-packages/airflow/example_dags/example_complex.py
[2023-12-19T10:21:37.772+0000] {logging_mixin.py:188} INFO - [2023-12-19T10:21:37.772+0000] {dag.py:3033} INFO - Sync 1 DAGs
[2023-12-19T10:21:37.778+0000] {logging_mixin.py:188} INFO - [2023-12-19T10:21:37.778+0000] {dag.py:3820} INFO - Setting next_dagrun for example_complex to None, run_after=None
[2023-12-19T10:21:37.787+0000] {processor.py:183} INFO - Processing /home/airflow/.local/lib/python3.8/site-packages/airflow/example_dags/example_complex.py took 0.040 seconds
[2023-12-19T10:22:08.202+0000] {processor.py:161} INFO - Started process (PID=990) to work on /home/airflow/.local/lib/python3.8/site-packages/airflow/example_dags/example_complex.py
[2023-12-19T10:22:08.202+0000] {processor.py:830} INFO - Processing file /home/airflow/.local/lib/python3.8/site-packages/airflow/example_dags/example_complex.py for tasks to queue
[2023-12-19T10:22:08.203+0000] {logging_mixin.py:188} INFO - [2023-12-19T10:22:08.203+0000] {dagbag.py:538} INFO - Filling up the DagBag from /home/airflow/.local/lib/python3.8/site-packages/airflow/example_dags/example_complex.py
[2023-12-19T10:22:08.208+0000] {processor.py:840} INFO - DAG(s) 'example_complex' retrieved from /home/airflow/.local/lib/python3.8/site-packages/airflow/example_dags/example_complex.py
[2023-12-19T10:22:08.225+0000] {logging_mixin.py:188} INFO - [2023-12-19T10:22:08.225+0000] {dag.py:3033} INFO - Sync 1 DAGs
[2023-12-19T10:22:08.231+0000] {logging_mixin.py:188} INFO - [2023-12-19T10:22:08.231+0000] {dag.py:3820} INFO - Setting next_dagrun for example_complex to None, run_after=None
[2023-12-19T10:22:08.242+0000] {processor.py:183} INFO - Processing /home/airflow/.local/lib/python3.8/site-packages/airflow/example_dags/example_complex.py took 0.042 seconds
[2023-12-19T10:22:38.697+0000] {processor.py:161} INFO - Started process (PID=1045) to work on /home/airflow/.local/lib/python3.8/site-packages/airflow/example_dags/example_complex.py
[2023-12-19T10:22:38.698+0000] {processor.py:830} INFO - Processing file /home/airflow/.local/lib/python3.8/site-packages/airflow/example_dags/example_complex.py for tasks to queue
[2023-12-19T10:22:38.699+0000] {logging_mixin.py:188} INFO - [2023-12-19T10:22:38.699+0000] {dagbag.py:538} INFO - Filling up the DagBag from /home/airflow/.local/lib/python3.8/site-packages/airflow/example_dags/example_complex.py
[2023-12-19T10:22:38.704+0000] {processor.py:840} INFO - DAG(s) 'example_complex' retrieved from /home/airflow/.local/lib/python3.8/site-packages/airflow/example_dags/example_complex.py
[2023-12-19T10:22:38.721+0000] {logging_mixin.py:188} INFO - [2023-12-19T10:22:38.721+0000] {dag.py:3033} INFO - Sync 1 DAGs
[2023-12-19T10:22:38.727+0000] {logging_mixin.py:188} INFO - [2023-12-19T10:22:38.727+0000] {dag.py:3820} INFO - Setting next_dagrun for example_complex to None, run_after=None
[2023-12-19T10:22:38.737+0000] {processor.py:183} INFO - Processing /home/airflow/.local/lib/python3.8/site-packages/airflow/example_dags/example_complex.py took 0.041 seconds
[2023-12-19T10:23:09.165+0000] {processor.py:161} INFO - Started process (PID=1100) to work on /home/airflow/.local/lib/python3.8/site-packages/airflow/example_dags/example_complex.py
[2023-12-19T10:23:09.165+0000] {processor.py:830} INFO - Processing file /home/airflow/.local/lib/python3.8/site-packages/airflow/example_dags/example_complex.py for tasks to queue
[2023-12-19T10:23:09.166+0000] {logging_mixin.py:188} INFO - [2023-12-19T10:23:09.166+0000] {dagbag.py:538} INFO - Filling up the DagBag from /home/airflow/.local/lib/python3.8/site-packages/airflow/example_dags/example_complex.py
[2023-12-19T10:23:09.171+0000] {processor.py:840} INFO - DAG(s) 'example_complex' retrieved from /home/airflow/.local/lib/python3.8/site-packages/airflow/example_dags/example_complex.py
[2023-12-19T10:23:09.187+0000] {logging_mixin.py:188} INFO - [2023-12-19T10:23:09.187+0000] {dag.py:3033} INFO - Sync 1 DAGs
[2023-12-19T10:23:09.193+0000] {logging_mixin.py:188} INFO - [2023-12-19T10:23:09.193+0000] {dag.py:3820} INFO - Setting next_dagrun for example_complex to None, run_after=None
[2023-12-19T10:23:09.203+0000] {processor.py:183} INFO - Processing /home/airflow/.local/lib/python3.8/site-packages/airflow/example_dags/example_complex.py took 0.040 seconds
[2023-12-19T10:23:39.741+0000] {processor.py:161} INFO - Started process (PID=1155) to work on /home/airflow/.local/lib/python3.8/site-packages/airflow/example_dags/example_complex.py
[2023-12-19T10:23:39.741+0000] {processor.py:830} INFO - Processing file /home/airflow/.local/lib/python3.8/site-packages/airflow/example_dags/example_complex.py for tasks to queue
[2023-12-19T10:23:39.742+0000] {logging_mixin.py:188} INFO - [2023-12-19T10:23:39.742+0000] {dagbag.py:538} INFO - Filling up the DagBag from /home/airflow/.local/lib/python3.8/site-packages/airflow/example_dags/example_complex.py
[2023-12-19T10:23:39.747+0000] {processor.py:840} INFO - DAG(s) 'example_complex' retrieved from /home/airflow/.local/lib/python3.8/site-packages/airflow/example_dags/example_complex.py
[2023-12-19T10:23:39.764+0000] {logging_mixin.py:188} INFO - [2023-12-19T10:23:39.763+0000] {dag.py:3033} INFO - Sync 1 DAGs
[2023-12-19T10:23:39.770+0000] {logging_mixin.py:188} INFO - [2023-12-19T10:23:39.769+0000] {dag.py:3820} INFO - Setting next_dagrun for example_complex to None, run_after=None
[2023-12-19T10:23:39.779+0000] {processor.py:183} INFO - Processing /home/airflow/.local/lib/python3.8/site-packages/airflow/example_dags/example_complex.py took 0.040 seconds
[2023-12-19T10:24:10.222+0000] {processor.py:161} INFO - Started process (PID=1210) to work on /home/airflow/.local/lib/python3.8/site-packages/airflow/example_dags/example_complex.py
[2023-12-19T10:24:10.222+0000] {processor.py:830} INFO - Processing file /home/airflow/.local/lib/python3.8/site-packages/airflow/example_dags/example_complex.py for tasks to queue
[2023-12-19T10:24:10.223+0000] {logging_mixin.py:188} INFO - [2023-12-19T10:24:10.223+0000] {dagbag.py:538} INFO - Filling up the DagBag from /home/airflow/.local/lib/python3.8/site-packages/airflow/example_dags/example_complex.py
[2023-12-19T10:24:10.228+0000] {processor.py:840} INFO - DAG(s) 'example_complex' retrieved from /home/airflow/.local/lib/python3.8/site-packages/airflow/example_dags/example_complex.py
[2023-12-19T10:24:10.246+0000] {logging_mixin.py:188} INFO - [2023-12-19T10:24:10.246+0000] {dag.py:3033} INFO - Sync 1 DAGs
[2023-12-19T10:24:10.252+0000] {logging_mixin.py:188} INFO - [2023-12-19T10:24:10.252+0000] {dag.py:3820} INFO - Setting next_dagrun for example_complex to None, run_after=None
[2023-12-19T10:24:10.262+0000] {processor.py:183} INFO - Processing /home/airflow/.local/lib/python3.8/site-packages/airflow/example_dags/example_complex.py took 0.041 seconds
[2023-12-19T10:24:40.764+0000] {processor.py:161} INFO - Started process (PID=1265) to work on /home/airflow/.local/lib/python3.8/site-packages/airflow/example_dags/example_complex.py
[2023-12-19T10:24:40.764+0000] {processor.py:830} INFO - Processing file /home/airflow/.local/lib/python3.8/site-packages/airflow/example_dags/example_complex.py for tasks to queue
[2023-12-19T10:24:40.765+0000] {logging_mixin.py:188} INFO - [2023-12-19T10:24:40.765+0000] {dagbag.py:538} INFO - Filling up the DagBag from /home/airflow/.local/lib/python3.8/site-packages/airflow/example_dags/example_complex.py
[2023-12-19T10:24:40.771+0000] {processor.py:840} INFO - DAG(s) 'example_complex' retrieved from /home/airflow/.local/lib/python3.8/site-packages/airflow/example_dags/example_complex.py
[2023-12-19T10:24:40.792+0000] {logging_mixin.py:188} INFO - [2023-12-19T10:24:40.792+0000] {dag.py:3033} INFO - Sync 1 DAGs
[2023-12-19T10:24:40.799+0000] {logging_mixin.py:188} INFO - [2023-12-19T10:24:40.799+0000] {dag.py:3820} INFO - Setting next_dagrun for example_complex to None, run_after=None
[2023-12-19T10:24:40.809+0000] {processor.py:183} INFO - Processing /home/airflow/.local/lib/python3.8/site-packages/airflow/example_dags/example_complex.py took 0.046 seconds
[2023-12-19T10:25:11.313+0000] {processor.py:161} INFO - Started process (PID=1320) to work on /home/airflow/.local/lib/python3.8/site-packages/airflow/example_dags/example_complex.py
[2023-12-19T10:25:11.314+0000] {processor.py:830} INFO - Processing file /home/airflow/.local/lib/python3.8/site-packages/airflow/example_dags/example_complex.py for tasks to queue
[2023-12-19T10:25:11.315+0000] {logging_mixin.py:188} INFO - [2023-12-19T10:25:11.315+0000] {dagbag.py:538} INFO - Filling up the DagBag from /home/airflow/.local/lib/python3.8/site-packages/airflow/example_dags/example_complex.py
[2023-12-19T10:25:11.320+0000] {processor.py:840} INFO - DAG(s) 'example_complex' retrieved from /home/airflow/.local/lib/python3.8/site-packages/airflow/example_dags/example_complex.py
[2023-12-19T10:25:11.337+0000] {logging_mixin.py:188} INFO - [2023-12-19T10:25:11.337+0000] {dag.py:3033} INFO - Sync 1 DAGs
[2023-12-19T10:25:11.344+0000] {logging_mixin.py:188} INFO - [2023-12-19T10:25:11.344+0000] {dag.py:3820} INFO - Setting next_dagrun for example_complex to None, run_after=None
[2023-12-19T10:25:11.356+0000] {processor.py:183} INFO - Processing /home/airflow/.local/lib/python3.8/site-packages/airflow/example_dags/example_complex.py took 0.044 seconds
[2023-12-19T10:25:41.851+0000] {processor.py:161} INFO - Started process (PID=1374) to work on /home/airflow/.local/lib/python3.8/site-packages/airflow/example_dags/example_complex.py
[2023-12-19T10:25:41.852+0000] {processor.py:830} INFO - Processing file /home/airflow/.local/lib/python3.8/site-packages/airflow/example_dags/example_complex.py for tasks to queue
[2023-12-19T10:25:41.853+0000] {logging_mixin.py:188} INFO - [2023-12-19T10:25:41.853+0000] {dagbag.py:538} INFO - Filling up the DagBag from /home/airflow/.local/lib/python3.8/site-packages/airflow/example_dags/example_complex.py
[2023-12-19T10:25:41.858+0000] {processor.py:840} INFO - DAG(s) 'example_complex' retrieved from /home/airflow/.local/lib/python3.8/site-packages/airflow/example_dags/example_complex.py
[2023-12-19T10:25:41.875+0000] {logging_mixin.py:188} INFO - [2023-12-19T10:25:41.875+0000] {dag.py:3033} INFO - Sync 1 DAGs
[2023-12-19T10:25:41.882+0000] {logging_mixin.py:188} INFO - [2023-12-19T10:25:41.882+0000] {dag.py:3820} INFO - Setting next_dagrun for example_complex to None, run_after=None
[2023-12-19T10:25:41.892+0000] {processor.py:183} INFO - Processing /home/airflow/.local/lib/python3.8/site-packages/airflow/example_dags/example_complex.py took 0.042 seconds
[2023-12-19T10:26:12.345+0000] {processor.py:161} INFO - Started process (PID=1429) to work on /home/airflow/.local/lib/python3.8/site-packages/airflow/example_dags/example_complex.py
[2023-12-19T10:26:12.346+0000] {processor.py:830} INFO - Processing file /home/airflow/.local/lib/python3.8/site-packages/airflow/example_dags/example_complex.py for tasks to queue
[2023-12-19T10:26:12.346+0000] {logging_mixin.py:188} INFO - [2023-12-19T10:26:12.346+0000] {dagbag.py:538} INFO - Filling up the DagBag from /home/airflow/.local/lib/python3.8/site-packages/airflow/example_dags/example_complex.py
[2023-12-19T10:26:12.351+0000] {processor.py:840} INFO - DAG(s) 'example_complex' retrieved from /home/airflow/.local/lib/python3.8/site-packages/airflow/example_dags/example_complex.py
[2023-12-19T10:26:12.369+0000] {logging_mixin.py:188} INFO - [2023-12-19T10:26:12.369+0000] {dag.py:3033} INFO - Sync 1 DAGs
[2023-12-19T10:26:12.375+0000] {logging_mixin.py:188} INFO - [2023-12-19T10:26:12.375+0000] {dag.py:3820} INFO - Setting next_dagrun for example_complex to None, run_after=None
[2023-12-19T10:26:12.385+0000] {processor.py:183} INFO - Processing /home/airflow/.local/lib/python3.8/site-packages/airflow/example_dags/example_complex.py took 0.042 seconds
[2023-12-19T10:26:42.960+0000] {processor.py:161} INFO - Started process (PID=1484) to work on /home/airflow/.local/lib/python3.8/site-packages/airflow/example_dags/example_complex.py
[2023-12-19T10:26:42.961+0000] {processor.py:830} INFO - Processing file /home/airflow/.local/lib/python3.8/site-packages/airflow/example_dags/example_complex.py for tasks to queue
[2023-12-19T10:26:42.961+0000] {logging_mixin.py:188} INFO - [2023-12-19T10:26:42.961+0000] {dagbag.py:538} INFO - Filling up the DagBag from /home/airflow/.local/lib/python3.8/site-packages/airflow/example_dags/example_complex.py
[2023-12-19T10:26:42.967+0000] {processor.py:840} INFO - DAG(s) 'example_complex' retrieved from /home/airflow/.local/lib/python3.8/site-packages/airflow/example_dags/example_complex.py
[2023-12-19T10:26:42.983+0000] {logging_mixin.py:188} INFO - [2023-12-19T10:26:42.983+0000] {dag.py:3033} INFO - Sync 1 DAGs
[2023-12-19T10:26:42.989+0000] {logging_mixin.py:188} INFO - [2023-12-19T10:26:42.989+0000] {dag.py:3820} INFO - Setting next_dagrun for example_complex to None, run_after=None
[2023-12-19T10:26:42.999+0000] {processor.py:183} INFO - Processing /home/airflow/.local/lib/python3.8/site-packages/airflow/example_dags/example_complex.py took 0.040 seconds
[2023-12-19T10:27:13.460+0000] {processor.py:161} INFO - Started process (PID=1539) to work on /home/airflow/.local/lib/python3.8/site-packages/airflow/example_dags/example_complex.py
[2023-12-19T10:27:13.460+0000] {processor.py:830} INFO - Processing file /home/airflow/.local/lib/python3.8/site-packages/airflow/example_dags/example_complex.py for tasks to queue
[2023-12-19T10:27:13.461+0000] {logging_mixin.py:188} INFO - [2023-12-19T10:27:13.461+0000] {dagbag.py:538} INFO - Filling up the DagBag from /home/airflow/.local/lib/python3.8/site-packages/airflow/example_dags/example_complex.py
[2023-12-19T10:27:13.466+0000] {processor.py:840} INFO - DAG(s) 'example_complex' retrieved from /home/airflow/.local/lib/python3.8/site-packages/airflow/example_dags/example_complex.py
[2023-12-19T10:27:13.483+0000] {logging_mixin.py:188} INFO - [2023-12-19T10:27:13.483+0000] {dag.py:3033} INFO - Sync 1 DAGs
[2023-12-19T10:27:13.489+0000] {logging_mixin.py:188} INFO - [2023-12-19T10:27:13.488+0000] {dag.py:3820} INFO - Setting next_dagrun for example_complex to None, run_after=None
[2023-12-19T10:27:13.499+0000] {processor.py:183} INFO - Processing /home/airflow/.local/lib/python3.8/site-packages/airflow/example_dags/example_complex.py took 0.041 seconds
[2023-12-19T10:27:43.963+0000] {processor.py:161} INFO - Started process (PID=1594) to work on /home/airflow/.local/lib/python3.8/site-packages/airflow/example_dags/example_complex.py
[2023-12-19T10:27:43.964+0000] {processor.py:830} INFO - Processing file /home/airflow/.local/lib/python3.8/site-packages/airflow/example_dags/example_complex.py for tasks to queue
[2023-12-19T10:27:43.965+0000] {logging_mixin.py:188} INFO - [2023-12-19T10:27:43.965+0000] {dagbag.py:538} INFO - Filling up the DagBag from /home/airflow/.local/lib/python3.8/site-packages/airflow/example_dags/example_complex.py
[2023-12-19T10:27:43.970+0000] {processor.py:840} INFO - DAG(s) 'example_complex' retrieved from /home/airflow/.local/lib/python3.8/site-packages/airflow/example_dags/example_complex.py
[2023-12-19T10:27:43.986+0000] {logging_mixin.py:188} INFO - [2023-12-19T10:27:43.986+0000] {dag.py:3033} INFO - Sync 1 DAGs
[2023-12-19T10:27:43.993+0000] {logging_mixin.py:188} INFO - [2023-12-19T10:27:43.993+0000] {dag.py:3820} INFO - Setting next_dagrun for example_complex to None, run_after=None
[2023-12-19T10:27:44.004+0000] {processor.py:183} INFO - Processing /home/airflow/.local/lib/python3.8/site-packages/airflow/example_dags/example_complex.py took 0.042 seconds
[2023-12-19T10:28:14.501+0000] {processor.py:161} INFO - Started process (PID=1648) to work on /home/airflow/.local/lib/python3.8/site-packages/airflow/example_dags/example_complex.py
[2023-12-19T10:28:14.502+0000] {processor.py:830} INFO - Processing file /home/airflow/.local/lib/python3.8/site-packages/airflow/example_dags/example_complex.py for tasks to queue
[2023-12-19T10:28:14.503+0000] {logging_mixin.py:188} INFO - [2023-12-19T10:28:14.503+0000] {dagbag.py:538} INFO - Filling up the DagBag from /home/airflow/.local/lib/python3.8/site-packages/airflow/example_dags/example_complex.py
[2023-12-19T10:28:14.508+0000] {processor.py:840} INFO - DAG(s) 'example_complex' retrieved from /home/airflow/.local/lib/python3.8/site-packages/airflow/example_dags/example_complex.py
[2023-12-19T10:28:14.524+0000] {logging_mixin.py:188} INFO - [2023-12-19T10:28:14.524+0000] {dag.py:3033} INFO - Sync 1 DAGs
[2023-12-19T10:28:14.531+0000] {logging_mixin.py:188} INFO - [2023-12-19T10:28:14.531+0000] {dag.py:3820} INFO - Setting next_dagrun for example_complex to None, run_after=None
[2023-12-19T10:28:14.543+0000] {processor.py:183} INFO - Processing /home/airflow/.local/lib/python3.8/site-packages/airflow/example_dags/example_complex.py took 0.043 seconds
[2023-12-19T10:28:45.013+0000] {processor.py:161} INFO - Started process (PID=1703) to work on /home/airflow/.local/lib/python3.8/site-packages/airflow/example_dags/example_complex.py
[2023-12-19T10:28:45.014+0000] {processor.py:830} INFO - Processing file /home/airflow/.local/lib/python3.8/site-packages/airflow/example_dags/example_complex.py for tasks to queue
[2023-12-19T10:28:45.015+0000] {logging_mixin.py:188} INFO - [2023-12-19T10:28:45.014+0000] {dagbag.py:538} INFO - Filling up the DagBag from /home/airflow/.local/lib/python3.8/site-packages/airflow/example_dags/example_complex.py
[2023-12-19T10:28:45.020+0000] {processor.py:840} INFO - DAG(s) 'example_complex' retrieved from /home/airflow/.local/lib/python3.8/site-packages/airflow/example_dags/example_complex.py
[2023-12-19T10:28:45.039+0000] {logging_mixin.py:188} INFO - [2023-12-19T10:28:45.039+0000] {dag.py:3033} INFO - Sync 1 DAGs
[2023-12-19T10:28:45.047+0000] {logging_mixin.py:188} INFO - [2023-12-19T10:28:45.047+0000] {dag.py:3820} INFO - Setting next_dagrun for example_complex to None, run_after=None
[2023-12-19T10:28:45.061+0000] {processor.py:183} INFO - Processing /home/airflow/.local/lib/python3.8/site-packages/airflow/example_dags/example_complex.py took 0.050 seconds
[2023-12-19T10:29:15.554+0000] {processor.py:161} INFO - Started process (PID=1758) to work on /home/airflow/.local/lib/python3.8/site-packages/airflow/example_dags/example_complex.py
[2023-12-19T10:29:15.555+0000] {processor.py:830} INFO - Processing file /home/airflow/.local/lib/python3.8/site-packages/airflow/example_dags/example_complex.py for tasks to queue
[2023-12-19T10:29:15.555+0000] {logging_mixin.py:188} INFO - [2023-12-19T10:29:15.555+0000] {dagbag.py:538} INFO - Filling up the DagBag from /home/airflow/.local/lib/python3.8/site-packages/airflow/example_dags/example_complex.py
[2023-12-19T10:29:15.560+0000] {processor.py:840} INFO - DAG(s) 'example_complex' retrieved from /home/airflow/.local/lib/python3.8/site-packages/airflow/example_dags/example_complex.py
[2023-12-19T10:29:15.578+0000] {logging_mixin.py:188} INFO - [2023-12-19T10:29:15.578+0000] {dag.py:3033} INFO - Sync 1 DAGs
[2023-12-19T10:29:15.586+0000] {logging_mixin.py:188} INFO - [2023-12-19T10:29:15.585+0000] {dag.py:3820} INFO - Setting next_dagrun for example_complex to None, run_after=None
[2023-12-19T10:29:15.596+0000] {processor.py:183} INFO - Processing /home/airflow/.local/lib/python3.8/site-packages/airflow/example_dags/example_complex.py took 0.044 seconds
[2023-12-19T10:29:46.182+0000] {processor.py:161} INFO - Started process (PID=1812) to work on /home/airflow/.local/lib/python3.8/site-packages/airflow/example_dags/example_complex.py
[2023-12-19T10:29:46.182+0000] {processor.py:830} INFO - Processing file /home/airflow/.local/lib/python3.8/site-packages/airflow/example_dags/example_complex.py for tasks to queue
[2023-12-19T10:29:46.183+0000] {logging_mixin.py:188} INFO - [2023-12-19T10:29:46.183+0000] {dagbag.py:538} INFO - Filling up the DagBag from /home/airflow/.local/lib/python3.8/site-packages/airflow/example_dags/example_complex.py
[2023-12-19T10:29:46.188+0000] {processor.py:840} INFO - DAG(s) 'example_complex' retrieved from /home/airflow/.local/lib/python3.8/site-packages/airflow/example_dags/example_complex.py
[2023-12-19T10:29:46.204+0000] {logging_mixin.py:188} INFO - [2023-12-19T10:29:46.204+0000] {dag.py:3033} INFO - Sync 1 DAGs
[2023-12-19T10:29:46.210+0000] {logging_mixin.py:188} INFO - [2023-12-19T10:29:46.210+0000] {dag.py:3820} INFO - Setting next_dagrun for example_complex to None, run_after=None
[2023-12-19T10:29:46.220+0000] {processor.py:183} INFO - Processing /home/airflow/.local/lib/python3.8/site-packages/airflow/example_dags/example_complex.py took 0.040 seconds
[2023-12-19T10:30:16.815+0000] {processor.py:161} INFO - Started process (PID=1866) to work on /home/airflow/.local/lib/python3.8/site-packages/airflow/example_dags/example_complex.py
[2023-12-19T10:30:16.815+0000] {processor.py:830} INFO - Processing file /home/airflow/.local/lib/python3.8/site-packages/airflow/example_dags/example_complex.py for tasks to queue
[2023-12-19T10:30:16.816+0000] {logging_mixin.py:188} INFO - [2023-12-19T10:30:16.816+0000] {dagbag.py:538} INFO - Filling up the DagBag from /home/airflow/.local/lib/python3.8/site-packages/airflow/example_dags/example_complex.py
[2023-12-19T10:30:16.822+0000] {processor.py:840} INFO - DAG(s) 'example_complex' retrieved from /home/airflow/.local/lib/python3.8/site-packages/airflow/example_dags/example_complex.py
[2023-12-19T10:30:16.840+0000] {logging_mixin.py:188} INFO - [2023-12-19T10:30:16.839+0000] {dag.py:3033} INFO - Sync 1 DAGs
[2023-12-19T10:30:16.846+0000] {logging_mixin.py:188} INFO - [2023-12-19T10:30:16.846+0000] {dag.py:3820} INFO - Setting next_dagrun for example_complex to None, run_after=None
[2023-12-19T10:30:16.856+0000] {processor.py:183} INFO - Processing /home/airflow/.local/lib/python3.8/site-packages/airflow/example_dags/example_complex.py took 0.043 seconds
[2023-12-19T10:30:47.719+0000] {processor.py:161} INFO - Started process (PID=1921) to work on /home/airflow/.local/lib/python3.8/site-packages/airflow/example_dags/example_complex.py
[2023-12-19T10:30:47.720+0000] {processor.py:830} INFO - Processing file /home/airflow/.local/lib/python3.8/site-packages/airflow/example_dags/example_complex.py for tasks to queue
[2023-12-19T10:30:47.721+0000] {logging_mixin.py:188} INFO - [2023-12-19T10:30:47.720+0000] {dagbag.py:538} INFO - Filling up the DagBag from /home/airflow/.local/lib/python3.8/site-packages/airflow/example_dags/example_complex.py
[2023-12-19T10:30:47.725+0000] {processor.py:840} INFO - DAG(s) 'example_complex' retrieved from /home/airflow/.local/lib/python3.8/site-packages/airflow/example_dags/example_complex.py
[2023-12-19T10:30:47.740+0000] {logging_mixin.py:188} INFO - [2023-12-19T10:30:47.740+0000] {dag.py:3033} INFO - Sync 1 DAGs
[2023-12-19T10:30:47.746+0000] {logging_mixin.py:188} INFO - [2023-12-19T10:30:47.746+0000] {dag.py:3820} INFO - Setting next_dagrun for example_complex to None, run_after=None
[2023-12-19T10:30:47.754+0000] {processor.py:183} INFO - Processing /home/airflow/.local/lib/python3.8/site-packages/airflow/example_dags/example_complex.py took 0.037 seconds
[2023-12-19T10:31:18.962+0000] {processor.py:161} INFO - Started process (PID=1976) to work on /home/airflow/.local/lib/python3.8/site-packages/airflow/example_dags/example_complex.py
[2023-12-19T10:31:18.963+0000] {processor.py:830} INFO - Processing file /home/airflow/.local/lib/python3.8/site-packages/airflow/example_dags/example_complex.py for tasks to queue
[2023-12-19T10:31:18.963+0000] {logging_mixin.py:188} INFO - [2023-12-19T10:31:18.963+0000] {dagbag.py:538} INFO - Filling up the DagBag from /home/airflow/.local/lib/python3.8/site-packages/airflow/example_dags/example_complex.py
[2023-12-19T10:31:18.968+0000] {processor.py:840} INFO - DAG(s) 'example_complex' retrieved from /home/airflow/.local/lib/python3.8/site-packages/airflow/example_dags/example_complex.py
[2023-12-19T10:31:18.985+0000] {logging_mixin.py:188} INFO - [2023-12-19T10:31:18.985+0000] {dag.py:3033} INFO - Sync 1 DAGs
[2023-12-19T10:31:18.992+0000] {logging_mixin.py:188} INFO - [2023-12-19T10:31:18.991+0000] {dag.py:3820} INFO - Setting next_dagrun for example_complex to None, run_after=None
[2023-12-19T10:31:19.001+0000] {processor.py:183} INFO - Processing /home/airflow/.local/lib/python3.8/site-packages/airflow/example_dags/example_complex.py took 0.041 seconds
[2023-12-19T10:31:49.110+0000] {processor.py:161} INFO - Started process (PID=2030) to work on /home/airflow/.local/lib/python3.8/site-packages/airflow/example_dags/example_complex.py
[2023-12-19T10:31:49.110+0000] {processor.py:830} INFO - Processing file /home/airflow/.local/lib/python3.8/site-packages/airflow/example_dags/example_complex.py for tasks to queue
[2023-12-19T10:31:49.111+0000] {logging_mixin.py:188} INFO - [2023-12-19T10:31:49.111+0000] {dagbag.py:538} INFO - Filling up the DagBag from /home/airflow/.local/lib/python3.8/site-packages/airflow/example_dags/example_complex.py
[2023-12-19T10:31:49.116+0000] {processor.py:840} INFO - DAG(s) 'example_complex' retrieved from /home/airflow/.local/lib/python3.8/site-packages/airflow/example_dags/example_complex.py
[2023-12-19T10:31:49.133+0000] {logging_mixin.py:188} INFO - [2023-12-19T10:31:49.133+0000] {dag.py:3033} INFO - Sync 1 DAGs
[2023-12-19T10:31:49.140+0000] {logging_mixin.py:188} INFO - [2023-12-19T10:31:49.140+0000] {dag.py:3820} INFO - Setting next_dagrun for example_complex to None, run_after=None
[2023-12-19T10:31:49.151+0000] {processor.py:183} INFO - Processing /home/airflow/.local/lib/python3.8/site-packages/airflow/example_dags/example_complex.py took 0.043 seconds
[2023-12-19T10:32:20.111+0000] {processor.py:161} INFO - Started process (PID=2084) to work on /home/airflow/.local/lib/python3.8/site-packages/airflow/example_dags/example_complex.py
[2023-12-19T10:32:20.112+0000] {processor.py:830} INFO - Processing file /home/airflow/.local/lib/python3.8/site-packages/airflow/example_dags/example_complex.py for tasks to queue
[2023-12-19T10:32:20.113+0000] {logging_mixin.py:188} INFO - [2023-12-19T10:32:20.112+0000] {dagbag.py:538} INFO - Filling up the DagBag from /home/airflow/.local/lib/python3.8/site-packages/airflow/example_dags/example_complex.py
[2023-12-19T10:32:20.118+0000] {processor.py:840} INFO - DAG(s) 'example_complex' retrieved from /home/airflow/.local/lib/python3.8/site-packages/airflow/example_dags/example_complex.py
[2023-12-19T10:32:20.135+0000] {logging_mixin.py:188} INFO - [2023-12-19T10:32:20.135+0000] {dag.py:3033} INFO - Sync 1 DAGs
[2023-12-19T10:32:20.146+0000] {logging_mixin.py:188} INFO - [2023-12-19T10:32:20.146+0000] {dag.py:3820} INFO - Setting next_dagrun for example_complex to None, run_after=None
[2023-12-19T10:32:20.157+0000] {processor.py:183} INFO - Processing /home/airflow/.local/lib/python3.8/site-packages/airflow/example_dags/example_complex.py took 0.048 seconds
[2023-12-19T10:32:50.459+0000] {processor.py:161} INFO - Started process (PID=2139) to work on /home/airflow/.local/lib/python3.8/site-packages/airflow/example_dags/example_complex.py
[2023-12-19T10:32:50.459+0000] {processor.py:830} INFO - Processing file /home/airflow/.local/lib/python3.8/site-packages/airflow/example_dags/example_complex.py for tasks to queue
[2023-12-19T10:32:50.460+0000] {logging_mixin.py:188} INFO - [2023-12-19T10:32:50.460+0000] {dagbag.py:538} INFO - Filling up the DagBag from /home/airflow/.local/lib/python3.8/site-packages/airflow/example_dags/example_complex.py
[2023-12-19T10:32:50.465+0000] {processor.py:840} INFO - DAG(s) 'example_complex' retrieved from /home/airflow/.local/lib/python3.8/site-packages/airflow/example_dags/example_complex.py
[2023-12-19T10:32:50.481+0000] {logging_mixin.py:188} INFO - [2023-12-19T10:32:50.481+0000] {dag.py:3033} INFO - Sync 1 DAGs
[2023-12-19T10:32:50.487+0000] {logging_mixin.py:188} INFO - [2023-12-19T10:32:50.487+0000] {dag.py:3820} INFO - Setting next_dagrun for example_complex to None, run_after=None
[2023-12-19T10:32:50.497+0000] {processor.py:183} INFO - Processing /home/airflow/.local/lib/python3.8/site-packages/airflow/example_dags/example_complex.py took 0.040 seconds
[2023-12-19T10:33:21.349+0000] {processor.py:161} INFO - Started process (PID=2194) to work on /home/airflow/.local/lib/python3.8/site-packages/airflow/example_dags/example_complex.py
[2023-12-19T10:33:21.350+0000] {processor.py:830} INFO - Processing file /home/airflow/.local/lib/python3.8/site-packages/airflow/example_dags/example_complex.py for tasks to queue
[2023-12-19T10:33:21.351+0000] {logging_mixin.py:188} INFO - [2023-12-19T10:33:21.351+0000] {dagbag.py:538} INFO - Filling up the DagBag from /home/airflow/.local/lib/python3.8/site-packages/airflow/example_dags/example_complex.py
[2023-12-19T10:33:21.356+0000] {processor.py:840} INFO - DAG(s) 'example_complex' retrieved from /home/airflow/.local/lib/python3.8/site-packages/airflow/example_dags/example_complex.py
[2023-12-19T10:33:21.379+0000] {logging_mixin.py:188} INFO - [2023-12-19T10:33:21.379+0000] {dag.py:3033} INFO - Sync 1 DAGs
[2023-12-19T10:33:21.387+0000] {logging_mixin.py:188} INFO - [2023-12-19T10:33:21.387+0000] {dag.py:3820} INFO - Setting next_dagrun for example_complex to None, run_after=None
[2023-12-19T10:33:21.399+0000] {processor.py:183} INFO - Processing /home/airflow/.local/lib/python3.8/site-packages/airflow/example_dags/example_complex.py took 0.051 seconds
[2023-12-19T10:33:52.075+0000] {processor.py:161} INFO - Started process (PID=2249) to work on /home/airflow/.local/lib/python3.8/site-packages/airflow/example_dags/example_complex.py
[2023-12-19T10:33:52.076+0000] {processor.py:830} INFO - Processing file /home/airflow/.local/lib/python3.8/site-packages/airflow/example_dags/example_complex.py for tasks to queue
[2023-12-19T10:33:52.077+0000] {logging_mixin.py:188} INFO - [2023-12-19T10:33:52.076+0000] {dagbag.py:538} INFO - Filling up the DagBag from /home/airflow/.local/lib/python3.8/site-packages/airflow/example_dags/example_complex.py
[2023-12-19T10:33:52.082+0000] {processor.py:840} INFO - DAG(s) 'example_complex' retrieved from /home/airflow/.local/lib/python3.8/site-packages/airflow/example_dags/example_complex.py
[2023-12-19T10:33:52.181+0000] {logging_mixin.py:188} INFO - [2023-12-19T10:33:52.181+0000] {dag.py:3033} INFO - Sync 1 DAGs
[2023-12-19T10:33:52.187+0000] {logging_mixin.py:188} INFO - [2023-12-19T10:33:52.187+0000] {dag.py:3820} INFO - Setting next_dagrun for example_complex to None, run_after=None
[2023-12-19T10:33:52.199+0000] {processor.py:183} INFO - Processing /home/airflow/.local/lib/python3.8/site-packages/airflow/example_dags/example_complex.py took 0.125 seconds
[2023-12-19T10:34:22.889+0000] {processor.py:161} INFO - Started process (PID=2304) to work on /home/airflow/.local/lib/python3.8/site-packages/airflow/example_dags/example_complex.py
[2023-12-19T10:34:22.889+0000] {processor.py:830} INFO - Processing file /home/airflow/.local/lib/python3.8/site-packages/airflow/example_dags/example_complex.py for tasks to queue
[2023-12-19T10:34:22.890+0000] {logging_mixin.py:188} INFO - [2023-12-19T10:34:22.890+0000] {dagbag.py:538} INFO - Filling up the DagBag from /home/airflow/.local/lib/python3.8/site-packages/airflow/example_dags/example_complex.py
[2023-12-19T10:34:22.895+0000] {processor.py:840} INFO - DAG(s) 'example_complex' retrieved from /home/airflow/.local/lib/python3.8/site-packages/airflow/example_dags/example_complex.py
[2023-12-19T10:34:22.911+0000] {logging_mixin.py:188} INFO - [2023-12-19T10:34:22.911+0000] {dag.py:3033} INFO - Sync 1 DAGs
[2023-12-19T10:34:22.997+0000] {logging_mixin.py:188} INFO - [2023-12-19T10:34:22.997+0000] {dag.py:3820} INFO - Setting next_dagrun for example_complex to None, run_after=None
[2023-12-19T10:34:23.007+0000] {processor.py:183} INFO - Processing /home/airflow/.local/lib/python3.8/site-packages/airflow/example_dags/example_complex.py took 0.120 seconds
[2023-12-19T10:34:53.173+0000] {processor.py:161} INFO - Started process (PID=2358) to work on /home/airflow/.local/lib/python3.8/site-packages/airflow/example_dags/example_complex.py
[2023-12-19T10:34:53.174+0000] {processor.py:830} INFO - Processing file /home/airflow/.local/lib/python3.8/site-packages/airflow/example_dags/example_complex.py for tasks to queue
[2023-12-19T10:34:53.175+0000] {logging_mixin.py:188} INFO - [2023-12-19T10:34:53.175+0000] {dagbag.py:538} INFO - Filling up the DagBag from /home/airflow/.local/lib/python3.8/site-packages/airflow/example_dags/example_complex.py
[2023-12-19T10:34:53.180+0000] {processor.py:840} INFO - DAG(s) 'example_complex' retrieved from /home/airflow/.local/lib/python3.8/site-packages/airflow/example_dags/example_complex.py
[2023-12-19T10:34:53.196+0000] {logging_mixin.py:188} INFO - [2023-12-19T10:34:53.196+0000] {dag.py:3033} INFO - Sync 1 DAGs
[2023-12-19T10:34:53.202+0000] {logging_mixin.py:188} INFO - [2023-12-19T10:34:53.202+0000] {dag.py:3820} INFO - Setting next_dagrun for example_complex to None, run_after=None
[2023-12-19T10:34:53.212+0000] {processor.py:183} INFO - Processing /home/airflow/.local/lib/python3.8/site-packages/airflow/example_dags/example_complex.py took 0.040 seconds
[2023-12-19T10:35:23.909+0000] {processor.py:161} INFO - Started process (PID=2413) to work on /home/airflow/.local/lib/python3.8/site-packages/airflow/example_dags/example_complex.py
[2023-12-19T10:35:23.909+0000] {processor.py:830} INFO - Processing file /home/airflow/.local/lib/python3.8/site-packages/airflow/example_dags/example_complex.py for tasks to queue
[2023-12-19T10:35:23.910+0000] {logging_mixin.py:188} INFO - [2023-12-19T10:35:23.910+0000] {dagbag.py:538} INFO - Filling up the DagBag from /home/airflow/.local/lib/python3.8/site-packages/airflow/example_dags/example_complex.py
[2023-12-19T10:35:23.915+0000] {processor.py:840} INFO - DAG(s) 'example_complex' retrieved from /home/airflow/.local/lib/python3.8/site-packages/airflow/example_dags/example_complex.py
[2023-12-19T10:35:23.930+0000] {logging_mixin.py:188} INFO - [2023-12-19T10:35:23.930+0000] {dag.py:3033} INFO - Sync 1 DAGs
[2023-12-19T10:35:23.936+0000] {logging_mixin.py:188} INFO - [2023-12-19T10:35:23.936+0000] {dag.py:3820} INFO - Setting next_dagrun for example_complex to None, run_after=None
[2023-12-19T10:35:23.944+0000] {processor.py:183} INFO - Processing /home/airflow/.local/lib/python3.8/site-packages/airflow/example_dags/example_complex.py took 0.036 seconds
[2023-12-19T10:35:54.432+0000] {processor.py:161} INFO - Started process (PID=2467) to work on /home/airflow/.local/lib/python3.8/site-packages/airflow/example_dags/example_complex.py
[2023-12-19T10:35:54.433+0000] {processor.py:830} INFO - Processing file /home/airflow/.local/lib/python3.8/site-packages/airflow/example_dags/example_complex.py for tasks to queue
[2023-12-19T10:35:54.434+0000] {logging_mixin.py:188} INFO - [2023-12-19T10:35:54.434+0000] {dagbag.py:538} INFO - Filling up the DagBag from /home/airflow/.local/lib/python3.8/site-packages/airflow/example_dags/example_complex.py
[2023-12-19T10:35:54.439+0000] {processor.py:840} INFO - DAG(s) 'example_complex' retrieved from /home/airflow/.local/lib/python3.8/site-packages/airflow/example_dags/example_complex.py
[2023-12-19T10:35:54.456+0000] {logging_mixin.py:188} INFO - [2023-12-19T10:35:54.455+0000] {dag.py:3033} INFO - Sync 1 DAGs
[2023-12-19T10:35:54.462+0000] {logging_mixin.py:188} INFO - [2023-12-19T10:35:54.462+0000] {dag.py:3820} INFO - Setting next_dagrun for example_complex to None, run_after=None
[2023-12-19T10:35:54.471+0000] {processor.py:183} INFO - Processing /home/airflow/.local/lib/python3.8/site-packages/airflow/example_dags/example_complex.py took 0.041 seconds
[2023-12-19T10:36:24.959+0000] {processor.py:161} INFO - Started process (PID=2521) to work on /home/airflow/.local/lib/python3.8/site-packages/airflow/example_dags/example_complex.py
[2023-12-19T10:36:24.959+0000] {processor.py:830} INFO - Processing file /home/airflow/.local/lib/python3.8/site-packages/airflow/example_dags/example_complex.py for tasks to queue
[2023-12-19T10:36:24.960+0000] {logging_mixin.py:188} INFO - [2023-12-19T10:36:24.960+0000] {dagbag.py:538} INFO - Filling up the DagBag from /home/airflow/.local/lib/python3.8/site-packages/airflow/example_dags/example_complex.py
[2023-12-19T10:36:24.966+0000] {processor.py:840} INFO - DAG(s) 'example_complex' retrieved from /home/airflow/.local/lib/python3.8/site-packages/airflow/example_dags/example_complex.py
[2023-12-19T10:36:24.983+0000] {logging_mixin.py:188} INFO - [2023-12-19T10:36:24.983+0000] {dag.py:3033} INFO - Sync 1 DAGs
[2023-12-19T10:36:24.989+0000] {logging_mixin.py:188} INFO - [2023-12-19T10:36:24.989+0000] {dag.py:3820} INFO - Setting next_dagrun for example_complex to None, run_after=None
[2023-12-19T10:36:24.999+0000] {processor.py:183} INFO - Processing /home/airflow/.local/lib/python3.8/site-packages/airflow/example_dags/example_complex.py took 0.042 seconds
[2023-12-19T10:36:55.475+0000] {processor.py:161} INFO - Started process (PID=2575) to work on /home/airflow/.local/lib/python3.8/site-packages/airflow/example_dags/example_complex.py
[2023-12-19T10:36:55.476+0000] {processor.py:830} INFO - Processing file /home/airflow/.local/lib/python3.8/site-packages/airflow/example_dags/example_complex.py for tasks to queue
[2023-12-19T10:36:55.477+0000] {logging_mixin.py:188} INFO - [2023-12-19T10:36:55.477+0000] {dagbag.py:538} INFO - Filling up the DagBag from /home/airflow/.local/lib/python3.8/site-packages/airflow/example_dags/example_complex.py
[2023-12-19T10:36:55.483+0000] {processor.py:840} INFO - DAG(s) 'example_complex' retrieved from /home/airflow/.local/lib/python3.8/site-packages/airflow/example_dags/example_complex.py
[2023-12-19T10:36:55.499+0000] {logging_mixin.py:188} INFO - [2023-12-19T10:36:55.499+0000] {dag.py:3033} INFO - Sync 1 DAGs
[2023-12-19T10:36:55.505+0000] {logging_mixin.py:188} INFO - [2023-12-19T10:36:55.505+0000] {dag.py:3820} INFO - Setting next_dagrun for example_complex to None, run_after=None
[2023-12-19T10:36:55.515+0000] {processor.py:183} INFO - Processing /home/airflow/.local/lib/python3.8/site-packages/airflow/example_dags/example_complex.py took 0.041 seconds
[2023-12-19T10:37:26.010+0000] {processor.py:161} INFO - Started process (PID=2630) to work on /home/airflow/.local/lib/python3.8/site-packages/airflow/example_dags/example_complex.py
[2023-12-19T10:37:26.011+0000] {processor.py:830} INFO - Processing file /home/airflow/.local/lib/python3.8/site-packages/airflow/example_dags/example_complex.py for tasks to queue
[2023-12-19T10:37:26.011+0000] {logging_mixin.py:188} INFO - [2023-12-19T10:37:26.011+0000] {dagbag.py:538} INFO - Filling up the DagBag from /home/airflow/.local/lib/python3.8/site-packages/airflow/example_dags/example_complex.py
[2023-12-19T10:37:26.016+0000] {processor.py:840} INFO - DAG(s) 'example_complex' retrieved from /home/airflow/.local/lib/python3.8/site-packages/airflow/example_dags/example_complex.py
[2023-12-19T10:37:26.032+0000] {logging_mixin.py:188} INFO - [2023-12-19T10:37:26.032+0000] {dag.py:3033} INFO - Sync 1 DAGs
[2023-12-19T10:37:26.038+0000] {logging_mixin.py:188} INFO - [2023-12-19T10:37:26.038+0000] {dag.py:3820} INFO - Setting next_dagrun for example_complex to None, run_after=None
[2023-12-19T10:37:26.047+0000] {processor.py:183} INFO - Processing /home/airflow/.local/lib/python3.8/site-packages/airflow/example_dags/example_complex.py took 0.038 seconds
[2023-12-19T10:37:56.474+0000] {processor.py:161} INFO - Started process (PID=2685) to work on /home/airflow/.local/lib/python3.8/site-packages/airflow/example_dags/example_complex.py
[2023-12-19T10:37:56.475+0000] {processor.py:830} INFO - Processing file /home/airflow/.local/lib/python3.8/site-packages/airflow/example_dags/example_complex.py for tasks to queue
[2023-12-19T10:37:56.476+0000] {logging_mixin.py:188} INFO - [2023-12-19T10:37:56.476+0000] {dagbag.py:538} INFO - Filling up the DagBag from /home/airflow/.local/lib/python3.8/site-packages/airflow/example_dags/example_complex.py
[2023-12-19T10:37:56.481+0000] {processor.py:840} INFO - DAG(s) 'example_complex' retrieved from /home/airflow/.local/lib/python3.8/site-packages/airflow/example_dags/example_complex.py
[2023-12-19T10:37:56.499+0000] {logging_mixin.py:188} INFO - [2023-12-19T10:37:56.498+0000] {dag.py:3033} INFO - Sync 1 DAGs
[2023-12-19T10:37:56.505+0000] {logging_mixin.py:188} INFO - [2023-12-19T10:37:56.505+0000] {dag.py:3820} INFO - Setting next_dagrun for example_complex to None, run_after=None
[2023-12-19T10:37:56.516+0000] {processor.py:183} INFO - Processing /home/airflow/.local/lib/python3.8/site-packages/airflow/example_dags/example_complex.py took 0.043 seconds
[2023-12-19T10:38:26.990+0000] {processor.py:161} INFO - Started process (PID=2740) to work on /home/airflow/.local/lib/python3.8/site-packages/airflow/example_dags/example_complex.py
[2023-12-19T10:38:26.990+0000] {processor.py:830} INFO - Processing file /home/airflow/.local/lib/python3.8/site-packages/airflow/example_dags/example_complex.py for tasks to queue
[2023-12-19T10:38:26.991+0000] {logging_mixin.py:188} INFO - [2023-12-19T10:38:26.991+0000] {dagbag.py:538} INFO - Filling up the DagBag from /home/airflow/.local/lib/python3.8/site-packages/airflow/example_dags/example_complex.py
[2023-12-19T10:38:27.000+0000] {processor.py:840} INFO - DAG(s) 'example_complex' retrieved from /home/airflow/.local/lib/python3.8/site-packages/airflow/example_dags/example_complex.py
[2023-12-19T10:38:27.023+0000] {logging_mixin.py:188} INFO - [2023-12-19T10:38:27.023+0000] {dag.py:3033} INFO - Sync 1 DAGs
[2023-12-19T10:38:27.030+0000] {logging_mixin.py:188} INFO - [2023-12-19T10:38:27.030+0000] {dag.py:3820} INFO - Setting next_dagrun for example_complex to None, run_after=None
[2023-12-19T10:38:27.041+0000] {processor.py:183} INFO - Processing /home/airflow/.local/lib/python3.8/site-packages/airflow/example_dags/example_complex.py took 0.054 seconds
[2023-12-19T10:38:57.484+0000] {processor.py:161} INFO - Started process (PID=2795) to work on /home/airflow/.local/lib/python3.8/site-packages/airflow/example_dags/example_complex.py
[2023-12-19T10:38:57.484+0000] {processor.py:830} INFO - Processing file /home/airflow/.local/lib/python3.8/site-packages/airflow/example_dags/example_complex.py for tasks to queue
[2023-12-19T10:38:57.485+0000] {logging_mixin.py:188} INFO - [2023-12-19T10:38:57.485+0000] {dagbag.py:538} INFO - Filling up the DagBag from /home/airflow/.local/lib/python3.8/site-packages/airflow/example_dags/example_complex.py
[2023-12-19T10:38:57.490+0000] {processor.py:840} INFO - DAG(s) 'example_complex' retrieved from /home/airflow/.local/lib/python3.8/site-packages/airflow/example_dags/example_complex.py
[2023-12-19T10:38:57.506+0000] {logging_mixin.py:188} INFO - [2023-12-19T10:38:57.506+0000] {dag.py:3033} INFO - Sync 1 DAGs
[2023-12-19T10:38:57.512+0000] {logging_mixin.py:188} INFO - [2023-12-19T10:38:57.512+0000] {dag.py:3820} INFO - Setting next_dagrun for example_complex to None, run_after=None
[2023-12-19T10:38:57.521+0000] {processor.py:183} INFO - Processing /home/airflow/.local/lib/python3.8/site-packages/airflow/example_dags/example_complex.py took 0.039 seconds
[2023-12-19T10:39:27.962+0000] {processor.py:161} INFO - Started process (PID=2850) to work on /home/airflow/.local/lib/python3.8/site-packages/airflow/example_dags/example_complex.py
[2023-12-19T10:39:27.962+0000] {processor.py:830} INFO - Processing file /home/airflow/.local/lib/python3.8/site-packages/airflow/example_dags/example_complex.py for tasks to queue
[2023-12-19T10:39:27.963+0000] {logging_mixin.py:188} INFO - [2023-12-19T10:39:27.963+0000] {dagbag.py:538} INFO - Filling up the DagBag from /home/airflow/.local/lib/python3.8/site-packages/airflow/example_dags/example_complex.py
[2023-12-19T10:39:27.969+0000] {processor.py:840} INFO - DAG(s) 'example_complex' retrieved from /home/airflow/.local/lib/python3.8/site-packages/airflow/example_dags/example_complex.py
[2023-12-19T10:39:27.986+0000] {logging_mixin.py:188} INFO - [2023-12-19T10:39:27.986+0000] {dag.py:3033} INFO - Sync 1 DAGs
[2023-12-19T10:39:27.994+0000] {logging_mixin.py:188} INFO - [2023-12-19T10:39:27.994+0000] {dag.py:3820} INFO - Setting next_dagrun for example_complex to None, run_after=None
[2023-12-19T10:39:28.005+0000] {processor.py:183} INFO - Processing /home/airflow/.local/lib/python3.8/site-packages/airflow/example_dags/example_complex.py took 0.045 seconds
[2023-12-19T10:39:58.599+0000] {processor.py:161} INFO - Started process (PID=2905) to work on /home/airflow/.local/lib/python3.8/site-packages/airflow/example_dags/example_complex.py
[2023-12-19T10:39:58.599+0000] {processor.py:830} INFO - Processing file /home/airflow/.local/lib/python3.8/site-packages/airflow/example_dags/example_complex.py for tasks to queue
[2023-12-19T10:39:58.600+0000] {logging_mixin.py:188} INFO - [2023-12-19T10:39:58.600+0000] {dagbag.py:538} INFO - Filling up the DagBag from /home/airflow/.local/lib/python3.8/site-packages/airflow/example_dags/example_complex.py
[2023-12-19T10:39:58.606+0000] {processor.py:840} INFO - DAG(s) 'example_complex' retrieved from /home/airflow/.local/lib/python3.8/site-packages/airflow/example_dags/example_complex.py
[2023-12-19T10:39:58.623+0000] {logging_mixin.py:188} INFO - [2023-12-19T10:39:58.622+0000] {dag.py:3033} INFO - Sync 1 DAGs
[2023-12-19T10:39:58.628+0000] {logging_mixin.py:188} INFO - [2023-12-19T10:39:58.628+0000] {dag.py:3820} INFO - Setting next_dagrun for example_complex to None, run_after=None
[2023-12-19T10:39:58.638+0000] {processor.py:183} INFO - Processing /home/airflow/.local/lib/python3.8/site-packages/airflow/example_dags/example_complex.py took 0.040 seconds
[2023-12-19T10:40:29.110+0000] {processor.py:161} INFO - Started process (PID=2966) to work on /home/airflow/.local/lib/python3.8/site-packages/airflow/example_dags/example_complex.py
[2023-12-19T10:40:29.110+0000] {processor.py:830} INFO - Processing file /home/airflow/.local/lib/python3.8/site-packages/airflow/example_dags/example_complex.py for tasks to queue
[2023-12-19T10:40:29.111+0000] {logging_mixin.py:188} INFO - [2023-12-19T10:40:29.111+0000] {dagbag.py:538} INFO - Filling up the DagBag from /home/airflow/.local/lib/python3.8/site-packages/airflow/example_dags/example_complex.py
[2023-12-19T10:40:29.117+0000] {processor.py:840} INFO - DAG(s) 'example_complex' retrieved from /home/airflow/.local/lib/python3.8/site-packages/airflow/example_dags/example_complex.py
[2023-12-19T10:40:29.133+0000] {logging_mixin.py:188} INFO - [2023-12-19T10:40:29.133+0000] {dag.py:3033} INFO - Sync 1 DAGs
[2023-12-19T10:40:29.139+0000] {logging_mixin.py:188} INFO - [2023-12-19T10:40:29.139+0000] {dag.py:3820} INFO - Setting next_dagrun for example_complex to None, run_after=None
[2023-12-19T10:40:29.147+0000] {processor.py:183} INFO - Processing /home/airflow/.local/lib/python3.8/site-packages/airflow/example_dags/example_complex.py took 0.039 seconds
[2023-12-19T10:40:59.628+0000] {processor.py:161} INFO - Started process (PID=3021) to work on /home/airflow/.local/lib/python3.8/site-packages/airflow/example_dags/example_complex.py
[2023-12-19T10:40:59.628+0000] {processor.py:830} INFO - Processing file /home/airflow/.local/lib/python3.8/site-packages/airflow/example_dags/example_complex.py for tasks to queue
[2023-12-19T10:40:59.629+0000] {logging_mixin.py:188} INFO - [2023-12-19T10:40:59.629+0000] {dagbag.py:538} INFO - Filling up the DagBag from /home/airflow/.local/lib/python3.8/site-packages/airflow/example_dags/example_complex.py
[2023-12-19T10:40:59.635+0000] {processor.py:840} INFO - DAG(s) 'example_complex' retrieved from /home/airflow/.local/lib/python3.8/site-packages/airflow/example_dags/example_complex.py
[2023-12-19T10:40:59.651+0000] {logging_mixin.py:188} INFO - [2023-12-19T10:40:59.651+0000] {dag.py:3033} INFO - Sync 1 DAGs
[2023-12-19T10:40:59.658+0000] {logging_mixin.py:188} INFO - [2023-12-19T10:40:59.658+0000] {dag.py:3820} INFO - Setting next_dagrun for example_complex to None, run_after=None
[2023-12-19T10:40:59.667+0000] {processor.py:183} INFO - Processing /home/airflow/.local/lib/python3.8/site-packages/airflow/example_dags/example_complex.py took 0.041 seconds
[2023-12-19T10:41:30.090+0000] {processor.py:161} INFO - Started process (PID=3076) to work on /home/airflow/.local/lib/python3.8/site-packages/airflow/example_dags/example_complex.py
[2023-12-19T10:41:30.091+0000] {processor.py:830} INFO - Processing file /home/airflow/.local/lib/python3.8/site-packages/airflow/example_dags/example_complex.py for tasks to queue
[2023-12-19T10:41:30.091+0000] {logging_mixin.py:188} INFO - [2023-12-19T10:41:30.091+0000] {dagbag.py:538} INFO - Filling up the DagBag from /home/airflow/.local/lib/python3.8/site-packages/airflow/example_dags/example_complex.py
[2023-12-19T10:41:30.096+0000] {processor.py:840} INFO - DAG(s) 'example_complex' retrieved from /home/airflow/.local/lib/python3.8/site-packages/airflow/example_dags/example_complex.py
[2023-12-19T10:41:30.111+0000] {logging_mixin.py:188} INFO - [2023-12-19T10:41:30.111+0000] {dag.py:3033} INFO - Sync 1 DAGs
[2023-12-19T10:41:30.118+0000] {logging_mixin.py:188} INFO - [2023-12-19T10:41:30.118+0000] {dag.py:3820} INFO - Setting next_dagrun for example_complex to None, run_after=None
[2023-12-19T10:41:30.128+0000] {processor.py:183} INFO - Processing /home/airflow/.local/lib/python3.8/site-packages/airflow/example_dags/example_complex.py took 0.040 seconds
[2023-12-19T10:42:00.603+0000] {processor.py:161} INFO - Started process (PID=3131) to work on /home/airflow/.local/lib/python3.8/site-packages/airflow/example_dags/example_complex.py
[2023-12-19T10:42:00.603+0000] {processor.py:830} INFO - Processing file /home/airflow/.local/lib/python3.8/site-packages/airflow/example_dags/example_complex.py for tasks to queue
[2023-12-19T10:42:00.604+0000] {logging_mixin.py:188} INFO - [2023-12-19T10:42:00.604+0000] {dagbag.py:538} INFO - Filling up the DagBag from /home/airflow/.local/lib/python3.8/site-packages/airflow/example_dags/example_complex.py
[2023-12-19T10:42:00.610+0000] {processor.py:840} INFO - DAG(s) 'example_complex' retrieved from /home/airflow/.local/lib/python3.8/site-packages/airflow/example_dags/example_complex.py
[2023-12-19T10:42:00.626+0000] {logging_mixin.py:188} INFO - [2023-12-19T10:42:00.626+0000] {dag.py:3033} INFO - Sync 1 DAGs
[2023-12-19T10:42:00.632+0000] {logging_mixin.py:188} INFO - [2023-12-19T10:42:00.632+0000] {dag.py:3820} INFO - Setting next_dagrun for example_complex to None, run_after=None
[2023-12-19T10:42:00.643+0000] {processor.py:183} INFO - Processing /home/airflow/.local/lib/python3.8/site-packages/airflow/example_dags/example_complex.py took 0.041 seconds
[2023-12-19T10:42:31.332+0000] {processor.py:161} INFO - Started process (PID=3186) to work on /home/airflow/.local/lib/python3.8/site-packages/airflow/example_dags/example_complex.py
[2023-12-19T10:42:31.333+0000] {processor.py:830} INFO - Processing file /home/airflow/.local/lib/python3.8/site-packages/airflow/example_dags/example_complex.py for tasks to queue
[2023-12-19T10:42:31.334+0000] {logging_mixin.py:188} INFO - [2023-12-19T10:42:31.334+0000] {dagbag.py:538} INFO - Filling up the DagBag from /home/airflow/.local/lib/python3.8/site-packages/airflow/example_dags/example_complex.py
[2023-12-19T10:42:31.339+0000] {processor.py:840} INFO - DAG(s) 'example_complex' retrieved from /home/airflow/.local/lib/python3.8/site-packages/airflow/example_dags/example_complex.py
[2023-12-19T10:42:31.357+0000] {logging_mixin.py:188} INFO - [2023-12-19T10:42:31.357+0000] {dag.py:3033} INFO - Sync 1 DAGs
[2023-12-19T10:42:31.364+0000] {logging_mixin.py:188} INFO - [2023-12-19T10:42:31.364+0000] {dag.py:3820} INFO - Setting next_dagrun for example_complex to None, run_after=None
[2023-12-19T10:42:31.375+0000] {processor.py:183} INFO - Processing /home/airflow/.local/lib/python3.8/site-packages/airflow/example_dags/example_complex.py took 0.045 seconds
[2023-12-19T10:43:01.976+0000] {processor.py:161} INFO - Started process (PID=3241) to work on /home/airflow/.local/lib/python3.8/site-packages/airflow/example_dags/example_complex.py
[2023-12-19T10:43:01.977+0000] {processor.py:830} INFO - Processing file /home/airflow/.local/lib/python3.8/site-packages/airflow/example_dags/example_complex.py for tasks to queue
[2023-12-19T10:43:01.978+0000] {logging_mixin.py:188} INFO - [2023-12-19T10:43:01.978+0000] {dagbag.py:538} INFO - Filling up the DagBag from /home/airflow/.local/lib/python3.8/site-packages/airflow/example_dags/example_complex.py
[2023-12-19T10:43:01.984+0000] {processor.py:840} INFO - DAG(s) 'example_complex' retrieved from /home/airflow/.local/lib/python3.8/site-packages/airflow/example_dags/example_complex.py
[2023-12-19T10:43:02.004+0000] {logging_mixin.py:188} INFO - [2023-12-19T10:43:02.004+0000] {dag.py:3033} INFO - Sync 1 DAGs
[2023-12-19T10:43:02.011+0000] {logging_mixin.py:188} INFO - [2023-12-19T10:43:02.011+0000] {dag.py:3820} INFO - Setting next_dagrun for example_complex to None, run_after=None
[2023-12-19T10:43:02.023+0000] {processor.py:183} INFO - Processing /home/airflow/.local/lib/python3.8/site-packages/airflow/example_dags/example_complex.py took 0.048 seconds
[2023-12-19T10:43:32.533+0000] {processor.py:161} INFO - Started process (PID=3295) to work on /home/airflow/.local/lib/python3.8/site-packages/airflow/example_dags/example_complex.py
[2023-12-19T10:43:32.533+0000] {processor.py:830} INFO - Processing file /home/airflow/.local/lib/python3.8/site-packages/airflow/example_dags/example_complex.py for tasks to queue
[2023-12-19T10:43:32.535+0000] {logging_mixin.py:188} INFO - [2023-12-19T10:43:32.534+0000] {dagbag.py:538} INFO - Filling up the DagBag from /home/airflow/.local/lib/python3.8/site-packages/airflow/example_dags/example_complex.py
[2023-12-19T10:43:32.541+0000] {processor.py:840} INFO - DAG(s) 'example_complex' retrieved from /home/airflow/.local/lib/python3.8/site-packages/airflow/example_dags/example_complex.py
[2023-12-19T10:43:32.559+0000] {logging_mixin.py:188} INFO - [2023-12-19T10:43:32.559+0000] {dag.py:3033} INFO - Sync 1 DAGs
[2023-12-19T10:43:32.565+0000] {logging_mixin.py:188} INFO - [2023-12-19T10:43:32.565+0000] {dag.py:3820} INFO - Setting next_dagrun for example_complex to None, run_after=None
[2023-12-19T10:43:32.576+0000] {processor.py:183} INFO - Processing /home/airflow/.local/lib/python3.8/site-packages/airflow/example_dags/example_complex.py took 0.045 seconds
[2023-12-19T10:44:03.087+0000] {processor.py:161} INFO - Started process (PID=3350) to work on /home/airflow/.local/lib/python3.8/site-packages/airflow/example_dags/example_complex.py
[2023-12-19T10:44:03.088+0000] {processor.py:830} INFO - Processing file /home/airflow/.local/lib/python3.8/site-packages/airflow/example_dags/example_complex.py for tasks to queue
[2023-12-19T10:44:03.088+0000] {logging_mixin.py:188} INFO - [2023-12-19T10:44:03.088+0000] {dagbag.py:538} INFO - Filling up the DagBag from /home/airflow/.local/lib/python3.8/site-packages/airflow/example_dags/example_complex.py
[2023-12-19T10:44:03.093+0000] {processor.py:840} INFO - DAG(s) 'example_complex' retrieved from /home/airflow/.local/lib/python3.8/site-packages/airflow/example_dags/example_complex.py
[2023-12-19T10:44:03.108+0000] {logging_mixin.py:188} INFO - [2023-12-19T10:44:03.108+0000] {dag.py:3033} INFO - Sync 1 DAGs
[2023-12-19T10:44:03.114+0000] {logging_mixin.py:188} INFO - [2023-12-19T10:44:03.114+0000] {dag.py:3820} INFO - Setting next_dagrun for example_complex to None, run_after=None
[2023-12-19T10:44:03.122+0000] {processor.py:183} INFO - Processing /home/airflow/.local/lib/python3.8/site-packages/airflow/example_dags/example_complex.py took 0.037 seconds
[2023-12-19T10:44:33.607+0000] {processor.py:161} INFO - Started process (PID=3405) to work on /home/airflow/.local/lib/python3.8/site-packages/airflow/example_dags/example_complex.py
[2023-12-19T10:44:33.607+0000] {processor.py:830} INFO - Processing file /home/airflow/.local/lib/python3.8/site-packages/airflow/example_dags/example_complex.py for tasks to queue
[2023-12-19T10:44:33.608+0000] {logging_mixin.py:188} INFO - [2023-12-19T10:44:33.608+0000] {dagbag.py:538} INFO - Filling up the DagBag from /home/airflow/.local/lib/python3.8/site-packages/airflow/example_dags/example_complex.py
[2023-12-19T10:44:33.613+0000] {processor.py:840} INFO - DAG(s) 'example_complex' retrieved from /home/airflow/.local/lib/python3.8/site-packages/airflow/example_dags/example_complex.py
[2023-12-19T10:44:33.631+0000] {logging_mixin.py:188} INFO - [2023-12-19T10:44:33.631+0000] {dag.py:3033} INFO - Sync 1 DAGs
[2023-12-19T10:44:33.638+0000] {logging_mixin.py:188} INFO - [2023-12-19T10:44:33.638+0000] {dag.py:3820} INFO - Setting next_dagrun for example_complex to None, run_after=None
[2023-12-19T10:44:33.648+0000] {processor.py:183} INFO - Processing /home/airflow/.local/lib/python3.8/site-packages/airflow/example_dags/example_complex.py took 0.042 seconds
