[2023-12-19T09:56:42.714+0000] {processor.py:161} INFO - Started process (PID=83) to work on /home/airflow/.local/lib/python3.8/site-packages/airflow/example_dags/tutorial.py
[2023-12-19T09:56:42.715+0000] {processor.py:830} INFO - Processing file /home/airflow/.local/lib/python3.8/site-packages/airflow/example_dags/tutorial.py for tasks to queue
[2023-12-19T09:56:42.717+0000] {logging_mixin.py:188} INFO - [2023-12-19T09:56:42.717+0000] {dagbag.py:538} INFO - Filling up the DagBag from /home/airflow/.local/lib/python3.8/site-packages/airflow/example_dags/tutorial.py
[2023-12-19T09:56:42.723+0000] {processor.py:840} INFO - DAG(s) 'tutorial' retrieved from /home/airflow/.local/lib/python3.8/site-packages/airflow/example_dags/tutorial.py
[2023-12-19T09:56:42.748+0000] {logging_mixin.py:188} INFO - [2023-12-19T09:56:42.747+0000] {dag.py:3033} INFO - Sync 1 DAGs
[2023-12-19T09:56:42.780+0000] {logging_mixin.py:188} INFO - [2023-12-19T09:56:42.779+0000] {dag.py:3820} INFO - Setting next_dagrun for tutorial to 2023-12-18T00:00:00+00:00, run_after=2023-12-19T00:00:00+00:00
[2023-12-19T09:56:42.812+0000] {processor.py:183} INFO - Processing /home/airflow/.local/lib/python3.8/site-packages/airflow/example_dags/tutorial.py took 0.100 seconds
[2023-12-19T09:57:13.853+0000] {processor.py:161} INFO - Started process (PID=138) to work on /home/airflow/.local/lib/python3.8/site-packages/airflow/example_dags/tutorial.py
[2023-12-19T09:57:13.853+0000] {processor.py:830} INFO - Processing file /home/airflow/.local/lib/python3.8/site-packages/airflow/example_dags/tutorial.py for tasks to queue
[2023-12-19T09:57:13.855+0000] {logging_mixin.py:188} INFO - [2023-12-19T09:57:13.855+0000] {dagbag.py:538} INFO - Filling up the DagBag from /home/airflow/.local/lib/python3.8/site-packages/airflow/example_dags/tutorial.py
[2023-12-19T09:57:13.860+0000] {processor.py:840} INFO - DAG(s) 'tutorial' retrieved from /home/airflow/.local/lib/python3.8/site-packages/airflow/example_dags/tutorial.py
[2023-12-19T09:57:13.957+0000] {logging_mixin.py:188} INFO - [2023-12-19T09:57:13.957+0000] {dag.py:3033} INFO - Sync 1 DAGs
[2023-12-19T09:57:13.976+0000] {logging_mixin.py:188} INFO - [2023-12-19T09:57:13.976+0000] {dag.py:3820} INFO - Setting next_dagrun for tutorial to 2023-12-18T00:00:00+00:00, run_after=2023-12-19T00:00:00+00:00
[2023-12-19T09:57:13.999+0000] {processor.py:183} INFO - Processing /home/airflow/.local/lib/python3.8/site-packages/airflow/example_dags/tutorial.py took 0.149 seconds
[2023-12-19T09:57:44.854+0000] {processor.py:161} INFO - Started process (PID=193) to work on /home/airflow/.local/lib/python3.8/site-packages/airflow/example_dags/tutorial.py
[2023-12-19T09:57:44.855+0000] {processor.py:830} INFO - Processing file /home/airflow/.local/lib/python3.8/site-packages/airflow/example_dags/tutorial.py for tasks to queue
[2023-12-19T09:57:44.856+0000] {logging_mixin.py:188} INFO - [2023-12-19T09:57:44.856+0000] {dagbag.py:538} INFO - Filling up the DagBag from /home/airflow/.local/lib/python3.8/site-packages/airflow/example_dags/tutorial.py
[2023-12-19T09:57:44.859+0000] {processor.py:840} INFO - DAG(s) 'tutorial' retrieved from /home/airflow/.local/lib/python3.8/site-packages/airflow/example_dags/tutorial.py
[2023-12-19T09:57:44.876+0000] {logging_mixin.py:188} INFO - [2023-12-19T09:57:44.875+0000] {dag.py:3033} INFO - Sync 1 DAGs
[2023-12-19T09:57:44.888+0000] {logging_mixin.py:188} INFO - [2023-12-19T09:57:44.888+0000] {dag.py:3820} INFO - Setting next_dagrun for tutorial to 2023-12-18T00:00:00+00:00, run_after=2023-12-19T00:00:00+00:00
[2023-12-19T09:57:44.900+0000] {processor.py:183} INFO - Processing /home/airflow/.local/lib/python3.8/site-packages/airflow/example_dags/tutorial.py took 0.048 seconds
[2023-12-19T09:58:15.408+0000] {processor.py:161} INFO - Started process (PID=248) to work on /home/airflow/.local/lib/python3.8/site-packages/airflow/example_dags/tutorial.py
[2023-12-19T09:58:15.409+0000] {processor.py:830} INFO - Processing file /home/airflow/.local/lib/python3.8/site-packages/airflow/example_dags/tutorial.py for tasks to queue
[2023-12-19T09:58:15.410+0000] {logging_mixin.py:188} INFO - [2023-12-19T09:58:15.410+0000] {dagbag.py:538} INFO - Filling up the DagBag from /home/airflow/.local/lib/python3.8/site-packages/airflow/example_dags/tutorial.py
[2023-12-19T09:58:15.413+0000] {processor.py:840} INFO - DAG(s) 'tutorial' retrieved from /home/airflow/.local/lib/python3.8/site-packages/airflow/example_dags/tutorial.py
[2023-12-19T09:58:15.428+0000] {logging_mixin.py:188} INFO - [2023-12-19T09:58:15.428+0000] {dag.py:3033} INFO - Sync 1 DAGs
[2023-12-19T09:58:15.444+0000] {logging_mixin.py:188} INFO - [2023-12-19T09:58:15.444+0000] {dag.py:3820} INFO - Setting next_dagrun for tutorial to 2023-12-18T00:00:00+00:00, run_after=2023-12-19T00:00:00+00:00
[2023-12-19T09:58:15.459+0000] {processor.py:183} INFO - Processing /home/airflow/.local/lib/python3.8/site-packages/airflow/example_dags/tutorial.py took 0.053 seconds
[2023-12-19T09:58:46.002+0000] {processor.py:161} INFO - Started process (PID=303) to work on /home/airflow/.local/lib/python3.8/site-packages/airflow/example_dags/tutorial.py
[2023-12-19T09:58:46.003+0000] {processor.py:830} INFO - Processing file /home/airflow/.local/lib/python3.8/site-packages/airflow/example_dags/tutorial.py for tasks to queue
[2023-12-19T09:58:46.004+0000] {logging_mixin.py:188} INFO - [2023-12-19T09:58:46.004+0000] {dagbag.py:538} INFO - Filling up the DagBag from /home/airflow/.local/lib/python3.8/site-packages/airflow/example_dags/tutorial.py
[2023-12-19T09:58:46.007+0000] {processor.py:840} INFO - DAG(s) 'tutorial' retrieved from /home/airflow/.local/lib/python3.8/site-packages/airflow/example_dags/tutorial.py
[2023-12-19T09:58:46.019+0000] {logging_mixin.py:188} INFO - [2023-12-19T09:58:46.019+0000] {dag.py:3033} INFO - Sync 1 DAGs
[2023-12-19T09:58:46.031+0000] {logging_mixin.py:188} INFO - [2023-12-19T09:58:46.031+0000] {dag.py:3820} INFO - Setting next_dagrun for tutorial to 2023-12-18T00:00:00+00:00, run_after=2023-12-19T00:00:00+00:00
[2023-12-19T09:58:46.041+0000] {processor.py:183} INFO - Processing /home/airflow/.local/lib/python3.8/site-packages/airflow/example_dags/tutorial.py took 0.041 seconds
[2023-12-19T09:59:16.567+0000] {processor.py:161} INFO - Started process (PID=357) to work on /home/airflow/.local/lib/python3.8/site-packages/airflow/example_dags/tutorial.py
[2023-12-19T09:59:16.567+0000] {processor.py:830} INFO - Processing file /home/airflow/.local/lib/python3.8/site-packages/airflow/example_dags/tutorial.py for tasks to queue
[2023-12-19T09:59:16.568+0000] {logging_mixin.py:188} INFO - [2023-12-19T09:59:16.568+0000] {dagbag.py:538} INFO - Filling up the DagBag from /home/airflow/.local/lib/python3.8/site-packages/airflow/example_dags/tutorial.py
[2023-12-19T09:59:16.571+0000] {processor.py:840} INFO - DAG(s) 'tutorial' retrieved from /home/airflow/.local/lib/python3.8/site-packages/airflow/example_dags/tutorial.py
[2023-12-19T09:59:16.582+0000] {logging_mixin.py:188} INFO - [2023-12-19T09:59:16.582+0000] {dag.py:3033} INFO - Sync 1 DAGs
[2023-12-19T09:59:16.593+0000] {logging_mixin.py:188} INFO - [2023-12-19T09:59:16.593+0000] {dag.py:3820} INFO - Setting next_dagrun for tutorial to 2023-12-18T00:00:00+00:00, run_after=2023-12-19T00:00:00+00:00
[2023-12-19T09:59:16.603+0000] {processor.py:183} INFO - Processing /home/airflow/.local/lib/python3.8/site-packages/airflow/example_dags/tutorial.py took 0.038 seconds
[2023-12-19T09:59:47.081+0000] {processor.py:161} INFO - Started process (PID=412) to work on /home/airflow/.local/lib/python3.8/site-packages/airflow/example_dags/tutorial.py
[2023-12-19T09:59:47.081+0000] {processor.py:830} INFO - Processing file /home/airflow/.local/lib/python3.8/site-packages/airflow/example_dags/tutorial.py for tasks to queue
[2023-12-19T09:59:47.082+0000] {logging_mixin.py:188} INFO - [2023-12-19T09:59:47.082+0000] {dagbag.py:538} INFO - Filling up the DagBag from /home/airflow/.local/lib/python3.8/site-packages/airflow/example_dags/tutorial.py
[2023-12-19T09:59:47.085+0000] {processor.py:840} INFO - DAG(s) 'tutorial' retrieved from /home/airflow/.local/lib/python3.8/site-packages/airflow/example_dags/tutorial.py
[2023-12-19T09:59:47.097+0000] {logging_mixin.py:188} INFO - [2023-12-19T09:59:47.097+0000] {dag.py:3033} INFO - Sync 1 DAGs
[2023-12-19T09:59:47.109+0000] {logging_mixin.py:188} INFO - [2023-12-19T09:59:47.109+0000] {dag.py:3820} INFO - Setting next_dagrun for tutorial to 2023-12-18T00:00:00+00:00, run_after=2023-12-19T00:00:00+00:00
[2023-12-19T09:59:47.118+0000] {processor.py:183} INFO - Processing /home/airflow/.local/lib/python3.8/site-packages/airflow/example_dags/tutorial.py took 0.039 seconds
[2023-12-19T10:00:17.620+0000] {processor.py:161} INFO - Started process (PID=467) to work on /home/airflow/.local/lib/python3.8/site-packages/airflow/example_dags/tutorial.py
[2023-12-19T10:00:17.620+0000] {processor.py:830} INFO - Processing file /home/airflow/.local/lib/python3.8/site-packages/airflow/example_dags/tutorial.py for tasks to queue
[2023-12-19T10:00:17.621+0000] {logging_mixin.py:188} INFO - [2023-12-19T10:00:17.621+0000] {dagbag.py:538} INFO - Filling up the DagBag from /home/airflow/.local/lib/python3.8/site-packages/airflow/example_dags/tutorial.py
[2023-12-19T10:00:17.624+0000] {processor.py:840} INFO - DAG(s) 'tutorial' retrieved from /home/airflow/.local/lib/python3.8/site-packages/airflow/example_dags/tutorial.py
[2023-12-19T10:00:17.636+0000] {logging_mixin.py:188} INFO - [2023-12-19T10:00:17.636+0000] {dag.py:3033} INFO - Sync 1 DAGs
[2023-12-19T10:00:17.647+0000] {logging_mixin.py:188} INFO - [2023-12-19T10:00:17.647+0000] {dag.py:3820} INFO - Setting next_dagrun for tutorial to 2023-12-18T00:00:00+00:00, run_after=2023-12-19T00:00:00+00:00
[2023-12-19T10:00:17.658+0000] {processor.py:183} INFO - Processing /home/airflow/.local/lib/python3.8/site-packages/airflow/example_dags/tutorial.py took 0.040 seconds
[2023-12-19T10:00:48.152+0000] {processor.py:161} INFO - Started process (PID=522) to work on /home/airflow/.local/lib/python3.8/site-packages/airflow/example_dags/tutorial.py
[2023-12-19T10:00:48.152+0000] {processor.py:830} INFO - Processing file /home/airflow/.local/lib/python3.8/site-packages/airflow/example_dags/tutorial.py for tasks to queue
[2023-12-19T10:00:48.153+0000] {logging_mixin.py:188} INFO - [2023-12-19T10:00:48.153+0000] {dagbag.py:538} INFO - Filling up the DagBag from /home/airflow/.local/lib/python3.8/site-packages/airflow/example_dags/tutorial.py
[2023-12-19T10:00:48.156+0000] {processor.py:840} INFO - DAG(s) 'tutorial' retrieved from /home/airflow/.local/lib/python3.8/site-packages/airflow/example_dags/tutorial.py
[2023-12-19T10:00:48.167+0000] {logging_mixin.py:188} INFO - [2023-12-19T10:00:48.167+0000] {dag.py:3033} INFO - Sync 1 DAGs
[2023-12-19T10:00:48.179+0000] {logging_mixin.py:188} INFO - [2023-12-19T10:00:48.179+0000] {dag.py:3820} INFO - Setting next_dagrun for tutorial to 2023-12-18T00:00:00+00:00, run_after=2023-12-19T00:00:00+00:00
[2023-12-19T10:00:48.189+0000] {processor.py:183} INFO - Processing /home/airflow/.local/lib/python3.8/site-packages/airflow/example_dags/tutorial.py took 0.040 seconds
[2023-12-19T10:01:18.803+0000] {processor.py:161} INFO - Started process (PID=576) to work on /home/airflow/.local/lib/python3.8/site-packages/airflow/example_dags/tutorial.py
[2023-12-19T10:01:18.804+0000] {processor.py:830} INFO - Processing file /home/airflow/.local/lib/python3.8/site-packages/airflow/example_dags/tutorial.py for tasks to queue
[2023-12-19T10:01:18.805+0000] {logging_mixin.py:188} INFO - [2023-12-19T10:01:18.805+0000] {dagbag.py:538} INFO - Filling up the DagBag from /home/airflow/.local/lib/python3.8/site-packages/airflow/example_dags/tutorial.py
[2023-12-19T10:01:18.809+0000] {processor.py:840} INFO - DAG(s) 'tutorial' retrieved from /home/airflow/.local/lib/python3.8/site-packages/airflow/example_dags/tutorial.py
[2023-12-19T10:01:18.823+0000] {logging_mixin.py:188} INFO - [2023-12-19T10:01:18.823+0000] {dag.py:3033} INFO - Sync 1 DAGs
[2023-12-19T10:01:18.837+0000] {logging_mixin.py:188} INFO - [2023-12-19T10:01:18.836+0000] {dag.py:3820} INFO - Setting next_dagrun for tutorial to 2023-12-18T00:00:00+00:00, run_after=2023-12-19T00:00:00+00:00
[2023-12-19T10:01:18.850+0000] {processor.py:183} INFO - Processing /home/airflow/.local/lib/python3.8/site-packages/airflow/example_dags/tutorial.py took 0.048 seconds
[2023-12-19T10:01:49.283+0000] {processor.py:161} INFO - Started process (PID=630) to work on /home/airflow/.local/lib/python3.8/site-packages/airflow/example_dags/tutorial.py
[2023-12-19T10:01:49.283+0000] {processor.py:830} INFO - Processing file /home/airflow/.local/lib/python3.8/site-packages/airflow/example_dags/tutorial.py for tasks to queue
[2023-12-19T10:01:49.284+0000] {logging_mixin.py:188} INFO - [2023-12-19T10:01:49.284+0000] {dagbag.py:538} INFO - Filling up the DagBag from /home/airflow/.local/lib/python3.8/site-packages/airflow/example_dags/tutorial.py
[2023-12-19T10:01:49.287+0000] {processor.py:840} INFO - DAG(s) 'tutorial' retrieved from /home/airflow/.local/lib/python3.8/site-packages/airflow/example_dags/tutorial.py
[2023-12-19T10:01:49.298+0000] {logging_mixin.py:188} INFO - [2023-12-19T10:01:49.298+0000] {dag.py:3033} INFO - Sync 1 DAGs
[2023-12-19T10:01:49.310+0000] {logging_mixin.py:188} INFO - [2023-12-19T10:01:49.310+0000] {dag.py:3820} INFO - Setting next_dagrun for tutorial to 2023-12-18T00:00:00+00:00, run_after=2023-12-19T00:00:00+00:00
[2023-12-19T10:01:49.320+0000] {processor.py:183} INFO - Processing /home/airflow/.local/lib/python3.8/site-packages/airflow/example_dags/tutorial.py took 0.039 seconds
[2023-12-19T10:02:19.728+0000] {processor.py:161} INFO - Started process (PID=685) to work on /home/airflow/.local/lib/python3.8/site-packages/airflow/example_dags/tutorial.py
[2023-12-19T10:02:19.728+0000] {processor.py:830} INFO - Processing file /home/airflow/.local/lib/python3.8/site-packages/airflow/example_dags/tutorial.py for tasks to queue
[2023-12-19T10:02:19.729+0000] {logging_mixin.py:188} INFO - [2023-12-19T10:02:19.729+0000] {dagbag.py:538} INFO - Filling up the DagBag from /home/airflow/.local/lib/python3.8/site-packages/airflow/example_dags/tutorial.py
[2023-12-19T10:02:19.732+0000] {processor.py:840} INFO - DAG(s) 'tutorial' retrieved from /home/airflow/.local/lib/python3.8/site-packages/airflow/example_dags/tutorial.py
[2023-12-19T10:02:19.743+0000] {logging_mixin.py:188} INFO - [2023-12-19T10:02:19.743+0000] {dag.py:3033} INFO - Sync 1 DAGs
[2023-12-19T10:02:19.756+0000] {logging_mixin.py:188} INFO - [2023-12-19T10:02:19.755+0000] {dag.py:3820} INFO - Setting next_dagrun for tutorial to 2023-12-18T00:00:00+00:00, run_after=2023-12-19T00:00:00+00:00
[2023-12-19T10:02:19.766+0000] {processor.py:183} INFO - Processing /home/airflow/.local/lib/python3.8/site-packages/airflow/example_dags/tutorial.py took 0.039 seconds
[2023-12-19T10:02:50.259+0000] {processor.py:161} INFO - Started process (PID=739) to work on /home/airflow/.local/lib/python3.8/site-packages/airflow/example_dags/tutorial.py
[2023-12-19T10:02:50.260+0000] {processor.py:830} INFO - Processing file /home/airflow/.local/lib/python3.8/site-packages/airflow/example_dags/tutorial.py for tasks to queue
[2023-12-19T10:02:50.261+0000] {logging_mixin.py:188} INFO - [2023-12-19T10:02:50.261+0000] {dagbag.py:538} INFO - Filling up the DagBag from /home/airflow/.local/lib/python3.8/site-packages/airflow/example_dags/tutorial.py
[2023-12-19T10:02:50.264+0000] {processor.py:840} INFO - DAG(s) 'tutorial' retrieved from /home/airflow/.local/lib/python3.8/site-packages/airflow/example_dags/tutorial.py
[2023-12-19T10:02:50.276+0000] {logging_mixin.py:188} INFO - [2023-12-19T10:02:50.276+0000] {dag.py:3033} INFO - Sync 1 DAGs
[2023-12-19T10:02:50.289+0000] {logging_mixin.py:188} INFO - [2023-12-19T10:02:50.289+0000] {dag.py:3820} INFO - Setting next_dagrun for tutorial to 2023-12-18T00:00:00+00:00, run_after=2023-12-19T00:00:00+00:00
[2023-12-19T10:02:50.301+0000] {processor.py:183} INFO - Processing /home/airflow/.local/lib/python3.8/site-packages/airflow/example_dags/tutorial.py took 0.043 seconds
[2023-12-19T10:03:20.850+0000] {processor.py:161} INFO - Started process (PID=794) to work on /home/airflow/.local/lib/python3.8/site-packages/airflow/example_dags/tutorial.py
[2023-12-19T10:03:20.850+0000] {processor.py:830} INFO - Processing file /home/airflow/.local/lib/python3.8/site-packages/airflow/example_dags/tutorial.py for tasks to queue
[2023-12-19T10:03:20.851+0000] {logging_mixin.py:188} INFO - [2023-12-19T10:03:20.851+0000] {dagbag.py:538} INFO - Filling up the DagBag from /home/airflow/.local/lib/python3.8/site-packages/airflow/example_dags/tutorial.py
[2023-12-19T10:03:20.854+0000] {processor.py:840} INFO - DAG(s) 'tutorial' retrieved from /home/airflow/.local/lib/python3.8/site-packages/airflow/example_dags/tutorial.py
[2023-12-19T10:03:20.865+0000] {logging_mixin.py:188} INFO - [2023-12-19T10:03:20.864+0000] {dag.py:3033} INFO - Sync 1 DAGs
[2023-12-19T10:03:20.877+0000] {logging_mixin.py:188} INFO - [2023-12-19T10:03:20.876+0000] {dag.py:3820} INFO - Setting next_dagrun for tutorial to 2023-12-18T00:00:00+00:00, run_after=2023-12-19T00:00:00+00:00
[2023-12-19T10:03:20.886+0000] {processor.py:183} INFO - Processing /home/airflow/.local/lib/python3.8/site-packages/airflow/example_dags/tutorial.py took 0.038 seconds
[2023-12-19T10:03:51.345+0000] {processor.py:161} INFO - Started process (PID=849) to work on /home/airflow/.local/lib/python3.8/site-packages/airflow/example_dags/tutorial.py
[2023-12-19T10:03:51.345+0000] {processor.py:830} INFO - Processing file /home/airflow/.local/lib/python3.8/site-packages/airflow/example_dags/tutorial.py for tasks to queue
[2023-12-19T10:03:51.346+0000] {logging_mixin.py:188} INFO - [2023-12-19T10:03:51.346+0000] {dagbag.py:538} INFO - Filling up the DagBag from /home/airflow/.local/lib/python3.8/site-packages/airflow/example_dags/tutorial.py
[2023-12-19T10:03:51.350+0000] {processor.py:840} INFO - DAG(s) 'tutorial' retrieved from /home/airflow/.local/lib/python3.8/site-packages/airflow/example_dags/tutorial.py
[2023-12-19T10:03:51.362+0000] {logging_mixin.py:188} INFO - [2023-12-19T10:03:51.362+0000] {dag.py:3033} INFO - Sync 1 DAGs
[2023-12-19T10:03:51.376+0000] {logging_mixin.py:188} INFO - [2023-12-19T10:03:51.376+0000] {dag.py:3820} INFO - Setting next_dagrun for tutorial to 2023-12-18T00:00:00+00:00, run_after=2023-12-19T00:00:00+00:00
[2023-12-19T10:03:51.387+0000] {processor.py:183} INFO - Processing /home/airflow/.local/lib/python3.8/site-packages/airflow/example_dags/tutorial.py took 0.044 seconds
[2023-12-19T10:04:21.863+0000] {processor.py:161} INFO - Started process (PID=904) to work on /home/airflow/.local/lib/python3.8/site-packages/airflow/example_dags/tutorial.py
[2023-12-19T10:04:21.863+0000] {processor.py:830} INFO - Processing file /home/airflow/.local/lib/python3.8/site-packages/airflow/example_dags/tutorial.py for tasks to queue
[2023-12-19T10:04:21.864+0000] {logging_mixin.py:188} INFO - [2023-12-19T10:04:21.864+0000] {dagbag.py:538} INFO - Filling up the DagBag from /home/airflow/.local/lib/python3.8/site-packages/airflow/example_dags/tutorial.py
[2023-12-19T10:04:21.867+0000] {processor.py:840} INFO - DAG(s) 'tutorial' retrieved from /home/airflow/.local/lib/python3.8/site-packages/airflow/example_dags/tutorial.py
[2023-12-19T10:04:21.878+0000] {logging_mixin.py:188} INFO - [2023-12-19T10:04:21.878+0000] {dag.py:3033} INFO - Sync 1 DAGs
[2023-12-19T10:04:21.891+0000] {logging_mixin.py:188} INFO - [2023-12-19T10:04:21.890+0000] {dag.py:3820} INFO - Setting next_dagrun for tutorial to 2023-12-18T00:00:00+00:00, run_after=2023-12-19T00:00:00+00:00
[2023-12-19T10:04:21.901+0000] {processor.py:183} INFO - Processing /home/airflow/.local/lib/python3.8/site-packages/airflow/example_dags/tutorial.py took 0.040 seconds
[2023-12-19T10:04:52.488+0000] {processor.py:161} INFO - Started process (PID=959) to work on /home/airflow/.local/lib/python3.8/site-packages/airflow/example_dags/tutorial.py
[2023-12-19T10:04:52.489+0000] {processor.py:830} INFO - Processing file /home/airflow/.local/lib/python3.8/site-packages/airflow/example_dags/tutorial.py for tasks to queue
[2023-12-19T10:04:52.490+0000] {logging_mixin.py:188} INFO - [2023-12-19T10:04:52.489+0000] {dagbag.py:538} INFO - Filling up the DagBag from /home/airflow/.local/lib/python3.8/site-packages/airflow/example_dags/tutorial.py
[2023-12-19T10:04:52.492+0000] {processor.py:840} INFO - DAG(s) 'tutorial' retrieved from /home/airflow/.local/lib/python3.8/site-packages/airflow/example_dags/tutorial.py
[2023-12-19T10:04:52.506+0000] {logging_mixin.py:188} INFO - [2023-12-19T10:04:52.506+0000] {dag.py:3033} INFO - Sync 1 DAGs
[2023-12-19T10:04:52.517+0000] {logging_mixin.py:188} INFO - [2023-12-19T10:04:52.517+0000] {dag.py:3820} INFO - Setting next_dagrun for tutorial to 2023-12-18T00:00:00+00:00, run_after=2023-12-19T00:00:00+00:00
[2023-12-19T10:04:52.527+0000] {processor.py:183} INFO - Processing /home/airflow/.local/lib/python3.8/site-packages/airflow/example_dags/tutorial.py took 0.041 seconds
[2023-12-19T10:14:31.567+0000] {processor.py:161} INFO - Started process (PID=173) to work on /home/airflow/.local/lib/python3.8/site-packages/airflow/example_dags/tutorial.py
[2023-12-19T10:14:31.568+0000] {processor.py:830} INFO - Processing file /home/airflow/.local/lib/python3.8/site-packages/airflow/example_dags/tutorial.py for tasks to queue
[2023-12-19T10:14:31.570+0000] {logging_mixin.py:188} INFO - [2023-12-19T10:14:31.569+0000] {dagbag.py:538} INFO - Filling up the DagBag from /home/airflow/.local/lib/python3.8/site-packages/airflow/example_dags/tutorial.py
[2023-12-19T10:14:31.575+0000] {processor.py:840} INFO - DAG(s) 'tutorial' retrieved from /home/airflow/.local/lib/python3.8/site-packages/airflow/example_dags/tutorial.py
[2023-12-19T10:14:31.706+0000] {logging_mixin.py:188} INFO - [2023-12-19T10:14:31.706+0000] {dag.py:3033} INFO - Sync 1 DAGs
[2023-12-19T10:14:31.726+0000] {logging_mixin.py:188} INFO - [2023-12-19T10:14:31.726+0000] {dag.py:3820} INFO - Setting next_dagrun for tutorial to 2023-12-18T00:00:00+00:00, run_after=2023-12-19T00:00:00+00:00
[2023-12-19T10:14:31.745+0000] {processor.py:183} INFO - Processing /home/airflow/.local/lib/python3.8/site-packages/airflow/example_dags/tutorial.py took 0.181 seconds
[2023-12-19T10:15:02.522+0000] {processor.py:161} INFO - Started process (PID=228) to work on /home/airflow/.local/lib/python3.8/site-packages/airflow/example_dags/tutorial.py
[2023-12-19T10:15:02.522+0000] {processor.py:830} INFO - Processing file /home/airflow/.local/lib/python3.8/site-packages/airflow/example_dags/tutorial.py for tasks to queue
[2023-12-19T10:15:02.523+0000] {logging_mixin.py:188} INFO - [2023-12-19T10:15:02.523+0000] {dagbag.py:538} INFO - Filling up the DagBag from /home/airflow/.local/lib/python3.8/site-packages/airflow/example_dags/tutorial.py
[2023-12-19T10:15:02.526+0000] {processor.py:840} INFO - DAG(s) 'tutorial' retrieved from /home/airflow/.local/lib/python3.8/site-packages/airflow/example_dags/tutorial.py
[2023-12-19T10:15:02.538+0000] {logging_mixin.py:188} INFO - [2023-12-19T10:15:02.538+0000] {dag.py:3033} INFO - Sync 1 DAGs
[2023-12-19T10:15:02.549+0000] {logging_mixin.py:188} INFO - [2023-12-19T10:15:02.549+0000] {dag.py:3820} INFO - Setting next_dagrun for tutorial to 2023-12-18T00:00:00+00:00, run_after=2023-12-19T00:00:00+00:00
[2023-12-19T10:15:02.559+0000] {processor.py:183} INFO - Processing /home/airflow/.local/lib/python3.8/site-packages/airflow/example_dags/tutorial.py took 0.039 seconds
[2023-12-19T10:15:33.068+0000] {processor.py:161} INFO - Started process (PID=282) to work on /home/airflow/.local/lib/python3.8/site-packages/airflow/example_dags/tutorial.py
[2023-12-19T10:15:33.068+0000] {processor.py:830} INFO - Processing file /home/airflow/.local/lib/python3.8/site-packages/airflow/example_dags/tutorial.py for tasks to queue
[2023-12-19T10:15:33.069+0000] {logging_mixin.py:188} INFO - [2023-12-19T10:15:33.069+0000] {dagbag.py:538} INFO - Filling up the DagBag from /home/airflow/.local/lib/python3.8/site-packages/airflow/example_dags/tutorial.py
[2023-12-19T10:15:33.072+0000] {processor.py:840} INFO - DAG(s) 'tutorial' retrieved from /home/airflow/.local/lib/python3.8/site-packages/airflow/example_dags/tutorial.py
[2023-12-19T10:15:33.083+0000] {logging_mixin.py:188} INFO - [2023-12-19T10:15:33.083+0000] {dag.py:3033} INFO - Sync 1 DAGs
[2023-12-19T10:15:33.094+0000] {logging_mixin.py:188} INFO - [2023-12-19T10:15:33.094+0000] {dag.py:3820} INFO - Setting next_dagrun for tutorial to 2023-12-18T00:00:00+00:00, run_after=2023-12-19T00:00:00+00:00
[2023-12-19T10:15:33.103+0000] {processor.py:183} INFO - Processing /home/airflow/.local/lib/python3.8/site-packages/airflow/example_dags/tutorial.py took 0.037 seconds
[2023-12-19T10:16:03.609+0000] {processor.py:161} INFO - Started process (PID=337) to work on /home/airflow/.local/lib/python3.8/site-packages/airflow/example_dags/tutorial.py
[2023-12-19T10:16:03.610+0000] {processor.py:830} INFO - Processing file /home/airflow/.local/lib/python3.8/site-packages/airflow/example_dags/tutorial.py for tasks to queue
[2023-12-19T10:16:03.610+0000] {logging_mixin.py:188} INFO - [2023-12-19T10:16:03.610+0000] {dagbag.py:538} INFO - Filling up the DagBag from /home/airflow/.local/lib/python3.8/site-packages/airflow/example_dags/tutorial.py
[2023-12-19T10:16:03.613+0000] {processor.py:840} INFO - DAG(s) 'tutorial' retrieved from /home/airflow/.local/lib/python3.8/site-packages/airflow/example_dags/tutorial.py
[2023-12-19T10:16:03.626+0000] {logging_mixin.py:188} INFO - [2023-12-19T10:16:03.626+0000] {dag.py:3033} INFO - Sync 1 DAGs
[2023-12-19T10:16:03.639+0000] {logging_mixin.py:188} INFO - [2023-12-19T10:16:03.639+0000] {dag.py:3820} INFO - Setting next_dagrun for tutorial to 2023-12-18T00:00:00+00:00, run_after=2023-12-19T00:00:00+00:00
[2023-12-19T10:16:03.649+0000] {processor.py:183} INFO - Processing /home/airflow/.local/lib/python3.8/site-packages/airflow/example_dags/tutorial.py took 0.041 seconds
[2023-12-19T10:16:33.982+0000] {processor.py:161} INFO - Started process (PID=392) to work on /home/airflow/.local/lib/python3.8/site-packages/airflow/example_dags/tutorial.py
[2023-12-19T10:16:33.983+0000] {processor.py:830} INFO - Processing file /home/airflow/.local/lib/python3.8/site-packages/airflow/example_dags/tutorial.py for tasks to queue
[2023-12-19T10:16:33.984+0000] {logging_mixin.py:188} INFO - [2023-12-19T10:16:33.983+0000] {dagbag.py:538} INFO - Filling up the DagBag from /home/airflow/.local/lib/python3.8/site-packages/airflow/example_dags/tutorial.py
[2023-12-19T10:16:33.986+0000] {processor.py:840} INFO - DAG(s) 'tutorial' retrieved from /home/airflow/.local/lib/python3.8/site-packages/airflow/example_dags/tutorial.py
[2023-12-19T10:16:33.998+0000] {logging_mixin.py:188} INFO - [2023-12-19T10:16:33.998+0000] {dag.py:3033} INFO - Sync 1 DAGs
[2023-12-19T10:16:34.010+0000] {logging_mixin.py:188} INFO - [2023-12-19T10:16:34.010+0000] {dag.py:3820} INFO - Setting next_dagrun for tutorial to 2023-12-18T00:00:00+00:00, run_after=2023-12-19T00:00:00+00:00
[2023-12-19T10:16:34.020+0000] {processor.py:183} INFO - Processing /home/airflow/.local/lib/python3.8/site-packages/airflow/example_dags/tutorial.py took 0.039 seconds
[2023-12-19T10:17:04.546+0000] {processor.py:161} INFO - Started process (PID=447) to work on /home/airflow/.local/lib/python3.8/site-packages/airflow/example_dags/tutorial.py
[2023-12-19T10:17:04.546+0000] {processor.py:830} INFO - Processing file /home/airflow/.local/lib/python3.8/site-packages/airflow/example_dags/tutorial.py for tasks to queue
[2023-12-19T10:17:04.547+0000] {logging_mixin.py:188} INFO - [2023-12-19T10:17:04.547+0000] {dagbag.py:538} INFO - Filling up the DagBag from /home/airflow/.local/lib/python3.8/site-packages/airflow/example_dags/tutorial.py
[2023-12-19T10:17:04.550+0000] {processor.py:840} INFO - DAG(s) 'tutorial' retrieved from /home/airflow/.local/lib/python3.8/site-packages/airflow/example_dags/tutorial.py
[2023-12-19T10:17:04.562+0000] {logging_mixin.py:188} INFO - [2023-12-19T10:17:04.562+0000] {dag.py:3033} INFO - Sync 1 DAGs
[2023-12-19T10:17:04.574+0000] {logging_mixin.py:188} INFO - [2023-12-19T10:17:04.574+0000] {dag.py:3820} INFO - Setting next_dagrun for tutorial to 2023-12-18T00:00:00+00:00, run_after=2023-12-19T00:00:00+00:00
[2023-12-19T10:17:04.586+0000] {processor.py:183} INFO - Processing /home/airflow/.local/lib/python3.8/site-packages/airflow/example_dags/tutorial.py took 0.041 seconds
[2023-12-19T10:17:35.029+0000] {processor.py:161} INFO - Started process (PID=502) to work on /home/airflow/.local/lib/python3.8/site-packages/airflow/example_dags/tutorial.py
[2023-12-19T10:17:35.030+0000] {processor.py:830} INFO - Processing file /home/airflow/.local/lib/python3.8/site-packages/airflow/example_dags/tutorial.py for tasks to queue
[2023-12-19T10:17:35.031+0000] {logging_mixin.py:188} INFO - [2023-12-19T10:17:35.031+0000] {dagbag.py:538} INFO - Filling up the DagBag from /home/airflow/.local/lib/python3.8/site-packages/airflow/example_dags/tutorial.py
[2023-12-19T10:17:35.034+0000] {processor.py:840} INFO - DAG(s) 'tutorial' retrieved from /home/airflow/.local/lib/python3.8/site-packages/airflow/example_dags/tutorial.py
[2023-12-19T10:17:35.045+0000] {logging_mixin.py:188} INFO - [2023-12-19T10:17:35.044+0000] {dag.py:3033} INFO - Sync 1 DAGs
[2023-12-19T10:17:35.055+0000] {logging_mixin.py:188} INFO - [2023-12-19T10:17:35.055+0000] {dag.py:3820} INFO - Setting next_dagrun for tutorial to 2023-12-18T00:00:00+00:00, run_after=2023-12-19T00:00:00+00:00
[2023-12-19T10:17:35.064+0000] {processor.py:183} INFO - Processing /home/airflow/.local/lib/python3.8/site-packages/airflow/example_dags/tutorial.py took 0.037 seconds
[2023-12-19T10:18:05.488+0000] {processor.py:161} INFO - Started process (PID=557) to work on /home/airflow/.local/lib/python3.8/site-packages/airflow/example_dags/tutorial.py
[2023-12-19T10:18:05.488+0000] {processor.py:830} INFO - Processing file /home/airflow/.local/lib/python3.8/site-packages/airflow/example_dags/tutorial.py for tasks to queue
[2023-12-19T10:18:05.489+0000] {logging_mixin.py:188} INFO - [2023-12-19T10:18:05.489+0000] {dagbag.py:538} INFO - Filling up the DagBag from /home/airflow/.local/lib/python3.8/site-packages/airflow/example_dags/tutorial.py
[2023-12-19T10:18:05.492+0000] {processor.py:840} INFO - DAG(s) 'tutorial' retrieved from /home/airflow/.local/lib/python3.8/site-packages/airflow/example_dags/tutorial.py
[2023-12-19T10:18:05.503+0000] {logging_mixin.py:188} INFO - [2023-12-19T10:18:05.503+0000] {dag.py:3033} INFO - Sync 1 DAGs
[2023-12-19T10:18:05.514+0000] {logging_mixin.py:188} INFO - [2023-12-19T10:18:05.514+0000] {dag.py:3820} INFO - Setting next_dagrun for tutorial to 2023-12-18T00:00:00+00:00, run_after=2023-12-19T00:00:00+00:00
[2023-12-19T10:18:05.525+0000] {processor.py:183} INFO - Processing /home/airflow/.local/lib/python3.8/site-packages/airflow/example_dags/tutorial.py took 0.039 seconds
[2023-12-19T10:18:35.945+0000] {processor.py:161} INFO - Started process (PID=611) to work on /home/airflow/.local/lib/python3.8/site-packages/airflow/example_dags/tutorial.py
[2023-12-19T10:18:35.946+0000] {processor.py:830} INFO - Processing file /home/airflow/.local/lib/python3.8/site-packages/airflow/example_dags/tutorial.py for tasks to queue
[2023-12-19T10:18:35.947+0000] {logging_mixin.py:188} INFO - [2023-12-19T10:18:35.947+0000] {dagbag.py:538} INFO - Filling up the DagBag from /home/airflow/.local/lib/python3.8/site-packages/airflow/example_dags/tutorial.py
[2023-12-19T10:18:35.950+0000] {processor.py:840} INFO - DAG(s) 'tutorial' retrieved from /home/airflow/.local/lib/python3.8/site-packages/airflow/example_dags/tutorial.py
[2023-12-19T10:18:35.962+0000] {logging_mixin.py:188} INFO - [2023-12-19T10:18:35.962+0000] {dag.py:3033} INFO - Sync 1 DAGs
[2023-12-19T10:18:35.974+0000] {logging_mixin.py:188} INFO - [2023-12-19T10:18:35.974+0000] {dag.py:3820} INFO - Setting next_dagrun for tutorial to 2023-12-18T00:00:00+00:00, run_after=2023-12-19T00:00:00+00:00
[2023-12-19T10:18:35.984+0000] {processor.py:183} INFO - Processing /home/airflow/.local/lib/python3.8/site-packages/airflow/example_dags/tutorial.py took 0.041 seconds
[2023-12-19T10:19:06.470+0000] {processor.py:161} INFO - Started process (PID=666) to work on /home/airflow/.local/lib/python3.8/site-packages/airflow/example_dags/tutorial.py
[2023-12-19T10:19:06.470+0000] {processor.py:830} INFO - Processing file /home/airflow/.local/lib/python3.8/site-packages/airflow/example_dags/tutorial.py for tasks to queue
[2023-12-19T10:19:06.471+0000] {logging_mixin.py:188} INFO - [2023-12-19T10:19:06.471+0000] {dagbag.py:538} INFO - Filling up the DagBag from /home/airflow/.local/lib/python3.8/site-packages/airflow/example_dags/tutorial.py
[2023-12-19T10:19:06.474+0000] {processor.py:840} INFO - DAG(s) 'tutorial' retrieved from /home/airflow/.local/lib/python3.8/site-packages/airflow/example_dags/tutorial.py
[2023-12-19T10:19:06.488+0000] {logging_mixin.py:188} INFO - [2023-12-19T10:19:06.488+0000] {dag.py:3033} INFO - Sync 1 DAGs
[2023-12-19T10:19:06.500+0000] {logging_mixin.py:188} INFO - [2023-12-19T10:19:06.499+0000] {dag.py:3820} INFO - Setting next_dagrun for tutorial to 2023-12-18T00:00:00+00:00, run_after=2023-12-19T00:00:00+00:00
[2023-12-19T10:19:06.511+0000] {processor.py:183} INFO - Processing /home/airflow/.local/lib/python3.8/site-packages/airflow/example_dags/tutorial.py took 0.043 seconds
[2023-12-19T10:19:36.985+0000] {processor.py:161} INFO - Started process (PID=721) to work on /home/airflow/.local/lib/python3.8/site-packages/airflow/example_dags/tutorial.py
[2023-12-19T10:19:36.986+0000] {processor.py:830} INFO - Processing file /home/airflow/.local/lib/python3.8/site-packages/airflow/example_dags/tutorial.py for tasks to queue
[2023-12-19T10:19:36.987+0000] {logging_mixin.py:188} INFO - [2023-12-19T10:19:36.987+0000] {dagbag.py:538} INFO - Filling up the DagBag from /home/airflow/.local/lib/python3.8/site-packages/airflow/example_dags/tutorial.py
[2023-12-19T10:19:36.989+0000] {processor.py:840} INFO - DAG(s) 'tutorial' retrieved from /home/airflow/.local/lib/python3.8/site-packages/airflow/example_dags/tutorial.py
[2023-12-19T10:19:37.002+0000] {logging_mixin.py:188} INFO - [2023-12-19T10:19:37.002+0000] {dag.py:3033} INFO - Sync 1 DAGs
[2023-12-19T10:19:37.013+0000] {logging_mixin.py:188} INFO - [2023-12-19T10:19:37.012+0000] {dag.py:3820} INFO - Setting next_dagrun for tutorial to 2023-12-18T00:00:00+00:00, run_after=2023-12-19T00:00:00+00:00
[2023-12-19T10:19:37.021+0000] {processor.py:183} INFO - Processing /home/airflow/.local/lib/python3.8/site-packages/airflow/example_dags/tutorial.py took 0.037 seconds
[2023-12-19T10:20:07.425+0000] {processor.py:161} INFO - Started process (PID=776) to work on /home/airflow/.local/lib/python3.8/site-packages/airflow/example_dags/tutorial.py
[2023-12-19T10:20:07.426+0000] {processor.py:830} INFO - Processing file /home/airflow/.local/lib/python3.8/site-packages/airflow/example_dags/tutorial.py for tasks to queue
[2023-12-19T10:20:07.427+0000] {logging_mixin.py:188} INFO - [2023-12-19T10:20:07.427+0000] {dagbag.py:538} INFO - Filling up the DagBag from /home/airflow/.local/lib/python3.8/site-packages/airflow/example_dags/tutorial.py
[2023-12-19T10:20:07.430+0000] {processor.py:840} INFO - DAG(s) 'tutorial' retrieved from /home/airflow/.local/lib/python3.8/site-packages/airflow/example_dags/tutorial.py
[2023-12-19T10:20:07.441+0000] {logging_mixin.py:188} INFO - [2023-12-19T10:20:07.441+0000] {dag.py:3033} INFO - Sync 1 DAGs
[2023-12-19T10:20:07.452+0000] {logging_mixin.py:188} INFO - [2023-12-19T10:20:07.452+0000] {dag.py:3820} INFO - Setting next_dagrun for tutorial to 2023-12-18T00:00:00+00:00, run_after=2023-12-19T00:00:00+00:00
[2023-12-19T10:20:07.462+0000] {processor.py:183} INFO - Processing /home/airflow/.local/lib/python3.8/site-packages/airflow/example_dags/tutorial.py took 0.038 seconds
[2023-12-19T10:20:37.881+0000] {processor.py:161} INFO - Started process (PID=831) to work on /home/airflow/.local/lib/python3.8/site-packages/airflow/example_dags/tutorial.py
[2023-12-19T10:20:37.882+0000] {processor.py:830} INFO - Processing file /home/airflow/.local/lib/python3.8/site-packages/airflow/example_dags/tutorial.py for tasks to queue
[2023-12-19T10:20:37.882+0000] {logging_mixin.py:188} INFO - [2023-12-19T10:20:37.882+0000] {dagbag.py:538} INFO - Filling up the DagBag from /home/airflow/.local/lib/python3.8/site-packages/airflow/example_dags/tutorial.py
[2023-12-19T10:20:37.885+0000] {processor.py:840} INFO - DAG(s) 'tutorial' retrieved from /home/airflow/.local/lib/python3.8/site-packages/airflow/example_dags/tutorial.py
[2023-12-19T10:20:37.896+0000] {logging_mixin.py:188} INFO - [2023-12-19T10:20:37.896+0000] {dag.py:3033} INFO - Sync 1 DAGs
[2023-12-19T10:20:37.908+0000] {logging_mixin.py:188} INFO - [2023-12-19T10:20:37.908+0000] {dag.py:3820} INFO - Setting next_dagrun for tutorial to 2023-12-18T00:00:00+00:00, run_after=2023-12-19T00:00:00+00:00
[2023-12-19T10:20:37.917+0000] {processor.py:183} INFO - Processing /home/airflow/.local/lib/python3.8/site-packages/airflow/example_dags/tutorial.py took 0.038 seconds
[2023-12-19T10:21:08.440+0000] {processor.py:161} INFO - Started process (PID=886) to work on /home/airflow/.local/lib/python3.8/site-packages/airflow/example_dags/tutorial.py
[2023-12-19T10:21:08.440+0000] {processor.py:830} INFO - Processing file /home/airflow/.local/lib/python3.8/site-packages/airflow/example_dags/tutorial.py for tasks to queue
[2023-12-19T10:21:08.441+0000] {logging_mixin.py:188} INFO - [2023-12-19T10:21:08.441+0000] {dagbag.py:538} INFO - Filling up the DagBag from /home/airflow/.local/lib/python3.8/site-packages/airflow/example_dags/tutorial.py
[2023-12-19T10:21:08.444+0000] {processor.py:840} INFO - DAG(s) 'tutorial' retrieved from /home/airflow/.local/lib/python3.8/site-packages/airflow/example_dags/tutorial.py
[2023-12-19T10:21:08.459+0000] {logging_mixin.py:188} INFO - [2023-12-19T10:21:08.459+0000] {dag.py:3033} INFO - Sync 1 DAGs
[2023-12-19T10:21:08.470+0000] {logging_mixin.py:188} INFO - [2023-12-19T10:21:08.470+0000] {dag.py:3820} INFO - Setting next_dagrun for tutorial to 2023-12-18T00:00:00+00:00, run_after=2023-12-19T00:00:00+00:00
[2023-12-19T10:21:08.480+0000] {processor.py:183} INFO - Processing /home/airflow/.local/lib/python3.8/site-packages/airflow/example_dags/tutorial.py took 0.042 seconds
[2023-12-19T10:21:38.914+0000] {processor.py:161} INFO - Started process (PID=941) to work on /home/airflow/.local/lib/python3.8/site-packages/airflow/example_dags/tutorial.py
[2023-12-19T10:21:38.915+0000] {processor.py:830} INFO - Processing file /home/airflow/.local/lib/python3.8/site-packages/airflow/example_dags/tutorial.py for tasks to queue
[2023-12-19T10:21:38.916+0000] {logging_mixin.py:188} INFO - [2023-12-19T10:21:38.915+0000] {dagbag.py:538} INFO - Filling up the DagBag from /home/airflow/.local/lib/python3.8/site-packages/airflow/example_dags/tutorial.py
[2023-12-19T10:21:38.919+0000] {processor.py:840} INFO - DAG(s) 'tutorial' retrieved from /home/airflow/.local/lib/python3.8/site-packages/airflow/example_dags/tutorial.py
[2023-12-19T10:21:38.932+0000] {logging_mixin.py:188} INFO - [2023-12-19T10:21:38.931+0000] {dag.py:3033} INFO - Sync 1 DAGs
[2023-12-19T10:21:38.943+0000] {logging_mixin.py:188} INFO - [2023-12-19T10:21:38.943+0000] {dag.py:3820} INFO - Setting next_dagrun for tutorial to 2023-12-18T00:00:00+00:00, run_after=2023-12-19T00:00:00+00:00
[2023-12-19T10:21:38.953+0000] {processor.py:183} INFO - Processing /home/airflow/.local/lib/python3.8/site-packages/airflow/example_dags/tutorial.py took 0.040 seconds
[2023-12-19T10:22:09.394+0000] {processor.py:161} INFO - Started process (PID=996) to work on /home/airflow/.local/lib/python3.8/site-packages/airflow/example_dags/tutorial.py
[2023-12-19T10:22:09.395+0000] {processor.py:830} INFO - Processing file /home/airflow/.local/lib/python3.8/site-packages/airflow/example_dags/tutorial.py for tasks to queue
[2023-12-19T10:22:09.396+0000] {logging_mixin.py:188} INFO - [2023-12-19T10:22:09.396+0000] {dagbag.py:538} INFO - Filling up the DagBag from /home/airflow/.local/lib/python3.8/site-packages/airflow/example_dags/tutorial.py
[2023-12-19T10:22:09.398+0000] {processor.py:840} INFO - DAG(s) 'tutorial' retrieved from /home/airflow/.local/lib/python3.8/site-packages/airflow/example_dags/tutorial.py
[2023-12-19T10:22:09.410+0000] {logging_mixin.py:188} INFO - [2023-12-19T10:22:09.410+0000] {dag.py:3033} INFO - Sync 1 DAGs
[2023-12-19T10:22:09.421+0000] {logging_mixin.py:188} INFO - [2023-12-19T10:22:09.421+0000] {dag.py:3820} INFO - Setting next_dagrun for tutorial to 2023-12-18T00:00:00+00:00, run_after=2023-12-19T00:00:00+00:00
[2023-12-19T10:22:09.431+0000] {processor.py:183} INFO - Processing /home/airflow/.local/lib/python3.8/site-packages/airflow/example_dags/tutorial.py took 0.038 seconds
[2023-12-19T10:22:39.871+0000] {processor.py:161} INFO - Started process (PID=1051) to work on /home/airflow/.local/lib/python3.8/site-packages/airflow/example_dags/tutorial.py
[2023-12-19T10:22:39.872+0000] {processor.py:830} INFO - Processing file /home/airflow/.local/lib/python3.8/site-packages/airflow/example_dags/tutorial.py for tasks to queue
[2023-12-19T10:22:39.873+0000] {logging_mixin.py:188} INFO - [2023-12-19T10:22:39.873+0000] {dagbag.py:538} INFO - Filling up the DagBag from /home/airflow/.local/lib/python3.8/site-packages/airflow/example_dags/tutorial.py
[2023-12-19T10:22:39.875+0000] {processor.py:840} INFO - DAG(s) 'tutorial' retrieved from /home/airflow/.local/lib/python3.8/site-packages/airflow/example_dags/tutorial.py
[2023-12-19T10:22:39.888+0000] {logging_mixin.py:188} INFO - [2023-12-19T10:22:39.888+0000] {dag.py:3033} INFO - Sync 1 DAGs
[2023-12-19T10:22:39.900+0000] {logging_mixin.py:188} INFO - [2023-12-19T10:22:39.900+0000] {dag.py:3820} INFO - Setting next_dagrun for tutorial to 2023-12-18T00:00:00+00:00, run_after=2023-12-19T00:00:00+00:00
[2023-12-19T10:22:39.910+0000] {processor.py:183} INFO - Processing /home/airflow/.local/lib/python3.8/site-packages/airflow/example_dags/tutorial.py took 0.040 seconds
[2023-12-19T10:23:10.353+0000] {processor.py:161} INFO - Started process (PID=1106) to work on /home/airflow/.local/lib/python3.8/site-packages/airflow/example_dags/tutorial.py
[2023-12-19T10:23:10.354+0000] {processor.py:830} INFO - Processing file /home/airflow/.local/lib/python3.8/site-packages/airflow/example_dags/tutorial.py for tasks to queue
[2023-12-19T10:23:10.354+0000] {logging_mixin.py:188} INFO - [2023-12-19T10:23:10.354+0000] {dagbag.py:538} INFO - Filling up the DagBag from /home/airflow/.local/lib/python3.8/site-packages/airflow/example_dags/tutorial.py
[2023-12-19T10:23:10.357+0000] {processor.py:840} INFO - DAG(s) 'tutorial' retrieved from /home/airflow/.local/lib/python3.8/site-packages/airflow/example_dags/tutorial.py
[2023-12-19T10:23:10.373+0000] {logging_mixin.py:188} INFO - [2023-12-19T10:23:10.373+0000] {dag.py:3033} INFO - Sync 1 DAGs
[2023-12-19T10:23:10.389+0000] {logging_mixin.py:188} INFO - [2023-12-19T10:23:10.389+0000] {dag.py:3820} INFO - Setting next_dagrun for tutorial to 2023-12-18T00:00:00+00:00, run_after=2023-12-19T00:00:00+00:00
[2023-12-19T10:23:10.400+0000] {processor.py:183} INFO - Processing /home/airflow/.local/lib/python3.8/site-packages/airflow/example_dags/tutorial.py took 0.049 seconds
[2023-12-19T10:23:40.898+0000] {processor.py:161} INFO - Started process (PID=1161) to work on /home/airflow/.local/lib/python3.8/site-packages/airflow/example_dags/tutorial.py
[2023-12-19T10:23:40.898+0000] {processor.py:830} INFO - Processing file /home/airflow/.local/lib/python3.8/site-packages/airflow/example_dags/tutorial.py for tasks to queue
[2023-12-19T10:23:40.899+0000] {logging_mixin.py:188} INFO - [2023-12-19T10:23:40.899+0000] {dagbag.py:538} INFO - Filling up the DagBag from /home/airflow/.local/lib/python3.8/site-packages/airflow/example_dags/tutorial.py
[2023-12-19T10:23:40.903+0000] {processor.py:840} INFO - DAG(s) 'tutorial' retrieved from /home/airflow/.local/lib/python3.8/site-packages/airflow/example_dags/tutorial.py
[2023-12-19T10:23:40.917+0000] {logging_mixin.py:188} INFO - [2023-12-19T10:23:40.916+0000] {dag.py:3033} INFO - Sync 1 DAGs
[2023-12-19T10:23:40.928+0000] {logging_mixin.py:188} INFO - [2023-12-19T10:23:40.928+0000] {dag.py:3820} INFO - Setting next_dagrun for tutorial to 2023-12-18T00:00:00+00:00, run_after=2023-12-19T00:00:00+00:00
[2023-12-19T10:23:40.937+0000] {processor.py:183} INFO - Processing /home/airflow/.local/lib/python3.8/site-packages/airflow/example_dags/tutorial.py took 0.041 seconds
[2023-12-19T10:24:11.405+0000] {processor.py:161} INFO - Started process (PID=1216) to work on /home/airflow/.local/lib/python3.8/site-packages/airflow/example_dags/tutorial.py
[2023-12-19T10:24:11.405+0000] {processor.py:830} INFO - Processing file /home/airflow/.local/lib/python3.8/site-packages/airflow/example_dags/tutorial.py for tasks to queue
[2023-12-19T10:24:11.406+0000] {logging_mixin.py:188} INFO - [2023-12-19T10:24:11.406+0000] {dagbag.py:538} INFO - Filling up the DagBag from /home/airflow/.local/lib/python3.8/site-packages/airflow/example_dags/tutorial.py
[2023-12-19T10:24:11.409+0000] {processor.py:840} INFO - DAG(s) 'tutorial' retrieved from /home/airflow/.local/lib/python3.8/site-packages/airflow/example_dags/tutorial.py
[2023-12-19T10:24:11.422+0000] {logging_mixin.py:188} INFO - [2023-12-19T10:24:11.422+0000] {dag.py:3033} INFO - Sync 1 DAGs
[2023-12-19T10:24:11.434+0000] {logging_mixin.py:188} INFO - [2023-12-19T10:24:11.433+0000] {dag.py:3820} INFO - Setting next_dagrun for tutorial to 2023-12-18T00:00:00+00:00, run_after=2023-12-19T00:00:00+00:00
[2023-12-19T10:24:11.447+0000] {processor.py:183} INFO - Processing /home/airflow/.local/lib/python3.8/site-packages/airflow/example_dags/tutorial.py took 0.044 seconds
[2023-12-19T10:24:41.950+0000] {processor.py:161} INFO - Started process (PID=1271) to work on /home/airflow/.local/lib/python3.8/site-packages/airflow/example_dags/tutorial.py
[2023-12-19T10:24:41.951+0000] {processor.py:830} INFO - Processing file /home/airflow/.local/lib/python3.8/site-packages/airflow/example_dags/tutorial.py for tasks to queue
[2023-12-19T10:24:41.951+0000] {logging_mixin.py:188} INFO - [2023-12-19T10:24:41.951+0000] {dagbag.py:538} INFO - Filling up the DagBag from /home/airflow/.local/lib/python3.8/site-packages/airflow/example_dags/tutorial.py
[2023-12-19T10:24:41.954+0000] {processor.py:840} INFO - DAG(s) 'tutorial' retrieved from /home/airflow/.local/lib/python3.8/site-packages/airflow/example_dags/tutorial.py
[2023-12-19T10:24:41.966+0000] {logging_mixin.py:188} INFO - [2023-12-19T10:24:41.966+0000] {dag.py:3033} INFO - Sync 1 DAGs
[2023-12-19T10:24:41.977+0000] {logging_mixin.py:188} INFO - [2023-12-19T10:24:41.977+0000] {dag.py:3820} INFO - Setting next_dagrun for tutorial to 2023-12-18T00:00:00+00:00, run_after=2023-12-19T00:00:00+00:00
[2023-12-19T10:24:41.989+0000] {processor.py:183} INFO - Processing /home/airflow/.local/lib/python3.8/site-packages/airflow/example_dags/tutorial.py took 0.041 seconds
[2023-12-19T10:25:12.455+0000] {processor.py:161} INFO - Started process (PID=1326) to work on /home/airflow/.local/lib/python3.8/site-packages/airflow/example_dags/tutorial.py
[2023-12-19T10:25:12.455+0000] {processor.py:830} INFO - Processing file /home/airflow/.local/lib/python3.8/site-packages/airflow/example_dags/tutorial.py for tasks to queue
[2023-12-19T10:25:12.456+0000] {logging_mixin.py:188} INFO - [2023-12-19T10:25:12.456+0000] {dagbag.py:538} INFO - Filling up the DagBag from /home/airflow/.local/lib/python3.8/site-packages/airflow/example_dags/tutorial.py
[2023-12-19T10:25:12.459+0000] {processor.py:840} INFO - DAG(s) 'tutorial' retrieved from /home/airflow/.local/lib/python3.8/site-packages/airflow/example_dags/tutorial.py
[2023-12-19T10:25:12.471+0000] {logging_mixin.py:188} INFO - [2023-12-19T10:25:12.471+0000] {dag.py:3033} INFO - Sync 1 DAGs
[2023-12-19T10:25:12.482+0000] {logging_mixin.py:188} INFO - [2023-12-19T10:25:12.482+0000] {dag.py:3820} INFO - Setting next_dagrun for tutorial to 2023-12-18T00:00:00+00:00, run_after=2023-12-19T00:00:00+00:00
[2023-12-19T10:25:12.493+0000] {processor.py:183} INFO - Processing /home/airflow/.local/lib/python3.8/site-packages/airflow/example_dags/tutorial.py took 0.040 seconds
[2023-12-19T10:25:43.019+0000] {processor.py:161} INFO - Started process (PID=1380) to work on /home/airflow/.local/lib/python3.8/site-packages/airflow/example_dags/tutorial.py
[2023-12-19T10:25:43.019+0000] {processor.py:830} INFO - Processing file /home/airflow/.local/lib/python3.8/site-packages/airflow/example_dags/tutorial.py for tasks to queue
[2023-12-19T10:25:43.020+0000] {logging_mixin.py:188} INFO - [2023-12-19T10:25:43.020+0000] {dagbag.py:538} INFO - Filling up the DagBag from /home/airflow/.local/lib/python3.8/site-packages/airflow/example_dags/tutorial.py
[2023-12-19T10:25:43.024+0000] {processor.py:840} INFO - DAG(s) 'tutorial' retrieved from /home/airflow/.local/lib/python3.8/site-packages/airflow/example_dags/tutorial.py
[2023-12-19T10:25:43.037+0000] {logging_mixin.py:188} INFO - [2023-12-19T10:25:43.037+0000] {dag.py:3033} INFO - Sync 1 DAGs
[2023-12-19T10:25:43.050+0000] {logging_mixin.py:188} INFO - [2023-12-19T10:25:43.050+0000] {dag.py:3820} INFO - Setting next_dagrun for tutorial to 2023-12-18T00:00:00+00:00, run_after=2023-12-19T00:00:00+00:00
[2023-12-19T10:25:43.061+0000] {processor.py:183} INFO - Processing /home/airflow/.local/lib/python3.8/site-packages/airflow/example_dags/tutorial.py took 0.044 seconds
[2023-12-19T10:26:13.525+0000] {processor.py:161} INFO - Started process (PID=1435) to work on /home/airflow/.local/lib/python3.8/site-packages/airflow/example_dags/tutorial.py
[2023-12-19T10:26:13.525+0000] {processor.py:830} INFO - Processing file /home/airflow/.local/lib/python3.8/site-packages/airflow/example_dags/tutorial.py for tasks to queue
[2023-12-19T10:26:13.526+0000] {logging_mixin.py:188} INFO - [2023-12-19T10:26:13.526+0000] {dagbag.py:538} INFO - Filling up the DagBag from /home/airflow/.local/lib/python3.8/site-packages/airflow/example_dags/tutorial.py
[2023-12-19T10:26:13.529+0000] {processor.py:840} INFO - DAG(s) 'tutorial' retrieved from /home/airflow/.local/lib/python3.8/site-packages/airflow/example_dags/tutorial.py
[2023-12-19T10:26:13.540+0000] {logging_mixin.py:188} INFO - [2023-12-19T10:26:13.540+0000] {dag.py:3033} INFO - Sync 1 DAGs
[2023-12-19T10:26:13.551+0000] {logging_mixin.py:188} INFO - [2023-12-19T10:26:13.551+0000] {dag.py:3820} INFO - Setting next_dagrun for tutorial to 2023-12-18T00:00:00+00:00, run_after=2023-12-19T00:00:00+00:00
[2023-12-19T10:26:13.559+0000] {processor.py:183} INFO - Processing /home/airflow/.local/lib/python3.8/site-packages/airflow/example_dags/tutorial.py took 0.036 seconds
[2023-12-19T10:26:44.087+0000] {processor.py:161} INFO - Started process (PID=1490) to work on /home/airflow/.local/lib/python3.8/site-packages/airflow/example_dags/tutorial.py
[2023-12-19T10:26:44.087+0000] {processor.py:830} INFO - Processing file /home/airflow/.local/lib/python3.8/site-packages/airflow/example_dags/tutorial.py for tasks to queue
[2023-12-19T10:26:44.089+0000] {logging_mixin.py:188} INFO - [2023-12-19T10:26:44.088+0000] {dagbag.py:538} INFO - Filling up the DagBag from /home/airflow/.local/lib/python3.8/site-packages/airflow/example_dags/tutorial.py
[2023-12-19T10:26:44.092+0000] {processor.py:840} INFO - DAG(s) 'tutorial' retrieved from /home/airflow/.local/lib/python3.8/site-packages/airflow/example_dags/tutorial.py
[2023-12-19T10:26:44.103+0000] {logging_mixin.py:188} INFO - [2023-12-19T10:26:44.103+0000] {dag.py:3033} INFO - Sync 1 DAGs
[2023-12-19T10:26:44.113+0000] {logging_mixin.py:188} INFO - [2023-12-19T10:26:44.113+0000] {dag.py:3820} INFO - Setting next_dagrun for tutorial to 2023-12-18T00:00:00+00:00, run_after=2023-12-19T00:00:00+00:00
[2023-12-19T10:26:44.123+0000] {processor.py:183} INFO - Processing /home/airflow/.local/lib/python3.8/site-packages/airflow/example_dags/tutorial.py took 0.038 seconds
[2023-12-19T10:27:14.581+0000] {processor.py:161} INFO - Started process (PID=1545) to work on /home/airflow/.local/lib/python3.8/site-packages/airflow/example_dags/tutorial.py
[2023-12-19T10:27:14.581+0000] {processor.py:830} INFO - Processing file /home/airflow/.local/lib/python3.8/site-packages/airflow/example_dags/tutorial.py for tasks to queue
[2023-12-19T10:27:14.582+0000] {logging_mixin.py:188} INFO - [2023-12-19T10:27:14.582+0000] {dagbag.py:538} INFO - Filling up the DagBag from /home/airflow/.local/lib/python3.8/site-packages/airflow/example_dags/tutorial.py
[2023-12-19T10:27:14.585+0000] {processor.py:840} INFO - DAG(s) 'tutorial' retrieved from /home/airflow/.local/lib/python3.8/site-packages/airflow/example_dags/tutorial.py
[2023-12-19T10:27:14.597+0000] {logging_mixin.py:188} INFO - [2023-12-19T10:27:14.597+0000] {dag.py:3033} INFO - Sync 1 DAGs
[2023-12-19T10:27:14.608+0000] {logging_mixin.py:188} INFO - [2023-12-19T10:27:14.608+0000] {dag.py:3820} INFO - Setting next_dagrun for tutorial to 2023-12-18T00:00:00+00:00, run_after=2023-12-19T00:00:00+00:00
[2023-12-19T10:27:14.618+0000] {processor.py:183} INFO - Processing /home/airflow/.local/lib/python3.8/site-packages/airflow/example_dags/tutorial.py took 0.039 seconds
[2023-12-19T10:27:45.151+0000] {processor.py:161} INFO - Started process (PID=1600) to work on /home/airflow/.local/lib/python3.8/site-packages/airflow/example_dags/tutorial.py
[2023-12-19T10:27:45.152+0000] {processor.py:830} INFO - Processing file /home/airflow/.local/lib/python3.8/site-packages/airflow/example_dags/tutorial.py for tasks to queue
[2023-12-19T10:27:45.153+0000] {logging_mixin.py:188} INFO - [2023-12-19T10:27:45.153+0000] {dagbag.py:538} INFO - Filling up the DagBag from /home/airflow/.local/lib/python3.8/site-packages/airflow/example_dags/tutorial.py
[2023-12-19T10:27:45.156+0000] {processor.py:840} INFO - DAG(s) 'tutorial' retrieved from /home/airflow/.local/lib/python3.8/site-packages/airflow/example_dags/tutorial.py
[2023-12-19T10:27:45.167+0000] {logging_mixin.py:188} INFO - [2023-12-19T10:27:45.167+0000] {dag.py:3033} INFO - Sync 1 DAGs
[2023-12-19T10:27:45.178+0000] {logging_mixin.py:188} INFO - [2023-12-19T10:27:45.177+0000] {dag.py:3820} INFO - Setting next_dagrun for tutorial to 2023-12-18T00:00:00+00:00, run_after=2023-12-19T00:00:00+00:00
[2023-12-19T10:27:45.187+0000] {processor.py:183} INFO - Processing /home/airflow/.local/lib/python3.8/site-packages/airflow/example_dags/tutorial.py took 0.037 seconds
[2023-12-19T10:28:15.638+0000] {processor.py:161} INFO - Started process (PID=1654) to work on /home/airflow/.local/lib/python3.8/site-packages/airflow/example_dags/tutorial.py
[2023-12-19T10:28:15.639+0000] {processor.py:830} INFO - Processing file /home/airflow/.local/lib/python3.8/site-packages/airflow/example_dags/tutorial.py for tasks to queue
[2023-12-19T10:28:15.639+0000] {logging_mixin.py:188} INFO - [2023-12-19T10:28:15.639+0000] {dagbag.py:538} INFO - Filling up the DagBag from /home/airflow/.local/lib/python3.8/site-packages/airflow/example_dags/tutorial.py
[2023-12-19T10:28:15.642+0000] {processor.py:840} INFO - DAG(s) 'tutorial' retrieved from /home/airflow/.local/lib/python3.8/site-packages/airflow/example_dags/tutorial.py
[2023-12-19T10:28:15.654+0000] {logging_mixin.py:188} INFO - [2023-12-19T10:28:15.654+0000] {dag.py:3033} INFO - Sync 1 DAGs
[2023-12-19T10:28:15.664+0000] {logging_mixin.py:188} INFO - [2023-12-19T10:28:15.664+0000] {dag.py:3820} INFO - Setting next_dagrun for tutorial to 2023-12-18T00:00:00+00:00, run_after=2023-12-19T00:00:00+00:00
[2023-12-19T10:28:15.674+0000] {processor.py:183} INFO - Processing /home/airflow/.local/lib/python3.8/site-packages/airflow/example_dags/tutorial.py took 0.038 seconds
[2023-12-19T10:28:46.158+0000] {processor.py:161} INFO - Started process (PID=1709) to work on /home/airflow/.local/lib/python3.8/site-packages/airflow/example_dags/tutorial.py
[2023-12-19T10:28:46.158+0000] {processor.py:830} INFO - Processing file /home/airflow/.local/lib/python3.8/site-packages/airflow/example_dags/tutorial.py for tasks to queue
[2023-12-19T10:28:46.159+0000] {logging_mixin.py:188} INFO - [2023-12-19T10:28:46.159+0000] {dagbag.py:538} INFO - Filling up the DagBag from /home/airflow/.local/lib/python3.8/site-packages/airflow/example_dags/tutorial.py
[2023-12-19T10:28:46.162+0000] {processor.py:840} INFO - DAG(s) 'tutorial' retrieved from /home/airflow/.local/lib/python3.8/site-packages/airflow/example_dags/tutorial.py
[2023-12-19T10:28:46.173+0000] {logging_mixin.py:188} INFO - [2023-12-19T10:28:46.173+0000] {dag.py:3033} INFO - Sync 1 DAGs
[2023-12-19T10:28:46.184+0000] {logging_mixin.py:188} INFO - [2023-12-19T10:28:46.183+0000] {dag.py:3820} INFO - Setting next_dagrun for tutorial to 2023-12-18T00:00:00+00:00, run_after=2023-12-19T00:00:00+00:00
[2023-12-19T10:28:46.193+0000] {processor.py:183} INFO - Processing /home/airflow/.local/lib/python3.8/site-packages/airflow/example_dags/tutorial.py took 0.037 seconds
[2023-12-19T10:29:16.820+0000] {processor.py:161} INFO - Started process (PID=1764) to work on /home/airflow/.local/lib/python3.8/site-packages/airflow/example_dags/tutorial.py
[2023-12-19T10:29:16.821+0000] {processor.py:830} INFO - Processing file /home/airflow/.local/lib/python3.8/site-packages/airflow/example_dags/tutorial.py for tasks to queue
[2023-12-19T10:29:16.822+0000] {logging_mixin.py:188} INFO - [2023-12-19T10:29:16.822+0000] {dagbag.py:538} INFO - Filling up the DagBag from /home/airflow/.local/lib/python3.8/site-packages/airflow/example_dags/tutorial.py
[2023-12-19T10:29:16.825+0000] {processor.py:840} INFO - DAG(s) 'tutorial' retrieved from /home/airflow/.local/lib/python3.8/site-packages/airflow/example_dags/tutorial.py
[2023-12-19T10:29:16.837+0000] {logging_mixin.py:188} INFO - [2023-12-19T10:29:16.837+0000] {dag.py:3033} INFO - Sync 1 DAGs
[2023-12-19T10:29:16.851+0000] {logging_mixin.py:188} INFO - [2023-12-19T10:29:16.851+0000] {dag.py:3820} INFO - Setting next_dagrun for tutorial to 2023-12-18T00:00:00+00:00, run_after=2023-12-19T00:00:00+00:00
[2023-12-19T10:29:16.942+0000] {processor.py:183} INFO - Processing /home/airflow/.local/lib/python3.8/site-packages/airflow/example_dags/tutorial.py took 0.122 seconds
[2023-12-19T10:29:47.363+0000] {processor.py:161} INFO - Started process (PID=1818) to work on /home/airflow/.local/lib/python3.8/site-packages/airflow/example_dags/tutorial.py
[2023-12-19T10:29:47.363+0000] {processor.py:830} INFO - Processing file /home/airflow/.local/lib/python3.8/site-packages/airflow/example_dags/tutorial.py for tasks to queue
[2023-12-19T10:29:47.364+0000] {logging_mixin.py:188} INFO - [2023-12-19T10:29:47.364+0000] {dagbag.py:538} INFO - Filling up the DagBag from /home/airflow/.local/lib/python3.8/site-packages/airflow/example_dags/tutorial.py
[2023-12-19T10:29:47.367+0000] {processor.py:840} INFO - DAG(s) 'tutorial' retrieved from /home/airflow/.local/lib/python3.8/site-packages/airflow/example_dags/tutorial.py
[2023-12-19T10:29:47.379+0000] {logging_mixin.py:188} INFO - [2023-12-19T10:29:47.379+0000] {dag.py:3033} INFO - Sync 1 DAGs
[2023-12-19T10:29:47.391+0000] {logging_mixin.py:188} INFO - [2023-12-19T10:29:47.390+0000] {dag.py:3820} INFO - Setting next_dagrun for tutorial to 2023-12-18T00:00:00+00:00, run_after=2023-12-19T00:00:00+00:00
[2023-12-19T10:29:47.400+0000] {processor.py:183} INFO - Processing /home/airflow/.local/lib/python3.8/site-packages/airflow/example_dags/tutorial.py took 0.039 seconds
[2023-12-19T10:30:17.992+0000] {processor.py:161} INFO - Started process (PID=1872) to work on /home/airflow/.local/lib/python3.8/site-packages/airflow/example_dags/tutorial.py
[2023-12-19T10:30:17.992+0000] {processor.py:830} INFO - Processing file /home/airflow/.local/lib/python3.8/site-packages/airflow/example_dags/tutorial.py for tasks to queue
[2023-12-19T10:30:17.993+0000] {logging_mixin.py:188} INFO - [2023-12-19T10:30:17.993+0000] {dagbag.py:538} INFO - Filling up the DagBag from /home/airflow/.local/lib/python3.8/site-packages/airflow/example_dags/tutorial.py
[2023-12-19T10:30:17.996+0000] {processor.py:840} INFO - DAG(s) 'tutorial' retrieved from /home/airflow/.local/lib/python3.8/site-packages/airflow/example_dags/tutorial.py
[2023-12-19T10:30:18.008+0000] {logging_mixin.py:188} INFO - [2023-12-19T10:30:18.008+0000] {dag.py:3033} INFO - Sync 1 DAGs
[2023-12-19T10:30:18.020+0000] {logging_mixin.py:188} INFO - [2023-12-19T10:30:18.020+0000] {dag.py:3820} INFO - Setting next_dagrun for tutorial to 2023-12-18T00:00:00+00:00, run_after=2023-12-19T00:00:00+00:00
[2023-12-19T10:30:18.030+0000] {processor.py:183} INFO - Processing /home/airflow/.local/lib/python3.8/site-packages/airflow/example_dags/tutorial.py took 0.040 seconds
[2023-12-19T10:30:48.916+0000] {processor.py:161} INFO - Started process (PID=1927) to work on /home/airflow/.local/lib/python3.8/site-packages/airflow/example_dags/tutorial.py
[2023-12-19T10:30:48.917+0000] {processor.py:830} INFO - Processing file /home/airflow/.local/lib/python3.8/site-packages/airflow/example_dags/tutorial.py for tasks to queue
[2023-12-19T10:30:48.918+0000] {logging_mixin.py:188} INFO - [2023-12-19T10:30:48.918+0000] {dagbag.py:538} INFO - Filling up the DagBag from /home/airflow/.local/lib/python3.8/site-packages/airflow/example_dags/tutorial.py
[2023-12-19T10:30:48.921+0000] {processor.py:840} INFO - DAG(s) 'tutorial' retrieved from /home/airflow/.local/lib/python3.8/site-packages/airflow/example_dags/tutorial.py
[2023-12-19T10:30:48.933+0000] {logging_mixin.py:188} INFO - [2023-12-19T10:30:48.933+0000] {dag.py:3033} INFO - Sync 1 DAGs
[2023-12-19T10:30:48.945+0000] {logging_mixin.py:188} INFO - [2023-12-19T10:30:48.945+0000] {dag.py:3820} INFO - Setting next_dagrun for tutorial to 2023-12-18T00:00:00+00:00, run_after=2023-12-19T00:00:00+00:00
[2023-12-19T10:30:48.955+0000] {processor.py:183} INFO - Processing /home/airflow/.local/lib/python3.8/site-packages/airflow/example_dags/tutorial.py took 0.040 seconds
[2023-12-19T10:31:19.162+0000] {processor.py:161} INFO - Started process (PID=1982) to work on /home/airflow/.local/lib/python3.8/site-packages/airflow/example_dags/tutorial.py
[2023-12-19T10:31:19.163+0000] {processor.py:830} INFO - Processing file /home/airflow/.local/lib/python3.8/site-packages/airflow/example_dags/tutorial.py for tasks to queue
[2023-12-19T10:31:19.164+0000] {logging_mixin.py:188} INFO - [2023-12-19T10:31:19.163+0000] {dagbag.py:538} INFO - Filling up the DagBag from /home/airflow/.local/lib/python3.8/site-packages/airflow/example_dags/tutorial.py
[2023-12-19T10:31:19.166+0000] {processor.py:840} INFO - DAG(s) 'tutorial' retrieved from /home/airflow/.local/lib/python3.8/site-packages/airflow/example_dags/tutorial.py
[2023-12-19T10:31:19.179+0000] {logging_mixin.py:188} INFO - [2023-12-19T10:31:19.179+0000] {dag.py:3033} INFO - Sync 1 DAGs
[2023-12-19T10:31:19.190+0000] {logging_mixin.py:188} INFO - [2023-12-19T10:31:19.190+0000] {dag.py:3820} INFO - Setting next_dagrun for tutorial to 2023-12-18T00:00:00+00:00, run_after=2023-12-19T00:00:00+00:00
[2023-12-19T10:31:19.204+0000] {processor.py:183} INFO - Processing /home/airflow/.local/lib/python3.8/site-packages/airflow/example_dags/tutorial.py took 0.043 seconds
[2023-12-19T10:31:49.602+0000] {processor.py:161} INFO - Started process (PID=2036) to work on /home/airflow/.local/lib/python3.8/site-packages/airflow/example_dags/tutorial.py
[2023-12-19T10:31:49.603+0000] {processor.py:830} INFO - Processing file /home/airflow/.local/lib/python3.8/site-packages/airflow/example_dags/tutorial.py for tasks to queue
[2023-12-19T10:31:49.604+0000] {logging_mixin.py:188} INFO - [2023-12-19T10:31:49.603+0000] {dagbag.py:538} INFO - Filling up the DagBag from /home/airflow/.local/lib/python3.8/site-packages/airflow/example_dags/tutorial.py
[2023-12-19T10:31:49.606+0000] {processor.py:840} INFO - DAG(s) 'tutorial' retrieved from /home/airflow/.local/lib/python3.8/site-packages/airflow/example_dags/tutorial.py
[2023-12-19T10:31:49.619+0000] {logging_mixin.py:188} INFO - [2023-12-19T10:31:49.618+0000] {dag.py:3033} INFO - Sync 1 DAGs
[2023-12-19T10:31:49.709+0000] {logging_mixin.py:188} INFO - [2023-12-19T10:31:49.709+0000] {dag.py:3820} INFO - Setting next_dagrun for tutorial to 2023-12-18T00:00:00+00:00, run_after=2023-12-19T00:00:00+00:00
[2023-12-19T10:31:49.720+0000] {processor.py:183} INFO - Processing /home/airflow/.local/lib/python3.8/site-packages/airflow/example_dags/tutorial.py took 0.120 seconds
[2023-12-19T10:32:20.282+0000] {processor.py:161} INFO - Started process (PID=2090) to work on /home/airflow/.local/lib/python3.8/site-packages/airflow/example_dags/tutorial.py
[2023-12-19T10:32:20.283+0000] {processor.py:830} INFO - Processing file /home/airflow/.local/lib/python3.8/site-packages/airflow/example_dags/tutorial.py for tasks to queue
[2023-12-19T10:32:20.284+0000] {logging_mixin.py:188} INFO - [2023-12-19T10:32:20.284+0000] {dagbag.py:538} INFO - Filling up the DagBag from /home/airflow/.local/lib/python3.8/site-packages/airflow/example_dags/tutorial.py
[2023-12-19T10:32:20.287+0000] {processor.py:840} INFO - DAG(s) 'tutorial' retrieved from /home/airflow/.local/lib/python3.8/site-packages/airflow/example_dags/tutorial.py
[2023-12-19T10:32:20.299+0000] {logging_mixin.py:188} INFO - [2023-12-19T10:32:20.299+0000] {dag.py:3033} INFO - Sync 1 DAGs
[2023-12-19T10:32:20.311+0000] {logging_mixin.py:188} INFO - [2023-12-19T10:32:20.310+0000] {dag.py:3820} INFO - Setting next_dagrun for tutorial to 2023-12-18T00:00:00+00:00, run_after=2023-12-19T00:00:00+00:00
[2023-12-19T10:32:20.407+0000] {processor.py:183} INFO - Processing /home/airflow/.local/lib/python3.8/site-packages/airflow/example_dags/tutorial.py took 0.127 seconds
[2023-12-19T10:32:50.673+0000] {processor.py:161} INFO - Started process (PID=2146) to work on /home/airflow/.local/lib/python3.8/site-packages/airflow/example_dags/tutorial.py
[2023-12-19T10:32:50.674+0000] {processor.py:830} INFO - Processing file /home/airflow/.local/lib/python3.8/site-packages/airflow/example_dags/tutorial.py for tasks to queue
[2023-12-19T10:32:50.675+0000] {logging_mixin.py:188} INFO - [2023-12-19T10:32:50.674+0000] {dagbag.py:538} INFO - Filling up the DagBag from /home/airflow/.local/lib/python3.8/site-packages/airflow/example_dags/tutorial.py
[2023-12-19T10:32:50.678+0000] {processor.py:840} INFO - DAG(s) 'tutorial' retrieved from /home/airflow/.local/lib/python3.8/site-packages/airflow/example_dags/tutorial.py
[2023-12-19T10:32:50.690+0000] {logging_mixin.py:188} INFO - [2023-12-19T10:32:50.690+0000] {dag.py:3033} INFO - Sync 1 DAGs
[2023-12-19T10:32:50.701+0000] {logging_mixin.py:188} INFO - [2023-12-19T10:32:50.701+0000] {dag.py:3820} INFO - Setting next_dagrun for tutorial to 2023-12-18T00:00:00+00:00, run_after=2023-12-19T00:00:00+00:00
[2023-12-19T10:32:50.713+0000] {processor.py:183} INFO - Processing /home/airflow/.local/lib/python3.8/site-packages/airflow/example_dags/tutorial.py took 0.041 seconds
[2023-12-19T10:33:21.512+0000] {processor.py:161} INFO - Started process (PID=2200) to work on /home/airflow/.local/lib/python3.8/site-packages/airflow/example_dags/tutorial.py
[2023-12-19T10:33:21.512+0000] {processor.py:830} INFO - Processing file /home/airflow/.local/lib/python3.8/site-packages/airflow/example_dags/tutorial.py for tasks to queue
[2023-12-19T10:33:21.513+0000] {logging_mixin.py:188} INFO - [2023-12-19T10:33:21.513+0000] {dagbag.py:538} INFO - Filling up the DagBag from /home/airflow/.local/lib/python3.8/site-packages/airflow/example_dags/tutorial.py
[2023-12-19T10:33:21.516+0000] {processor.py:840} INFO - DAG(s) 'tutorial' retrieved from /home/airflow/.local/lib/python3.8/site-packages/airflow/example_dags/tutorial.py
[2023-12-19T10:33:21.526+0000] {logging_mixin.py:188} INFO - [2023-12-19T10:33:21.526+0000] {dag.py:3033} INFO - Sync 1 DAGs
[2023-12-19T10:33:21.537+0000] {logging_mixin.py:188} INFO - [2023-12-19T10:33:21.537+0000] {dag.py:3820} INFO - Setting next_dagrun for tutorial to 2023-12-18T00:00:00+00:00, run_after=2023-12-19T00:00:00+00:00
[2023-12-19T10:33:21.547+0000] {processor.py:183} INFO - Processing /home/airflow/.local/lib/python3.8/site-packages/airflow/example_dags/tutorial.py took 0.037 seconds
[2023-12-19T10:33:52.484+0000] {processor.py:161} INFO - Started process (PID=2255) to work on /home/airflow/.local/lib/python3.8/site-packages/airflow/example_dags/tutorial.py
[2023-12-19T10:33:52.485+0000] {processor.py:830} INFO - Processing file /home/airflow/.local/lib/python3.8/site-packages/airflow/example_dags/tutorial.py for tasks to queue
[2023-12-19T10:33:52.486+0000] {logging_mixin.py:188} INFO - [2023-12-19T10:33:52.486+0000] {dagbag.py:538} INFO - Filling up the DagBag from /home/airflow/.local/lib/python3.8/site-packages/airflow/example_dags/tutorial.py
[2023-12-19T10:33:52.490+0000] {processor.py:840} INFO - DAG(s) 'tutorial' retrieved from /home/airflow/.local/lib/python3.8/site-packages/airflow/example_dags/tutorial.py
[2023-12-19T10:33:52.586+0000] {logging_mixin.py:188} INFO - [2023-12-19T10:33:52.585+0000] {dag.py:3033} INFO - Sync 1 DAGs
[2023-12-19T10:33:52.597+0000] {logging_mixin.py:188} INFO - [2023-12-19T10:33:52.597+0000] {dag.py:3820} INFO - Setting next_dagrun for tutorial to 2023-12-18T00:00:00+00:00, run_after=2023-12-19T00:00:00+00:00
[2023-12-19T10:33:52.607+0000] {processor.py:183} INFO - Processing /home/airflow/.local/lib/python3.8/site-packages/airflow/example_dags/tutorial.py took 0.124 seconds
[2023-12-19T10:34:23.280+0000] {processor.py:161} INFO - Started process (PID=2310) to work on /home/airflow/.local/lib/python3.8/site-packages/airflow/example_dags/tutorial.py
[2023-12-19T10:34:23.280+0000] {processor.py:830} INFO - Processing file /home/airflow/.local/lib/python3.8/site-packages/airflow/example_dags/tutorial.py for tasks to queue
[2023-12-19T10:34:23.281+0000] {logging_mixin.py:188} INFO - [2023-12-19T10:34:23.281+0000] {dagbag.py:538} INFO - Filling up the DagBag from /home/airflow/.local/lib/python3.8/site-packages/airflow/example_dags/tutorial.py
[2023-12-19T10:34:23.284+0000] {processor.py:840} INFO - DAG(s) 'tutorial' retrieved from /home/airflow/.local/lib/python3.8/site-packages/airflow/example_dags/tutorial.py
[2023-12-19T10:34:23.295+0000] {logging_mixin.py:188} INFO - [2023-12-19T10:34:23.295+0000] {dag.py:3033} INFO - Sync 1 DAGs
[2023-12-19T10:34:23.385+0000] {logging_mixin.py:188} INFO - [2023-12-19T10:34:23.385+0000] {dag.py:3820} INFO - Setting next_dagrun for tutorial to 2023-12-18T00:00:00+00:00, run_after=2023-12-19T00:00:00+00:00
[2023-12-19T10:34:23.395+0000] {processor.py:183} INFO - Processing /home/airflow/.local/lib/python3.8/site-packages/airflow/example_dags/tutorial.py took 0.117 seconds
[2023-12-19T10:34:53.601+0000] {processor.py:161} INFO - Started process (PID=2364) to work on /home/airflow/.local/lib/python3.8/site-packages/airflow/example_dags/tutorial.py
[2023-12-19T10:34:53.602+0000] {processor.py:830} INFO - Processing file /home/airflow/.local/lib/python3.8/site-packages/airflow/example_dags/tutorial.py for tasks to queue
[2023-12-19T10:34:53.603+0000] {logging_mixin.py:188} INFO - [2023-12-19T10:34:53.603+0000] {dagbag.py:538} INFO - Filling up the DagBag from /home/airflow/.local/lib/python3.8/site-packages/airflow/example_dags/tutorial.py
[2023-12-19T10:34:53.605+0000] {processor.py:840} INFO - DAG(s) 'tutorial' retrieved from /home/airflow/.local/lib/python3.8/site-packages/airflow/example_dags/tutorial.py
[2023-12-19T10:34:53.618+0000] {logging_mixin.py:188} INFO - [2023-12-19T10:34:53.618+0000] {dag.py:3033} INFO - Sync 1 DAGs
[2023-12-19T10:34:53.710+0000] {logging_mixin.py:188} INFO - [2023-12-19T10:34:53.710+0000] {dag.py:3820} INFO - Setting next_dagrun for tutorial to 2023-12-18T00:00:00+00:00, run_after=2023-12-19T00:00:00+00:00
[2023-12-19T10:34:53.719+0000] {processor.py:183} INFO - Processing /home/airflow/.local/lib/python3.8/site-packages/airflow/example_dags/tutorial.py took 0.119 seconds
[2023-12-19T10:35:24.063+0000] {processor.py:161} INFO - Started process (PID=2419) to work on /home/airflow/.local/lib/python3.8/site-packages/airflow/example_dags/tutorial.py
[2023-12-19T10:35:24.063+0000] {processor.py:830} INFO - Processing file /home/airflow/.local/lib/python3.8/site-packages/airflow/example_dags/tutorial.py for tasks to queue
[2023-12-19T10:35:24.064+0000] {logging_mixin.py:188} INFO - [2023-12-19T10:35:24.064+0000] {dagbag.py:538} INFO - Filling up the DagBag from /home/airflow/.local/lib/python3.8/site-packages/airflow/example_dags/tutorial.py
[2023-12-19T10:35:24.067+0000] {processor.py:840} INFO - DAG(s) 'tutorial' retrieved from /home/airflow/.local/lib/python3.8/site-packages/airflow/example_dags/tutorial.py
[2023-12-19T10:35:24.078+0000] {logging_mixin.py:188} INFO - [2023-12-19T10:35:24.078+0000] {dag.py:3033} INFO - Sync 1 DAGs
[2023-12-19T10:35:24.089+0000] {logging_mixin.py:188} INFO - [2023-12-19T10:35:24.089+0000] {dag.py:3820} INFO - Setting next_dagrun for tutorial to 2023-12-18T00:00:00+00:00, run_after=2023-12-19T00:00:00+00:00
[2023-12-19T10:35:24.098+0000] {processor.py:183} INFO - Processing /home/airflow/.local/lib/python3.8/site-packages/airflow/example_dags/tutorial.py took 0.037 seconds
[2023-12-19T10:35:54.635+0000] {processor.py:161} INFO - Started process (PID=2473) to work on /home/airflow/.local/lib/python3.8/site-packages/airflow/example_dags/tutorial.py
[2023-12-19T10:35:54.636+0000] {processor.py:830} INFO - Processing file /home/airflow/.local/lib/python3.8/site-packages/airflow/example_dags/tutorial.py for tasks to queue
[2023-12-19T10:35:54.637+0000] {logging_mixin.py:188} INFO - [2023-12-19T10:35:54.637+0000] {dagbag.py:538} INFO - Filling up the DagBag from /home/airflow/.local/lib/python3.8/site-packages/airflow/example_dags/tutorial.py
[2023-12-19T10:35:54.640+0000] {processor.py:840} INFO - DAG(s) 'tutorial' retrieved from /home/airflow/.local/lib/python3.8/site-packages/airflow/example_dags/tutorial.py
[2023-12-19T10:35:54.653+0000] {logging_mixin.py:188} INFO - [2023-12-19T10:35:54.653+0000] {dag.py:3033} INFO - Sync 1 DAGs
[2023-12-19T10:35:54.666+0000] {logging_mixin.py:188} INFO - [2023-12-19T10:35:54.666+0000] {dag.py:3820} INFO - Setting next_dagrun for tutorial to 2023-12-18T00:00:00+00:00, run_after=2023-12-19T00:00:00+00:00
[2023-12-19T10:35:54.676+0000] {processor.py:183} INFO - Processing /home/airflow/.local/lib/python3.8/site-packages/airflow/example_dags/tutorial.py took 0.042 seconds
[2023-12-19T10:36:25.128+0000] {processor.py:161} INFO - Started process (PID=2527) to work on /home/airflow/.local/lib/python3.8/site-packages/airflow/example_dags/tutorial.py
[2023-12-19T10:36:25.128+0000] {processor.py:830} INFO - Processing file /home/airflow/.local/lib/python3.8/site-packages/airflow/example_dags/tutorial.py for tasks to queue
[2023-12-19T10:36:25.129+0000] {logging_mixin.py:188} INFO - [2023-12-19T10:36:25.129+0000] {dagbag.py:538} INFO - Filling up the DagBag from /home/airflow/.local/lib/python3.8/site-packages/airflow/example_dags/tutorial.py
[2023-12-19T10:36:25.132+0000] {processor.py:840} INFO - DAG(s) 'tutorial' retrieved from /home/airflow/.local/lib/python3.8/site-packages/airflow/example_dags/tutorial.py
[2023-12-19T10:36:25.143+0000] {logging_mixin.py:188} INFO - [2023-12-19T10:36:25.143+0000] {dag.py:3033} INFO - Sync 1 DAGs
[2023-12-19T10:36:25.154+0000] {logging_mixin.py:188} INFO - [2023-12-19T10:36:25.154+0000] {dag.py:3820} INFO - Setting next_dagrun for tutorial to 2023-12-18T00:00:00+00:00, run_after=2023-12-19T00:00:00+00:00
[2023-12-19T10:36:25.162+0000] {processor.py:183} INFO - Processing /home/airflow/.local/lib/python3.8/site-packages/airflow/example_dags/tutorial.py took 0.036 seconds
[2023-12-19T10:36:55.674+0000] {processor.py:161} INFO - Started process (PID=2581) to work on /home/airflow/.local/lib/python3.8/site-packages/airflow/example_dags/tutorial.py
[2023-12-19T10:36:55.675+0000] {processor.py:830} INFO - Processing file /home/airflow/.local/lib/python3.8/site-packages/airflow/example_dags/tutorial.py for tasks to queue
[2023-12-19T10:36:55.676+0000] {logging_mixin.py:188} INFO - [2023-12-19T10:36:55.676+0000] {dagbag.py:538} INFO - Filling up the DagBag from /home/airflow/.local/lib/python3.8/site-packages/airflow/example_dags/tutorial.py
[2023-12-19T10:36:55.678+0000] {processor.py:840} INFO - DAG(s) 'tutorial' retrieved from /home/airflow/.local/lib/python3.8/site-packages/airflow/example_dags/tutorial.py
[2023-12-19T10:36:55.690+0000] {logging_mixin.py:188} INFO - [2023-12-19T10:36:55.690+0000] {dag.py:3033} INFO - Sync 1 DAGs
[2023-12-19T10:36:55.702+0000] {logging_mixin.py:188} INFO - [2023-12-19T10:36:55.702+0000] {dag.py:3820} INFO - Setting next_dagrun for tutorial to 2023-12-18T00:00:00+00:00, run_after=2023-12-19T00:00:00+00:00
[2023-12-19T10:36:55.712+0000] {processor.py:183} INFO - Processing /home/airflow/.local/lib/python3.8/site-packages/airflow/example_dags/tutorial.py took 0.040 seconds
[2023-12-19T10:37:26.171+0000] {processor.py:161} INFO - Started process (PID=2636) to work on /home/airflow/.local/lib/python3.8/site-packages/airflow/example_dags/tutorial.py
[2023-12-19T10:37:26.172+0000] {processor.py:830} INFO - Processing file /home/airflow/.local/lib/python3.8/site-packages/airflow/example_dags/tutorial.py for tasks to queue
[2023-12-19T10:37:26.173+0000] {logging_mixin.py:188} INFO - [2023-12-19T10:37:26.173+0000] {dagbag.py:538} INFO - Filling up the DagBag from /home/airflow/.local/lib/python3.8/site-packages/airflow/example_dags/tutorial.py
[2023-12-19T10:37:26.175+0000] {processor.py:840} INFO - DAG(s) 'tutorial' retrieved from /home/airflow/.local/lib/python3.8/site-packages/airflow/example_dags/tutorial.py
[2023-12-19T10:37:26.186+0000] {logging_mixin.py:188} INFO - [2023-12-19T10:37:26.186+0000] {dag.py:3033} INFO - Sync 1 DAGs
[2023-12-19T10:37:26.197+0000] {logging_mixin.py:188} INFO - [2023-12-19T10:37:26.197+0000] {dag.py:3820} INFO - Setting next_dagrun for tutorial to 2023-12-18T00:00:00+00:00, run_after=2023-12-19T00:00:00+00:00
[2023-12-19T10:37:26.208+0000] {processor.py:183} INFO - Processing /home/airflow/.local/lib/python3.8/site-packages/airflow/example_dags/tutorial.py took 0.038 seconds
[2023-12-19T10:37:56.686+0000] {processor.py:161} INFO - Started process (PID=2691) to work on /home/airflow/.local/lib/python3.8/site-packages/airflow/example_dags/tutorial.py
[2023-12-19T10:37:56.686+0000] {processor.py:830} INFO - Processing file /home/airflow/.local/lib/python3.8/site-packages/airflow/example_dags/tutorial.py for tasks to queue
[2023-12-19T10:37:56.687+0000] {logging_mixin.py:188} INFO - [2023-12-19T10:37:56.687+0000] {dagbag.py:538} INFO - Filling up the DagBag from /home/airflow/.local/lib/python3.8/site-packages/airflow/example_dags/tutorial.py
[2023-12-19T10:37:56.690+0000] {processor.py:840} INFO - DAG(s) 'tutorial' retrieved from /home/airflow/.local/lib/python3.8/site-packages/airflow/example_dags/tutorial.py
[2023-12-19T10:37:56.703+0000] {logging_mixin.py:188} INFO - [2023-12-19T10:37:56.703+0000] {dag.py:3033} INFO - Sync 1 DAGs
[2023-12-19T10:37:56.715+0000] {logging_mixin.py:188} INFO - [2023-12-19T10:37:56.715+0000] {dag.py:3820} INFO - Setting next_dagrun for tutorial to 2023-12-18T00:00:00+00:00, run_after=2023-12-19T00:00:00+00:00
[2023-12-19T10:37:56.726+0000] {processor.py:183} INFO - Processing /home/airflow/.local/lib/python3.8/site-packages/airflow/example_dags/tutorial.py took 0.042 seconds
[2023-12-19T10:38:27.175+0000] {processor.py:161} INFO - Started process (PID=2746) to work on /home/airflow/.local/lib/python3.8/site-packages/airflow/example_dags/tutorial.py
[2023-12-19T10:38:27.175+0000] {processor.py:830} INFO - Processing file /home/airflow/.local/lib/python3.8/site-packages/airflow/example_dags/tutorial.py for tasks to queue
[2023-12-19T10:38:27.176+0000] {logging_mixin.py:188} INFO - [2023-12-19T10:38:27.176+0000] {dagbag.py:538} INFO - Filling up the DagBag from /home/airflow/.local/lib/python3.8/site-packages/airflow/example_dags/tutorial.py
[2023-12-19T10:38:27.179+0000] {processor.py:840} INFO - DAG(s) 'tutorial' retrieved from /home/airflow/.local/lib/python3.8/site-packages/airflow/example_dags/tutorial.py
[2023-12-19T10:38:27.190+0000] {logging_mixin.py:188} INFO - [2023-12-19T10:38:27.190+0000] {dag.py:3033} INFO - Sync 1 DAGs
[2023-12-19T10:38:27.203+0000] {logging_mixin.py:188} INFO - [2023-12-19T10:38:27.203+0000] {dag.py:3820} INFO - Setting next_dagrun for tutorial to 2023-12-18T00:00:00+00:00, run_after=2023-12-19T00:00:00+00:00
[2023-12-19T10:38:27.215+0000] {processor.py:183} INFO - Processing /home/airflow/.local/lib/python3.8/site-packages/airflow/example_dags/tutorial.py took 0.043 seconds
[2023-12-19T10:38:57.682+0000] {processor.py:161} INFO - Started process (PID=2801) to work on /home/airflow/.local/lib/python3.8/site-packages/airflow/example_dags/tutorial.py
[2023-12-19T10:38:57.682+0000] {processor.py:830} INFO - Processing file /home/airflow/.local/lib/python3.8/site-packages/airflow/example_dags/tutorial.py for tasks to queue
[2023-12-19T10:38:57.683+0000] {logging_mixin.py:188} INFO - [2023-12-19T10:38:57.683+0000] {dagbag.py:538} INFO - Filling up the DagBag from /home/airflow/.local/lib/python3.8/site-packages/airflow/example_dags/tutorial.py
[2023-12-19T10:38:57.686+0000] {processor.py:840} INFO - DAG(s) 'tutorial' retrieved from /home/airflow/.local/lib/python3.8/site-packages/airflow/example_dags/tutorial.py
[2023-12-19T10:38:57.698+0000] {logging_mixin.py:188} INFO - [2023-12-19T10:38:57.698+0000] {dag.py:3033} INFO - Sync 1 DAGs
[2023-12-19T10:38:57.709+0000] {logging_mixin.py:188} INFO - [2023-12-19T10:38:57.709+0000] {dag.py:3820} INFO - Setting next_dagrun for tutorial to 2023-12-18T00:00:00+00:00, run_after=2023-12-19T00:00:00+00:00
[2023-12-19T10:38:57.719+0000] {processor.py:183} INFO - Processing /home/airflow/.local/lib/python3.8/site-packages/airflow/example_dags/tutorial.py took 0.039 seconds
[2023-12-19T10:39:28.180+0000] {processor.py:161} INFO - Started process (PID=2856) to work on /home/airflow/.local/lib/python3.8/site-packages/airflow/example_dags/tutorial.py
[2023-12-19T10:39:28.181+0000] {processor.py:830} INFO - Processing file /home/airflow/.local/lib/python3.8/site-packages/airflow/example_dags/tutorial.py for tasks to queue
[2023-12-19T10:39:28.182+0000] {logging_mixin.py:188} INFO - [2023-12-19T10:39:28.182+0000] {dagbag.py:538} INFO - Filling up the DagBag from /home/airflow/.local/lib/python3.8/site-packages/airflow/example_dags/tutorial.py
[2023-12-19T10:39:28.185+0000] {processor.py:840} INFO - DAG(s) 'tutorial' retrieved from /home/airflow/.local/lib/python3.8/site-packages/airflow/example_dags/tutorial.py
[2023-12-19T10:39:28.200+0000] {logging_mixin.py:188} INFO - [2023-12-19T10:39:28.200+0000] {dag.py:3033} INFO - Sync 1 DAGs
[2023-12-19T10:39:28.215+0000] {logging_mixin.py:188} INFO - [2023-12-19T10:39:28.215+0000] {dag.py:3820} INFO - Setting next_dagrun for tutorial to 2023-12-18T00:00:00+00:00, run_after=2023-12-19T00:00:00+00:00
[2023-12-19T10:39:28.225+0000] {processor.py:183} INFO - Processing /home/airflow/.local/lib/python3.8/site-packages/airflow/example_dags/tutorial.py took 0.047 seconds
[2023-12-19T10:39:58.799+0000] {processor.py:161} INFO - Started process (PID=2911) to work on /home/airflow/.local/lib/python3.8/site-packages/airflow/example_dags/tutorial.py
[2023-12-19T10:39:58.799+0000] {processor.py:830} INFO - Processing file /home/airflow/.local/lib/python3.8/site-packages/airflow/example_dags/tutorial.py for tasks to queue
[2023-12-19T10:39:58.800+0000] {logging_mixin.py:188} INFO - [2023-12-19T10:39:58.800+0000] {dagbag.py:538} INFO - Filling up the DagBag from /home/airflow/.local/lib/python3.8/site-packages/airflow/example_dags/tutorial.py
[2023-12-19T10:39:58.803+0000] {processor.py:840} INFO - DAG(s) 'tutorial' retrieved from /home/airflow/.local/lib/python3.8/site-packages/airflow/example_dags/tutorial.py
[2023-12-19T10:39:58.815+0000] {logging_mixin.py:188} INFO - [2023-12-19T10:39:58.815+0000] {dag.py:3033} INFO - Sync 1 DAGs
[2023-12-19T10:39:58.828+0000] {logging_mixin.py:188} INFO - [2023-12-19T10:39:58.827+0000] {dag.py:3820} INFO - Setting next_dagrun for tutorial to 2023-12-18T00:00:00+00:00, run_after=2023-12-19T00:00:00+00:00
[2023-12-19T10:39:58.837+0000] {processor.py:183} INFO - Processing /home/airflow/.local/lib/python3.8/site-packages/airflow/example_dags/tutorial.py took 0.040 seconds
[2023-12-19T10:40:29.273+0000] {processor.py:161} INFO - Started process (PID=2972) to work on /home/airflow/.local/lib/python3.8/site-packages/airflow/example_dags/tutorial.py
[2023-12-19T10:40:29.274+0000] {processor.py:830} INFO - Processing file /home/airflow/.local/lib/python3.8/site-packages/airflow/example_dags/tutorial.py for tasks to queue
[2023-12-19T10:40:29.274+0000] {logging_mixin.py:188} INFO - [2023-12-19T10:40:29.274+0000] {dagbag.py:538} INFO - Filling up the DagBag from /home/airflow/.local/lib/python3.8/site-packages/airflow/example_dags/tutorial.py
[2023-12-19T10:40:29.277+0000] {processor.py:840} INFO - DAG(s) 'tutorial' retrieved from /home/airflow/.local/lib/python3.8/site-packages/airflow/example_dags/tutorial.py
[2023-12-19T10:40:29.289+0000] {logging_mixin.py:188} INFO - [2023-12-19T10:40:29.289+0000] {dag.py:3033} INFO - Sync 1 DAGs
[2023-12-19T10:40:29.301+0000] {logging_mixin.py:188} INFO - [2023-12-19T10:40:29.300+0000] {dag.py:3820} INFO - Setting next_dagrun for tutorial to 2023-12-18T00:00:00+00:00, run_after=2023-12-19T00:00:00+00:00
[2023-12-19T10:40:29.310+0000] {processor.py:183} INFO - Processing /home/airflow/.local/lib/python3.8/site-packages/airflow/example_dags/tutorial.py took 0.039 seconds
[2023-12-19T10:40:59.783+0000] {processor.py:161} INFO - Started process (PID=3027) to work on /home/airflow/.local/lib/python3.8/site-packages/airflow/example_dags/tutorial.py
[2023-12-19T10:40:59.784+0000] {processor.py:830} INFO - Processing file /home/airflow/.local/lib/python3.8/site-packages/airflow/example_dags/tutorial.py for tasks to queue
[2023-12-19T10:40:59.786+0000] {logging_mixin.py:188} INFO - [2023-12-19T10:40:59.785+0000] {dagbag.py:538} INFO - Filling up the DagBag from /home/airflow/.local/lib/python3.8/site-packages/airflow/example_dags/tutorial.py
[2023-12-19T10:40:59.789+0000] {processor.py:840} INFO - DAG(s) 'tutorial' retrieved from /home/airflow/.local/lib/python3.8/site-packages/airflow/example_dags/tutorial.py
[2023-12-19T10:40:59.801+0000] {logging_mixin.py:188} INFO - [2023-12-19T10:40:59.801+0000] {dag.py:3033} INFO - Sync 1 DAGs
[2023-12-19T10:40:59.812+0000] {logging_mixin.py:188} INFO - [2023-12-19T10:40:59.812+0000] {dag.py:3820} INFO - Setting next_dagrun for tutorial to 2023-12-18T00:00:00+00:00, run_after=2023-12-19T00:00:00+00:00
[2023-12-19T10:40:59.821+0000] {processor.py:183} INFO - Processing /home/airflow/.local/lib/python3.8/site-packages/airflow/example_dags/tutorial.py took 0.039 seconds
[2023-12-19T10:41:30.248+0000] {processor.py:161} INFO - Started process (PID=3082) to work on /home/airflow/.local/lib/python3.8/site-packages/airflow/example_dags/tutorial.py
[2023-12-19T10:41:30.249+0000] {processor.py:830} INFO - Processing file /home/airflow/.local/lib/python3.8/site-packages/airflow/example_dags/tutorial.py for tasks to queue
[2023-12-19T10:41:30.250+0000] {logging_mixin.py:188} INFO - [2023-12-19T10:41:30.249+0000] {dagbag.py:538} INFO - Filling up the DagBag from /home/airflow/.local/lib/python3.8/site-packages/airflow/example_dags/tutorial.py
[2023-12-19T10:41:30.252+0000] {processor.py:840} INFO - DAG(s) 'tutorial' retrieved from /home/airflow/.local/lib/python3.8/site-packages/airflow/example_dags/tutorial.py
[2023-12-19T10:41:30.264+0000] {logging_mixin.py:188} INFO - [2023-12-19T10:41:30.263+0000] {dag.py:3033} INFO - Sync 1 DAGs
[2023-12-19T10:41:30.275+0000] {logging_mixin.py:188} INFO - [2023-12-19T10:41:30.275+0000] {dag.py:3820} INFO - Setting next_dagrun for tutorial to 2023-12-18T00:00:00+00:00, run_after=2023-12-19T00:00:00+00:00
[2023-12-19T10:41:30.285+0000] {processor.py:183} INFO - Processing /home/airflow/.local/lib/python3.8/site-packages/airflow/example_dags/tutorial.py took 0.038 seconds
[2023-12-19T10:42:00.813+0000] {processor.py:161} INFO - Started process (PID=3137) to work on /home/airflow/.local/lib/python3.8/site-packages/airflow/example_dags/tutorial.py
[2023-12-19T10:42:00.814+0000] {processor.py:830} INFO - Processing file /home/airflow/.local/lib/python3.8/site-packages/airflow/example_dags/tutorial.py for tasks to queue
[2023-12-19T10:42:00.815+0000] {logging_mixin.py:188} INFO - [2023-12-19T10:42:00.815+0000] {dagbag.py:538} INFO - Filling up the DagBag from /home/airflow/.local/lib/python3.8/site-packages/airflow/example_dags/tutorial.py
[2023-12-19T10:42:00.818+0000] {processor.py:840} INFO - DAG(s) 'tutorial' retrieved from /home/airflow/.local/lib/python3.8/site-packages/airflow/example_dags/tutorial.py
[2023-12-19T10:42:00.830+0000] {logging_mixin.py:188} INFO - [2023-12-19T10:42:00.830+0000] {dag.py:3033} INFO - Sync 1 DAGs
[2023-12-19T10:42:00.841+0000] {logging_mixin.py:188} INFO - [2023-12-19T10:42:00.841+0000] {dag.py:3820} INFO - Setting next_dagrun for tutorial to 2023-12-18T00:00:00+00:00, run_after=2023-12-19T00:00:00+00:00
[2023-12-19T10:42:00.851+0000] {processor.py:183} INFO - Processing /home/airflow/.local/lib/python3.8/site-packages/airflow/example_dags/tutorial.py took 0.039 seconds
[2023-12-19T10:42:31.555+0000] {processor.py:161} INFO - Started process (PID=3192) to work on /home/airflow/.local/lib/python3.8/site-packages/airflow/example_dags/tutorial.py
[2023-12-19T10:42:31.555+0000] {processor.py:830} INFO - Processing file /home/airflow/.local/lib/python3.8/site-packages/airflow/example_dags/tutorial.py for tasks to queue
[2023-12-19T10:42:31.556+0000] {logging_mixin.py:188} INFO - [2023-12-19T10:42:31.556+0000] {dagbag.py:538} INFO - Filling up the DagBag from /home/airflow/.local/lib/python3.8/site-packages/airflow/example_dags/tutorial.py
[2023-12-19T10:42:31.559+0000] {processor.py:840} INFO - DAG(s) 'tutorial' retrieved from /home/airflow/.local/lib/python3.8/site-packages/airflow/example_dags/tutorial.py
[2023-12-19T10:42:31.572+0000] {logging_mixin.py:188} INFO - [2023-12-19T10:42:31.572+0000] {dag.py:3033} INFO - Sync 1 DAGs
[2023-12-19T10:42:31.584+0000] {logging_mixin.py:188} INFO - [2023-12-19T10:42:31.584+0000] {dag.py:3820} INFO - Setting next_dagrun for tutorial to 2023-12-18T00:00:00+00:00, run_after=2023-12-19T00:00:00+00:00
[2023-12-19T10:42:31.594+0000] {processor.py:183} INFO - Processing /home/airflow/.local/lib/python3.8/site-packages/airflow/example_dags/tutorial.py took 0.041 seconds
[2023-12-19T10:43:02.158+0000] {processor.py:161} INFO - Started process (PID=3247) to work on /home/airflow/.local/lib/python3.8/site-packages/airflow/example_dags/tutorial.py
[2023-12-19T10:43:02.158+0000] {processor.py:830} INFO - Processing file /home/airflow/.local/lib/python3.8/site-packages/airflow/example_dags/tutorial.py for tasks to queue
[2023-12-19T10:43:02.159+0000] {logging_mixin.py:188} INFO - [2023-12-19T10:43:02.159+0000] {dagbag.py:538} INFO - Filling up the DagBag from /home/airflow/.local/lib/python3.8/site-packages/airflow/example_dags/tutorial.py
[2023-12-19T10:43:02.163+0000] {processor.py:840} INFO - DAG(s) 'tutorial' retrieved from /home/airflow/.local/lib/python3.8/site-packages/airflow/example_dags/tutorial.py
[2023-12-19T10:43:02.179+0000] {logging_mixin.py:188} INFO - [2023-12-19T10:43:02.179+0000] {dag.py:3033} INFO - Sync 1 DAGs
[2023-12-19T10:43:02.192+0000] {logging_mixin.py:188} INFO - [2023-12-19T10:43:02.192+0000] {dag.py:3820} INFO - Setting next_dagrun for tutorial to 2023-12-18T00:00:00+00:00, run_after=2023-12-19T00:00:00+00:00
[2023-12-19T10:43:02.205+0000] {processor.py:183} INFO - Processing /home/airflow/.local/lib/python3.8/site-packages/airflow/example_dags/tutorial.py took 0.049 seconds
[2023-12-19T10:43:32.735+0000] {processor.py:161} INFO - Started process (PID=3301) to work on /home/airflow/.local/lib/python3.8/site-packages/airflow/example_dags/tutorial.py
[2023-12-19T10:43:32.735+0000] {processor.py:830} INFO - Processing file /home/airflow/.local/lib/python3.8/site-packages/airflow/example_dags/tutorial.py for tasks to queue
[2023-12-19T10:43:32.736+0000] {logging_mixin.py:188} INFO - [2023-12-19T10:43:32.736+0000] {dagbag.py:538} INFO - Filling up the DagBag from /home/airflow/.local/lib/python3.8/site-packages/airflow/example_dags/tutorial.py
[2023-12-19T10:43:32.740+0000] {processor.py:840} INFO - DAG(s) 'tutorial' retrieved from /home/airflow/.local/lib/python3.8/site-packages/airflow/example_dags/tutorial.py
[2023-12-19T10:43:32.754+0000] {logging_mixin.py:188} INFO - [2023-12-19T10:43:32.754+0000] {dag.py:3033} INFO - Sync 1 DAGs
[2023-12-19T10:43:32.766+0000] {logging_mixin.py:188} INFO - [2023-12-19T10:43:32.765+0000] {dag.py:3820} INFO - Setting next_dagrun for tutorial to 2023-12-18T00:00:00+00:00, run_after=2023-12-19T00:00:00+00:00
[2023-12-19T10:43:32.775+0000] {processor.py:183} INFO - Processing /home/airflow/.local/lib/python3.8/site-packages/airflow/example_dags/tutorial.py took 0.042 seconds
[2023-12-19T10:44:03.245+0000] {processor.py:161} INFO - Started process (PID=3356) to work on /home/airflow/.local/lib/python3.8/site-packages/airflow/example_dags/tutorial.py
[2023-12-19T10:44:03.246+0000] {processor.py:830} INFO - Processing file /home/airflow/.local/lib/python3.8/site-packages/airflow/example_dags/tutorial.py for tasks to queue
[2023-12-19T10:44:03.247+0000] {logging_mixin.py:188} INFO - [2023-12-19T10:44:03.247+0000] {dagbag.py:538} INFO - Filling up the DagBag from /home/airflow/.local/lib/python3.8/site-packages/airflow/example_dags/tutorial.py
[2023-12-19T10:44:03.250+0000] {processor.py:840} INFO - DAG(s) 'tutorial' retrieved from /home/airflow/.local/lib/python3.8/site-packages/airflow/example_dags/tutorial.py
[2023-12-19T10:44:03.261+0000] {logging_mixin.py:188} INFO - [2023-12-19T10:44:03.261+0000] {dag.py:3033} INFO - Sync 1 DAGs
[2023-12-19T10:44:03.273+0000] {logging_mixin.py:188} INFO - [2023-12-19T10:44:03.273+0000] {dag.py:3820} INFO - Setting next_dagrun for tutorial to 2023-12-18T00:00:00+00:00, run_after=2023-12-19T00:00:00+00:00
[2023-12-19T10:44:03.285+0000] {processor.py:183} INFO - Processing /home/airflow/.local/lib/python3.8/site-packages/airflow/example_dags/tutorial.py took 0.041 seconds
[2023-12-19T10:44:33.827+0000] {processor.py:161} INFO - Started process (PID=3411) to work on /home/airflow/.local/lib/python3.8/site-packages/airflow/example_dags/tutorial.py
[2023-12-19T10:44:33.828+0000] {processor.py:830} INFO - Processing file /home/airflow/.local/lib/python3.8/site-packages/airflow/example_dags/tutorial.py for tasks to queue
[2023-12-19T10:44:33.829+0000] {logging_mixin.py:188} INFO - [2023-12-19T10:44:33.829+0000] {dagbag.py:538} INFO - Filling up the DagBag from /home/airflow/.local/lib/python3.8/site-packages/airflow/example_dags/tutorial.py
[2023-12-19T10:44:33.832+0000] {processor.py:840} INFO - DAG(s) 'tutorial' retrieved from /home/airflow/.local/lib/python3.8/site-packages/airflow/example_dags/tutorial.py
[2023-12-19T10:44:33.846+0000] {logging_mixin.py:188} INFO - [2023-12-19T10:44:33.846+0000] {dag.py:3033} INFO - Sync 1 DAGs
[2023-12-19T10:44:33.859+0000] {logging_mixin.py:188} INFO - [2023-12-19T10:44:33.859+0000] {dag.py:3820} INFO - Setting next_dagrun for tutorial to 2023-12-18T00:00:00+00:00, run_after=2023-12-19T00:00:00+00:00
[2023-12-19T10:44:33.871+0000] {processor.py:183} INFO - Processing /home/airflow/.local/lib/python3.8/site-packages/airflow/example_dags/tutorial.py took 0.045 seconds
