[2023-12-19T09:56:42.221+0000] {processor.py:161} INFO - Started process (PID=73) to work on /home/airflow/.local/lib/python3.8/site-packages/airflow/example_dags/tutorial_dag.py
[2023-12-19T09:56:42.221+0000] {processor.py:830} INFO - Processing file /home/airflow/.local/lib/python3.8/site-packages/airflow/example_dags/tutorial_dag.py for tasks to queue
[2023-12-19T09:56:42.223+0000] {logging_mixin.py:188} INFO - [2023-12-19T09:56:42.223+0000] {dagbag.py:538} INFO - Filling up the DagBag from /home/airflow/.local/lib/python3.8/site-packages/airflow/example_dags/tutorial_dag.py
[2023-12-19T09:56:42.229+0000] {processor.py:840} INFO - DAG(s) 'tutorial_dag' retrieved from /home/airflow/.local/lib/python3.8/site-packages/airflow/example_dags/tutorial_dag.py
[2023-12-19T09:56:42.246+0000] {logging_mixin.py:188} INFO - [2023-12-19T09:56:42.246+0000] {dag.py:3033} INFO - Sync 1 DAGs
[2023-12-19T09:56:42.258+0000] {logging_mixin.py:188} INFO - [2023-12-19T09:56:42.258+0000] {dag.py:3820} INFO - Setting next_dagrun for tutorial_dag to None, run_after=None
[2023-12-19T09:56:42.279+0000] {processor.py:183} INFO - Processing /home/airflow/.local/lib/python3.8/site-packages/airflow/example_dags/tutorial_dag.py took 0.061 seconds
[2023-12-19T09:57:12.919+0000] {processor.py:161} INFO - Started process (PID=128) to work on /home/airflow/.local/lib/python3.8/site-packages/airflow/example_dags/tutorial_dag.py
[2023-12-19T09:57:12.920+0000] {processor.py:830} INFO - Processing file /home/airflow/.local/lib/python3.8/site-packages/airflow/example_dags/tutorial_dag.py for tasks to queue
[2023-12-19T09:57:12.922+0000] {logging_mixin.py:188} INFO - [2023-12-19T09:57:12.921+0000] {dagbag.py:538} INFO - Filling up the DagBag from /home/airflow/.local/lib/python3.8/site-packages/airflow/example_dags/tutorial_dag.py
[2023-12-19T09:57:12.927+0000] {processor.py:840} INFO - DAG(s) 'tutorial_dag' retrieved from /home/airflow/.local/lib/python3.8/site-packages/airflow/example_dags/tutorial_dag.py
[2023-12-19T09:57:13.047+0000] {logging_mixin.py:188} INFO - [2023-12-19T09:57:13.046+0000] {dag.py:3033} INFO - Sync 1 DAGs
[2023-12-19T09:57:13.058+0000] {logging_mixin.py:188} INFO - [2023-12-19T09:57:13.058+0000] {dag.py:3820} INFO - Setting next_dagrun for tutorial_dag to None, run_after=None
[2023-12-19T09:57:13.086+0000] {processor.py:183} INFO - Processing /home/airflow/.local/lib/python3.8/site-packages/airflow/example_dags/tutorial_dag.py took 0.169 seconds
[2023-12-19T09:57:44.486+0000] {processor.py:161} INFO - Started process (PID=183) to work on /home/airflow/.local/lib/python3.8/site-packages/airflow/example_dags/tutorial_dag.py
[2023-12-19T09:57:44.486+0000] {processor.py:830} INFO - Processing file /home/airflow/.local/lib/python3.8/site-packages/airflow/example_dags/tutorial_dag.py for tasks to queue
[2023-12-19T09:57:44.487+0000] {logging_mixin.py:188} INFO - [2023-12-19T09:57:44.487+0000] {dagbag.py:538} INFO - Filling up the DagBag from /home/airflow/.local/lib/python3.8/site-packages/airflow/example_dags/tutorial_dag.py
[2023-12-19T09:57:44.490+0000] {processor.py:840} INFO - DAG(s) 'tutorial_dag' retrieved from /home/airflow/.local/lib/python3.8/site-packages/airflow/example_dags/tutorial_dag.py
[2023-12-19T09:57:44.501+0000] {logging_mixin.py:188} INFO - [2023-12-19T09:57:44.501+0000] {dag.py:3033} INFO - Sync 1 DAGs
[2023-12-19T09:57:44.508+0000] {logging_mixin.py:188} INFO - [2023-12-19T09:57:44.508+0000] {dag.py:3820} INFO - Setting next_dagrun for tutorial_dag to None, run_after=None
[2023-12-19T09:57:44.520+0000] {processor.py:183} INFO - Processing /home/airflow/.local/lib/python3.8/site-packages/airflow/example_dags/tutorial_dag.py took 0.036 seconds
[2023-12-19T09:58:15.105+0000] {processor.py:161} INFO - Started process (PID=238) to work on /home/airflow/.local/lib/python3.8/site-packages/airflow/example_dags/tutorial_dag.py
[2023-12-19T09:58:15.105+0000] {processor.py:830} INFO - Processing file /home/airflow/.local/lib/python3.8/site-packages/airflow/example_dags/tutorial_dag.py for tasks to queue
[2023-12-19T09:58:15.106+0000] {logging_mixin.py:188} INFO - [2023-12-19T09:58:15.106+0000] {dagbag.py:538} INFO - Filling up the DagBag from /home/airflow/.local/lib/python3.8/site-packages/airflow/example_dags/tutorial_dag.py
[2023-12-19T09:58:15.108+0000] {processor.py:840} INFO - DAG(s) 'tutorial_dag' retrieved from /home/airflow/.local/lib/python3.8/site-packages/airflow/example_dags/tutorial_dag.py
[2023-12-19T09:58:15.120+0000] {logging_mixin.py:188} INFO - [2023-12-19T09:58:15.120+0000] {dag.py:3033} INFO - Sync 1 DAGs
[2023-12-19T09:58:15.126+0000] {logging_mixin.py:188} INFO - [2023-12-19T09:58:15.126+0000] {dag.py:3820} INFO - Setting next_dagrun for tutorial_dag to None, run_after=None
[2023-12-19T09:58:15.140+0000] {processor.py:183} INFO - Processing /home/airflow/.local/lib/python3.8/site-packages/airflow/example_dags/tutorial_dag.py took 0.037 seconds
[2023-12-19T09:58:45.713+0000] {processor.py:161} INFO - Started process (PID=293) to work on /home/airflow/.local/lib/python3.8/site-packages/airflow/example_dags/tutorial_dag.py
[2023-12-19T09:58:45.724+0000] {processor.py:830} INFO - Processing file /home/airflow/.local/lib/python3.8/site-packages/airflow/example_dags/tutorial_dag.py for tasks to queue
[2023-12-19T09:58:45.725+0000] {logging_mixin.py:188} INFO - [2023-12-19T09:58:45.725+0000] {dagbag.py:538} INFO - Filling up the DagBag from /home/airflow/.local/lib/python3.8/site-packages/airflow/example_dags/tutorial_dag.py
[2023-12-19T09:58:45.728+0000] {processor.py:840} INFO - DAG(s) 'tutorial_dag' retrieved from /home/airflow/.local/lib/python3.8/site-packages/airflow/example_dags/tutorial_dag.py
[2023-12-19T09:58:45.741+0000] {logging_mixin.py:188} INFO - [2023-12-19T09:58:45.741+0000] {dag.py:3033} INFO - Sync 1 DAGs
[2023-12-19T09:58:45.747+0000] {logging_mixin.py:188} INFO - [2023-12-19T09:58:45.747+0000] {dag.py:3820} INFO - Setting next_dagrun for tutorial_dag to None, run_after=None
[2023-12-19T09:58:45.758+0000] {processor.py:183} INFO - Processing /home/airflow/.local/lib/python3.8/site-packages/airflow/example_dags/tutorial_dag.py took 0.047 seconds
[2023-12-19T09:59:16.313+0000] {processor.py:161} INFO - Started process (PID=347) to work on /home/airflow/.local/lib/python3.8/site-packages/airflow/example_dags/tutorial_dag.py
[2023-12-19T09:59:16.313+0000] {processor.py:830} INFO - Processing file /home/airflow/.local/lib/python3.8/site-packages/airflow/example_dags/tutorial_dag.py for tasks to queue
[2023-12-19T09:59:16.314+0000] {logging_mixin.py:188} INFO - [2023-12-19T09:59:16.314+0000] {dagbag.py:538} INFO - Filling up the DagBag from /home/airflow/.local/lib/python3.8/site-packages/airflow/example_dags/tutorial_dag.py
[2023-12-19T09:59:16.316+0000] {processor.py:840} INFO - DAG(s) 'tutorial_dag' retrieved from /home/airflow/.local/lib/python3.8/site-packages/airflow/example_dags/tutorial_dag.py
[2023-12-19T09:59:16.328+0000] {logging_mixin.py:188} INFO - [2023-12-19T09:59:16.328+0000] {dag.py:3033} INFO - Sync 1 DAGs
[2023-12-19T09:59:16.334+0000] {logging_mixin.py:188} INFO - [2023-12-19T09:59:16.334+0000] {dag.py:3820} INFO - Setting next_dagrun for tutorial_dag to None, run_after=None
[2023-12-19T09:59:16.343+0000] {processor.py:183} INFO - Processing /home/airflow/.local/lib/python3.8/site-packages/airflow/example_dags/tutorial_dag.py took 0.032 seconds
[2023-12-19T09:59:46.732+0000] {processor.py:161} INFO - Started process (PID=402) to work on /home/airflow/.local/lib/python3.8/site-packages/airflow/example_dags/tutorial_dag.py
[2023-12-19T09:59:46.733+0000] {processor.py:830} INFO - Processing file /home/airflow/.local/lib/python3.8/site-packages/airflow/example_dags/tutorial_dag.py for tasks to queue
[2023-12-19T09:59:46.734+0000] {logging_mixin.py:188} INFO - [2023-12-19T09:59:46.734+0000] {dagbag.py:538} INFO - Filling up the DagBag from /home/airflow/.local/lib/python3.8/site-packages/airflow/example_dags/tutorial_dag.py
[2023-12-19T09:59:46.737+0000] {processor.py:840} INFO - DAG(s) 'tutorial_dag' retrieved from /home/airflow/.local/lib/python3.8/site-packages/airflow/example_dags/tutorial_dag.py
[2023-12-19T09:59:46.748+0000] {logging_mixin.py:188} INFO - [2023-12-19T09:59:46.748+0000] {dag.py:3033} INFO - Sync 1 DAGs
[2023-12-19T09:59:46.754+0000] {logging_mixin.py:188} INFO - [2023-12-19T09:59:46.754+0000] {dag.py:3820} INFO - Setting next_dagrun for tutorial_dag to None, run_after=None
[2023-12-19T09:59:46.767+0000] {processor.py:183} INFO - Processing /home/airflow/.local/lib/python3.8/site-packages/airflow/example_dags/tutorial_dag.py took 0.036 seconds
[2023-12-19T10:00:17.365+0000] {processor.py:161} INFO - Started process (PID=457) to work on /home/airflow/.local/lib/python3.8/site-packages/airflow/example_dags/tutorial_dag.py
[2023-12-19T10:00:17.365+0000] {processor.py:830} INFO - Processing file /home/airflow/.local/lib/python3.8/site-packages/airflow/example_dags/tutorial_dag.py for tasks to queue
[2023-12-19T10:00:17.367+0000] {logging_mixin.py:188} INFO - [2023-12-19T10:00:17.366+0000] {dagbag.py:538} INFO - Filling up the DagBag from /home/airflow/.local/lib/python3.8/site-packages/airflow/example_dags/tutorial_dag.py
[2023-12-19T10:00:17.369+0000] {processor.py:840} INFO - DAG(s) 'tutorial_dag' retrieved from /home/airflow/.local/lib/python3.8/site-packages/airflow/example_dags/tutorial_dag.py
[2023-12-19T10:00:17.381+0000] {logging_mixin.py:188} INFO - [2023-12-19T10:00:17.381+0000] {dag.py:3033} INFO - Sync 1 DAGs
[2023-12-19T10:00:17.387+0000] {logging_mixin.py:188} INFO - [2023-12-19T10:00:17.387+0000] {dag.py:3820} INFO - Setting next_dagrun for tutorial_dag to None, run_after=None
[2023-12-19T10:00:17.396+0000] {processor.py:183} INFO - Processing /home/airflow/.local/lib/python3.8/site-packages/airflow/example_dags/tutorial_dag.py took 0.033 seconds
[2023-12-19T10:00:47.874+0000] {processor.py:161} INFO - Started process (PID=512) to work on /home/airflow/.local/lib/python3.8/site-packages/airflow/example_dags/tutorial_dag.py
[2023-12-19T10:00:47.874+0000] {processor.py:830} INFO - Processing file /home/airflow/.local/lib/python3.8/site-packages/airflow/example_dags/tutorial_dag.py for tasks to queue
[2023-12-19T10:00:47.875+0000] {logging_mixin.py:188} INFO - [2023-12-19T10:00:47.875+0000] {dagbag.py:538} INFO - Filling up the DagBag from /home/airflow/.local/lib/python3.8/site-packages/airflow/example_dags/tutorial_dag.py
[2023-12-19T10:00:47.878+0000] {processor.py:840} INFO - DAG(s) 'tutorial_dag' retrieved from /home/airflow/.local/lib/python3.8/site-packages/airflow/example_dags/tutorial_dag.py
[2023-12-19T10:00:47.888+0000] {logging_mixin.py:188} INFO - [2023-12-19T10:00:47.888+0000] {dag.py:3033} INFO - Sync 1 DAGs
[2023-12-19T10:00:47.894+0000] {logging_mixin.py:188} INFO - [2023-12-19T10:00:47.894+0000] {dag.py:3820} INFO - Setting next_dagrun for tutorial_dag to None, run_after=None
[2023-12-19T10:00:47.905+0000] {processor.py:183} INFO - Processing /home/airflow/.local/lib/python3.8/site-packages/airflow/example_dags/tutorial_dag.py took 0.033 seconds
[2023-12-19T10:01:18.464+0000] {processor.py:161} INFO - Started process (PID=566) to work on /home/airflow/.local/lib/python3.8/site-packages/airflow/example_dags/tutorial_dag.py
[2023-12-19T10:01:18.465+0000] {processor.py:830} INFO - Processing file /home/airflow/.local/lib/python3.8/site-packages/airflow/example_dags/tutorial_dag.py for tasks to queue
[2023-12-19T10:01:18.466+0000] {logging_mixin.py:188} INFO - [2023-12-19T10:01:18.466+0000] {dagbag.py:538} INFO - Filling up the DagBag from /home/airflow/.local/lib/python3.8/site-packages/airflow/example_dags/tutorial_dag.py
[2023-12-19T10:01:18.468+0000] {processor.py:840} INFO - DAG(s) 'tutorial_dag' retrieved from /home/airflow/.local/lib/python3.8/site-packages/airflow/example_dags/tutorial_dag.py
[2023-12-19T10:01:18.483+0000] {logging_mixin.py:188} INFO - [2023-12-19T10:01:18.483+0000] {dag.py:3033} INFO - Sync 1 DAGs
[2023-12-19T10:01:18.490+0000] {logging_mixin.py:188} INFO - [2023-12-19T10:01:18.490+0000] {dag.py:3820} INFO - Setting next_dagrun for tutorial_dag to None, run_after=None
[2023-12-19T10:01:18.502+0000] {processor.py:183} INFO - Processing /home/airflow/.local/lib/python3.8/site-packages/airflow/example_dags/tutorial_dag.py took 0.039 seconds
[2023-12-19T10:01:49.026+0000] {processor.py:161} INFO - Started process (PID=620) to work on /home/airflow/.local/lib/python3.8/site-packages/airflow/example_dags/tutorial_dag.py
[2023-12-19T10:01:49.026+0000] {processor.py:830} INFO - Processing file /home/airflow/.local/lib/python3.8/site-packages/airflow/example_dags/tutorial_dag.py for tasks to queue
[2023-12-19T10:01:49.027+0000] {logging_mixin.py:188} INFO - [2023-12-19T10:01:49.027+0000] {dagbag.py:538} INFO - Filling up the DagBag from /home/airflow/.local/lib/python3.8/site-packages/airflow/example_dags/tutorial_dag.py
[2023-12-19T10:01:49.030+0000] {processor.py:840} INFO - DAG(s) 'tutorial_dag' retrieved from /home/airflow/.local/lib/python3.8/site-packages/airflow/example_dags/tutorial_dag.py
[2023-12-19T10:01:49.043+0000] {logging_mixin.py:188} INFO - [2023-12-19T10:01:49.043+0000] {dag.py:3033} INFO - Sync 1 DAGs
[2023-12-19T10:01:49.050+0000] {logging_mixin.py:188} INFO - [2023-12-19T10:01:49.049+0000] {dag.py:3820} INFO - Setting next_dagrun for tutorial_dag to None, run_after=None
[2023-12-19T10:01:49.061+0000] {processor.py:183} INFO - Processing /home/airflow/.local/lib/python3.8/site-packages/airflow/example_dags/tutorial_dag.py took 0.037 seconds
[2023-12-19T10:02:19.402+0000] {processor.py:161} INFO - Started process (PID=675) to work on /home/airflow/.local/lib/python3.8/site-packages/airflow/example_dags/tutorial_dag.py
[2023-12-19T10:02:19.403+0000] {processor.py:830} INFO - Processing file /home/airflow/.local/lib/python3.8/site-packages/airflow/example_dags/tutorial_dag.py for tasks to queue
[2023-12-19T10:02:19.404+0000] {logging_mixin.py:188} INFO - [2023-12-19T10:02:19.403+0000] {dagbag.py:538} INFO - Filling up the DagBag from /home/airflow/.local/lib/python3.8/site-packages/airflow/example_dags/tutorial_dag.py
[2023-12-19T10:02:19.406+0000] {processor.py:840} INFO - DAG(s) 'tutorial_dag' retrieved from /home/airflow/.local/lib/python3.8/site-packages/airflow/example_dags/tutorial_dag.py
[2023-12-19T10:02:19.418+0000] {logging_mixin.py:188} INFO - [2023-12-19T10:02:19.418+0000] {dag.py:3033} INFO - Sync 1 DAGs
[2023-12-19T10:02:19.423+0000] {logging_mixin.py:188} INFO - [2023-12-19T10:02:19.423+0000] {dag.py:3820} INFO - Setting next_dagrun for tutorial_dag to None, run_after=None
[2023-12-19T10:02:19.432+0000] {processor.py:183} INFO - Processing /home/airflow/.local/lib/python3.8/site-packages/airflow/example_dags/tutorial_dag.py took 0.032 seconds
[2023-12-19T10:02:49.981+0000] {processor.py:161} INFO - Started process (PID=729) to work on /home/airflow/.local/lib/python3.8/site-packages/airflow/example_dags/tutorial_dag.py
[2023-12-19T10:02:49.981+0000] {processor.py:830} INFO - Processing file /home/airflow/.local/lib/python3.8/site-packages/airflow/example_dags/tutorial_dag.py for tasks to queue
[2023-12-19T10:02:49.982+0000] {logging_mixin.py:188} INFO - [2023-12-19T10:02:49.982+0000] {dagbag.py:538} INFO - Filling up the DagBag from /home/airflow/.local/lib/python3.8/site-packages/airflow/example_dags/tutorial_dag.py
[2023-12-19T10:02:49.985+0000] {processor.py:840} INFO - DAG(s) 'tutorial_dag' retrieved from /home/airflow/.local/lib/python3.8/site-packages/airflow/example_dags/tutorial_dag.py
[2023-12-19T10:02:49.997+0000] {logging_mixin.py:188} INFO - [2023-12-19T10:02:49.996+0000] {dag.py:3033} INFO - Sync 1 DAGs
[2023-12-19T10:02:50.003+0000] {logging_mixin.py:188} INFO - [2023-12-19T10:02:50.003+0000] {dag.py:3820} INFO - Setting next_dagrun for tutorial_dag to None, run_after=None
[2023-12-19T10:02:50.014+0000] {processor.py:183} INFO - Processing /home/airflow/.local/lib/python3.8/site-packages/airflow/example_dags/tutorial_dag.py took 0.034 seconds
[2023-12-19T10:03:20.595+0000] {processor.py:161} INFO - Started process (PID=784) to work on /home/airflow/.local/lib/python3.8/site-packages/airflow/example_dags/tutorial_dag.py
[2023-12-19T10:03:20.595+0000] {processor.py:830} INFO - Processing file /home/airflow/.local/lib/python3.8/site-packages/airflow/example_dags/tutorial_dag.py for tasks to queue
[2023-12-19T10:03:20.596+0000] {logging_mixin.py:188} INFO - [2023-12-19T10:03:20.596+0000] {dagbag.py:538} INFO - Filling up the DagBag from /home/airflow/.local/lib/python3.8/site-packages/airflow/example_dags/tutorial_dag.py
[2023-12-19T10:03:20.598+0000] {processor.py:840} INFO - DAG(s) 'tutorial_dag' retrieved from /home/airflow/.local/lib/python3.8/site-packages/airflow/example_dags/tutorial_dag.py
[2023-12-19T10:03:20.611+0000] {logging_mixin.py:188} INFO - [2023-12-19T10:03:20.611+0000] {dag.py:3033} INFO - Sync 1 DAGs
[2023-12-19T10:03:20.618+0000] {logging_mixin.py:188} INFO - [2023-12-19T10:03:20.618+0000] {dag.py:3820} INFO - Setting next_dagrun for tutorial_dag to None, run_after=None
[2023-12-19T10:03:20.629+0000] {processor.py:183} INFO - Processing /home/airflow/.local/lib/python3.8/site-packages/airflow/example_dags/tutorial_dag.py took 0.036 seconds
[2023-12-19T10:03:51.079+0000] {processor.py:161} INFO - Started process (PID=839) to work on /home/airflow/.local/lib/python3.8/site-packages/airflow/example_dags/tutorial_dag.py
[2023-12-19T10:03:51.080+0000] {processor.py:830} INFO - Processing file /home/airflow/.local/lib/python3.8/site-packages/airflow/example_dags/tutorial_dag.py for tasks to queue
[2023-12-19T10:03:51.081+0000] {logging_mixin.py:188} INFO - [2023-12-19T10:03:51.080+0000] {dagbag.py:538} INFO - Filling up the DagBag from /home/airflow/.local/lib/python3.8/site-packages/airflow/example_dags/tutorial_dag.py
[2023-12-19T10:03:51.083+0000] {processor.py:840} INFO - DAG(s) 'tutorial_dag' retrieved from /home/airflow/.local/lib/python3.8/site-packages/airflow/example_dags/tutorial_dag.py
[2023-12-19T10:03:51.094+0000] {logging_mixin.py:188} INFO - [2023-12-19T10:03:51.094+0000] {dag.py:3033} INFO - Sync 1 DAGs
[2023-12-19T10:03:51.102+0000] {logging_mixin.py:188} INFO - [2023-12-19T10:03:51.102+0000] {dag.py:3820} INFO - Setting next_dagrun for tutorial_dag to None, run_after=None
[2023-12-19T10:03:51.111+0000] {processor.py:183} INFO - Processing /home/airflow/.local/lib/python3.8/site-packages/airflow/example_dags/tutorial_dag.py took 0.034 seconds
[2023-12-19T10:04:21.565+0000] {processor.py:161} INFO - Started process (PID=894) to work on /home/airflow/.local/lib/python3.8/site-packages/airflow/example_dags/tutorial_dag.py
[2023-12-19T10:04:21.566+0000] {processor.py:830} INFO - Processing file /home/airflow/.local/lib/python3.8/site-packages/airflow/example_dags/tutorial_dag.py for tasks to queue
[2023-12-19T10:04:21.567+0000] {logging_mixin.py:188} INFO - [2023-12-19T10:04:21.566+0000] {dagbag.py:538} INFO - Filling up the DagBag from /home/airflow/.local/lib/python3.8/site-packages/airflow/example_dags/tutorial_dag.py
[2023-12-19T10:04:21.569+0000] {processor.py:840} INFO - DAG(s) 'tutorial_dag' retrieved from /home/airflow/.local/lib/python3.8/site-packages/airflow/example_dags/tutorial_dag.py
[2023-12-19T10:04:21.581+0000] {logging_mixin.py:188} INFO - [2023-12-19T10:04:21.581+0000] {dag.py:3033} INFO - Sync 1 DAGs
[2023-12-19T10:04:21.587+0000] {logging_mixin.py:188} INFO - [2023-12-19T10:04:21.587+0000] {dag.py:3820} INFO - Setting next_dagrun for tutorial_dag to None, run_after=None
[2023-12-19T10:04:21.599+0000] {processor.py:183} INFO - Processing /home/airflow/.local/lib/python3.8/site-packages/airflow/example_dags/tutorial_dag.py took 0.035 seconds
[2023-12-19T10:04:52.198+0000] {processor.py:161} INFO - Started process (PID=949) to work on /home/airflow/.local/lib/python3.8/site-packages/airflow/example_dags/tutorial_dag.py
[2023-12-19T10:04:52.198+0000] {processor.py:830} INFO - Processing file /home/airflow/.local/lib/python3.8/site-packages/airflow/example_dags/tutorial_dag.py for tasks to queue
[2023-12-19T10:04:52.199+0000] {logging_mixin.py:188} INFO - [2023-12-19T10:04:52.199+0000] {dagbag.py:538} INFO - Filling up the DagBag from /home/airflow/.local/lib/python3.8/site-packages/airflow/example_dags/tutorial_dag.py
[2023-12-19T10:04:52.202+0000] {processor.py:840} INFO - DAG(s) 'tutorial_dag' retrieved from /home/airflow/.local/lib/python3.8/site-packages/airflow/example_dags/tutorial_dag.py
[2023-12-19T10:04:52.213+0000] {logging_mixin.py:188} INFO - [2023-12-19T10:04:52.213+0000] {dag.py:3033} INFO - Sync 1 DAGs
[2023-12-19T10:04:52.219+0000] {logging_mixin.py:188} INFO - [2023-12-19T10:04:52.219+0000] {dag.py:3820} INFO - Setting next_dagrun for tutorial_dag to None, run_after=None
[2023-12-19T10:04:52.229+0000] {processor.py:183} INFO - Processing /home/airflow/.local/lib/python3.8/site-packages/airflow/example_dags/tutorial_dag.py took 0.032 seconds
[2023-12-19T10:14:30.577+0000] {processor.py:161} INFO - Started process (PID=163) to work on /home/airflow/.local/lib/python3.8/site-packages/airflow/example_dags/tutorial_dag.py
[2023-12-19T10:14:30.578+0000] {processor.py:830} INFO - Processing file /home/airflow/.local/lib/python3.8/site-packages/airflow/example_dags/tutorial_dag.py for tasks to queue
[2023-12-19T10:14:30.580+0000] {logging_mixin.py:188} INFO - [2023-12-19T10:14:30.580+0000] {dagbag.py:538} INFO - Filling up the DagBag from /home/airflow/.local/lib/python3.8/site-packages/airflow/example_dags/tutorial_dag.py
[2023-12-19T10:14:30.587+0000] {processor.py:840} INFO - DAG(s) 'tutorial_dag' retrieved from /home/airflow/.local/lib/python3.8/site-packages/airflow/example_dags/tutorial_dag.py
[2023-12-19T10:14:30.685+0000] {logging_mixin.py:188} INFO - [2023-12-19T10:14:30.684+0000] {dag.py:3033} INFO - Sync 1 DAGs
[2023-12-19T10:14:30.694+0000] {logging_mixin.py:188} INFO - [2023-12-19T10:14:30.694+0000] {dag.py:3820} INFO - Setting next_dagrun for tutorial_dag to None, run_after=None
[2023-12-19T10:14:30.712+0000] {processor.py:183} INFO - Processing /home/airflow/.local/lib/python3.8/site-packages/airflow/example_dags/tutorial_dag.py took 0.138 seconds
[2023-12-19T10:15:01.263+0000] {processor.py:161} INFO - Started process (PID=218) to work on /home/airflow/.local/lib/python3.8/site-packages/airflow/example_dags/tutorial_dag.py
[2023-12-19T10:15:01.263+0000] {processor.py:830} INFO - Processing file /home/airflow/.local/lib/python3.8/site-packages/airflow/example_dags/tutorial_dag.py for tasks to queue
[2023-12-19T10:15:01.264+0000] {logging_mixin.py:188} INFO - [2023-12-19T10:15:01.264+0000] {dagbag.py:538} INFO - Filling up the DagBag from /home/airflow/.local/lib/python3.8/site-packages/airflow/example_dags/tutorial_dag.py
[2023-12-19T10:15:01.267+0000] {processor.py:840} INFO - DAG(s) 'tutorial_dag' retrieved from /home/airflow/.local/lib/python3.8/site-packages/airflow/example_dags/tutorial_dag.py
[2023-12-19T10:15:01.278+0000] {logging_mixin.py:188} INFO - [2023-12-19T10:15:01.278+0000] {dag.py:3033} INFO - Sync 1 DAGs
[2023-12-19T10:15:01.284+0000] {logging_mixin.py:188} INFO - [2023-12-19T10:15:01.283+0000] {dag.py:3820} INFO - Setting next_dagrun for tutorial_dag to None, run_after=None
[2023-12-19T10:15:01.293+0000] {processor.py:183} INFO - Processing /home/airflow/.local/lib/python3.8/site-packages/airflow/example_dags/tutorial_dag.py took 0.032 seconds
[2023-12-19T10:15:31.793+0000] {processor.py:161} INFO - Started process (PID=272) to work on /home/airflow/.local/lib/python3.8/site-packages/airflow/example_dags/tutorial_dag.py
[2023-12-19T10:15:31.793+0000] {processor.py:830} INFO - Processing file /home/airflow/.local/lib/python3.8/site-packages/airflow/example_dags/tutorial_dag.py for tasks to queue
[2023-12-19T10:15:31.794+0000] {logging_mixin.py:188} INFO - [2023-12-19T10:15:31.794+0000] {dagbag.py:538} INFO - Filling up the DagBag from /home/airflow/.local/lib/python3.8/site-packages/airflow/example_dags/tutorial_dag.py
[2023-12-19T10:15:31.797+0000] {processor.py:840} INFO - DAG(s) 'tutorial_dag' retrieved from /home/airflow/.local/lib/python3.8/site-packages/airflow/example_dags/tutorial_dag.py
[2023-12-19T10:15:31.808+0000] {logging_mixin.py:188} INFO - [2023-12-19T10:15:31.808+0000] {dag.py:3033} INFO - Sync 1 DAGs
[2023-12-19T10:15:31.815+0000] {logging_mixin.py:188} INFO - [2023-12-19T10:15:31.815+0000] {dag.py:3820} INFO - Setting next_dagrun for tutorial_dag to None, run_after=None
[2023-12-19T10:15:31.829+0000] {processor.py:183} INFO - Processing /home/airflow/.local/lib/python3.8/site-packages/airflow/example_dags/tutorial_dag.py took 0.038 seconds
[2023-12-19T10:16:02.338+0000] {processor.py:161} INFO - Started process (PID=327) to work on /home/airflow/.local/lib/python3.8/site-packages/airflow/example_dags/tutorial_dag.py
[2023-12-19T10:16:02.338+0000] {processor.py:830} INFO - Processing file /home/airflow/.local/lib/python3.8/site-packages/airflow/example_dags/tutorial_dag.py for tasks to queue
[2023-12-19T10:16:02.339+0000] {logging_mixin.py:188} INFO - [2023-12-19T10:16:02.339+0000] {dagbag.py:538} INFO - Filling up the DagBag from /home/airflow/.local/lib/python3.8/site-packages/airflow/example_dags/tutorial_dag.py
[2023-12-19T10:16:02.342+0000] {processor.py:840} INFO - DAG(s) 'tutorial_dag' retrieved from /home/airflow/.local/lib/python3.8/site-packages/airflow/example_dags/tutorial_dag.py
[2023-12-19T10:16:02.353+0000] {logging_mixin.py:188} INFO - [2023-12-19T10:16:02.353+0000] {dag.py:3033} INFO - Sync 1 DAGs
[2023-12-19T10:16:02.359+0000] {logging_mixin.py:188} INFO - [2023-12-19T10:16:02.359+0000] {dag.py:3820} INFO - Setting next_dagrun for tutorial_dag to None, run_after=None
[2023-12-19T10:16:02.369+0000] {processor.py:183} INFO - Processing /home/airflow/.local/lib/python3.8/site-packages/airflow/example_dags/tutorial_dag.py took 0.033 seconds
[2023-12-19T10:16:32.710+0000] {processor.py:161} INFO - Started process (PID=382) to work on /home/airflow/.local/lib/python3.8/site-packages/airflow/example_dags/tutorial_dag.py
[2023-12-19T10:16:32.710+0000] {processor.py:830} INFO - Processing file /home/airflow/.local/lib/python3.8/site-packages/airflow/example_dags/tutorial_dag.py for tasks to queue
[2023-12-19T10:16:32.711+0000] {logging_mixin.py:188} INFO - [2023-12-19T10:16:32.711+0000] {dagbag.py:538} INFO - Filling up the DagBag from /home/airflow/.local/lib/python3.8/site-packages/airflow/example_dags/tutorial_dag.py
[2023-12-19T10:16:32.713+0000] {processor.py:840} INFO - DAG(s) 'tutorial_dag' retrieved from /home/airflow/.local/lib/python3.8/site-packages/airflow/example_dags/tutorial_dag.py
[2023-12-19T10:16:32.725+0000] {logging_mixin.py:188} INFO - [2023-12-19T10:16:32.725+0000] {dag.py:3033} INFO - Sync 1 DAGs
[2023-12-19T10:16:32.731+0000] {logging_mixin.py:188} INFO - [2023-12-19T10:16:32.731+0000] {dag.py:3820} INFO - Setting next_dagrun for tutorial_dag to None, run_after=None
[2023-12-19T10:16:32.741+0000] {processor.py:183} INFO - Processing /home/airflow/.local/lib/python3.8/site-packages/airflow/example_dags/tutorial_dag.py took 0.033 seconds
[2023-12-19T10:17:03.215+0000] {processor.py:161} INFO - Started process (PID=437) to work on /home/airflow/.local/lib/python3.8/site-packages/airflow/example_dags/tutorial_dag.py
[2023-12-19T10:17:03.215+0000] {processor.py:830} INFO - Processing file /home/airflow/.local/lib/python3.8/site-packages/airflow/example_dags/tutorial_dag.py for tasks to queue
[2023-12-19T10:17:03.216+0000] {logging_mixin.py:188} INFO - [2023-12-19T10:17:03.216+0000] {dagbag.py:538} INFO - Filling up the DagBag from /home/airflow/.local/lib/python3.8/site-packages/airflow/example_dags/tutorial_dag.py
[2023-12-19T10:17:03.219+0000] {processor.py:840} INFO - DAG(s) 'tutorial_dag' retrieved from /home/airflow/.local/lib/python3.8/site-packages/airflow/example_dags/tutorial_dag.py
[2023-12-19T10:17:03.232+0000] {logging_mixin.py:188} INFO - [2023-12-19T10:17:03.232+0000] {dag.py:3033} INFO - Sync 1 DAGs
[2023-12-19T10:17:03.240+0000] {logging_mixin.py:188} INFO - [2023-12-19T10:17:03.239+0000] {dag.py:3820} INFO - Setting next_dagrun for tutorial_dag to None, run_after=None
[2023-12-19T10:17:03.253+0000] {processor.py:183} INFO - Processing /home/airflow/.local/lib/python3.8/site-packages/airflow/example_dags/tutorial_dag.py took 0.040 seconds
[2023-12-19T10:17:33.781+0000] {processor.py:161} INFO - Started process (PID=492) to work on /home/airflow/.local/lib/python3.8/site-packages/airflow/example_dags/tutorial_dag.py
[2023-12-19T10:17:33.782+0000] {processor.py:830} INFO - Processing file /home/airflow/.local/lib/python3.8/site-packages/airflow/example_dags/tutorial_dag.py for tasks to queue
[2023-12-19T10:17:33.783+0000] {logging_mixin.py:188} INFO - [2023-12-19T10:17:33.783+0000] {dagbag.py:538} INFO - Filling up the DagBag from /home/airflow/.local/lib/python3.8/site-packages/airflow/example_dags/tutorial_dag.py
[2023-12-19T10:17:33.786+0000] {processor.py:840} INFO - DAG(s) 'tutorial_dag' retrieved from /home/airflow/.local/lib/python3.8/site-packages/airflow/example_dags/tutorial_dag.py
[2023-12-19T10:17:33.799+0000] {logging_mixin.py:188} INFO - [2023-12-19T10:17:33.799+0000] {dag.py:3033} INFO - Sync 1 DAGs
[2023-12-19T10:17:33.806+0000] {logging_mixin.py:188} INFO - [2023-12-19T10:17:33.805+0000] {dag.py:3820} INFO - Setting next_dagrun for tutorial_dag to None, run_after=None
[2023-12-19T10:17:33.816+0000] {processor.py:183} INFO - Processing /home/airflow/.local/lib/python3.8/site-packages/airflow/example_dags/tutorial_dag.py took 0.036 seconds
[2023-12-19T10:18:04.204+0000] {processor.py:161} INFO - Started process (PID=547) to work on /home/airflow/.local/lib/python3.8/site-packages/airflow/example_dags/tutorial_dag.py
[2023-12-19T10:18:04.204+0000] {processor.py:830} INFO - Processing file /home/airflow/.local/lib/python3.8/site-packages/airflow/example_dags/tutorial_dag.py for tasks to queue
[2023-12-19T10:18:04.205+0000] {logging_mixin.py:188} INFO - [2023-12-19T10:18:04.205+0000] {dagbag.py:538} INFO - Filling up the DagBag from /home/airflow/.local/lib/python3.8/site-packages/airflow/example_dags/tutorial_dag.py
[2023-12-19T10:18:04.207+0000] {processor.py:840} INFO - DAG(s) 'tutorial_dag' retrieved from /home/airflow/.local/lib/python3.8/site-packages/airflow/example_dags/tutorial_dag.py
[2023-12-19T10:18:04.219+0000] {logging_mixin.py:188} INFO - [2023-12-19T10:18:04.219+0000] {dag.py:3033} INFO - Sync 1 DAGs
[2023-12-19T10:18:04.225+0000] {logging_mixin.py:188} INFO - [2023-12-19T10:18:04.225+0000] {dag.py:3820} INFO - Setting next_dagrun for tutorial_dag to None, run_after=None
[2023-12-19T10:18:04.235+0000] {processor.py:183} INFO - Processing /home/airflow/.local/lib/python3.8/site-packages/airflow/example_dags/tutorial_dag.py took 0.033 seconds
[2023-12-19T10:18:34.660+0000] {processor.py:161} INFO - Started process (PID=601) to work on /home/airflow/.local/lib/python3.8/site-packages/airflow/example_dags/tutorial_dag.py
[2023-12-19T10:18:34.660+0000] {processor.py:830} INFO - Processing file /home/airflow/.local/lib/python3.8/site-packages/airflow/example_dags/tutorial_dag.py for tasks to queue
[2023-12-19T10:18:34.661+0000] {logging_mixin.py:188} INFO - [2023-12-19T10:18:34.661+0000] {dagbag.py:538} INFO - Filling up the DagBag from /home/airflow/.local/lib/python3.8/site-packages/airflow/example_dags/tutorial_dag.py
[2023-12-19T10:18:34.664+0000] {processor.py:840} INFO - DAG(s) 'tutorial_dag' retrieved from /home/airflow/.local/lib/python3.8/site-packages/airflow/example_dags/tutorial_dag.py
[2023-12-19T10:18:34.674+0000] {logging_mixin.py:188} INFO - [2023-12-19T10:18:34.674+0000] {dag.py:3033} INFO - Sync 1 DAGs
[2023-12-19T10:18:34.681+0000] {logging_mixin.py:188} INFO - [2023-12-19T10:18:34.681+0000] {dag.py:3820} INFO - Setting next_dagrun for tutorial_dag to None, run_after=None
[2023-12-19T10:18:34.692+0000] {processor.py:183} INFO - Processing /home/airflow/.local/lib/python3.8/site-packages/airflow/example_dags/tutorial_dag.py took 0.033 seconds
[2023-12-19T10:19:05.205+0000] {processor.py:161} INFO - Started process (PID=656) to work on /home/airflow/.local/lib/python3.8/site-packages/airflow/example_dags/tutorial_dag.py
[2023-12-19T10:19:05.206+0000] {processor.py:830} INFO - Processing file /home/airflow/.local/lib/python3.8/site-packages/airflow/example_dags/tutorial_dag.py for tasks to queue
[2023-12-19T10:19:05.206+0000] {logging_mixin.py:188} INFO - [2023-12-19T10:19:05.206+0000] {dagbag.py:538} INFO - Filling up the DagBag from /home/airflow/.local/lib/python3.8/site-packages/airflow/example_dags/tutorial_dag.py
[2023-12-19T10:19:05.209+0000] {processor.py:840} INFO - DAG(s) 'tutorial_dag' retrieved from /home/airflow/.local/lib/python3.8/site-packages/airflow/example_dags/tutorial_dag.py
[2023-12-19T10:19:05.220+0000] {logging_mixin.py:188} INFO - [2023-12-19T10:19:05.220+0000] {dag.py:3033} INFO - Sync 1 DAGs
[2023-12-19T10:19:05.226+0000] {logging_mixin.py:188} INFO - [2023-12-19T10:19:05.226+0000] {dag.py:3820} INFO - Setting next_dagrun for tutorial_dag to None, run_after=None
[2023-12-19T10:19:05.236+0000] {processor.py:183} INFO - Processing /home/airflow/.local/lib/python3.8/site-packages/airflow/example_dags/tutorial_dag.py took 0.032 seconds
[2023-12-19T10:19:35.708+0000] {processor.py:161} INFO - Started process (PID=711) to work on /home/airflow/.local/lib/python3.8/site-packages/airflow/example_dags/tutorial_dag.py
[2023-12-19T10:19:35.709+0000] {processor.py:830} INFO - Processing file /home/airflow/.local/lib/python3.8/site-packages/airflow/example_dags/tutorial_dag.py for tasks to queue
[2023-12-19T10:19:35.710+0000] {logging_mixin.py:188} INFO - [2023-12-19T10:19:35.710+0000] {dagbag.py:538} INFO - Filling up the DagBag from /home/airflow/.local/lib/python3.8/site-packages/airflow/example_dags/tutorial_dag.py
[2023-12-19T10:19:35.712+0000] {processor.py:840} INFO - DAG(s) 'tutorial_dag' retrieved from /home/airflow/.local/lib/python3.8/site-packages/airflow/example_dags/tutorial_dag.py
[2023-12-19T10:19:35.724+0000] {logging_mixin.py:188} INFO - [2023-12-19T10:19:35.724+0000] {dag.py:3033} INFO - Sync 1 DAGs
[2023-12-19T10:19:35.730+0000] {logging_mixin.py:188} INFO - [2023-12-19T10:19:35.730+0000] {dag.py:3820} INFO - Setting next_dagrun for tutorial_dag to None, run_after=None
[2023-12-19T10:19:35.740+0000] {processor.py:183} INFO - Processing /home/airflow/.local/lib/python3.8/site-packages/airflow/example_dags/tutorial_dag.py took 0.033 seconds
[2023-12-19T10:20:06.136+0000] {processor.py:161} INFO - Started process (PID=766) to work on /home/airflow/.local/lib/python3.8/site-packages/airflow/example_dags/tutorial_dag.py
[2023-12-19T10:20:06.137+0000] {processor.py:830} INFO - Processing file /home/airflow/.local/lib/python3.8/site-packages/airflow/example_dags/tutorial_dag.py for tasks to queue
[2023-12-19T10:20:06.137+0000] {logging_mixin.py:188} INFO - [2023-12-19T10:20:06.137+0000] {dagbag.py:538} INFO - Filling up the DagBag from /home/airflow/.local/lib/python3.8/site-packages/airflow/example_dags/tutorial_dag.py
[2023-12-19T10:20:06.140+0000] {processor.py:840} INFO - DAG(s) 'tutorial_dag' retrieved from /home/airflow/.local/lib/python3.8/site-packages/airflow/example_dags/tutorial_dag.py
[2023-12-19T10:20:06.151+0000] {logging_mixin.py:188} INFO - [2023-12-19T10:20:06.151+0000] {dag.py:3033} INFO - Sync 1 DAGs
[2023-12-19T10:20:06.157+0000] {logging_mixin.py:188} INFO - [2023-12-19T10:20:06.157+0000] {dag.py:3820} INFO - Setting next_dagrun for tutorial_dag to None, run_after=None
[2023-12-19T10:20:06.166+0000] {processor.py:183} INFO - Processing /home/airflow/.local/lib/python3.8/site-packages/airflow/example_dags/tutorial_dag.py took 0.032 seconds
[2023-12-19T10:20:36.642+0000] {processor.py:161} INFO - Started process (PID=821) to work on /home/airflow/.local/lib/python3.8/site-packages/airflow/example_dags/tutorial_dag.py
[2023-12-19T10:20:36.642+0000] {processor.py:830} INFO - Processing file /home/airflow/.local/lib/python3.8/site-packages/airflow/example_dags/tutorial_dag.py for tasks to queue
[2023-12-19T10:20:36.643+0000] {logging_mixin.py:188} INFO - [2023-12-19T10:20:36.643+0000] {dagbag.py:538} INFO - Filling up the DagBag from /home/airflow/.local/lib/python3.8/site-packages/airflow/example_dags/tutorial_dag.py
[2023-12-19T10:20:36.646+0000] {processor.py:840} INFO - DAG(s) 'tutorial_dag' retrieved from /home/airflow/.local/lib/python3.8/site-packages/airflow/example_dags/tutorial_dag.py
[2023-12-19T10:20:36.658+0000] {logging_mixin.py:188} INFO - [2023-12-19T10:20:36.658+0000] {dag.py:3033} INFO - Sync 1 DAGs
[2023-12-19T10:20:36.664+0000] {logging_mixin.py:188} INFO - [2023-12-19T10:20:36.664+0000] {dag.py:3820} INFO - Setting next_dagrun for tutorial_dag to None, run_after=None
[2023-12-19T10:20:36.674+0000] {processor.py:183} INFO - Processing /home/airflow/.local/lib/python3.8/site-packages/airflow/example_dags/tutorial_dag.py took 0.034 seconds
[2023-12-19T10:21:07.182+0000] {processor.py:161} INFO - Started process (PID=876) to work on /home/airflow/.local/lib/python3.8/site-packages/airflow/example_dags/tutorial_dag.py
[2023-12-19T10:21:07.182+0000] {processor.py:830} INFO - Processing file /home/airflow/.local/lib/python3.8/site-packages/airflow/example_dags/tutorial_dag.py for tasks to queue
[2023-12-19T10:21:07.183+0000] {logging_mixin.py:188} INFO - [2023-12-19T10:21:07.183+0000] {dagbag.py:538} INFO - Filling up the DagBag from /home/airflow/.local/lib/python3.8/site-packages/airflow/example_dags/tutorial_dag.py
[2023-12-19T10:21:07.186+0000] {processor.py:840} INFO - DAG(s) 'tutorial_dag' retrieved from /home/airflow/.local/lib/python3.8/site-packages/airflow/example_dags/tutorial_dag.py
[2023-12-19T10:21:07.197+0000] {logging_mixin.py:188} INFO - [2023-12-19T10:21:07.197+0000] {dag.py:3033} INFO - Sync 1 DAGs
[2023-12-19T10:21:07.205+0000] {logging_mixin.py:188} INFO - [2023-12-19T10:21:07.205+0000] {dag.py:3820} INFO - Setting next_dagrun for tutorial_dag to None, run_after=None
[2023-12-19T10:21:07.215+0000] {processor.py:183} INFO - Processing /home/airflow/.local/lib/python3.8/site-packages/airflow/example_dags/tutorial_dag.py took 0.035 seconds
[2023-12-19T10:21:37.621+0000] {processor.py:161} INFO - Started process (PID=931) to work on /home/airflow/.local/lib/python3.8/site-packages/airflow/example_dags/tutorial_dag.py
[2023-12-19T10:21:37.621+0000] {processor.py:830} INFO - Processing file /home/airflow/.local/lib/python3.8/site-packages/airflow/example_dags/tutorial_dag.py for tasks to queue
[2023-12-19T10:21:37.622+0000] {logging_mixin.py:188} INFO - [2023-12-19T10:21:37.622+0000] {dagbag.py:538} INFO - Filling up the DagBag from /home/airflow/.local/lib/python3.8/site-packages/airflow/example_dags/tutorial_dag.py
[2023-12-19T10:21:37.625+0000] {processor.py:840} INFO - DAG(s) 'tutorial_dag' retrieved from /home/airflow/.local/lib/python3.8/site-packages/airflow/example_dags/tutorial_dag.py
[2023-12-19T10:21:37.636+0000] {logging_mixin.py:188} INFO - [2023-12-19T10:21:37.636+0000] {dag.py:3033} INFO - Sync 1 DAGs
[2023-12-19T10:21:37.642+0000] {logging_mixin.py:188} INFO - [2023-12-19T10:21:37.642+0000] {dag.py:3820} INFO - Setting next_dagrun for tutorial_dag to None, run_after=None
[2023-12-19T10:21:37.652+0000] {processor.py:183} INFO - Processing /home/airflow/.local/lib/python3.8/site-packages/airflow/example_dags/tutorial_dag.py took 0.032 seconds
[2023-12-19T10:22:08.102+0000] {processor.py:161} INFO - Started process (PID=986) to work on /home/airflow/.local/lib/python3.8/site-packages/airflow/example_dags/tutorial_dag.py
[2023-12-19T10:22:08.102+0000] {processor.py:830} INFO - Processing file /home/airflow/.local/lib/python3.8/site-packages/airflow/example_dags/tutorial_dag.py for tasks to queue
[2023-12-19T10:22:08.103+0000] {logging_mixin.py:188} INFO - [2023-12-19T10:22:08.103+0000] {dagbag.py:538} INFO - Filling up the DagBag from /home/airflow/.local/lib/python3.8/site-packages/airflow/example_dags/tutorial_dag.py
[2023-12-19T10:22:08.106+0000] {processor.py:840} INFO - DAG(s) 'tutorial_dag' retrieved from /home/airflow/.local/lib/python3.8/site-packages/airflow/example_dags/tutorial_dag.py
[2023-12-19T10:22:08.117+0000] {logging_mixin.py:188} INFO - [2023-12-19T10:22:08.117+0000] {dag.py:3033} INFO - Sync 1 DAGs
[2023-12-19T10:22:08.123+0000] {logging_mixin.py:188} INFO - [2023-12-19T10:22:08.123+0000] {dag.py:3820} INFO - Setting next_dagrun for tutorial_dag to None, run_after=None
[2023-12-19T10:22:08.138+0000] {processor.py:183} INFO - Processing /home/airflow/.local/lib/python3.8/site-packages/airflow/example_dags/tutorial_dag.py took 0.037 seconds
[2023-12-19T10:22:38.602+0000] {processor.py:161} INFO - Started process (PID=1041) to work on /home/airflow/.local/lib/python3.8/site-packages/airflow/example_dags/tutorial_dag.py
[2023-12-19T10:22:38.602+0000] {processor.py:830} INFO - Processing file /home/airflow/.local/lib/python3.8/site-packages/airflow/example_dags/tutorial_dag.py for tasks to queue
[2023-12-19T10:22:38.603+0000] {logging_mixin.py:188} INFO - [2023-12-19T10:22:38.603+0000] {dagbag.py:538} INFO - Filling up the DagBag from /home/airflow/.local/lib/python3.8/site-packages/airflow/example_dags/tutorial_dag.py
[2023-12-19T10:22:38.606+0000] {processor.py:840} INFO - DAG(s) 'tutorial_dag' retrieved from /home/airflow/.local/lib/python3.8/site-packages/airflow/example_dags/tutorial_dag.py
[2023-12-19T10:22:38.617+0000] {logging_mixin.py:188} INFO - [2023-12-19T10:22:38.616+0000] {dag.py:3033} INFO - Sync 1 DAGs
[2023-12-19T10:22:38.623+0000] {logging_mixin.py:188} INFO - [2023-12-19T10:22:38.622+0000] {dag.py:3820} INFO - Setting next_dagrun for tutorial_dag to None, run_after=None
[2023-12-19T10:22:38.632+0000] {processor.py:183} INFO - Processing /home/airflow/.local/lib/python3.8/site-packages/airflow/example_dags/tutorial_dag.py took 0.032 seconds
[2023-12-19T10:23:09.070+0000] {processor.py:161} INFO - Started process (PID=1096) to work on /home/airflow/.local/lib/python3.8/site-packages/airflow/example_dags/tutorial_dag.py
[2023-12-19T10:23:09.070+0000] {processor.py:830} INFO - Processing file /home/airflow/.local/lib/python3.8/site-packages/airflow/example_dags/tutorial_dag.py for tasks to queue
[2023-12-19T10:23:09.071+0000] {logging_mixin.py:188} INFO - [2023-12-19T10:23:09.071+0000] {dagbag.py:538} INFO - Filling up the DagBag from /home/airflow/.local/lib/python3.8/site-packages/airflow/example_dags/tutorial_dag.py
[2023-12-19T10:23:09.074+0000] {processor.py:840} INFO - DAG(s) 'tutorial_dag' retrieved from /home/airflow/.local/lib/python3.8/site-packages/airflow/example_dags/tutorial_dag.py
[2023-12-19T10:23:09.085+0000] {logging_mixin.py:188} INFO - [2023-12-19T10:23:09.085+0000] {dag.py:3033} INFO - Sync 1 DAGs
[2023-12-19T10:23:09.091+0000] {logging_mixin.py:188} INFO - [2023-12-19T10:23:09.091+0000] {dag.py:3820} INFO - Setting next_dagrun for tutorial_dag to None, run_after=None
[2023-12-19T10:23:09.101+0000] {processor.py:183} INFO - Processing /home/airflow/.local/lib/python3.8/site-packages/airflow/example_dags/tutorial_dag.py took 0.033 seconds
[2023-12-19T10:23:39.609+0000] {processor.py:161} INFO - Started process (PID=1151) to work on /home/airflow/.local/lib/python3.8/site-packages/airflow/example_dags/tutorial_dag.py
[2023-12-19T10:23:39.609+0000] {processor.py:830} INFO - Processing file /home/airflow/.local/lib/python3.8/site-packages/airflow/example_dags/tutorial_dag.py for tasks to queue
[2023-12-19T10:23:39.610+0000] {logging_mixin.py:188} INFO - [2023-12-19T10:23:39.610+0000] {dagbag.py:538} INFO - Filling up the DagBag from /home/airflow/.local/lib/python3.8/site-packages/airflow/example_dags/tutorial_dag.py
[2023-12-19T10:23:39.612+0000] {processor.py:840} INFO - DAG(s) 'tutorial_dag' retrieved from /home/airflow/.local/lib/python3.8/site-packages/airflow/example_dags/tutorial_dag.py
[2023-12-19T10:23:39.624+0000] {logging_mixin.py:188} INFO - [2023-12-19T10:23:39.624+0000] {dag.py:3033} INFO - Sync 1 DAGs
[2023-12-19T10:23:39.630+0000] {logging_mixin.py:188} INFO - [2023-12-19T10:23:39.630+0000] {dag.py:3820} INFO - Setting next_dagrun for tutorial_dag to None, run_after=None
[2023-12-19T10:23:39.640+0000] {processor.py:183} INFO - Processing /home/airflow/.local/lib/python3.8/site-packages/airflow/example_dags/tutorial_dag.py took 0.033 seconds
[2023-12-19T10:24:10.118+0000] {processor.py:161} INFO - Started process (PID=1206) to work on /home/airflow/.local/lib/python3.8/site-packages/airflow/example_dags/tutorial_dag.py
[2023-12-19T10:24:10.118+0000] {processor.py:830} INFO - Processing file /home/airflow/.local/lib/python3.8/site-packages/airflow/example_dags/tutorial_dag.py for tasks to queue
[2023-12-19T10:24:10.119+0000] {logging_mixin.py:188} INFO - [2023-12-19T10:24:10.119+0000] {dagbag.py:538} INFO - Filling up the DagBag from /home/airflow/.local/lib/python3.8/site-packages/airflow/example_dags/tutorial_dag.py
[2023-12-19T10:24:10.122+0000] {processor.py:840} INFO - DAG(s) 'tutorial_dag' retrieved from /home/airflow/.local/lib/python3.8/site-packages/airflow/example_dags/tutorial_dag.py
[2023-12-19T10:24:10.137+0000] {logging_mixin.py:188} INFO - [2023-12-19T10:24:10.136+0000] {dag.py:3033} INFO - Sync 1 DAGs
[2023-12-19T10:24:10.143+0000] {logging_mixin.py:188} INFO - [2023-12-19T10:24:10.143+0000] {dag.py:3820} INFO - Setting next_dagrun for tutorial_dag to None, run_after=None
[2023-12-19T10:24:10.154+0000] {processor.py:183} INFO - Processing /home/airflow/.local/lib/python3.8/site-packages/airflow/example_dags/tutorial_dag.py took 0.038 seconds
[2023-12-19T10:24:40.659+0000] {processor.py:161} INFO - Started process (PID=1261) to work on /home/airflow/.local/lib/python3.8/site-packages/airflow/example_dags/tutorial_dag.py
[2023-12-19T10:24:40.660+0000] {processor.py:830} INFO - Processing file /home/airflow/.local/lib/python3.8/site-packages/airflow/example_dags/tutorial_dag.py for tasks to queue
[2023-12-19T10:24:40.661+0000] {logging_mixin.py:188} INFO - [2023-12-19T10:24:40.661+0000] {dagbag.py:538} INFO - Filling up the DagBag from /home/airflow/.local/lib/python3.8/site-packages/airflow/example_dags/tutorial_dag.py
[2023-12-19T10:24:40.664+0000] {processor.py:840} INFO - DAG(s) 'tutorial_dag' retrieved from /home/airflow/.local/lib/python3.8/site-packages/airflow/example_dags/tutorial_dag.py
[2023-12-19T10:24:40.676+0000] {logging_mixin.py:188} INFO - [2023-12-19T10:24:40.676+0000] {dag.py:3033} INFO - Sync 1 DAGs
[2023-12-19T10:24:40.683+0000] {logging_mixin.py:188} INFO - [2023-12-19T10:24:40.683+0000] {dag.py:3820} INFO - Setting next_dagrun for tutorial_dag to None, run_after=None
[2023-12-19T10:24:40.694+0000] {processor.py:183} INFO - Processing /home/airflow/.local/lib/python3.8/site-packages/airflow/example_dags/tutorial_dag.py took 0.037 seconds
[2023-12-19T10:25:11.215+0000] {processor.py:161} INFO - Started process (PID=1316) to work on /home/airflow/.local/lib/python3.8/site-packages/airflow/example_dags/tutorial_dag.py
[2023-12-19T10:25:11.215+0000] {processor.py:830} INFO - Processing file /home/airflow/.local/lib/python3.8/site-packages/airflow/example_dags/tutorial_dag.py for tasks to queue
[2023-12-19T10:25:11.216+0000] {logging_mixin.py:188} INFO - [2023-12-19T10:25:11.216+0000] {dagbag.py:538} INFO - Filling up the DagBag from /home/airflow/.local/lib/python3.8/site-packages/airflow/example_dags/tutorial_dag.py
[2023-12-19T10:25:11.219+0000] {processor.py:840} INFO - DAG(s) 'tutorial_dag' retrieved from /home/airflow/.local/lib/python3.8/site-packages/airflow/example_dags/tutorial_dag.py
[2023-12-19T10:25:11.230+0000] {logging_mixin.py:188} INFO - [2023-12-19T10:25:11.230+0000] {dag.py:3033} INFO - Sync 1 DAGs
[2023-12-19T10:25:11.236+0000] {logging_mixin.py:188} INFO - [2023-12-19T10:25:11.236+0000] {dag.py:3820} INFO - Setting next_dagrun for tutorial_dag to None, run_after=None
[2023-12-19T10:25:11.247+0000] {processor.py:183} INFO - Processing /home/airflow/.local/lib/python3.8/site-packages/airflow/example_dags/tutorial_dag.py took 0.033 seconds
[2023-12-19T10:25:41.741+0000] {processor.py:161} INFO - Started process (PID=1370) to work on /home/airflow/.local/lib/python3.8/site-packages/airflow/example_dags/tutorial_dag.py
[2023-12-19T10:25:41.741+0000] {processor.py:830} INFO - Processing file /home/airflow/.local/lib/python3.8/site-packages/airflow/example_dags/tutorial_dag.py for tasks to queue
[2023-12-19T10:25:41.743+0000] {logging_mixin.py:188} INFO - [2023-12-19T10:25:41.743+0000] {dagbag.py:538} INFO - Filling up the DagBag from /home/airflow/.local/lib/python3.8/site-packages/airflow/example_dags/tutorial_dag.py
[2023-12-19T10:25:41.747+0000] {processor.py:840} INFO - DAG(s) 'tutorial_dag' retrieved from /home/airflow/.local/lib/python3.8/site-packages/airflow/example_dags/tutorial_dag.py
[2023-12-19T10:25:41.763+0000] {logging_mixin.py:188} INFO - [2023-12-19T10:25:41.763+0000] {dag.py:3033} INFO - Sync 1 DAGs
[2023-12-19T10:25:41.773+0000] {logging_mixin.py:188} INFO - [2023-12-19T10:25:41.772+0000] {dag.py:3820} INFO - Setting next_dagrun for tutorial_dag to None, run_after=None
[2023-12-19T10:25:41.785+0000] {processor.py:183} INFO - Processing /home/airflow/.local/lib/python3.8/site-packages/airflow/example_dags/tutorial_dag.py took 0.045 seconds
[2023-12-19T10:26:12.251+0000] {processor.py:161} INFO - Started process (PID=1425) to work on /home/airflow/.local/lib/python3.8/site-packages/airflow/example_dags/tutorial_dag.py
[2023-12-19T10:26:12.251+0000] {processor.py:830} INFO - Processing file /home/airflow/.local/lib/python3.8/site-packages/airflow/example_dags/tutorial_dag.py for tasks to queue
[2023-12-19T10:26:12.252+0000] {logging_mixin.py:188} INFO - [2023-12-19T10:26:12.252+0000] {dagbag.py:538} INFO - Filling up the DagBag from /home/airflow/.local/lib/python3.8/site-packages/airflow/example_dags/tutorial_dag.py
[2023-12-19T10:26:12.254+0000] {processor.py:840} INFO - DAG(s) 'tutorial_dag' retrieved from /home/airflow/.local/lib/python3.8/site-packages/airflow/example_dags/tutorial_dag.py
[2023-12-19T10:26:12.265+0000] {logging_mixin.py:188} INFO - [2023-12-19T10:26:12.265+0000] {dag.py:3033} INFO - Sync 1 DAGs
[2023-12-19T10:26:12.272+0000] {logging_mixin.py:188} INFO - [2023-12-19T10:26:12.271+0000] {dag.py:3820} INFO - Setting next_dagrun for tutorial_dag to None, run_after=None
[2023-12-19T10:26:12.282+0000] {processor.py:183} INFO - Processing /home/airflow/.local/lib/python3.8/site-packages/airflow/example_dags/tutorial_dag.py took 0.032 seconds
[2023-12-19T10:26:42.864+0000] {processor.py:161} INFO - Started process (PID=1480) to work on /home/airflow/.local/lib/python3.8/site-packages/airflow/example_dags/tutorial_dag.py
[2023-12-19T10:26:42.865+0000] {processor.py:830} INFO - Processing file /home/airflow/.local/lib/python3.8/site-packages/airflow/example_dags/tutorial_dag.py for tasks to queue
[2023-12-19T10:26:42.866+0000] {logging_mixin.py:188} INFO - [2023-12-19T10:26:42.865+0000] {dagbag.py:538} INFO - Filling up the DagBag from /home/airflow/.local/lib/python3.8/site-packages/airflow/example_dags/tutorial_dag.py
[2023-12-19T10:26:42.868+0000] {processor.py:840} INFO - DAG(s) 'tutorial_dag' retrieved from /home/airflow/.local/lib/python3.8/site-packages/airflow/example_dags/tutorial_dag.py
[2023-12-19T10:26:42.879+0000] {logging_mixin.py:188} INFO - [2023-12-19T10:26:42.879+0000] {dag.py:3033} INFO - Sync 1 DAGs
[2023-12-19T10:26:42.885+0000] {logging_mixin.py:188} INFO - [2023-12-19T10:26:42.885+0000] {dag.py:3820} INFO - Setting next_dagrun for tutorial_dag to None, run_after=None
[2023-12-19T10:26:42.895+0000] {processor.py:183} INFO - Processing /home/airflow/.local/lib/python3.8/site-packages/airflow/example_dags/tutorial_dag.py took 0.032 seconds
[2023-12-19T10:27:13.330+0000] {processor.py:161} INFO - Started process (PID=1535) to work on /home/airflow/.local/lib/python3.8/site-packages/airflow/example_dags/tutorial_dag.py
[2023-12-19T10:27:13.331+0000] {processor.py:830} INFO - Processing file /home/airflow/.local/lib/python3.8/site-packages/airflow/example_dags/tutorial_dag.py for tasks to queue
[2023-12-19T10:27:13.332+0000] {logging_mixin.py:188} INFO - [2023-12-19T10:27:13.332+0000] {dagbag.py:538} INFO - Filling up the DagBag from /home/airflow/.local/lib/python3.8/site-packages/airflow/example_dags/tutorial_dag.py
[2023-12-19T10:27:13.334+0000] {processor.py:840} INFO - DAG(s) 'tutorial_dag' retrieved from /home/airflow/.local/lib/python3.8/site-packages/airflow/example_dags/tutorial_dag.py
[2023-12-19T10:27:13.346+0000] {logging_mixin.py:188} INFO - [2023-12-19T10:27:13.345+0000] {dag.py:3033} INFO - Sync 1 DAGs
[2023-12-19T10:27:13.352+0000] {logging_mixin.py:188} INFO - [2023-12-19T10:27:13.352+0000] {dag.py:3820} INFO - Setting next_dagrun for tutorial_dag to None, run_after=None
[2023-12-19T10:27:13.361+0000] {processor.py:183} INFO - Processing /home/airflow/.local/lib/python3.8/site-packages/airflow/example_dags/tutorial_dag.py took 0.033 seconds
[2023-12-19T10:27:43.869+0000] {processor.py:161} INFO - Started process (PID=1590) to work on /home/airflow/.local/lib/python3.8/site-packages/airflow/example_dags/tutorial_dag.py
[2023-12-19T10:27:43.869+0000] {processor.py:830} INFO - Processing file /home/airflow/.local/lib/python3.8/site-packages/airflow/example_dags/tutorial_dag.py for tasks to queue
[2023-12-19T10:27:43.870+0000] {logging_mixin.py:188} INFO - [2023-12-19T10:27:43.870+0000] {dagbag.py:538} INFO - Filling up the DagBag from /home/airflow/.local/lib/python3.8/site-packages/airflow/example_dags/tutorial_dag.py
[2023-12-19T10:27:43.873+0000] {processor.py:840} INFO - DAG(s) 'tutorial_dag' retrieved from /home/airflow/.local/lib/python3.8/site-packages/airflow/example_dags/tutorial_dag.py
[2023-12-19T10:27:43.884+0000] {logging_mixin.py:188} INFO - [2023-12-19T10:27:43.884+0000] {dag.py:3033} INFO - Sync 1 DAGs
[2023-12-19T10:27:43.890+0000] {logging_mixin.py:188} INFO - [2023-12-19T10:27:43.890+0000] {dag.py:3820} INFO - Setting next_dagrun for tutorial_dag to None, run_after=None
[2023-12-19T10:27:43.900+0000] {processor.py:183} INFO - Processing /home/airflow/.local/lib/python3.8/site-packages/airflow/example_dags/tutorial_dag.py took 0.033 seconds
[2023-12-19T10:28:14.407+0000] {processor.py:161} INFO - Started process (PID=1644) to work on /home/airflow/.local/lib/python3.8/site-packages/airflow/example_dags/tutorial_dag.py
[2023-12-19T10:28:14.407+0000] {processor.py:830} INFO - Processing file /home/airflow/.local/lib/python3.8/site-packages/airflow/example_dags/tutorial_dag.py for tasks to queue
[2023-12-19T10:28:14.408+0000] {logging_mixin.py:188} INFO - [2023-12-19T10:28:14.408+0000] {dagbag.py:538} INFO - Filling up the DagBag from /home/airflow/.local/lib/python3.8/site-packages/airflow/example_dags/tutorial_dag.py
[2023-12-19T10:28:14.410+0000] {processor.py:840} INFO - DAG(s) 'tutorial_dag' retrieved from /home/airflow/.local/lib/python3.8/site-packages/airflow/example_dags/tutorial_dag.py
[2023-12-19T10:28:14.422+0000] {logging_mixin.py:188} INFO - [2023-12-19T10:28:14.422+0000] {dag.py:3033} INFO - Sync 1 DAGs
[2023-12-19T10:28:14.428+0000] {logging_mixin.py:188} INFO - [2023-12-19T10:28:14.428+0000] {dag.py:3820} INFO - Setting next_dagrun for tutorial_dag to None, run_after=None
[2023-12-19T10:28:14.438+0000] {processor.py:183} INFO - Processing /home/airflow/.local/lib/python3.8/site-packages/airflow/example_dags/tutorial_dag.py took 0.033 seconds
[2023-12-19T10:28:44.906+0000] {processor.py:161} INFO - Started process (PID=1699) to work on /home/airflow/.local/lib/python3.8/site-packages/airflow/example_dags/tutorial_dag.py
[2023-12-19T10:28:44.906+0000] {processor.py:830} INFO - Processing file /home/airflow/.local/lib/python3.8/site-packages/airflow/example_dags/tutorial_dag.py for tasks to queue
[2023-12-19T10:28:44.907+0000] {logging_mixin.py:188} INFO - [2023-12-19T10:28:44.907+0000] {dagbag.py:538} INFO - Filling up the DagBag from /home/airflow/.local/lib/python3.8/site-packages/airflow/example_dags/tutorial_dag.py
[2023-12-19T10:28:44.910+0000] {processor.py:840} INFO - DAG(s) 'tutorial_dag' retrieved from /home/airflow/.local/lib/python3.8/site-packages/airflow/example_dags/tutorial_dag.py
[2023-12-19T10:28:44.922+0000] {logging_mixin.py:188} INFO - [2023-12-19T10:28:44.922+0000] {dag.py:3033} INFO - Sync 1 DAGs
[2023-12-19T10:28:44.929+0000] {logging_mixin.py:188} INFO - [2023-12-19T10:28:44.929+0000] {dag.py:3820} INFO - Setting next_dagrun for tutorial_dag to None, run_after=None
[2023-12-19T10:28:44.941+0000] {processor.py:183} INFO - Processing /home/airflow/.local/lib/python3.8/site-packages/airflow/example_dags/tutorial_dag.py took 0.037 seconds
[2023-12-19T10:29:15.448+0000] {processor.py:161} INFO - Started process (PID=1754) to work on /home/airflow/.local/lib/python3.8/site-packages/airflow/example_dags/tutorial_dag.py
[2023-12-19T10:29:15.448+0000] {processor.py:830} INFO - Processing file /home/airflow/.local/lib/python3.8/site-packages/airflow/example_dags/tutorial_dag.py for tasks to queue
[2023-12-19T10:29:15.449+0000] {logging_mixin.py:188} INFO - [2023-12-19T10:29:15.449+0000] {dagbag.py:538} INFO - Filling up the DagBag from /home/airflow/.local/lib/python3.8/site-packages/airflow/example_dags/tutorial_dag.py
[2023-12-19T10:29:15.452+0000] {processor.py:840} INFO - DAG(s) 'tutorial_dag' retrieved from /home/airflow/.local/lib/python3.8/site-packages/airflow/example_dags/tutorial_dag.py
[2023-12-19T10:29:15.464+0000] {logging_mixin.py:188} INFO - [2023-12-19T10:29:15.464+0000] {dag.py:3033} INFO - Sync 1 DAGs
[2023-12-19T10:29:15.470+0000] {logging_mixin.py:188} INFO - [2023-12-19T10:29:15.470+0000] {dag.py:3820} INFO - Setting next_dagrun for tutorial_dag to None, run_after=None
[2023-12-19T10:29:15.481+0000] {processor.py:183} INFO - Processing /home/airflow/.local/lib/python3.8/site-packages/airflow/example_dags/tutorial_dag.py took 0.034 seconds
[2023-12-19T10:29:46.087+0000] {processor.py:161} INFO - Started process (PID=1808) to work on /home/airflow/.local/lib/python3.8/site-packages/airflow/example_dags/tutorial_dag.py
[2023-12-19T10:29:46.087+0000] {processor.py:830} INFO - Processing file /home/airflow/.local/lib/python3.8/site-packages/airflow/example_dags/tutorial_dag.py for tasks to queue
[2023-12-19T10:29:46.088+0000] {logging_mixin.py:188} INFO - [2023-12-19T10:29:46.088+0000] {dagbag.py:538} INFO - Filling up the DagBag from /home/airflow/.local/lib/python3.8/site-packages/airflow/example_dags/tutorial_dag.py
[2023-12-19T10:29:46.091+0000] {processor.py:840} INFO - DAG(s) 'tutorial_dag' retrieved from /home/airflow/.local/lib/python3.8/site-packages/airflow/example_dags/tutorial_dag.py
[2023-12-19T10:29:46.102+0000] {logging_mixin.py:188} INFO - [2023-12-19T10:29:46.102+0000] {dag.py:3033} INFO - Sync 1 DAGs
[2023-12-19T10:29:46.108+0000] {logging_mixin.py:188} INFO - [2023-12-19T10:29:46.108+0000] {dag.py:3820} INFO - Setting next_dagrun for tutorial_dag to None, run_after=None
[2023-12-19T10:29:46.117+0000] {processor.py:183} INFO - Processing /home/airflow/.local/lib/python3.8/site-packages/airflow/example_dags/tutorial_dag.py took 0.032 seconds
[2023-12-19T10:30:16.719+0000] {processor.py:161} INFO - Started process (PID=1862) to work on /home/airflow/.local/lib/python3.8/site-packages/airflow/example_dags/tutorial_dag.py
[2023-12-19T10:30:16.720+0000] {processor.py:830} INFO - Processing file /home/airflow/.local/lib/python3.8/site-packages/airflow/example_dags/tutorial_dag.py for tasks to queue
[2023-12-19T10:30:16.721+0000] {logging_mixin.py:188} INFO - [2023-12-19T10:30:16.721+0000] {dagbag.py:538} INFO - Filling up the DagBag from /home/airflow/.local/lib/python3.8/site-packages/airflow/example_dags/tutorial_dag.py
[2023-12-19T10:30:16.724+0000] {processor.py:840} INFO - DAG(s) 'tutorial_dag' retrieved from /home/airflow/.local/lib/python3.8/site-packages/airflow/example_dags/tutorial_dag.py
[2023-12-19T10:30:16.735+0000] {logging_mixin.py:188} INFO - [2023-12-19T10:30:16.735+0000] {dag.py:3033} INFO - Sync 1 DAGs
[2023-12-19T10:30:16.741+0000] {logging_mixin.py:188} INFO - [2023-12-19T10:30:16.741+0000] {dag.py:3820} INFO - Setting next_dagrun for tutorial_dag to None, run_after=None
[2023-12-19T10:30:16.751+0000] {processor.py:183} INFO - Processing /home/airflow/.local/lib/python3.8/site-packages/airflow/example_dags/tutorial_dag.py took 0.034 seconds
[2023-12-19T10:30:47.582+0000] {processor.py:161} INFO - Started process (PID=1917) to work on /home/airflow/.local/lib/python3.8/site-packages/airflow/example_dags/tutorial_dag.py
[2023-12-19T10:30:47.582+0000] {processor.py:830} INFO - Processing file /home/airflow/.local/lib/python3.8/site-packages/airflow/example_dags/tutorial_dag.py for tasks to queue
[2023-12-19T10:30:47.583+0000] {logging_mixin.py:188} INFO - [2023-12-19T10:30:47.583+0000] {dagbag.py:538} INFO - Filling up the DagBag from /home/airflow/.local/lib/python3.8/site-packages/airflow/example_dags/tutorial_dag.py
[2023-12-19T10:30:47.585+0000] {processor.py:840} INFO - DAG(s) 'tutorial_dag' retrieved from /home/airflow/.local/lib/python3.8/site-packages/airflow/example_dags/tutorial_dag.py
[2023-12-19T10:30:47.597+0000] {logging_mixin.py:188} INFO - [2023-12-19T10:30:47.597+0000] {dag.py:3033} INFO - Sync 1 DAGs
[2023-12-19T10:30:47.603+0000] {logging_mixin.py:188} INFO - [2023-12-19T10:30:47.603+0000] {dag.py:3820} INFO - Setting next_dagrun for tutorial_dag to None, run_after=None
[2023-12-19T10:30:47.613+0000] {processor.py:183} INFO - Processing /home/airflow/.local/lib/python3.8/site-packages/airflow/example_dags/tutorial_dag.py took 0.032 seconds
[2023-12-19T10:31:18.597+0000] {processor.py:161} INFO - Started process (PID=1972) to work on /home/airflow/.local/lib/python3.8/site-packages/airflow/example_dags/tutorial_dag.py
[2023-12-19T10:31:18.598+0000] {processor.py:830} INFO - Processing file /home/airflow/.local/lib/python3.8/site-packages/airflow/example_dags/tutorial_dag.py for tasks to queue
[2023-12-19T10:31:18.599+0000] {logging_mixin.py:188} INFO - [2023-12-19T10:31:18.599+0000] {dagbag.py:538} INFO - Filling up the DagBag from /home/airflow/.local/lib/python3.8/site-packages/airflow/example_dags/tutorial_dag.py
[2023-12-19T10:31:18.601+0000] {processor.py:840} INFO - DAG(s) 'tutorial_dag' retrieved from /home/airflow/.local/lib/python3.8/site-packages/airflow/example_dags/tutorial_dag.py
[2023-12-19T10:31:18.612+0000] {logging_mixin.py:188} INFO - [2023-12-19T10:31:18.612+0000] {dag.py:3033} INFO - Sync 1 DAGs
[2023-12-19T10:31:18.619+0000] {logging_mixin.py:188} INFO - [2023-12-19T10:31:18.619+0000] {dag.py:3820} INFO - Setting next_dagrun for tutorial_dag to None, run_after=None
[2023-12-19T10:31:18.703+0000] {processor.py:183} INFO - Processing /home/airflow/.local/lib/python3.8/site-packages/airflow/example_dags/tutorial_dag.py took 0.107 seconds
[2023-12-19T10:31:48.771+0000] {processor.py:161} INFO - Started process (PID=2026) to work on /home/airflow/.local/lib/python3.8/site-packages/airflow/example_dags/tutorial_dag.py
[2023-12-19T10:31:48.771+0000] {processor.py:830} INFO - Processing file /home/airflow/.local/lib/python3.8/site-packages/airflow/example_dags/tutorial_dag.py for tasks to queue
[2023-12-19T10:31:48.772+0000] {logging_mixin.py:188} INFO - [2023-12-19T10:31:48.772+0000] {dagbag.py:538} INFO - Filling up the DagBag from /home/airflow/.local/lib/python3.8/site-packages/airflow/example_dags/tutorial_dag.py
[2023-12-19T10:31:48.775+0000] {processor.py:840} INFO - DAG(s) 'tutorial_dag' retrieved from /home/airflow/.local/lib/python3.8/site-packages/airflow/example_dags/tutorial_dag.py
[2023-12-19T10:31:48.787+0000] {logging_mixin.py:188} INFO - [2023-12-19T10:31:48.787+0000] {dag.py:3033} INFO - Sync 1 DAGs
[2023-12-19T10:31:48.798+0000] {logging_mixin.py:188} INFO - [2023-12-19T10:31:48.798+0000] {dag.py:3820} INFO - Setting next_dagrun for tutorial_dag to None, run_after=None
[2023-12-19T10:31:48.814+0000] {processor.py:183} INFO - Processing /home/airflow/.local/lib/python3.8/site-packages/airflow/example_dags/tutorial_dag.py took 0.045 seconds
[2023-12-19T10:32:18.997+0000] {processor.py:161} INFO - Started process (PID=2080) to work on /home/airflow/.local/lib/python3.8/site-packages/airflow/example_dags/tutorial_dag.py
[2023-12-19T10:32:18.997+0000] {processor.py:830} INFO - Processing file /home/airflow/.local/lib/python3.8/site-packages/airflow/example_dags/tutorial_dag.py for tasks to queue
[2023-12-19T10:32:18.998+0000] {logging_mixin.py:188} INFO - [2023-12-19T10:32:18.998+0000] {dagbag.py:538} INFO - Filling up the DagBag from /home/airflow/.local/lib/python3.8/site-packages/airflow/example_dags/tutorial_dag.py
[2023-12-19T10:32:19.000+0000] {processor.py:840} INFO - DAG(s) 'tutorial_dag' retrieved from /home/airflow/.local/lib/python3.8/site-packages/airflow/example_dags/tutorial_dag.py
[2023-12-19T10:32:19.012+0000] {logging_mixin.py:188} INFO - [2023-12-19T10:32:19.012+0000] {dag.py:3033} INFO - Sync 1 DAGs
[2023-12-19T10:32:19.019+0000] {logging_mixin.py:188} INFO - [2023-12-19T10:32:19.019+0000] {dag.py:3820} INFO - Setting next_dagrun for tutorial_dag to None, run_after=None
[2023-12-19T10:32:19.030+0000] {processor.py:183} INFO - Processing /home/airflow/.local/lib/python3.8/site-packages/airflow/example_dags/tutorial_dag.py took 0.035 seconds
[2023-12-19T10:32:49.362+0000] {processor.py:161} INFO - Started process (PID=2135) to work on /home/airflow/.local/lib/python3.8/site-packages/airflow/example_dags/tutorial_dag.py
[2023-12-19T10:32:49.363+0000] {processor.py:830} INFO - Processing file /home/airflow/.local/lib/python3.8/site-packages/airflow/example_dags/tutorial_dag.py for tasks to queue
[2023-12-19T10:32:49.364+0000] {logging_mixin.py:188} INFO - [2023-12-19T10:32:49.363+0000] {dagbag.py:538} INFO - Filling up the DagBag from /home/airflow/.local/lib/python3.8/site-packages/airflow/example_dags/tutorial_dag.py
[2023-12-19T10:32:49.366+0000] {processor.py:840} INFO - DAG(s) 'tutorial_dag' retrieved from /home/airflow/.local/lib/python3.8/site-packages/airflow/example_dags/tutorial_dag.py
[2023-12-19T10:32:49.377+0000] {logging_mixin.py:188} INFO - [2023-12-19T10:32:49.377+0000] {dag.py:3033} INFO - Sync 1 DAGs
[2023-12-19T10:32:49.383+0000] {logging_mixin.py:188} INFO - [2023-12-19T10:32:49.383+0000] {dag.py:3820} INFO - Setting next_dagrun for tutorial_dag to None, run_after=None
[2023-12-19T10:32:49.393+0000] {processor.py:183} INFO - Processing /home/airflow/.local/lib/python3.8/site-packages/airflow/example_dags/tutorial_dag.py took 0.032 seconds
[2023-12-19T10:33:20.235+0000] {processor.py:161} INFO - Started process (PID=2190) to work on /home/airflow/.local/lib/python3.8/site-packages/airflow/example_dags/tutorial_dag.py
[2023-12-19T10:33:20.235+0000] {processor.py:830} INFO - Processing file /home/airflow/.local/lib/python3.8/site-packages/airflow/example_dags/tutorial_dag.py for tasks to queue
[2023-12-19T10:33:20.236+0000] {logging_mixin.py:188} INFO - [2023-12-19T10:33:20.236+0000] {dagbag.py:538} INFO - Filling up the DagBag from /home/airflow/.local/lib/python3.8/site-packages/airflow/example_dags/tutorial_dag.py
[2023-12-19T10:33:20.238+0000] {processor.py:840} INFO - DAG(s) 'tutorial_dag' retrieved from /home/airflow/.local/lib/python3.8/site-packages/airflow/example_dags/tutorial_dag.py
[2023-12-19T10:33:20.251+0000] {logging_mixin.py:188} INFO - [2023-12-19T10:33:20.251+0000] {dag.py:3033} INFO - Sync 1 DAGs
[2023-12-19T10:33:20.256+0000] {logging_mixin.py:188} INFO - [2023-12-19T10:33:20.256+0000] {dag.py:3820} INFO - Setting next_dagrun for tutorial_dag to None, run_after=None
[2023-12-19T10:33:20.266+0000] {processor.py:183} INFO - Processing /home/airflow/.local/lib/python3.8/site-packages/airflow/example_dags/tutorial_dag.py took 0.033 seconds
[2023-12-19T10:33:50.788+0000] {processor.py:161} INFO - Started process (PID=2245) to work on /home/airflow/.local/lib/python3.8/site-packages/airflow/example_dags/tutorial_dag.py
[2023-12-19T10:33:50.788+0000] {processor.py:830} INFO - Processing file /home/airflow/.local/lib/python3.8/site-packages/airflow/example_dags/tutorial_dag.py for tasks to queue
[2023-12-19T10:33:50.789+0000] {logging_mixin.py:188} INFO - [2023-12-19T10:33:50.789+0000] {dagbag.py:538} INFO - Filling up the DagBag from /home/airflow/.local/lib/python3.8/site-packages/airflow/example_dags/tutorial_dag.py
[2023-12-19T10:33:50.792+0000] {processor.py:840} INFO - DAG(s) 'tutorial_dag' retrieved from /home/airflow/.local/lib/python3.8/site-packages/airflow/example_dags/tutorial_dag.py
[2023-12-19T10:33:50.803+0000] {logging_mixin.py:188} INFO - [2023-12-19T10:33:50.803+0000] {dag.py:3033} INFO - Sync 1 DAGs
[2023-12-19T10:33:50.893+0000] {logging_mixin.py:188} INFO - [2023-12-19T10:33:50.893+0000] {dag.py:3820} INFO - Setting next_dagrun for tutorial_dag to None, run_after=None
[2023-12-19T10:33:50.904+0000] {processor.py:183} INFO - Processing /home/airflow/.local/lib/python3.8/site-packages/airflow/example_dags/tutorial_dag.py took 0.118 seconds
[2023-12-19T10:34:21.620+0000] {processor.py:161} INFO - Started process (PID=2300) to work on /home/airflow/.local/lib/python3.8/site-packages/airflow/example_dags/tutorial_dag.py
[2023-12-19T10:34:21.620+0000] {processor.py:830} INFO - Processing file /home/airflow/.local/lib/python3.8/site-packages/airflow/example_dags/tutorial_dag.py for tasks to queue
[2023-12-19T10:34:21.621+0000] {logging_mixin.py:188} INFO - [2023-12-19T10:34:21.621+0000] {dagbag.py:538} INFO - Filling up the DagBag from /home/airflow/.local/lib/python3.8/site-packages/airflow/example_dags/tutorial_dag.py
[2023-12-19T10:34:21.624+0000] {processor.py:840} INFO - DAG(s) 'tutorial_dag' retrieved from /home/airflow/.local/lib/python3.8/site-packages/airflow/example_dags/tutorial_dag.py
[2023-12-19T10:34:21.635+0000] {logging_mixin.py:188} INFO - [2023-12-19T10:34:21.635+0000] {dag.py:3033} INFO - Sync 1 DAGs
[2023-12-19T10:34:21.641+0000] {logging_mixin.py:188} INFO - [2023-12-19T10:34:21.641+0000] {dag.py:3820} INFO - Setting next_dagrun for tutorial_dag to None, run_after=None
[2023-12-19T10:34:21.732+0000] {processor.py:183} INFO - Processing /home/airflow/.local/lib/python3.8/site-packages/airflow/example_dags/tutorial_dag.py took 0.114 seconds
[2023-12-19T10:34:52.072+0000] {processor.py:161} INFO - Started process (PID=2354) to work on /home/airflow/.local/lib/python3.8/site-packages/airflow/example_dags/tutorial_dag.py
[2023-12-19T10:34:52.073+0000] {processor.py:830} INFO - Processing file /home/airflow/.local/lib/python3.8/site-packages/airflow/example_dags/tutorial_dag.py for tasks to queue
[2023-12-19T10:34:52.074+0000] {logging_mixin.py:188} INFO - [2023-12-19T10:34:52.073+0000] {dagbag.py:538} INFO - Filling up the DagBag from /home/airflow/.local/lib/python3.8/site-packages/airflow/example_dags/tutorial_dag.py
[2023-12-19T10:34:52.076+0000] {processor.py:840} INFO - DAG(s) 'tutorial_dag' retrieved from /home/airflow/.local/lib/python3.8/site-packages/airflow/example_dags/tutorial_dag.py
[2023-12-19T10:34:52.088+0000] {logging_mixin.py:188} INFO - [2023-12-19T10:34:52.088+0000] {dag.py:3033} INFO - Sync 1 DAGs
[2023-12-19T10:34:52.095+0000] {logging_mixin.py:188} INFO - [2023-12-19T10:34:52.095+0000] {dag.py:3820} INFO - Setting next_dagrun for tutorial_dag to None, run_after=None
[2023-12-19T10:34:52.105+0000] {processor.py:183} INFO - Processing /home/airflow/.local/lib/python3.8/site-packages/airflow/example_dags/tutorial_dag.py took 0.034 seconds
[2023-12-19T10:35:22.806+0000] {processor.py:161} INFO - Started process (PID=2409) to work on /home/airflow/.local/lib/python3.8/site-packages/airflow/example_dags/tutorial_dag.py
[2023-12-19T10:35:22.806+0000] {processor.py:830} INFO - Processing file /home/airflow/.local/lib/python3.8/site-packages/airflow/example_dags/tutorial_dag.py for tasks to queue
[2023-12-19T10:35:22.807+0000] {logging_mixin.py:188} INFO - [2023-12-19T10:35:22.807+0000] {dagbag.py:538} INFO - Filling up the DagBag from /home/airflow/.local/lib/python3.8/site-packages/airflow/example_dags/tutorial_dag.py
[2023-12-19T10:35:22.810+0000] {processor.py:840} INFO - DAG(s) 'tutorial_dag' retrieved from /home/airflow/.local/lib/python3.8/site-packages/airflow/example_dags/tutorial_dag.py
[2023-12-19T10:35:22.820+0000] {logging_mixin.py:188} INFO - [2023-12-19T10:35:22.820+0000] {dag.py:3033} INFO - Sync 1 DAGs
[2023-12-19T10:35:22.826+0000] {logging_mixin.py:188} INFO - [2023-12-19T10:35:22.826+0000] {dag.py:3820} INFO - Setting next_dagrun for tutorial_dag to None, run_after=None
[2023-12-19T10:35:22.836+0000] {processor.py:183} INFO - Processing /home/airflow/.local/lib/python3.8/site-packages/airflow/example_dags/tutorial_dag.py took 0.032 seconds
[2023-12-19T10:35:53.330+0000] {processor.py:161} INFO - Started process (PID=2463) to work on /home/airflow/.local/lib/python3.8/site-packages/airflow/example_dags/tutorial_dag.py
[2023-12-19T10:35:53.331+0000] {processor.py:830} INFO - Processing file /home/airflow/.local/lib/python3.8/site-packages/airflow/example_dags/tutorial_dag.py for tasks to queue
[2023-12-19T10:35:53.332+0000] {logging_mixin.py:188} INFO - [2023-12-19T10:35:53.332+0000] {dagbag.py:538} INFO - Filling up the DagBag from /home/airflow/.local/lib/python3.8/site-packages/airflow/example_dags/tutorial_dag.py
[2023-12-19T10:35:53.334+0000] {processor.py:840} INFO - DAG(s) 'tutorial_dag' retrieved from /home/airflow/.local/lib/python3.8/site-packages/airflow/example_dags/tutorial_dag.py
[2023-12-19T10:35:53.346+0000] {logging_mixin.py:188} INFO - [2023-12-19T10:35:53.346+0000] {dag.py:3033} INFO - Sync 1 DAGs
[2023-12-19T10:35:53.353+0000] {logging_mixin.py:188} INFO - [2023-12-19T10:35:53.352+0000] {dag.py:3820} INFO - Setting next_dagrun for tutorial_dag to None, run_after=None
[2023-12-19T10:35:53.362+0000] {processor.py:183} INFO - Processing /home/airflow/.local/lib/python3.8/site-packages/airflow/example_dags/tutorial_dag.py took 0.033 seconds
[2023-12-19T10:36:23.841+0000] {processor.py:161} INFO - Started process (PID=2517) to work on /home/airflow/.local/lib/python3.8/site-packages/airflow/example_dags/tutorial_dag.py
[2023-12-19T10:36:23.842+0000] {processor.py:830} INFO - Processing file /home/airflow/.local/lib/python3.8/site-packages/airflow/example_dags/tutorial_dag.py for tasks to queue
[2023-12-19T10:36:23.842+0000] {logging_mixin.py:188} INFO - [2023-12-19T10:36:23.842+0000] {dagbag.py:538} INFO - Filling up the DagBag from /home/airflow/.local/lib/python3.8/site-packages/airflow/example_dags/tutorial_dag.py
[2023-12-19T10:36:23.845+0000] {processor.py:840} INFO - DAG(s) 'tutorial_dag' retrieved from /home/airflow/.local/lib/python3.8/site-packages/airflow/example_dags/tutorial_dag.py
[2023-12-19T10:36:23.858+0000] {logging_mixin.py:188} INFO - [2023-12-19T10:36:23.858+0000] {dag.py:3033} INFO - Sync 1 DAGs
[2023-12-19T10:36:23.864+0000] {logging_mixin.py:188} INFO - [2023-12-19T10:36:23.864+0000] {dag.py:3820} INFO - Setting next_dagrun for tutorial_dag to None, run_after=None
[2023-12-19T10:36:23.874+0000] {processor.py:183} INFO - Processing /home/airflow/.local/lib/python3.8/site-packages/airflow/example_dags/tutorial_dag.py took 0.035 seconds
[2023-12-19T10:36:54.375+0000] {processor.py:161} INFO - Started process (PID=2571) to work on /home/airflow/.local/lib/python3.8/site-packages/airflow/example_dags/tutorial_dag.py
[2023-12-19T10:36:54.376+0000] {processor.py:830} INFO - Processing file /home/airflow/.local/lib/python3.8/site-packages/airflow/example_dags/tutorial_dag.py for tasks to queue
[2023-12-19T10:36:54.376+0000] {logging_mixin.py:188} INFO - [2023-12-19T10:36:54.376+0000] {dagbag.py:538} INFO - Filling up the DagBag from /home/airflow/.local/lib/python3.8/site-packages/airflow/example_dags/tutorial_dag.py
[2023-12-19T10:36:54.379+0000] {processor.py:840} INFO - DAG(s) 'tutorial_dag' retrieved from /home/airflow/.local/lib/python3.8/site-packages/airflow/example_dags/tutorial_dag.py
[2023-12-19T10:36:54.391+0000] {logging_mixin.py:188} INFO - [2023-12-19T10:36:54.391+0000] {dag.py:3033} INFO - Sync 1 DAGs
[2023-12-19T10:36:54.397+0000] {logging_mixin.py:188} INFO - [2023-12-19T10:36:54.397+0000] {dag.py:3820} INFO - Setting next_dagrun for tutorial_dag to None, run_after=None
[2023-12-19T10:36:54.408+0000] {processor.py:183} INFO - Processing /home/airflow/.local/lib/python3.8/site-packages/airflow/example_dags/tutorial_dag.py took 0.034 seconds
[2023-12-19T10:37:24.890+0000] {processor.py:161} INFO - Started process (PID=2626) to work on /home/airflow/.local/lib/python3.8/site-packages/airflow/example_dags/tutorial_dag.py
[2023-12-19T10:37:24.890+0000] {processor.py:830} INFO - Processing file /home/airflow/.local/lib/python3.8/site-packages/airflow/example_dags/tutorial_dag.py for tasks to queue
[2023-12-19T10:37:24.891+0000] {logging_mixin.py:188} INFO - [2023-12-19T10:37:24.891+0000] {dagbag.py:538} INFO - Filling up the DagBag from /home/airflow/.local/lib/python3.8/site-packages/airflow/example_dags/tutorial_dag.py
[2023-12-19T10:37:24.894+0000] {processor.py:840} INFO - DAG(s) 'tutorial_dag' retrieved from /home/airflow/.local/lib/python3.8/site-packages/airflow/example_dags/tutorial_dag.py
[2023-12-19T10:37:24.905+0000] {logging_mixin.py:188} INFO - [2023-12-19T10:37:24.905+0000] {dag.py:3033} INFO - Sync 1 DAGs
[2023-12-19T10:37:24.912+0000] {logging_mixin.py:188} INFO - [2023-12-19T10:37:24.911+0000] {dag.py:3820} INFO - Setting next_dagrun for tutorial_dag to None, run_after=None
[2023-12-19T10:37:24.921+0000] {processor.py:183} INFO - Processing /home/airflow/.local/lib/python3.8/site-packages/airflow/example_dags/tutorial_dag.py took 0.032 seconds
[2023-12-19T10:37:55.367+0000] {processor.py:161} INFO - Started process (PID=2681) to work on /home/airflow/.local/lib/python3.8/site-packages/airflow/example_dags/tutorial_dag.py
[2023-12-19T10:37:55.367+0000] {processor.py:830} INFO - Processing file /home/airflow/.local/lib/python3.8/site-packages/airflow/example_dags/tutorial_dag.py for tasks to queue
[2023-12-19T10:37:55.368+0000] {logging_mixin.py:188} INFO - [2023-12-19T10:37:55.368+0000] {dagbag.py:538} INFO - Filling up the DagBag from /home/airflow/.local/lib/python3.8/site-packages/airflow/example_dags/tutorial_dag.py
[2023-12-19T10:37:55.370+0000] {processor.py:840} INFO - DAG(s) 'tutorial_dag' retrieved from /home/airflow/.local/lib/python3.8/site-packages/airflow/example_dags/tutorial_dag.py
[2023-12-19T10:37:55.382+0000] {logging_mixin.py:188} INFO - [2023-12-19T10:37:55.382+0000] {dag.py:3033} INFO - Sync 1 DAGs
[2023-12-19T10:37:55.389+0000] {logging_mixin.py:188} INFO - [2023-12-19T10:37:55.388+0000] {dag.py:3820} INFO - Setting next_dagrun for tutorial_dag to None, run_after=None
[2023-12-19T10:37:55.399+0000] {processor.py:183} INFO - Processing /home/airflow/.local/lib/python3.8/site-packages/airflow/example_dags/tutorial_dag.py took 0.034 seconds
[2023-12-19T10:38:25.875+0000] {processor.py:161} INFO - Started process (PID=2736) to work on /home/airflow/.local/lib/python3.8/site-packages/airflow/example_dags/tutorial_dag.py
[2023-12-19T10:38:25.875+0000] {processor.py:830} INFO - Processing file /home/airflow/.local/lib/python3.8/site-packages/airflow/example_dags/tutorial_dag.py for tasks to queue
[2023-12-19T10:38:25.876+0000] {logging_mixin.py:188} INFO - [2023-12-19T10:38:25.876+0000] {dagbag.py:538} INFO - Filling up the DagBag from /home/airflow/.local/lib/python3.8/site-packages/airflow/example_dags/tutorial_dag.py
[2023-12-19T10:38:25.879+0000] {processor.py:840} INFO - DAG(s) 'tutorial_dag' retrieved from /home/airflow/.local/lib/python3.8/site-packages/airflow/example_dags/tutorial_dag.py
[2023-12-19T10:38:25.890+0000] {logging_mixin.py:188} INFO - [2023-12-19T10:38:25.890+0000] {dag.py:3033} INFO - Sync 1 DAGs
[2023-12-19T10:38:25.897+0000] {logging_mixin.py:188} INFO - [2023-12-19T10:38:25.897+0000] {dag.py:3820} INFO - Setting next_dagrun for tutorial_dag to None, run_after=None
[2023-12-19T10:38:25.909+0000] {processor.py:183} INFO - Processing /home/airflow/.local/lib/python3.8/site-packages/airflow/example_dags/tutorial_dag.py took 0.035 seconds
[2023-12-19T10:38:56.370+0000] {processor.py:161} INFO - Started process (PID=2791) to work on /home/airflow/.local/lib/python3.8/site-packages/airflow/example_dags/tutorial_dag.py
[2023-12-19T10:38:56.370+0000] {processor.py:830} INFO - Processing file /home/airflow/.local/lib/python3.8/site-packages/airflow/example_dags/tutorial_dag.py for tasks to queue
[2023-12-19T10:38:56.371+0000] {logging_mixin.py:188} INFO - [2023-12-19T10:38:56.371+0000] {dagbag.py:538} INFO - Filling up the DagBag from /home/airflow/.local/lib/python3.8/site-packages/airflow/example_dags/tutorial_dag.py
[2023-12-19T10:38:56.374+0000] {processor.py:840} INFO - DAG(s) 'tutorial_dag' retrieved from /home/airflow/.local/lib/python3.8/site-packages/airflow/example_dags/tutorial_dag.py
[2023-12-19T10:38:56.388+0000] {logging_mixin.py:188} INFO - [2023-12-19T10:38:56.388+0000] {dag.py:3033} INFO - Sync 1 DAGs
[2023-12-19T10:38:56.395+0000] {logging_mixin.py:188} INFO - [2023-12-19T10:38:56.395+0000] {dag.py:3820} INFO - Setting next_dagrun for tutorial_dag to None, run_after=None
[2023-12-19T10:38:56.406+0000] {processor.py:183} INFO - Processing /home/airflow/.local/lib/python3.8/site-packages/airflow/example_dags/tutorial_dag.py took 0.037 seconds
[2023-12-19T10:39:26.854+0000] {processor.py:161} INFO - Started process (PID=2846) to work on /home/airflow/.local/lib/python3.8/site-packages/airflow/example_dags/tutorial_dag.py
[2023-12-19T10:39:26.855+0000] {processor.py:830} INFO - Processing file /home/airflow/.local/lib/python3.8/site-packages/airflow/example_dags/tutorial_dag.py for tasks to queue
[2023-12-19T10:39:26.856+0000] {logging_mixin.py:188} INFO - [2023-12-19T10:39:26.856+0000] {dagbag.py:538} INFO - Filling up the DagBag from /home/airflow/.local/lib/python3.8/site-packages/airflow/example_dags/tutorial_dag.py
[2023-12-19T10:39:26.859+0000] {processor.py:840} INFO - DAG(s) 'tutorial_dag' retrieved from /home/airflow/.local/lib/python3.8/site-packages/airflow/example_dags/tutorial_dag.py
[2023-12-19T10:39:26.870+0000] {logging_mixin.py:188} INFO - [2023-12-19T10:39:26.870+0000] {dag.py:3033} INFO - Sync 1 DAGs
[2023-12-19T10:39:26.876+0000] {logging_mixin.py:188} INFO - [2023-12-19T10:39:26.876+0000] {dag.py:3820} INFO - Setting next_dagrun for tutorial_dag to None, run_after=None
[2023-12-19T10:39:26.885+0000] {processor.py:183} INFO - Processing /home/airflow/.local/lib/python3.8/site-packages/airflow/example_dags/tutorial_dag.py took 0.032 seconds
[2023-12-19T10:39:57.482+0000] {processor.py:161} INFO - Started process (PID=2901) to work on /home/airflow/.local/lib/python3.8/site-packages/airflow/example_dags/tutorial_dag.py
[2023-12-19T10:39:57.482+0000] {processor.py:830} INFO - Processing file /home/airflow/.local/lib/python3.8/site-packages/airflow/example_dags/tutorial_dag.py for tasks to queue
[2023-12-19T10:39:57.483+0000] {logging_mixin.py:188} INFO - [2023-12-19T10:39:57.483+0000] {dagbag.py:538} INFO - Filling up the DagBag from /home/airflow/.local/lib/python3.8/site-packages/airflow/example_dags/tutorial_dag.py
[2023-12-19T10:39:57.487+0000] {processor.py:840} INFO - DAG(s) 'tutorial_dag' retrieved from /home/airflow/.local/lib/python3.8/site-packages/airflow/example_dags/tutorial_dag.py
[2023-12-19T10:39:57.499+0000] {logging_mixin.py:188} INFO - [2023-12-19T10:39:57.499+0000] {dag.py:3033} INFO - Sync 1 DAGs
[2023-12-19T10:39:57.506+0000] {logging_mixin.py:188} INFO - [2023-12-19T10:39:57.506+0000] {dag.py:3820} INFO - Setting next_dagrun for tutorial_dag to None, run_after=None
[2023-12-19T10:39:57.516+0000] {processor.py:183} INFO - Processing /home/airflow/.local/lib/python3.8/site-packages/airflow/example_dags/tutorial_dag.py took 0.036 seconds
[2023-12-19T10:40:28.003+0000] {processor.py:161} INFO - Started process (PID=2956) to work on /home/airflow/.local/lib/python3.8/site-packages/airflow/example_dags/tutorial_dag.py
[2023-12-19T10:40:28.003+0000] {processor.py:830} INFO - Processing file /home/airflow/.local/lib/python3.8/site-packages/airflow/example_dags/tutorial_dag.py for tasks to queue
[2023-12-19T10:40:28.004+0000] {logging_mixin.py:188} INFO - [2023-12-19T10:40:28.004+0000] {dagbag.py:538} INFO - Filling up the DagBag from /home/airflow/.local/lib/python3.8/site-packages/airflow/example_dags/tutorial_dag.py
[2023-12-19T10:40:28.007+0000] {processor.py:840} INFO - DAG(s) 'tutorial_dag' retrieved from /home/airflow/.local/lib/python3.8/site-packages/airflow/example_dags/tutorial_dag.py
[2023-12-19T10:40:28.019+0000] {logging_mixin.py:188} INFO - [2023-12-19T10:40:28.019+0000] {dag.py:3033} INFO - Sync 1 DAGs
[2023-12-19T10:40:28.026+0000] {logging_mixin.py:188} INFO - [2023-12-19T10:40:28.026+0000] {dag.py:3820} INFO - Setting next_dagrun for tutorial_dag to None, run_after=None
[2023-12-19T10:40:28.035+0000] {processor.py:183} INFO - Processing /home/airflow/.local/lib/python3.8/site-packages/airflow/example_dags/tutorial_dag.py took 0.034 seconds
[2023-12-19T10:40:58.514+0000] {processor.py:161} INFO - Started process (PID=3011) to work on /home/airflow/.local/lib/python3.8/site-packages/airflow/example_dags/tutorial_dag.py
[2023-12-19T10:40:58.515+0000] {processor.py:830} INFO - Processing file /home/airflow/.local/lib/python3.8/site-packages/airflow/example_dags/tutorial_dag.py for tasks to queue
[2023-12-19T10:40:58.516+0000] {logging_mixin.py:188} INFO - [2023-12-19T10:40:58.516+0000] {dagbag.py:538} INFO - Filling up the DagBag from /home/airflow/.local/lib/python3.8/site-packages/airflow/example_dags/tutorial_dag.py
[2023-12-19T10:40:58.518+0000] {processor.py:840} INFO - DAG(s) 'tutorial_dag' retrieved from /home/airflow/.local/lib/python3.8/site-packages/airflow/example_dags/tutorial_dag.py
[2023-12-19T10:40:58.530+0000] {logging_mixin.py:188} INFO - [2023-12-19T10:40:58.530+0000] {dag.py:3033} INFO - Sync 1 DAGs
[2023-12-19T10:40:58.537+0000] {logging_mixin.py:188} INFO - [2023-12-19T10:40:58.537+0000] {dag.py:3820} INFO - Setting next_dagrun for tutorial_dag to None, run_after=None
[2023-12-19T10:40:58.547+0000] {processor.py:183} INFO - Processing /home/airflow/.local/lib/python3.8/site-packages/airflow/example_dags/tutorial_dag.py took 0.034 seconds
[2023-12-19T10:41:28.984+0000] {processor.py:161} INFO - Started process (PID=3066) to work on /home/airflow/.local/lib/python3.8/site-packages/airflow/example_dags/tutorial_dag.py
[2023-12-19T10:41:28.985+0000] {processor.py:830} INFO - Processing file /home/airflow/.local/lib/python3.8/site-packages/airflow/example_dags/tutorial_dag.py for tasks to queue
[2023-12-19T10:41:28.986+0000] {logging_mixin.py:188} INFO - [2023-12-19T10:41:28.986+0000] {dagbag.py:538} INFO - Filling up the DagBag from /home/airflow/.local/lib/python3.8/site-packages/airflow/example_dags/tutorial_dag.py
[2023-12-19T10:41:28.989+0000] {processor.py:840} INFO - DAG(s) 'tutorial_dag' retrieved from /home/airflow/.local/lib/python3.8/site-packages/airflow/example_dags/tutorial_dag.py
[2023-12-19T10:41:29.000+0000] {logging_mixin.py:188} INFO - [2023-12-19T10:41:29.000+0000] {dag.py:3033} INFO - Sync 1 DAGs
[2023-12-19T10:41:29.006+0000] {logging_mixin.py:188} INFO - [2023-12-19T10:41:29.006+0000] {dag.py:3820} INFO - Setting next_dagrun for tutorial_dag to None, run_after=None
[2023-12-19T10:41:29.015+0000] {processor.py:183} INFO - Processing /home/airflow/.local/lib/python3.8/site-packages/airflow/example_dags/tutorial_dag.py took 0.032 seconds
[2023-12-19T10:41:59.493+0000] {processor.py:161} INFO - Started process (PID=3127) to work on /home/airflow/.local/lib/python3.8/site-packages/airflow/example_dags/tutorial_dag.py
[2023-12-19T10:41:59.494+0000] {processor.py:830} INFO - Processing file /home/airflow/.local/lib/python3.8/site-packages/airflow/example_dags/tutorial_dag.py for tasks to queue
[2023-12-19T10:41:59.495+0000] {logging_mixin.py:188} INFO - [2023-12-19T10:41:59.494+0000] {dagbag.py:538} INFO - Filling up the DagBag from /home/airflow/.local/lib/python3.8/site-packages/airflow/example_dags/tutorial_dag.py
[2023-12-19T10:41:59.497+0000] {processor.py:840} INFO - DAG(s) 'tutorial_dag' retrieved from /home/airflow/.local/lib/python3.8/site-packages/airflow/example_dags/tutorial_dag.py
[2023-12-19T10:41:59.510+0000] {logging_mixin.py:188} INFO - [2023-12-19T10:41:59.510+0000] {dag.py:3033} INFO - Sync 1 DAGs
[2023-12-19T10:41:59.517+0000] {logging_mixin.py:188} INFO - [2023-12-19T10:41:59.517+0000] {dag.py:3820} INFO - Setting next_dagrun for tutorial_dag to None, run_after=None
[2023-12-19T10:41:59.529+0000] {processor.py:183} INFO - Processing /home/airflow/.local/lib/python3.8/site-packages/airflow/example_dags/tutorial_dag.py took 0.037 seconds
[2023-12-19T10:42:30.212+0000] {processor.py:161} INFO - Started process (PID=3182) to work on /home/airflow/.local/lib/python3.8/site-packages/airflow/example_dags/tutorial_dag.py
[2023-12-19T10:42:30.213+0000] {processor.py:830} INFO - Processing file /home/airflow/.local/lib/python3.8/site-packages/airflow/example_dags/tutorial_dag.py for tasks to queue
[2023-12-19T10:42:30.214+0000] {logging_mixin.py:188} INFO - [2023-12-19T10:42:30.214+0000] {dagbag.py:538} INFO - Filling up the DagBag from /home/airflow/.local/lib/python3.8/site-packages/airflow/example_dags/tutorial_dag.py
[2023-12-19T10:42:30.217+0000] {processor.py:840} INFO - DAG(s) 'tutorial_dag' retrieved from /home/airflow/.local/lib/python3.8/site-packages/airflow/example_dags/tutorial_dag.py
[2023-12-19T10:42:30.230+0000] {logging_mixin.py:188} INFO - [2023-12-19T10:42:30.230+0000] {dag.py:3033} INFO - Sync 1 DAGs
[2023-12-19T10:42:30.237+0000] {logging_mixin.py:188} INFO - [2023-12-19T10:42:30.237+0000] {dag.py:3820} INFO - Setting next_dagrun for tutorial_dag to None, run_after=None
[2023-12-19T10:42:30.248+0000] {processor.py:183} INFO - Processing /home/airflow/.local/lib/python3.8/site-packages/airflow/example_dags/tutorial_dag.py took 0.038 seconds
[2023-12-19T10:43:00.850+0000] {processor.py:161} INFO - Started process (PID=3237) to work on /home/airflow/.local/lib/python3.8/site-packages/airflow/example_dags/tutorial_dag.py
[2023-12-19T10:43:00.850+0000] {processor.py:830} INFO - Processing file /home/airflow/.local/lib/python3.8/site-packages/airflow/example_dags/tutorial_dag.py for tasks to queue
[2023-12-19T10:43:00.851+0000] {logging_mixin.py:188} INFO - [2023-12-19T10:43:00.851+0000] {dagbag.py:538} INFO - Filling up the DagBag from /home/airflow/.local/lib/python3.8/site-packages/airflow/example_dags/tutorial_dag.py
[2023-12-19T10:43:00.854+0000] {processor.py:840} INFO - DAG(s) 'tutorial_dag' retrieved from /home/airflow/.local/lib/python3.8/site-packages/airflow/example_dags/tutorial_dag.py
[2023-12-19T10:43:00.867+0000] {logging_mixin.py:188} INFO - [2023-12-19T10:43:00.867+0000] {dag.py:3033} INFO - Sync 1 DAGs
[2023-12-19T10:43:00.873+0000] {logging_mixin.py:188} INFO - [2023-12-19T10:43:00.873+0000] {dag.py:3820} INFO - Setting next_dagrun for tutorial_dag to None, run_after=None
[2023-12-19T10:43:00.883+0000] {processor.py:183} INFO - Processing /home/airflow/.local/lib/python3.8/site-packages/airflow/example_dags/tutorial_dag.py took 0.036 seconds
[2023-12-19T10:43:31.430+0000] {processor.py:161} INFO - Started process (PID=3291) to work on /home/airflow/.local/lib/python3.8/site-packages/airflow/example_dags/tutorial_dag.py
[2023-12-19T10:43:31.430+0000] {processor.py:830} INFO - Processing file /home/airflow/.local/lib/python3.8/site-packages/airflow/example_dags/tutorial_dag.py for tasks to queue
[2023-12-19T10:43:31.431+0000] {logging_mixin.py:188} INFO - [2023-12-19T10:43:31.431+0000] {dagbag.py:538} INFO - Filling up the DagBag from /home/airflow/.local/lib/python3.8/site-packages/airflow/example_dags/tutorial_dag.py
[2023-12-19T10:43:31.434+0000] {processor.py:840} INFO - DAG(s) 'tutorial_dag' retrieved from /home/airflow/.local/lib/python3.8/site-packages/airflow/example_dags/tutorial_dag.py
[2023-12-19T10:43:31.446+0000] {logging_mixin.py:188} INFO - [2023-12-19T10:43:31.446+0000] {dag.py:3033} INFO - Sync 1 DAGs
[2023-12-19T10:43:31.452+0000] {logging_mixin.py:188} INFO - [2023-12-19T10:43:31.452+0000] {dag.py:3820} INFO - Setting next_dagrun for tutorial_dag to None, run_after=None
[2023-12-19T10:43:31.464+0000] {processor.py:183} INFO - Processing /home/airflow/.local/lib/python3.8/site-packages/airflow/example_dags/tutorial_dag.py took 0.035 seconds
[2023-12-19T10:44:01.976+0000] {processor.py:161} INFO - Started process (PID=3346) to work on /home/airflow/.local/lib/python3.8/site-packages/airflow/example_dags/tutorial_dag.py
[2023-12-19T10:44:01.977+0000] {processor.py:830} INFO - Processing file /home/airflow/.local/lib/python3.8/site-packages/airflow/example_dags/tutorial_dag.py for tasks to queue
[2023-12-19T10:44:01.978+0000] {logging_mixin.py:188} INFO - [2023-12-19T10:44:01.978+0000] {dagbag.py:538} INFO - Filling up the DagBag from /home/airflow/.local/lib/python3.8/site-packages/airflow/example_dags/tutorial_dag.py
[2023-12-19T10:44:01.980+0000] {processor.py:840} INFO - DAG(s) 'tutorial_dag' retrieved from /home/airflow/.local/lib/python3.8/site-packages/airflow/example_dags/tutorial_dag.py
[2023-12-19T10:44:01.994+0000] {logging_mixin.py:188} INFO - [2023-12-19T10:44:01.994+0000] {dag.py:3033} INFO - Sync 1 DAGs
[2023-12-19T10:44:02.002+0000] {logging_mixin.py:188} INFO - [2023-12-19T10:44:02.002+0000] {dag.py:3820} INFO - Setting next_dagrun for tutorial_dag to None, run_after=None
[2023-12-19T10:44:02.013+0000] {processor.py:183} INFO - Processing /home/airflow/.local/lib/python3.8/site-packages/airflow/example_dags/tutorial_dag.py took 0.038 seconds
[2023-12-19T10:44:32.490+0000] {processor.py:161} INFO - Started process (PID=3401) to work on /home/airflow/.local/lib/python3.8/site-packages/airflow/example_dags/tutorial_dag.py
[2023-12-19T10:44:32.491+0000] {processor.py:830} INFO - Processing file /home/airflow/.local/lib/python3.8/site-packages/airflow/example_dags/tutorial_dag.py for tasks to queue
[2023-12-19T10:44:32.492+0000] {logging_mixin.py:188} INFO - [2023-12-19T10:44:32.492+0000] {dagbag.py:538} INFO - Filling up the DagBag from /home/airflow/.local/lib/python3.8/site-packages/airflow/example_dags/tutorial_dag.py
[2023-12-19T10:44:32.494+0000] {processor.py:840} INFO - DAG(s) 'tutorial_dag' retrieved from /home/airflow/.local/lib/python3.8/site-packages/airflow/example_dags/tutorial_dag.py
[2023-12-19T10:44:32.506+0000] {logging_mixin.py:188} INFO - [2023-12-19T10:44:32.506+0000] {dag.py:3033} INFO - Sync 1 DAGs
[2023-12-19T10:44:32.512+0000] {logging_mixin.py:188} INFO - [2023-12-19T10:44:32.512+0000] {dag.py:3820} INFO - Setting next_dagrun for tutorial_dag to None, run_after=None
[2023-12-19T10:44:32.520+0000] {processor.py:183} INFO - Processing /home/airflow/.local/lib/python3.8/site-packages/airflow/example_dags/tutorial_dag.py took 0.031 seconds
